0.2 0 0 0 0 0
0.4 0 0 0 0 0
0.6 0 0 0 0 0
0.8 0 0 0 0 0
1 0 0 0 0 0
0.76071 0 0 0 0 0
1.52169 0 0 0 0 0
2.28283 0 0 0 0 0
3.04348 0 0 0 0 0
3.80435 0 0 0 0 0
4.56529 0 0 0 0 0
5.32608 0 0 0 0 0
6.08699 0 0 0 0 0
6.84784 0 0 0 0 0
7.60872 0 0 0 0 0
8.36958 0 0 0 0 0
9.1305 0 0 0 0 0
9.89129 0 0 0 0 0
10.6522 0 0 0 0 0
11.413 0 0 0 0 0
12.1739 0 0 0 0 0
12.9348 0 0 0 0 0
13.6956 0 0 0 0 0
14.4566 0 0 0 0 0
15.2174 0 0 0 0 0
15.9782 0 0 0 0 0
16.7392 0 0 0 0 0
17.5 0 0 0 0 0
18.2609 0 0 0 0 0
19.0218 0 0 0 0 0
19.7826 0 0 0 0 0
20.5435 0 0 0 0 0
21.3044 0 0 0 0 0
22.0653 0 0 0 0 0
22.8262 0 0 0 0 0
23.587 0 0 0 0 0
24.3479 0 0 0 0 0
25.1089 0 0 0 0 0
25.8695 0 0 0 0 0
26.6305 0 0 0 0 0
27.3913 0 0 0 0 0
28.1523 0 0 0 0 0
28.9129 0 0 0 0 0
29.674 0 0 0 0 0
30.4348 0 0 0 0 0
31.1957 0 0 0 0 0
31.9566 0 0 0 0 0
32.7175 0 0 0 0 0
33.4783 0 0 0 0 0
34.2392 0 0 0 0 0
35 0 0 0 0 0
35.7609 0 0 0 0 0
36.5218 0 0 0 0 0
37.2827 0 0 0 0 0
38.0435 0 0 0 0 0
38.8044 0 0 0 0 0
39.5653 0 0 0 0 0
40.3262 0 0 0 0 0
41.087 0 0 0 0 0
41.8479 0 0 0 0 0
42.6089 0 0 0 0 0
43.3696 0 0 0 0 0
44.1306 0 0 0 0 0
44.8914 0 0 0 0 0
45.6523 0 0 0 0 0
46.4131 0 0 0 0 0
47.1741 0 0 0 0 0
47.935 0 0 0 0 0
48.6957 0 0 0 0 0
49.4566 0 0 0 0 0
50.2176 0 0 0 0 0
50.9784 0 0 0 0 0
51.7392 0 0 0 0 0
52.5 0 0 0 0 0
53.2614 0 0 0 0 0
54.0217 0 0 0 0 0
54.7827 0 0 0 0 0
55.5436 0 0 0 0 0
56.3045 0 0 0 0 0
57.0653 0 0 0 0 0
57.8262 0 0 0 0 0
58.5871 0 0 0 0 0
59.3478 0 0 0 0 0
60.1088 0 0 0 0 0
60.8697 0 0 0 0 0
61.6305 0 0 0 0 0
62.3914 0 0 0 0 0
63.1523 0 0 0 0 0
63.9132 0 0 0 0 0
64.674 0 0 0 0 0
65.4351 0 0 0 0 0
66.1958 0 0 0 0 0
66.9567 0 0 0 0 0
67.7175 0 0 0 0 0
68.4784 0 0 0 0 0
69.2393 0 0 0 0 0
70.0001 0 0 0 0 0
70.761 0 0 0 0 0
71.5219 0 0 0 0 0
72.2827 0 0 0 0 0
73.0436 0 0 0 0 0
73.8045 0 0 0 0 0
74.5654 0 0 0 0 0
75.3262 0 0 0 0 0
76.0871 0 0 0 0 0
76.848 0 0 0 0 0
77.6087 0 0 0 0 0
78.3697 0 0 0 0 0
79.1307 0 0 0 0 0
79.8914 0 0 0 0 0
80.6524 0 0 0 0 0
81.4133 0 0 0 0 0
82.1741 0 0 0 0 0
82.9349 0 0 0 0 0
83.6958 0 0 0 0 0
84.4567 0 0 0 0 0
85.2176 0 0 0 0 0
85.9785 0 0 0 0 0
86.7393 0 0 0 0 0
87.5002 0 0 0 0 0
88.261 0 0 0 0 0
89.0219 0 0 0 0 0
89.7828 0 0 0 0 0
90.5437 0 0 0 0 0
91.3045 0 0 0 0 0
92.0655 0 0 0 0 0
92.8263 0 0 0 0 0
93.5871 0 0 0 0 0
94.3481 0 0 0 0 0
95.1089 0 0 0 0 0
95.8697 0 0 0 0 0
96.6307 0 0 0 0 0
97.3916 0 0 0 0 0
98.1524 0 0 0 0 0
98.9133 0 0 0 0 0
99.674 0 0 0 0 0
100.435 0 0 0 0 0
101.196 0 0 0 0 0
101.957 0 0 0 0 0
102.718 0 0 0 0 0
103.478 0 0 0 0 0
104.239 0 0 0 0 0
105 0 0 0 0 0
105.761 0 0 0 0 0
106.522 0 0 0 0 0
107.283 0 0 0 0 0
108.044 0 0 0 0 0
108.805 0 0 0 0 0
109.565 0 0 0 0 0
110.326 0 0 0 0 0
111.087 0 0 0 0 0
111.848 0 0 0 0 0
112.609 0 0 0 0 0
113.37 0 0 0 0 0
114.131 0 0 0 0 0
114.892 0 0 0 0 0
115.652 0 0 0 0 0
116.413 0 0 0 0 0
117.174 0 0 0 0 0
117.935 0 0 0 0 0
118.696 0 0 0 0 0
119.457 0 0 0 0 0
120.218 0 0 0 0 0
120.978 0 0 0 0 0
121.739 0 0 0 0 0
122.5 0 0 0 0 0
123.261 0 0 0 0 0
124.022 0 0 0 0 0
124.783 0 0 0 0 0
125.544 0 0 0 0 0
126.305 0 0 0 0 0
127.065 0 0 0 0 0
127.826 0 0 0 0 0
128.587 0 0 0 0 0
129.348 0 0 0 0 0
130.109 0 0 0 0 0
130.87 0 0 0 0 0
131.631 0 0 0 0 0
132.392 0 0 0 0 0
133.153 0 0 0 0 0
133.913 0 0 0 0 0
134.674 0 0 0 0 0
135.435 0 0 0 0 0
136.196 0 0 0 0 0
136.957 0 0 0 0 0
137.718 0 0 0 0 0
138.479 0 0 0 0 0
139.239 0 0 0 0 0
140 0 0 0 0 0
140.761 0 0 0 0 0
141.522 0 0 0 0 0
142.283 0 0 0 0 0
143.044 0 0 0 0 0
143.805 0 0 0 0 0
144.566 0 0 0 0 0
145.326 0 0 0 0 0
146.087 0 0 0 0 0
146.848 0 0 0 0 0
147.609 0 0 0 0 0
148.37 0 0 0 0 0
149.131 0 0 0 0 0
149.892 0 0 0 0 0
150.652 0 0 0 0 0
151.413 0 0 0 0 0
152.174 0 0 0 0 0
152.935 0 0 0 0 0
153.696 0 0 0 0 0
154.457 0 0 0 0 0
155.218 0 0 0 0 0
155.978 0 0 0 0 0
156.739 0 0 0 0 0
157.5 0 0 0 0 0
158.261 0 0 0 0 0
159.022 0 0 0 0 0
159.783 0 0 0 0 0
160.544 0 0 0 0 0
161.305 0 0 0 0 0
162.066 0 0 0 0 0
162.826 0 0 0 0 0
163.587 0 0 0 0 0
164.348 0 0 0 0 0
165.109 0 0 0 0 0
165.87 0 0 0 0 0
166.631 0 0 0 0 0
167.392 0 0 0 0 0
168.152 0 0 0 0 0
168.913 0 0 0 0 0
169.674 0 0 0 0 0
170.435 0 0 0 0 0
171.196 0 0 0 0 0
171.957 0 0 0 0 0
172.718 0 0 0 0 0
173.479 0 0 0 0 0
174.239 0 0 0 0 0
175 0 0 0 0 0
175.761 0 0 0 0 0
176.522 0 0 0 0 0
177.283 0 0 0 0 0
178.044 0 0 0 0 0
178.805 0 0 0 0 0
179.565 0 0 0 0 0
180.326 0 0 0 0 0
181.087 0 0 0 0 0
181.848 0 0 0 0 0
182.609 0 0 0 0 0
183.37 0 0 0 0 0
184.131 0 0 0 0 0
184.892 0 0 0 0 0
185.653 0 0 0 0 0
186.413 0 0 0 0 0
187.174 0 0 0 0 0
187.935 0 0 0 0 0
188.696 0 0 0 0 0
189.457 0 0 0 0 0
190.218 0 0 0 0 0
190.979 0 0 0 0 0
191.74 0 0 0 0 0
192.5 0 0 0 0 0
193.261 0 0 0 0 0
194.022 0 0 0 0 0
194.783 0 0 0 0 0
195.544 0 0 0 0 0
196.305 0 0 0 0 0
197.066 0 0 0 0 0
197.826 0 0 0 0 0
198.587 0 0 0 0 0
199.348 0 0 0 0 0
200.109 0 0 0 0 0
200.87 0 0 0 0 0
201.631 0 0 0 0 0
202.392 0 0 0 0 0
203.153 0 0 0 0 0
203.913 0 0 0 0 0
204.674 0 0 0 0 0
205.435 0 0 0 0 0
206.196 0 0 0 0 0
206.957 0 0 0 0 0
207.718 0 0 0 0 0
208.479 0 0 0 0 0
209.24 0 0 0 0 0
210 0 0 0 0 0
210.761 0 0 0 0 0
211.522 0 0 0 0 0
212.283 0 0 0 0 0
213.044 0 0 0 0 0
213.805 0 0 0 0 0
214.566 0 0 0 0 0
215.327 0 0 0 0 0
216.087 0 0 0 0 0
216.848 0 0 0 0 0
217.609 0 0 0 0 0
218.37 0 0 0 0 0
219.131 0 0 0 0 0
219.892 0 0 0 0 0
220.653 0 0 0 0 0
221.413 0 0 0 0 0
222.174 0 0 0 0 0
222.935 0 0 0 0 0
223.696 0 0 0 0 0
224.457 0 0 0 0 0
225.218 0 0 0 0 0
225.979 0 0 0 0 0
226.739 0 0 0 0 0
227.5 0 0 0 0 0
228.261 0 0 0 0 0
229.022 0 0 0 0 0
229.783 0 0 0 0 0
230.544 0 0 0 0 0
231.305 0 0 0 0 0
232.066 0 0 0 0 0
232.826 0 0 0 0 0
233.587 0 0 0 0 0
234.348 0 0 0 0 0
235.109 0 0 0 0 0
235.87 0 0 0 0 0
236.631 0 0 0 0 0
237.392 0 0 0 0 0
238.153 0 0 0 0 0
238.913 0 0 0 0 0
239.674 0 0 0 0 0
240.435 0 0 0 0 0
241.196 0 0 0 0 0
241.957 0 0 0 0 0
242.718 0 0 0 0 0
243.479 0 0 0 0 0
244.24 0 0 0 0 0
245 0 0 0 0 0
245.761 0 0 0 0 0
246.522 0 0 0 0 0
247.283 0 0 0 0 0
248.044 0 0 0 0 0
248.805 0 0 0 0 0
249.566 0 0 0 0 0
250.327 0 0 0 0 0
251.087 0 0 0 0 0
251.848 0 0 0 0 0
252.609 0 0 0 0 0
253.37 0 0 0 0 0
254.131 0 0 0 0 0
254.892 0 0 0 0 0
255.653 0 0 0 0 0
256.414 0 0 0 0 0
257.174 0 0 0 0 0
257.935 0 0 0 0 0
258.696 0 0 0 0 0
259.457 0 0 0 0 0
260.218 0 0 0 0 0
260.979 0 0 0 0 0
261.74 0 0 0 0 0
262.501 0 0 0 0 0
263.261 0 0 0 0 0
264.022 0 0 0 0 0
264.783 0 0 0 0 0
265.544 0 0 0 0 0
266.305 0 0 0 0 0
267.066 0 0 0 0 0
267.827 0 0 0 0 0
268.588 0 0 0 0 0
269.348 0 0 0 0 0
270.109 0 0 0 0 0
270.87 0 0 0 0 0
271.631 0 0 0 0 0
272.392 0 0 0 0 0
273.153 0 0 0 0 0
273.914 0 0 0 0 0
274.674 0 0 0 0 0
275.435 0 0 0 0 0
276.196 0 0 0 0 0
276.957 0 0 0 0 0
277.718 0 0 0 0 0
278.479 0 0 0 0 0
279.24 0 0 0 0 0
280.001 0 0 0 0 0
280.762 0 0 0 0 0
281.522 0 0 0 0 0
282.283 0 0 0 0 0
283.044 0 0 0 0 0
283.805 0 0 0 0 0
284.566 0 0 0 0 0
285.327 0 0 0 0 0
286.056 0 0 0 0 0
286.783 0 0 0 0 0
287.468 0 0 0 0 0
288.119 0 0 0 0 0
288.751 0 0 0 0 0
289.36 0 0 0 0 0
289.968 0 0 0 0 0
290.577 0 0 0 0 0
291.185 0 0 0 0 0
291.793 0 0 0 0 0
292.393 0 0 0 0 0
292.96 0 0 0 0 0
293.499 0 0 0 0 0
294.038 0 0 0 0 0
294.577 0 0 0 0 0
295.116 0 0 0 0 0
295.656 0 0 0 0 0
296.195 0 0 0 0 0
296.734 0 0 0 0 0
297.273 0 0 0 0 0
297.813 0 0 0 0 0
298.352 0 0 0 0 0
298.891 0 0 0 0 0
299.43 0 0 0 0 0
299.969 0 0 0 0 0
300.508 0 0 0 0 0
301.048 0 0 0 0 0
301.587 0 0 0 0 0
302.126 0 0 0 0 0
302.665 0 0 0 0 0
303.204 0 0 0 0 0
303.743 0 0 0 0 0
304.283 0 0 0 0 0
304.822 0 0 0 0 0
305.361 0 0 0 0 0
305.9 0 0 0 0 0
306.439 0 0 0 0 0
306.978 0 0 0 0 0
307.518 0 0 0 0 0
308.057 0 0 0 0 0
308.596 0 0 0 0 0
309.135 0 0 0 0 0
309.674 0 0 0 0 0
310.214 0 0 0 0 0
310.753 0 0 0 0 0
311.292 0 0 0 0 0
311.831 0 0 0 0 0
312.37 0 0 0 0 0
312.91 0 0 0 0 0
313.449 0 0 0 0 0
313.988 0 0 0 0 0
314.527 0 0 0 0 0
315.066 0 0 0 0 0
315.605 0 0 0 0 0
316.145 0 0 0 0 0
316.684 0 0 0 0 0
317.223 0 0 0 0 0
317.762 0 0 0 0 0
318.301 0 0 0 0 0
318.84 0 0 0 0 0
319.38 0 0 0 0 0
319.919 0 0 0 0 0
320.458 0 0 0 0 0
320.997 0 0 0 0 0
321.536 0 0 0 0 0
322.075 0 0 0 0 0
322.615 0 0 0 0 0
323.154 0 0 0 0 0
323.693 0 0 0 0 0
324.232 0 0 0 0 0
324.771 0 0 0 0 0
325.31 0 0 0 0 0
325.85 0 0 0 0 0
326.389 0 0 0 0 0
326.928 0 0 0 0 0
327.467 0 0 0 0 0
328.006 0 0 0 0 0
328.545 0 0 0 0 0
329.085 0 0 0 0 0
329.624 0 0 0 0 0
330.163 0 0 0 0 0
330.702 0 0 0 0 0
331.241 0 0 0 0 0
331.781 0 0 0 0 0
332.319 0 0 0 0 0
332.859 0 0 0 0 0
333.398 0 0 0 0 0
333.937 0 0 0 0 0
334.476 0 0 0 0 0
335.016 0 0 0 0 0
335.555 0 0 0 0 0
336.094 0 0 0 0 0
336.633 0 0 0 0 0
337.172 0 0 0 0 0
337.697 0 0 0 0 0
338.222 0 0 0 0 0
338.746 0 0 0 0 0
339.271 0 0 0 0 0
339.795 0 0 0 0 0
340.32 0 0 0 0 0
340.845 0 0 0 0 0
341.369 0 0 0 0 0
341.894 0 0 0 0 0
342.418 0 0 0 0 0
342.943 0 0 0 0 0
343.468 0 0 0 0 0
343.992 0 0 0 0 0
344.517 0 0 0 0 0
345.041 0 0 0 0 0
345.566 0 0 0 0 0
346.091 0 0 0 0 0
346.615 0 0 0 0 0
347.14 0 0 0 0 0
347.664 0 0 0 0 0
348.189 0 0 0 0 0
348.714 0 0 0 0 0
349.238 0 0 0 0 0
349.763 0 0 0 0 0
350.287 0 0 0 0 0
350.812 0 0 0 0 0
351.336 0 0 0 0 0
351.861 0 0 0 0 0
352.386 0 0 0 0 0
352.91 0 0 0 0 0
353.435 0 0 0 0 0
353.96 0 0 0 0 0
354.484 0 0 0 0 0
354.994 0 0 0 0 0
355.484 0 0 0 0 0
355.975 0 0 0 0 0
356.466 0 0 0 0 0
356.955 0 0 0 0 0
357.446 0 0 0 0 0
357.936 0 0 0 0 0
358.426 0 0 0 0 0
358.917 0 0 0 0 0
359.407 0 0 0 0 0
359.897 0 0 0 0 0
360.387 0 0 0 0 0
360.878 0 0 0 0 0
361.368 0 0 0 0 0
361.859 0 0 0 0 0
362.349 0 0 0 0 0
362.839 0 0 0 0 0
363.329 0 0 0 0 0
363.82 0 0 0 0 0
364.297 0 0 0 0 0
364.772 0 0 0 0 0
365.247 0 0 0 0 0
365.722 0 0 0 0 0
366.197 0 0 0 0 0
366.672 0 0 0 0 0
367.147 0 0 0 0 0
367.622 0 0 0 0 0
368.097 0 0 0 0 0
368.572 0 0 0 0 0
369.047 0 0 0 0 0
369.522 0 0 0 0 0
369.996 0 0 0 0 0
370.472 0 0 0 0 0
370.947 0 0 0 0 0
371.422 0 0 0 0 0
371.896 0 0 0 0 0
372.371 0 0 0 0 0
372.847 0 0 0 0 0
373.321 0 0 0 0 0
373.796 0 0 0 0 0
374.271 0 0 0 0 0
374.746 0 0 0 0 0
375.221 0 0 0 0 0
375.696 0 0 0 0 0
376.165 0 0 0 0 0
376.603 0 0 0 0 0
377.03 0 0 0 0 0
377.448 0 0 0 0 0
377.867 0 0 0 0 0
378.286 0 0 0 0 0
378.705 0 0 0 0 0
379.124 0 0 0 0 0
379.542 0 0 0 0 0
379.961 0 0 0 0 0
380.38 0 0 0 0 0
380.799 0 0 0 0 0
381.217 0 0 0 0 0
381.636 0 0 0 0 0
382.055 0 0 0 0 0
382.474 0 0 0 0 0
382.893 0 0 0 0 0
383.311 0 0 0 0 0
383.73 0 0 0 0 0
384.145 0 0 0 0 0
384.548 0 0 0 0 0
384.951 0 0 0 0 0
385.354 0 0 0 0 0
385.757 0 0 0 0 0
386.16 0 0 0 0 0
386.563 0 0 0 0 0
386.965 0 0 0 0 0
387.368 0 0 0 0 0
387.771 0 0 0 0 0
388.174 0 0 0 0 0
388.577 0 0 0 0 0
388.98 0 0 0 0 0
389.383 0 0 0 0 0
389.786 0 0 0 0 0
390.189 0 0 0 0 0
390.592 0 0 0 0 0
390.994 0 0 0 0 0
391.398 0 0 0 0 0
391.8 0 0 0 0 0
392.203 0 0 0 0 0
392.606 0 0 0 0 0
393.009 0 0 0 0 0
393.412 0 0 0 0 0
393.815 0 0 0 0 0
394.218 0 0 0 0 0
394.621 0 0 0 0 0
395.024 0 0 0 0 0
395.427 0 0 0 0 0
395.808 0 0 0 0 0
396.19 0 0 0 0 0
396.571 0 0 0 0 0
396.952 0 0 0 0 0
397.334 0 0 0 0 0
397.715 0 0 0 0 0
398.096 0 0 0 0 0
398.478 0 0 0 0 0
398.859 0 0 0 0 0
399.241 0 0 0 0 0
399.622 0 0 0 0 0
400.003 0 0 0 0 0
400.384 0 0 0 0 0
400.766 0 0 0 0 0
401.147 0 0 0 0 0
401.528 0 0 0 0 0
401.91 0 0 0 0 0
402.291 0 0 0 0 0
402.642 0 0 0 0 0
402.983 0 0 0 0 0
403.326 0 0 0 0 0
403.668 0 0 0 0 0
403.986 0 0 0 0 0
404.297 0 0 0 0 0
404.609 0 0 0 0 0
404.92 0 0 0 0 0
405.231 0 0 0 0 0
405.543 0 0 0 0 0
405.854 0 0 0 0 0
406.166 0 0 0 0 0
406.477 0 0 0 0 0
406.789 0 0 0 0 0
407.1 0 0 0 0 0
407.411 0 0 0 0 0
407.723 0 0 0 0 0
408.034 0 0 0 0 0
408.346 0 0 0 0 0
408.657 0 0 0 0 0
408.968 0 0 0 0 0
409.28 0 0 0 0 0
409.591 0 0 0 0 0
409.86 0 0 0 0 0
410.132 0 0 0 0 0
410.402 0 0 0 0 0
410.671 0 0 0 0 0
410.941 0 0 0 0 0
411.211 0 0 0 0 0
411.481 0 0 0 0 0
411.751 0 0 0 0 0
412.02 0 0 0 0 0
412.291 0 0 0 0 0
412.56 0 0 0 0 0
412.83 0 0 0 0 0
413.1 0 0 0 0 0
413.369 0 0 0 0 0
413.64 0 0 0 0 0
413.909 0 0 0 0 0
414.179 0 0 0 0 0
414.449 0 0 0 0 0
414.719 0 0 0 0 0
414.988 0 0 0 0 0
415.258 0 0 0 0 0
415.527 0 0 0 0 0
415.793 0 0 0 0 0
416.06 0 0 0 0 0
416.326 0 0 0 0 0
416.593 0 0 0 0 0
416.86 0 0 0 0 0
417.125 0 0 0 0 0
417.389 0 0 0 0 0
417.653 0 0 0 0 0
417.916 0 0 0 0 0
418.181 0 0 0 0 0
418.445 0 0 0 0 0
418.708 0 0 0 0 0
418.972 0 0 0 0 0
419.236 0 0 0 0 0
419.499 0 0 0 0 0
419.764 0 0 0 0 0
420.027 0 0 0 0 0
420.291 0 0 0 0 0
420.554 0 0 0 0 0
420.819 0 0 0 0 0
421.083 0 0 0 0 0
421.344 0 0 0 0 0
421.595 0 0 0 0 0
421.83 0 0 0 0 0
422.047 0 0 0 0 0
422.242 0 0 0 0 0
422.438 0 0 0 0 0
422.634 0 0 0 0 0
422.83 0 0 0 0 0
423.027 0 0 0 0 0
423.223 0 0 0 0 0
423.418 0 0 0 0 0
423.615 0 0 0 0 0
423.811 0 0 0 0 0
424.007 0 0 0 0 0
424.203 0 0 0 0 0
424.399 0 0 0 0 0
424.594 0 0 0 0 0
424.791 0 0 0 0 0
424.987 0 0 0 0 0
425.184 0 0 0 0 0
425.379 0 0 0 0 0
425.576 0 0 0 0 0
425.772 0 0 0 0 0
425.968 0 0 0 0 0
426.164 0 0 0 0 0
426.36 0 0 0 0 0
426.555 0 0 0 0 0
426.748 0 0 0 0 0
426.94 0 0 0 0 0
427.132 0 0 0 0 0
427.324 0 0 0 0 0
427.516 0 0 0 0 0
427.708 0 0 0 0 0
427.9 0 0 0 0 0
428.093 0 0 0 0 0
428.285 0 0 0 0 0
428.477 0 0 0 0 0
428.669 0 0 0 0 0
428.861 0 0 0 0 0
429.054 0 0 0 0 0
429.246 0 0 0 0 0
429.438 0 0 0 0 0
429.63 0 0 0 0 0
429.823 0 0 0 0 0
430.014 0 0 0 0 0
430.207 0 0 0 0 0
430.399 0 0 0 0 0
430.591 0 0 0 0 0
430.783 0 0 0 0 0
430.975 0 0 0 0 0
431.167 0 0 0 0 0
431.359 0 0 0 0 0
431.552 0 0 0 0 0
431.744 0 0 0 0 0
431.936 0 0 0 0 0
432.128 0 0 0 0 0
432.32 0 0 0 0 0
432.513 0 0 0 0 0
432.701 0 0 0 0 0
432.887 0 0 0 0 0
433.071 0 0 0 0 0
433.248 0 0 0 0 0
433.425 0 0 0 0 0
433.602 0 0 0 0 0
433.778 0 0 0 0 0
433.955 0 0 0 0 0
434.132 0 0 0 0 0
434.309 0 0 0 0 0
434.486 0 0 0 0 0
434.663 0 0 0 0 0
434.84 0 0 0 0 0
435.017 0 0 0 0 0
435.179 0 0 0 0 0
435.324 0 0 0 0 0
435.45 0 0 0 0 0
435.547 0 0 0 0 0
435.644 0 0 0 0 0
435.742 0 0 0 0 0
435.839 0 0 0 0 0
435.937 0 0 0 0 0
436.033 0 0 0 0 0
436.13 0 0 0 0 0
436.226 0 0 0 0 0
436.323 0 0 0 0 0
436.421 0 0 0 0 0
436.516 0 0 0 0 0
436.613 0 0 0 0 0
436.709 0 0 0 0 0
436.805 0 0 0 0 0
436.902 0 0 0 0 0
437 0 0 0 0 0
437.096 0 0 0 0 0
437.192 0 0 0 0 0
437.288 0 0 0 0 0
437.378 0 0 0 0 0
437.462 0 0 0 0 0
437.545 0 0 0 0 0
437.629 0 0 0 0 0
437.709 0 0 0 0 0
437.78 0 0 0 0 0
437.838 0 0 0 0 0
437.898 0 0 0 0 0
437.953 0 0 0 0 0
438.011 0 0 0 0 0
438.047 0 0 0 0 0
438.112 0 0 0 0 0
438.188 0 0 0 0 0
438.243 0 0 0 0 0
438.302 0 0 0 0 0
438.355 0 0 0 0 0
438.413 0 0 0 0 0
438.47 0 0 0 0 0
438.528 0 0 0 0 0
438.585 0 0 0 0 0
438.642 0 0 0 0 0
438.699 0 0 0 0 0
438.758 0 0 0 0 0
438.816 0 0 0 0 0
438.873 0 0 0 0 0
438.93 0 0 0 0 0
438.987 0 0 0 0 0
439.044 0 0 0 0 0
439.103 0 0 0 0 0
439.161 0 0 0 0 0
439.217 0 0 0 0 0
439.277 0 0 0 0 0
439.331 0 0 0 0 0
439.39 0 0 0 0 0
439.447 0 0 0 0 0
439.505 0 0 0 0 0
439.559 0 0 0 0 0
439.619 0 0 0 0 0
439.676 0 0 0 0 0
439.735 0 0 0 0 0
439.794 0 0 0 0 0
439.85 0 0 0 0 0
439.906 0 0 0 0 0
439.964 0 0 0 0 0
440.023 0 0 0 0 0
440.079 0 0 0 0 0
440.137 0 0 0 0 0
440.194 0 0 0 0 0
440.253 0 0 0 0 0
440.31 0 0 0 0 0
440.366 0 0 0 0 0
440.423 0 0 0 0 0
440.481 0 0 0 0 0
440.537 0 0 0 0 0
440.596 0 0 0 0 0
440.652 0 0 0 0 0
440.71 0 0 0 0 0
440.77 0 0 0 0 0
440.825 0 0 0 0 0
440.885 0 0 0 0 0
440.94 0 0 0 0 0
440.998 0 0 0 0 0
441.054 0 0 0 0 0
441.112 0 0 0 0 0
441.168 0 0 0 0 0
441.226 0 0 0 0 0
441.286 0 0 0 0 0
441.334 0 0 0 0 0
441.406 0 0 0 0 0
441.454 0 0 0 0 0
441.513 0 0 0 0 0
441.581 0 0 0 0 0
441.629 0 0 0 0 0
441.691 0 0 0 0 0
441.755 0 0 0 0 0
441.803 0 0 0 0 0
441.859 0 0 0 0 0
441.912 0 0 0 0 0
441.976 0 0 0 0 0
442.031 0 0 0 0 0
442.095 0 0 0 0 0
442.147 0 0 0 0 0
442.203 0 0 0 0 0
442.258 0 0 0 0 0
442.319 0 0 0 0 0
442.376 0 0 0 0 0
442.432 0 0 0 0 0
442.489 0 0 0 0 0
442.543 0 0 0 0 0
442.583 0 0 0 0 0
442.624 0 0 0 0 0
442.676 0 0 0 0 0
442.724 0 0 0 0 0
442.753 0 0 0 0 0
442.771 0 0 0 0 0
442.785 0 0 0 0 0
442.813 0 0 0 0 0
442.85 0 0 0 0 0
442.854 0 0 0 0 0
442.876 0 0 0 0 0
442.895 0 0 0 0 0
442.907 0 0 0 0 0
442.937 0 0 0 0 0
442.952 0 0 0 0 0
442.978 0 0 0 0 0
443.025 0 0 0 0 0
443.017 0 0 0 0 0
443.017 0 0 0 0 0
443.072 0 0 0 0 0
443.077 0 0 0 0 0
443.102 0 0 0 0 0
443.108 0 0 0 0 0
443.158 0 0 0 0 0
443.168 0 0 0 0 0
443.182 0 0 0 0 0
443.212 0 0 0 0 0
443.225 0 0 0 0 0
443.246 0 0 0 0 0
443.268 0 0 0 0 0
443.277 0 0 0 0 0
443.295 0 0 0 0 0
443.343 0 0 0 0 0
443.209 0 0 0 0 0
443.37 0 0 0 0 0
443.39 0 0 0 0 0
443.44 0 0 0 0 0
443.526 0 0 0 0 0
443.551 0 0 0 0 0
443.474 0 0 0 0 0
443.471 0 0 0 0 0
443.506 0 0 0 0 0
443.514 0 0 0 0 0
443.48 0 0 0 0 0
443.576 0 0 0 0 0
443.597 0 0 0 0 0
443.648 0 0 0 0 0
443.633 0 0 0 0 0
443.662 0 0 0 0 0
443.68 0 0 0 0 0
443.693 0 0 0 0 0
443.73 0 0 0 0 0
443.742 0 0 0 0 0
443.762 0 0 0 0 0
443.735 0 0 0 0 0
443.802 0 0 0 0 0
443.823 0 0 0 0 0
443.839 0 0 0 0 0
443.87 0 0 0 0 0
443.812 0 0 0 0 0
443.907 0 0 0 0 0
443.937 0 0 0 0 0
443.948 0 0 0 0 0
443.955 0 0 0 0 0
443.985 0 0 0 0 0
444.004 0 0 0 0 0
444.023 0 0 0 0 0
444.042 0 0 0 0 0
444.061 0 0 0 0 0
444.08 0 0 0 0 0
444.099 0 0 0 0 0
444.118 0 0 0 0 0
444.133 0 0 0 0 0
444.151 0 0 0 0 0
444.134 0 0 0 0 0
444.195 0 0 0 0 0
444.207 0 0 0 0 0
444.233 0 0 0 0 0
444.253 0 0 0 0 0
444.269 0 0 0 0 0
444.29 0 0 0 0 0
444.302 0 0 0 0 0
444.313 0 0 0 0 0
444.347 0 0 0 0 0
444.366 0 0 0 0 0
444.385 0 0 0 0 0
444.406 0 0 0 0 0
444.424 0 0 0 0 0
444.442 0 0 0 0 0
444.47 0 0 0 0 0
444.48 0 0 0 0 0
444.494 0 0 0 0 0
444.518 0 0 0 0 0
444.535 0 0 0 0 0
444.556 0 0 0 0 0
444.572 0 0 0 0 0
444.595 0 0 0 0 0
444.61 0 0 0 0 0
444.633 0 0 0 0 0
444.652 0 0 0 0 0
444.671 0 0 0 0 0
444.69 0 0 0 0 0
444.709 0 0 0 0 0
444.73 0 0 0 0 0
444.747 0 0 0 0 0
444.766 0 0 0 0 0
444.785 0 0 0 0 0
444.806 0 0 0 0 0
444.823 0 0 0 0 0
444.841 0 0 0 0 0
444.845 0 0 0 0 0
444.88 0 0 0 0 0
444.906 0 0 0 0 0
444.918 0 0 0 0 0
444.937 0 0 0 0 0
444.953 0 0 0 0 0
444.978 0 0 0 0 0
444.996 0 0 0 0 0
445.016 0 0 0 0 0
445.03 0 0 0 0 0
445.053 0 0 0 0 0
445.071 0 0 0 0 0
445.091 0 0 0 0 0
445.109 0 0 0 0 0
445.13 0 0 0 0 0
445.148 0 0 0 0 0
445.167 0 0 0 0 0
445.182 0 0 0 0 0
445.205 0 0 0 0 0
445.224 0 0 0 0 0
445.243 0 0 0 0 0
445.262 0 0 0 0 0
445.28 0 0 0 0 0
445.297 0 0 0 0 0
445.324 0 0 0 0 0
445.338 0 0 0 0 0
445.356 0 0 0 0 0
445.375 0 0 0 0 0
445.395 0 0 0 0 0
445.414 0 0 0 0 0
445.433 0 0 0 0 0
445.452 0 0 0 0 0
445.483 0 0 0 0 0
445.499 0 0 0 0 0
445.51 0 0 0 0 0
445.529 0 0 0 0 0
445.547 0 0 0 0 0
445.565 0 0 0 0 0
445.585 0 0 0 0 0
445.604 0 0 0 0 0
445.625 0 0 0 0 0
445.643 0 0 0 0 0
445.662 0 0 0 0 0
445.683 0 0 0 0 0
445.7 0 0 0 0 0
445.719 0 0 0 0 0
445.738 0 0 0 0 0
445.757 0 0 0 0 0
445.781 0 0 0 0 0
445.792 0 0 0 0 0
445.813 0 0 0 0 0
445.831 0 0 0 0 0
445.852 0 0 0 0 0
445.871 0 0 0 0 0
445.89 0 0 0 0 0
445.908 0 0 0 0 0
445.93 0 0 0 0 0
445.947 0 0 0 0 0
445.966 0 0 0 0 0
445.986 0 0 0 0 0
446.005 0 0 0 0 0
446.023 0 0 0 0 0
446.042 0 0 0 0 0
446.056 0 0 0 0 0
446.08 0 0 0 0 0
446.101 0 0 0 0 0
446.118 0 0 0 0 0
446.135 0 0 0 0 0
446.15 0 0 0 0 0
446.174 0 0 0 0 0
446.196 0 0 0 0 0
446.214 0 0 0 0 0
446.233 0 0 0 0 0
446.251 0 0 0 0 0
446.28 0 0 0 0 0
446.286 0 0 0 0 0
446.309 0 0 0 0 0
446.329 0 0 0 0 0
446.368 0 0 0 0 0
446.363 0 0 0 0 0
446.384 0 0 0 0 0
446.399 0 0 0 0 0
446.424 0 0 0 0 0
446.443 0 0 0 0 0
446.461 0 0 0 0 0
446.48 0 0 0 0 0
446.498 0 0 0 0 0
446.516 0 0 0 0 0
446.539 0 0 0 0 0
446.55 0 0 0 0 0
446.576 0 0 0 0 0
446.595 0 0 0 0 0
446.569 0 0 0 0 0
446.632 0 0 0 0 0
446.65 0 0 0 0 0
446.668 0 0 0 0 0
446.691 0 0 0 0 0
446.71 0 0 0 0 0
446.72 0 0 0 0 0
446.744 0 0 0 0 0
446.767 0 0 0 0 0
446.811 0 0 0 0 0
446.802 0 0 0 0 0
446.839 0 0 0 0 0
446.842 0 0 0 0 0
446.866 0 0 0 0 0
446.879 0 0 0 0 0
446.892 0 0 0 0 0
446.92 0 0 0 0 0
446.941 0 0 0 0 0
446.957 0 0 0 0 0
446.974 0 0 0 0 0
446.988 0 0 0 0 0
447.015 0 0 0 0 0
447.034 0 0 0 0 0
447.05 0 0 0 0 0
447.075 0 0 0 0 0
447.085 0 0 0 0 0
447.109 0 0 0 0 0
447.132 0 0 0 0 0
447.146 0 0 0 0 0
447.167 0 0 0 0 0
447.186 0 0 0 0 0
447.205 0 0 0 0 0
447.224 0 0 0 0 0
447.244 0 0 0 0 0
447.262 0 0 0 0 0
447.277 0 0 0 0 0
447.301 0 0 0 0 0
447.322 0 0 0 0 0
447.338 0 0 0 0 0
447.358 0 0 0 0 0
447.374 0 0 0 0 0
447.4 0 0 0 0 0
447.401 0 0 0 0 0
447.434 0 0 0 0 0
447.444 0 0 0 0 0
447.421 0 0 0 0 0
447.491 0 0 0 0 0
447.512 0 0 0 0 0
447.529 0 0 0 0 0
447.552 0 0 0 0 0
447.567 0 0 0 0 0
447.587 0 0 0 0 0
447.586 0 0 0 0 0
447.624 0 0 0 0 0
447.645 0 0 0 0 0
447.662 0 0 0 0 0
447.682 0 0 0 0 0
447.701 0 0 0 0 0
447.719 0 0 0 0 0
447.73 0 0 0 0 0
447.827 0 0 0 0 0
447.777 0 0 0 0 0
447.794 0 0 0 0 0
447.826 0 0 0 0 0
447.836 0 0 0 0 0
447.825 0 0 0 0 0
447.872 0 0 0 0 0
447.914 0 0 0 0 0
447.905 0 0 0 0 0
447.927 0 0 0 0 0
447.949 0 0 0 0 0
447.961 0 0 0 0 0
447.837 0 0 0 0 0
448.005 0 0 0 0 0
448.013 0 0 0 0 0
448.043 0 0 0 0 0
448.064 0 0 0 0 0
448.082 0 0 0 0 0
448.099 0 0 0 0 0
448.115 0 0 0 0 0
448.129 0 0 0 0 0
448.148 0 0 0 0 0
448.162 0 0 0 0 0
448.181 0 0 0 0 0
448.197 0 0 0 0 0
448.21 0 0 0 0 0
448.217 0 0 0 0 0
448.222 0 0 0 0 0
448.238 0 0 0 0 0
448.253 0 0 0 0 0
448.262 0 0 0 0 0
448.256 0 0 0 0 0
448.276 0 0 0 0 0
448.297 0 0 0 0 0
448.308 0 0 0 0 0
448.318 0 0 0 0 0
448.328 0 0 0 0 0
448.338 0 0 0 0 0
448.464 0 0 0 0 0
448.361 0 0 0 0 0
448.371 0 0 0 0 0
448.38 0 0 0 0 0
448.393 0 0 0 0 0
448.403 0 0 0 0 0
448.414 0 0 0 0 0
448.408 0 0 0 0 0
448.435 0 0 0 0 0
448.445 0 0 0 0 0
448.46 0 0 0 0 0
448.466 0 0 0 0 0
448.478 0 0 0 0 0
448.486 0 0 0 0 0
448.498 0 0 0 0 0
448.509 0 0 0 0 0
448.528 0 0 0 0 0
448.53 0 0 0 0 0
448.543 0 0 0 0 0
448.575 0 0 0 0 0
448.572 0 0 0 0 0
448.572 0 0 0 0 0
448.583 0 0 0 0 0
448.542 0 0 0 0 0
448.612 0 0 0 0 0
448.619 0 0 0 0 0
448.625 0 0 0 0 0
448.636 0 0 0 0 0
448.646 0 0 0 0 0
448.657 0 0 0 0 0
448.651 0 0 0 0 0
448.684 0 0 0 0 0
448.706 0 0 0 0 0
448.699 0 0 0 0 0
448.698 0 0 0 0 0
448.718 0 0 0 0 0
448.72 0 0 0 0 0
448.742 0 0 0 0 0
448.752 0 0 0 0 0
448.76 0 0 0 0 0
448.773 0 0 0 0 0
448.769 0 0 0 0 0
448.795 0 0 0 0 0
448.788 0 0 0 0 0
448.816 0 0 0 0 0
448.826 0 0 0 0 0
448.828 0 0 0 0 0
448.876 0 0 0 0 0
448.858 0 0 0 0 0
448.868 0 0 0 0 0
448.881 0 0 0 0 0
448.89 0 0 0 0 0
448.903 0 0 0 0 0
448.902 0 0 0 0 0
448.913 0 0 0 0 0
448.932 0 0 0 0 0
448.943 0 0 0 0 0
448.942 0 0 0 0 0
448.964 0 0 0 0 0
448.974 0 0 0 0 0
448.974 0 0 0 0 0
448.996 0 0 0 0 0
449.004 0 0 0 0 0
449.003 0 0 0 0 0
449.027 0 0 0 0 0
449.047 0 0 0 0 0
449.049 0 0 0 0 0
449.06 0 0 0 0 0
449.07 0 0 0 0 0
449.074 0 0 0 0 0
449.087 0 0 0 0 0
449.003 0 0 0 0 0
449.111 0 0 0 0 0
449.122 0 0 0 0 0
449.133 0 0 0 0 0
449.144 0 0 0 0 0
449.154 0 0 0 0 0
449.165 0 0 0 0 0
449.21 0 0 0 0 0
449.183 0 0 0 0 0
449.187 0 0 0 0 0
449.207 0 0 0 0 0
449.218 0 0 0 0 0
449.228 0 0 0 0 0
449.239 0 0 0 0 0
449.249 0 0 0 0 0
449.249 0 0 0 0 0
449.271 0 0 0 0 0
449.281 0 0 0 0 0
449.292 0 0 0 0 0
449.297 0 0 0 0 0
449.28 0 0 0 0 0
449.292 0 0 0 0 0
449.335 0 0 0 0 0
449.318 0 0 0 0 0
449.314 0 0 0 0 0
449.364 0 0 0 0 0
449.376 0 0 0 0 0
449.377 0 0 0 0 0
449.398 0 0 0 0 0
449.408 0 0 0 0 0
449.419 0 0 0 0 0
449.43 0 0 0 0 0
449.437 0 0 0 0 0
449.45 0 0 0 0 0
449.461 0 0 0 0 0
449.472 0 0 0 0 0
449.473 0 0 0 0 0
449.468 0 0 0 0 0
449.509 0 0 0 0 0
449.515 0 0 0 0 0
449.523 0 0 0 0 0
449.531 0 0 0 0 0
449.523 0 0 0 0 0
449.556 0 0 0 0 0
449.565 0 0 0 0 0
449.577 0 0 0 0 0
449.588 0 0 0 0 0
449.598 0 0 0 0 0
449.608 0 0 0 0 0
449.621 0 0 0 0 0
449.63 0 0 0 0 0
449.642 0 0 0 0 0
449.651 0 0 0 0 0
449.66 0 0 0 0 0
449.67 0 0 0 0 0
449.682 0 0 0 0 0
449.694 0 0 0 0 0
449.687 0 0 0 0 0
449.69 0 0 0 0 0
449.726 0 0 0 0 0
449.736 0 0 0 0 0
449.747 0 0 0 0 0
449.757 0 0 0 0 0
449.777 0 0 0 0 0
449.773 0 0 0 0 0
449.789 0 0 0 0 0
449.8 0 0 0 0 0
449.81 0 0 0 0 0
449.81 0 0 0 0 0
449.831 0 0 0 0 0
449.773 0 0 0 0 0
449.853 0 0 0 0 0
449.863 0 0 0 0 0
449.874 0 0 0 0 0
449.884 0 0 0 0 0
449.967 0 0 0 0 0
449.905 0 0 0 0 0
449.903 0 0 0 0 0
449.927 0 0 0 0 0
449.937 0 0 0 0 0
449.948 0 0 0 0 0
449.958 0 0 0 0 0
449.968 0 0 0 0 0
449.97 0 0 0 0 0
449.987 0 0 0 0 0
450.001 0 0 0 0 0
450.014 0 0 0 0 0
450.022 0 0 0 0 0
450.032 0 0 0 0 0
450.043 0 0 0 0 0
450.054 0 0 0 0 0
450.055 0 0 0 0 0
450.079 0 0 0 0 0
450.083 0 0 0 0 0
450.096 0 0 0 0 0
450.115 0 0 0 0 0
450.116 0 0 0 0 0
450.117 0 0 0 0 0
450.138 0 0 0 0 0
450.149 0 0 0 0 0
450.159 0 0 0 0 0
450.157 0 0 0 0 0
450.18 0 0 0 0 0
450.191 0 0 0 0 0
450.191 0 0 0 0 0
450.212 0 0 0 0 0
450.223 0 0 0 0 0
450.261 0 0 0 0 0
450.262 0 0 0 0 0
450.255 0 0 0 0 0
450.264 0 0 0 0 0
450.278 0 0 0 0 0
450.286 0 0 0 0 0
450.322 0 0 0 0 0
450.307 0 0 0 0 0
450.307 0 0 0 0 0
450.329 0 0 0 0 0
450.329 0 0 0 0 0
450.34 0 0 0 0 0
450.36 0 0 0 0 0
450.361 0 0 0 0 0
450.381 0 0 0 0 0
450.392 0 0 0 0 0
450.403 0 0 0 0 0
450.413 0 0 0 0 0
450.423 0 0 0 0 0
450.434 0 0 0 0 0
450.436 0 0 0 0 0
450.45 0 0 0 0 0
450.467 0 0 0 0 0
450.477 0 0 0 0 0
450.487 0 0 0 0 0
450.502 0 0 0 0 0
450.509 0 0 0 0 0
450.508 0 0 0 0 0
450.53 0 0 0 0 0
450.541 0 0 0 0 0
450.551 0 0 0 0 0
450.552 0 0 0 0 0
450.572 0 0 0 0 0
450.583 0 0 0 0 0
450.593 0 0 0 0 0
450.605 0 0 0 0 0
450.615 0 0 0 0 0
450.625 0 0 0 0 0
450.635 0 0 0 0 0
450.646 0 0 0 0 0
450.646 0 0 0 0 0
450.667 0 0 0 0 0
450.678 0 0 0 0 0
450.688 0 0 0 0 0
450.699 0 0 0 0 0
450.7 0 0 0 0 0
450.72 0 0 0 0 0
450.731 0 0 0 0 0
450.741 0 0 0 0 0
450.753 0 0 0 0 0
450.763 0 0 0 0 0
450.773 0 0 0 0 0
450.783 0 0 0 0 0
450.794 0 0 0 0 0
450.805 0 0 0 0 0
450.808 0 0 0 0 0
450.829 0 0 0 0 0
450.837 0 0 0 0 0
450.847 0 0 0 0 0
450.854 0 0 0 0 0
450.868 0 0 0 0 0
450.878 0 0 0 0 0
450.893 0 0 0 0 0
450.901 0 0 0 0 0
450.91 0 0 0 0 0
450.921 0 0 0 0 0
450.915 0 0 0 0 0
450.943 0 0 0 0 0
450.953 0 0 0 0 0
450.963 0 0 0 0 0
450.974 0 0 0 0 0
450.984 0 0 0 0 0
450.998 0 0 0 0 0
451.003 0 0 0 0 0
451.016 0 0 0 0 0
451.025 0 0 0 0 0
451.038 0 0 0 0 0
451.048 0 0 0 0 0
451.058 0 0 0 0 0
451.069 0 0 0 0 0
451.08 0 0 0 0 0
451.09 0 0 0 0 0
451.101 0 0 0 0 0
451.111 0 0 0 0 0
451.122 0 0 0 0 0
451.133 0 0 0 0 0
451.143 0 0 0 0 0
451.154 0 0 0 0 0
451.165 0 0 0 0 0
451.175 0 0 0 0 0
451.186 0 0 0 0 0
451.196 0 0 0 0 0
451.211 0 0 0 0 0
451.219 0 0 0 0 0
451.228 0 0 0 0 0
451.238 0 0 0 0 0
451.249 0 0 0 0 0
451.258 0 0 0 0 0
451.232 0 0 0 0 0
451.277 0 0 0 0 0
451.291 0 0 0 0 0
451.294 0 0 0 0 0
451.313 0 0 0 0 0
451.303 0 0 0 0 0
451.333 0 0 0 0 0
451.345 0 0 0 0 0
451.352 0 0 0 0 0
451.359 0 0 0 0 0
451.378 0 0 0 0 0
451.39 0 0 0 0 0
451.399 0 0 0 0 0
451.409 0 0 0 0 0
451.418 0 0 0 0 0
451.447 0 0 0 0 0
451.44 0 0 0 0 0
451.445 0 0 0 0 0
451.46 0 0 0 0 0
451.471 0 0 0 0 0
451.471 0 0 0 0 0
451.481 0 0 0 0 0
451.502 0 0 0 0 0
451.517 0 0 0 0 0
451.524 0 0 0 0 0
451.541 0 0 0 0 0
451.545 0 0 0 0 0
451.557 0 0 0 0 0
451.566 0 0 0 0 0
451.577 0 0 0 0 0
451.588 0 0 0 0 0
451.595 0 0 0 0 0
451.597 0 0 0 0 0
451.631 0 0 0 0 0
451.631 0 0 0 0 0
451.64 0 0 0 0 0
451.651 0 0 0 0 0
451.649 0 0 0 0 0
451.642 0 0 0 0 0
451.682 0 0 0 0 0
451.71 0 0 0 0 0
451.692 0 0 0 0 0
451.717 0 0 0 0 0
451.725 0 0 0 0 0
451.735 0 0 0 0 0
451.747 0 0 0 0 0
451.776 0 0 0 0 0
451.798 0 0 0 0 0
451.779 0 0 0 0 0
451.789 0 0 0 0 0
451.799 0 0 0 0 0
451.803 0 0 0 0 0
451.82 0 0 0 0 0
451.834 0 0 0 0 0
451.842 0 0 0 0 0
451.852 0 0 0 0 0
451.863 0 0 0 0 0
451.875 0 0 0 0 0
451.884 0 0 0 0 0
451.895 0 0 0 0 0
451.904 0 0 0 0 0
451.921 0 0 0 0 0
451.925 0 0 0 0 0
451.931 0 0 0 0 0
451.947 0 0 0 0 0
451.958 0 0 0 0 0
451.97 0 0 0 0 0
451.978 0 0 0 0 0
451.99 0 0 0 0 0
452 0 0 0 0 0
452.011 0 0 0 0 0
452.021 0 0 0 0 0
452.032 0 0 0 0 0
452.043 0 0 0 0 0
452.051 0 0 0 0 0
452.064 0 0 0 0 0
452.074 0 0 0 0 0
452.086 0 0 0 0 0
452.096 0 0 0 0 0
452.106 0 0 0 0 0
452.117 0 0 0 0 0
452.128 0 0 0 0 0
452.138 0 0 0 0 0
452.148 0 0 0 0 0
452.156 0 0 0 0 0
452.172 0 0 0 0 0
452.178 0 0 0 0 0
452.192 0 0 0 0 0
452.199 0 0 0 0 0
452.216 0 0 0 0 0
452.223 0 0 0 0 0
452.233 0 0 0 0 0
452.235 0 0 0 0 0
452.254 0 0 0 0 0
452.268 0 0 0 0 0
452.28 0 0 0 0 0
452.285 0 0 0 0 0
452.296 0 0 0 0 0
452.306 0 0 0 0 0
452.308 0 0 0 0 0
452.352 0 0 0 0 0
452.361 0 0 0 0 0
452.349 0 0 0 0 0
452.357 0 0 0 0 0
452.371 0 0 0 0 0
452.377 0 0 0 0 0
452.386 0 0 0 0 0
452.406 0 0 0 0 0
452.418 0 0 0 0 0
452.423 0 0 0 0 0
452.435 0 0 0 0 0
452.446 0 0 0 0 0
452.455 0 0 0 0 0
452.466 0 0 0 0 0
452.476 0 0 0 0 0
452.486 0 0 0 0 0
452.496 0 0 0 0 0
452.511 0 0 0 0 0
452.519 0 0 0 0 0
452.529 0 0 0 0 0
452.533 0 0 0 0 0
452.551 0 0 0 0 0
452.551 0 0 0 0 0
452.571 0 0 0 0 0
452.572 0 0 0 0 0
452.594 0 0 0 0 0
452.607 0 0 0 0 0
452.612 0 0 0 0 0
452.624 0 0 0 0 0
452.639 0 0 0 0 0
452.646 0 0 0 0 0
452.651 0 0 0 0 0
452.667 0 0 0 0 0
452.678 0 0 0 0 0
452.692 0 0 0 0 0
452.699 0 0 0 0 0
452.709 0 0 0 0 0
452.72 0 0 0 0 0
452.732 0 0 0 0 0
452.738 0 0 0 0 0
452.741 0 0 0 0 0
452.762 0 0 0 0 0
452.772 0 0 0 0 0
452.783 0 0 0 0 0
452.795 0 0 0 0 0
452.804 0 0 0 0 0
452.816 0 0 0 0 0
452.826 0 0 0 0 0
452.837 0 0 0 0 0
452.843 0 0 0 0 0
452.857 0 0 0 0 0
452.868 0 0 0 0 0
452.879 0 0 0 0 0
452.888 0 0 0 0 0
452.9 0 0 0 0 0
452.91 0 0 0 0 0
452.934 0 0 0 0 0
452.934 0 0 0 0 0
452.944 0 0 0 0 0
452.953 0 0 0 0 0
452.963 0 0 0 0 0
452.981 0 0 0 0 0
452.984 0 0 0 0 0
452.997 0 0 0 0 0
453.005 0 0 0 0 0
453.016 0 0 0 0 0
453.03 0 0 0 0 0
453.037 0 0 0 0 0
453.048 0 0 0 0 0
453.058 0 0 0 0 0
453.069 0 0 0 0 0
453.079 0 0 0 0 0
453.09 0 0 0 0 0
453.101 0 0 0 0 0
453.111 0 0 0 0 0
453.119 0 0 0 0 0
453.133 0 0 0 0 0
453.143 0 0 0 0 0
453.155 0 0 0 0 0
453.162 0 0 0 0 0
453.177 0 0 0 0 0
453.186 0 0 0 0 0
453.195 0 0 0 0 0
453.206 0 0 0 0 0
453.217 0 0 0 0 0
453.227 0 0 0 0 0
453.238 0 0 0 0 0
453.248 0 0 0 0 0
453.258 0 0 0 0 0
453.27 0 0 0 0 0
453.28 0 0 0 0 0
453.29 0 0 0 0 0
453.302 0 0 0 0 0
453.313 0 0 0 0 0
453.323 0 0 0 0 0
453.333 0 0 0 0 0
453.344 0 0 0 0 0
453.36 0 0 0 0 0
453.369 0 0 0 0 0
453.375 0 0 0 0 0
453.384 0 0 0 0 0
453.397 0 0 0 0 0
453.408 0 0 0 0 0
453.422 0 0 0 0 0
453.426 0 0 0 0 0
453.439 0 0 0 0 0
453.451 0 0 0 0 0
453.461 0 0 0 0 0
453.473 0 0 0 0 0
453.484 0 0 0 0 0
453.489 0 0 0 0 0
453.503 0 0 0 0 0
453.513 0 0 0 0 0
453.524 0 0 0 0 0
453.534 0 0 0 0 0
453.544 0 0 0 0 0
453.556 0 0 0 0 0
453.567 0 0 0 0 0
453.576 0 0 0 0 0
453.589 0 0 0 0 0
453.598 0 0 0 0 0
453.606 0 0 0 0 0
453.618 0 0 0 0 0
453.63 0 0 0 0 0
453.64 0 0 0 0 0
453.648 0 0 0 0 0
453.662 0 0 0 0 0
453.672 0 0 0 0 0
453.683 0 0 0 0 0
453.698 0 0 0 0 0
453.703 0 0 0 0 0
453.714 0 0 0 0 0
453.717 0 0 0 0 0
453.735 0 0 0 0 0
453.747 0 0 0 0 0
453.757 0 0 0 0 0
453.756 0 0 0 0 0
453.778 0 0 0 0 0
453.789 0 0 0 0 0
453.79 0 0 0 0 0
453.81 0 0 0 0 0
453.82 0 0 0 0 0
453.831 0 0 0 0 0
453.843 0 0 0 0 0
453.852 0 0 0 0 0
453.863 0 0 0 0 0
453.876 0 0 0 0 0
453.876 0 0 0 0 0
453.873 0 0 0 0 0
453.871 0 0 0 0 0
453.899 0 0 0 0 0
454.003 0 0 0 0 0
453.912 0 0 0 0 0
453.913 0 0 0 0 0
453.958 0 0 0 0 0
453.933 0 0 0 0 0
453.94 0 0 0 0 0
453.946 0 0 0 0 0
453.954 0 0 0 0 0
453.961 0 0 0 0 0
453.968 0 0 0 0 0
453.977 0 0 0 0 0
453.974 0 0 0 0 0
453.99 0 0 0 0 0
453.996 0 0 0 0 0
454.005 0 0 0 0 0
454.011 0 0 0 0 0
454.002 0 0 0 0 0
454.023 0 0 0 0 0
454.032 0 0 0 0 0
454.025 0 0 0 0 0
454.045 0 0 0 0 0
454.068 0 0 0 0 0
454.07 0 0 0 0 0
454.063 0 0 0 0 0
454.059 0 0 0 0 0
454.081 0 0 0 0 0
454.089 0 0 0 0 0
454.095 0 0 0 0 0
454.101 0 0 0 0 0
454.099 0 0 0 0 0
454.115 0 0 0 0 0
454.123 0 0 0 0 0
454.134 0 0 0 0 0
454.136 0 0 0 0 0
454.143 0 0 0 0 0
454.151 0 0 0 0 0
454.157 0 0 0 0 0
454.168 0 0 0 0 0
454.17 0 0 0 0 0
454.179 0 0 0 0 0
454.178 0 0 0 0 0
454.192 0 0 0 0 0
454.199 0 0 0 0 0
454.201 0 0 0 0 0
454.199 0 0 0 0 0
454.218 0 0 0 0 0
454.227 0 0 0 0 0
454.234 0 0 0 0 0
454.241 0 0 0 0 0
454.24 0 0 0 0 0
454.24 0 0 0 0 0
454.262 0 0 0 0 0
454.269 0 0 0 0 0
454.276 0 0 0 0 0
454.283 0 0 0 0 0
454.29 0 0 0 0 0
454.291 0 0 0 0 0
454.304 0 0 0 0 0
454.303 0 0 0 0 0
454.318 0 0 0 0 0
454.318 0 0 0 0 0
454.345 0 0 0 0 0
454.339 0 0 0 0 0
454.346 0 0 0 0 0
454.353 0 0 0 0 0
454.36 0 0 0 0 0
454.362 0 0 0 0 0
454.346 0 0 0 0 0
454.381 0 0 0 0 0
454.388 0 0 0 0 0
454.391 0 0 0 0 0
454.389 0 0 0 0 0
454.391 0 0 0 0 0
454.416 0 0 0 0 0
454.423 0 0 0 0 0
454.43 0 0 0 0 0
454.437 0 0 0 0 0
454.444 0 0 0 0 0
454.451 0 0 0 0 0
454.458 0 0 0 0 0
454.465 0 0 0 0 0
454.474 0 0 0 0 0
454.476 0 0 0 0 0
454.486 0 0 0 0 0
454.492 0 0 0 0 0
454.492 0 0 0 0 0
454.501 0 0 0 0 0
454.502 0 0 0 0 0
454.518 0 0 0 0 0
454.499 0 0 0 0 0
454.518 0 0 0 0 0
454.524 0 0 0 0 0
454.526 0 0 0 0 0
454.526 0 0 0 0 0
454.531 0 0 0 0 0
454.529 0 0 0 0 0
454.533 0 0 0 0 0
454.541 0 0 0 0 0
454.547 0 0 0 0 0
454.556 0 0 0 0 0
454.556 0 0 0 0 0
454.555 0 0 0 0 0
454.57 0 0 0 0 0
454.565 0 0 0 0 0
454.566 0 0 0 0 0
454.569 0 0 0 0 0
454.572 0 0 0 0 0
454.573 0 0 0 0 0
454.574 0 0 0 0 0
454.577 0 0 0 0 0
454.588 0 0 0 0 0
454.59 0 0 0 0 0
454.6 0 0 0 0 0
454.601 0 0 0 0 0
454.6 0 0 0 0 0
454.604 0 0 0 0 0
454.606 0 0 0 0 0
454.61 0 0 0 0 0
454.613 0 0 0 0 0
454.621 0 0 0 0 0
454.619 0 0 0 0 0
454.618 0 0 0 0 0
454.627 0 0 0 0 0
454.629 0 0 0 0 0
454.633 0 0 0 0 0
454.637 0 0 0 0 0
454.638 0 0 0 0 0
454.644 0 0 0 0 0
454.642 0 0 0 0 0
454.65 0 0 0 0 0
454.658 0 0 0 0 0
454.657 0 0 0 0 0
454.656 0 0 0 0 0
454.664 0 0 0 0 0
454.666 0 0 0 0 0
454.671 0 0 0 0 0
454.677 0 0 0 0 0
454.677 0 0 0 0 0
454.678 0 0 0 0 0
454.684 0 0 0 0 0
454.695 0 0 0 0 0
454.691 0 0 0 0 0
454.694 0 0 0 0 0
454.7 0 0 0 0 0
454.701 0 0 0 0 0
454.699 0 0 0 0 0
454.714 0 0 0 0 0
454.712 0 0 0 0 0
454.713 0 0 0 0 0
454.707 0 0 0 0 0
454.722 0 0 0 0 0
454.724 0 0 0 0 0
454.726 0 0 0 0 0
454.732 0 0 0 0 0
454.73 0 0 0 0 0
454.738 0 0 0 0 0
454.742 0 0 0 0 0
454.742 0 0 0 0 0
454.748 0 0 0 0 0
454.752 0 0 0 0 0
454.756 0 0 0 0 0
454.759 0 0 0 0 0
454.762 0 0 0 0 0
454.766 0 0 0 0 0
454.768 0 0 0 0 0
454.772 0 0 0 0 0
454.775 0 0 0 0 0
454.775 0 0 0 0 0
454.775 0 0 0 0 0
454.771 0 0 0 0 0
454.775 0 0 0 0 0
454.776 0 0 0 0 0
454.781 0 0 0 0 0
454.779 0 0 0 0 0
454.779 0 0 0 0 0
454.777 0 0 0 0 0
454.777 0 0 0 0 0
454.777 0 0 0 0 0
454.777 0 0 0 0 0
454.774 0 0 0 0 0
454.779 0 0 0 0 0
454.778 0 0 0 0 0
454.781 0 0 0 0 0
454.778 0 0 0 0 0
454.785 0 0 0 0 0
454.779 0 0 0 0 0
454.78 0 0 0 0 0
454.781 0 0 0 0 0
454.782 0 0 0 0 0
454.778 0 0 0 0 0
454.78 0 0 0 0 0
454.786 0 0 0 0 0
454.781 0 0 0 0 0
454.781 0 0 0 0 0
454.788 0 0 0 0 0
454.779 0 0 0 0 0
454.774 0 0 0 0 0
454.787 0 0 0 0 0
454.782 0 0 0 0 0
454.78 0 0 0 0 0
454.782 0 0 0 0 0
454.792 0 0 0 0 0
454.784 0 0 0 0 0
454.781 0 0 0 0 0
454.787 0 0 0 0 0
454.782 0 0 0 0 0
454.782 0 0 0 0 0
454.783 0 0 0 0 0
454.785 0 0 0 0 0
454.785 0 0 0 0 0
454.785 0 0 0 0 0
454.786 0 0 0 0 0
454.785 0 0 0 0 0
454.779 0 0 0 0 0
454.786 0 0 0 0 0
454.787 0 0 0 0 0
454.787 0 0 0 0 0
454.787 0 0 0 0 0
454.789 0 0 0 0 0
454.786 0 0 0 0 0
454.787 0 0 0 0 0
454.787 0 0 0 0 0
454.787 0 0 0 0 0
454.787 0 0 0 0 0
454.792 0 0 0 0 0
454.789 0 0 0 0 0
454.789 0 0 0 0 0
454.787 0 0 0 0 0
454.788 0 0 0 0 0
454.791 0 0 0 0 0
454.792 0 0 0 0 0
454.795 0 0 0 0 0
454.791 0 0 0 0 0
454.789 0 0 0 0 0
454.789 0 0 0 0 0
454.788 0 0 0 0 0
454.792 0 0 0 0 0
454.792 0 0 0 0 0
454.794 0 0 0 0 0
454.793 0 0 0 0 0
454.795 0 0 0 0 0
454.795 0 0 0 0 0
454.794 0 0 0 0 0
454.797 0 0 0 0 0
454.793 0 0 0 0 0
454.795 0 0 0 0 0
454.79 0 0 0 0 0
454.797 0 0 0 0 0
454.789 0 0 0 0 0
454.795 0 0 0 0 0
454.797 0 0 0 0 0
454.798 0 0 0 0 0
454.792 0 0 0 0 0
454.792 0 0 0 0 0
454.792 0 0 0 0 0
454.794 0 0 0 0 0
454.798 0 0 0 0 0
454.797 0 0 0 0 0
454.796 0 0 0 0 0
454.793 0 0 0 0 0
454.792 0 0 0 0 0
454.799 0 0 0 0 0
454.799 0 0 0 0 0
454.795 0 0 0 0 0
454.795 0 0 0 0 0
454.791 0 0 0 0 0
454.8 0 0 0 0 0
454.799 0 0 0 0 0
454.793 0 0 0 0 0
454.793 0 0 0 0 0
454.787 0 0 0 0 0
454.79 0 0 0 0 0
454.784 0 0 0 0 0
454.783 0 0 0 0 0
454.784 0 0 0 0 0
454.776 0 0 0 0 0
454.779 0 0 0 0 0
454.763 0 0 0 0 0
454.77 0 0 0 0 0
454.765 0 0 0 0 0
454.761 0 0 0 0 0
454.756 0 0 0 0 0
454.752 0 0 0 0 0
454.76 0 0 0 0 0
454.748 0 0 0 0 0
454.742 0 0 0 0 0
454.741 0 0 0 0 0
454.743 0 0 0 0 0
454.737 0 0 0 0 0
454.733 0 0 0 0 0
454.739 0 0 0 0 0
454.729 0 0 0 0 0
454.724 0 0 0 0 0
454.723 0 0 0 0 0
454.725 0 0 0 0 0
454.717 0 0 0 0 0
454.713 0 0 0 0 0
454.711 0 0 0 0 0
454.705 0 0 0 0 0
454.699 0 0 0 0 0
454.708 0 0 0 0 0
454.699 0 0 0 0 0
454.7 0 0 0 0 0
454.692 0 0 0 0 0
454.694 0 0 0 0 0
454.687 0 0 0 0 0
454.683 0 0 0 0 0
454.681 0 0 0 0 0
454.677 0 0 0 0 0
454.675 0 0 0 0 0
454.67 0 0 0 0 0
454.67 0 0 0 0 0
454.666 0 0 0 0 0
454.664 0 0 0 0 0
454.661 0 0 0 0 0
454.654 0 0 0 0 0
454.651 0 0 0 0 0
454.645 0 0 0 0 0
454.648 0 0 0 0 0
454.65 0 0 0 0 0
454.644 0 0 0 0 0
454.641 0 0 0 0 0
454.637 0 0 0 0 0
454.631 0 0 0 0 0
454.63 0 0 0 0 0
454.626 0 0 0 0 0
454.632 0 0 0 0 0
454.622 0 0 0 0 0
454.619 0 0 0 0 0
454.611 0 0 0 0 0
454.616 0 0 0 0 0
454.609 0 0 0 0 0
454.608 0 0 0 0 0
454.604 0 0 0 0 0
454.601 0 0 0 0 0
454.598 0 0 0 0 0
454.595 0 0 0 0 0
454.591 0 0 0 0 0
454.592 0 0 0 0 0
454.584 0 0 0 0 0
454.583 0 0 0 0 0
454.581 0 0 0 0 0
454.577 0 0 0 0 0
454.575 0 0 0 0 0
454.572 0 0 0 0 0
454.569 0 0 0 0 0
454.568 0 0 0 0 0
454.563 0 0 0 0 0
454.56 0 0 0 0 0
454.557 0 0 0 0 0
454.554 0 0 0 0 0
454.551 0 0 0 0 0
454.549 0 0 0 0 0
454.544 0 0 0 0 0
454.553 0 0 0 0 0
454.545 0 0 0 0 0
454.534 0 0 0 0 0
454.535 0 0 0 0 0
454.53 0 0 0 0 0
454.527 0 0 0 0 0
454.526 0 0 0 0 0
454.522 0 0 0 0 0
454.519 0 0 0 0 0
454.514 0 0 0 0 0
454.509 0 0 0 0 0
454.5 0 0 0 0 0
454.505 0 0 0 0 0
454.502 0 0 0 0 0
454.504 0 0 0 0 0
454.498 0 0 0 0 0
454.495 0 0 0 0 0
454.494 0 0 0 0 0
454.49 0 0 0 0 0
454.486 0 0 0 0 0
454.483 0 0 0 0 0
454.48 0 0 0 0 0
454.478 0 0 0 0 0
454.472 0 0 0 0 0
454.469 0 0 0 0 0
454.472 0 0 0 0 0
454.465 0 0 0 0 0
454.463 0 0 0 0 0
454.46 0 0 0 0 0
454.457 0 0 0 0 0
454.455 0 0 0 0 0
454.452 0 0 0 0 0
454.444 0 0 0 0 0
454.449 0 0 0 0 0
454.442 0 0 0 0 0
454.437 0 0 0 0 0
454.433 0 0 0 0 0
454.433 0 0 0 0 0
454.436 0 0 0 0 0
454.429 0 0 0 0 0
454.426 0 0 0 0 0
454.419 0 0 0 0 0
454.418 0 0 0 0 0
454.414 0 0 0 0 0
454.413 0 0 0 0 0
454.409 0 0 0 0 0
454.407 0 0 0 0 0
454.404 0 0 0 0 0
454.404 0 0 0 0 0
454.399 0 0 0 0 0
454.4 0 0 0 0 0
454.392 0 0 0 0 0
454.391 0 0 0 0 0
454.387 0 0 0 0 0
454.382 0 0 0 0 0
454.38 0 0 0 0 0
454.379 0 0 0 0 0
454.374 0 0 0 0 0
454.371 0 0 0 0 0
454.367 0 0 0 0 0
454.367 0 0 0 0 0
454.362 0 0 0 0 0
454.354 0 0 0 0 0
454.358 0 0 0 0 0
454.355 0 0 0 0 0
454.352 0 0 0 0 0
454.347 0 0 0 0 0
454.346 0 0 0 0 0
454.346 0 0 0 0 0
454.338 0 0 0 0 0
454.342 0 0 0 0 0
454.334 0 0 0 0 0
454.331 0 0 0 0 0
454.327 0 0 0 0 0
454.324 0 0 0 0 0
454.32 0 0 0 0 0
454.315 0 0 0 0 0
454.315 0 0 0 0 0
454.313 0 0 0 0 0
454.304 0 0 0 0 0
454.31 0 0 0 0 0
454.303 0 0 0 0 0
454.3 0 0 0 0 0
454.297 0 0 0 0 0
454.295 0 0 0 0 0
454.293 0 0 0 0 0
454.282 0 0 0 0 0
454.285 0 0 0 0 0
454.282 0 0 0 0 0
454.28 0 0 0 0 0
454.284 0 0 0 0 0
454.274 0 0 0 0 0
454.271 0 0 0 0 0
454.266 0 0 0 0 0
454.265 0 0 0 0 0
454.261 0 0 0 0 0
454.261 0 0 0 0 0
454.255 0 0 0 0 0
454.253 0 0 0 0 0
454.248 0 0 0 0 0
454.247 0 0 0 0 0
454.244 0 0 0 0 0
454.245 0 0 0 0 0
454.238 0 0 0 0 0
454.236 0 0 0 0 0
454.235 0 0 0 0 0
454.229 0 0 0 0 0
454.227 0 0 0 0 0
454.221 0 0 0 0 0
454.218 0 0 0 0 0
454.218 0 0 0 0 0
454.216 0 0 0 0 0
454.212 0 0 0 0 0
454.209 0 0 0 0 0
454.207 0 0 0 0 0
454.203 0 0 0 0 0
454.2 0 0 0 0 0
454.199 0 0 0 0 0
454.195 0 0 0 0 0
454.193 0 0 0 0 0
454.188 0 0 0 0 0
454.186 0 0 0 0 0
454.182 0 0 0 0 0
454.179 0 0 0 0 0
454.175 0 0 0 0 0
454.172 0 0 0 0 0
454.17 0 0 0 0 0
454.164 0 0 0 0 0
454.179 0 0 0 0 0
454.162 0 0 0 0 0
454.158 0 0 0 0 0
454.157 0 0 0 0 0
454.153 0 0 0 0 0
454.15 0 0 0 0 0
454.145 0 0 0 0 0
454.144 0 0 0 0 0
454.141 0 0 0 0 0
454.139 0 0 0 0 0
454.137 0 0 0 0 0
454.131 0 0 0 0 0
454.129 0 0 0 0 0
454.126 0 0 0 0 0
454.115 0 0 0 0 0
454.12 0 0 0 0 0
454.117 0 0 0 0 0
454.116 0 0 0 0 0
454.114 0 0 0 0 0
454.104 0 0 0 0 0
454.106 0 0 0 0 0
454.103 0 0 0 0 0
454.099 0 0 0 0 0
454.097 0 0 0 0 0
454.093 0 0 0 0 0
454.091 0 0 0 0 0
454.089 0 0 0 0 0
454.084 0 0 0 0 0
454.084 0 0 0 0 0
454.09 0 0 0 0 0
454.076 0 0 0 0 0
454.073 0 0 0 0 0
454.078 0 0 0 0 0
454.066 0 0 0 0 0
454.053 0 0 0 0 0
454.06 0 0 0 0 0
454.054 0 0 0 0 0
454.057 0 0 0 0 0
454.051 0 0 0 0 0
454.048 0 0 0 0 0
454.046 0 0 0 0 0
454.044 0 0 0 0 0
454.039 0 0 0 0 0
454.037 0 0 0 0 0
454.036 0 0 0 0 0
454.032 0 0 0 0 0
454.031 0 0 0 0 0
454.026 0 0 0 0 0
454.016 0 0 0 0 0
453.941 0 0 0 0 0
454.017 0 0 0 0 0
454.014 0 0 0 0 0
454.014 0 0 0 0 0
454.008 0 0 0 0 0
454.004 0 0 0 0 0
454.003 0 0 0 0 0
454.008 0 0 0 0 0
453.996 0 0 0 0 0
453.992 0 0 0 0 0
453.99 0 0 0 0 0
453.987 0 0 0 0 0
453.984 0 0 0 0 0
453.979 0 0 0 0 0
453.978 0 0 0 0 0
453.978 0 0 0 0 0
453.975 0 0 0 0 0
453.969 0 0 0 0 0
453.966 0 0 0 0 0
453.963 0 0 0 0 0
453.961 0 0 0 0 0
453.961 0 0 0 0 0
453.955 0 0 0 0 0
453.951 0 0 0 0 0
453.949 0 0 0 0 0
453.946 0 0 0 0 0
453.969 0 0 0 0 0
453.94 0 0 0 0 0
453.938 0 0 0 0 0
453.937 0 0 0 0 0
453.93 0 0 0 0 0
453.929 0 0 0 0 0
453.925 0 0 0 0 0
453.924 0 0 0 0 0
453.92 0 0 0 0 0
453.916 0 0 0 0 0
453.914 0 0 0 0 0
453.91 0 0 0 0 0
453.921 0 0 0 0 0
453.905 0 0 0 0 0
453.904 0 0 0 0 0
453.899 0 0 0 0 0
453.895 0 0 0 0 0
453.893 0 0 0 0 0
453.89 0 0 0 0 0
453.889 0 0 0 0 0
453.883 0 0 0 0 0
453.884 0 0 0 0 0
453.877 0 0 0 0 0
453.88 0 0 0 0 0
453.872 0 0 0 0 0
453.869 0 0 0 0 0
453.864 0 0 0 0 0
453.866 0 0 0 0 0
453.86 0 0 0 0 0
453.856 0 0 0 0 0
453.857 0 0 0 0 0
453.85 0 0 0 0 0
453.849 0 0 0 0 0
453.847 0 0 0 0 0
453.842 0 0 0 0 0
453.84 0 0 0 0 0
453.836 0 0 0 0 0
453.834 0 0 0 0 0
453.825 0 0 0 0 0
453.828 0 0 0 0 0
453.824 0 0 0 0 0
453.823 0 0 0 0 0
453.819 0 0 0 0 0
453.821 0 0 0 0 0
453.812 0 0 0 0 0
453.81 0 0 0 0 0
453.807 0 0 0 0 0
453.804 0 0 0 0 0
453.802 0 0 0 0 0
453.798 0 0 0 0 0
453.795 0 0 0 0 0
453.791 0 0 0 0 0
453.787 0 0 0 0 0
453.794 0 0 0 0 0
453.782 0 0 0 0 0
453.781 0 0 0 0 0
453.782 0 0 0 0 0
453.756 0 0 0 0 0
453.764 0 0 0 0 0
453.768 0 0 0 0 0
453.777 0 0 0 0 0
453.766 0 0 0 0 0
453.75 0 0 0 0 0
453.75 0 0 0 0 0
453.754 0 0 0 0 0
453.747 0 0 0 0 0
453.748 0 0 0 0 0
453.741 0 0 0 0 0
453.742 0 0 0 0 0
453.743 0 0 0 0 0
453.718 0 0 0 0 0
453.733 0 0 0 0 0
453.73 0 0 0 0 0
453.727 0 0 0 0 0
453.724 0 0 0 0 0
453.721 0 0 0 0 0
453.719 0 0 0 0 0
453.715 0 0 0 0 0
453.723 0 0 0 0 0
453.711 0 0 0 0 0
453.707 0 0 0 0 0
453.703 0 0 0 0 0
453.701 0 0 0 0 0
453.698 0 0 0 0 0
453.695 0 0 0 0 0
453.691 0 0 0 0 0
453.689 0 0 0 0 0
453.688 0 0 0 0 0
453.683 0 0 0 0 0
453.679 0 0 0 0 0
453.678 0 0 0 0 0
453.674 0 0 0 0 0
453.671 0 0 0 0 0
453.668 0 0 0 0 0
453.667 0 0 0 0 0
453.663 0 0 0 0 0
453.66 0 0 0 0 0
453.656 0 0 0 0 0
453.656 0 0 0 0 0
453.648 0 0 0 0 0
453.648 0 0 0 0 0
453.645 0 0 0 0 0
453.64 0 0 0 0 0
453.635 0 0 0 0 0
453.635 0 0 0 0 0
453.633 0 0 0 0 0
453.63 0 0 0 0 0
453.628 0 0 0 0 0
453.624 0 0 0 0 0
453.624 0 0 0 0 0
453.622 0 0 0 0 0
453.614 0 0 0 0 0
453.616 0 0 0 0 0
453.613 0 0 0 0 0
453.615 0 0 0 0 0
453.603 0 0 0 0 0
453.6 0 0 0 0 0
453.597 0 0 0 0 0
453.595 0 0 0 0 0
453.596 0 0 0 0 0
453.567 0 0 0 0 0
453.58 0 0 0 0 0
453.581 0 0 0 0 0
453.577 0 0 0 0 0
453.577 0 0 0 0 0
453.566 0 0 0 0 0
453.573 0 0 0 0 0
453.568 0 0 0 0 0
453.568 0 0 0 0 0
453.562 0 0 0 0 0
453.559 0 0 0 0 0
453.555 0 0 0 0 0
453.553 0 0 0 0 0
453.551 0 0 0 0 0
453.546 0 0 0 0 0
453.544 0 0 0 0 0
453.538 0 0 0 0 0
453.54 0 0 0 0 0
453.536 0 0 0 0 0
453.531 0 0 0 0 0
453.529 0 0 0 0 0
453.527 0 0 0 0 0
453.524 0 0 0 0 0
453.525 0 0 0 0 0
453.517 0 0 0 0 0
453.515 0 0 0 0 0
453.512 0 0 0 0 0
453.51 0 0 0 0 0
453.506 0 0 0 0 0
453.5 0 0 0 0 0
453.5 0 0 0 0 0
453.495 0 0 0 0 0
453.492 0 0 0 0 0
453.484 0 0 0 0 0
453.479 0 0 0 0 0
453.476 0 0 0 0 0
453.463 0 0 0 0 0
453.461 0 0 0 0 0
453.446 0 0 0 0 0
453.436 0 0 0 0 0
453.434 0 0 0 0 0
453.423 0 0 0 0 0
453.41 0 0 0 0 0
453.402 0 0 0 0 0
453.398 0 0 0 0 0
453.383 0 0 0 0 0
453.374 0 0 0 0 0
453.366 0 0 0 0 0
453.358 0 0 0 0 0
453.349 0 0 0 0 0
453.34 0 0 0 0 0
453.33 0 0 0 0 0
453.321 0 0 0 0 0
453.31 0 0 0 0 0
453.303 0 0 0 0 0
453.317 0 0 0 0 0
453.265 0 0 0 0 0
453.244 0 0 0 0 0
453.267 0 0 0 0 0
453.259 0 0 0 0 0
453.249 0 0 0 0 0
453.241 0 0 0 0 0
453.232 0 0 0 0 0
453.225 0 0 0 0 0
453.212 0 0 0 0 0
453.204 0 0 0 0 0
453.189 0 0 0 0 0
453.19 0 0 0 0 0
453.18 0 0 0 0 0
453.168 0 0 0 0 0
453.16 0 0 0 0 0
453.152 0 0 0 0 0
453.143 0 0 0 0 0
453.133 0 0 0 0 0
453.125 0 0 0 0 0
453.114 0 0 0 0 0
453.101 0 0 0 0 0
453.089 0 0 0 0 0
453.078 0 0 0 0 0
453.065 0 0 0 0 0
453.066 0 0 0 0 0
453.046 0 0 0 0 0
453.032 0 0 0 0 0
453.021 0 0 0 0 0
453.009 0 0 0 0 0
452.995 0 0 0 0 0
452.986 0 0 0 0 0
452.973 0 0 0 0 0
452.962 0 0 0 0 0
452.949 0 0 0 0 0
452.939 0 0 0 0 0
452.929 0 0 0 0 0
452.917 0 0 0 0 0
452.907 0 0 0 0 0
452.893 0 0 0 0 0
452.88 0 0 0 0 0
452.869 0 0 0 0 0
452.858 0 0 0 0 0
452.847 0 0 0 0 0
452.834 0 0 0 0 0
452.819 0 0 0 0 0
452.809 0 0 0 0 0
452.8 0 0 0 0 0
452.787 0 0 0 0 0
452.779 0 0 0 0 0
452.766 0 0 0 0 0
452.754 0 0 0 0 0
452.744 0 0 0 0 0
452.731 0 0 0 0 0
452.719 0 0 0 0 0
452.707 0 0 0 0 0
452.694 0 0 0 0 0
452.702 0 0 0 0 0
452.669 0 0 0 0 0
452.67 0 0 0 0 0
452.649 0 0 0 0 0
452.638 0 0 0 0 0
452.626 0 0 0 0 0
452.617 0 0 0 0 0
452.604 0 0 0 0 0
452.592 0 0 0 0 0
452.584 0 0 0 0 0
452.568 0 0 0 0 0
452.556 0 0 0 0 0
452.546 0 0 0 0 0
452.533 0 0 0 0 0
452.522 0 0 0 0 0
452.51 0 0 0 0 0
452.498 0 0 0 0 0
452.486 0 0 0 0 0
452.47 0 0 0 0 0
452.455 0 0 0 0 0
452.439 0 0 0 0 0
452.423 0 0 0 0 0
452.407 0 0 0 0 0
452.391 0 0 0 0 0
452.378 0 0 0 0 0
452.364 0 0 0 0 0
452.346 0 0 0 0 0
452.327 0 0 0 0 0
452.309 0 0 0 0 0
452.276 0 0 0 0 0
452.271 0 0 0 0 0
452.251 0 0 0 0 0
452.23 0 0 0 0 0
452.213 0 0 0 0 0
452.186 0 0 0 0 0
452.174 0 0 0 0 0
452.156 0 0 0 0 0
452.132 0 0 0 0 0
452.119 0 0 0 0 0
452.096 0 0 0 0 0
452.081 0 0 0 0 0
452.064 0 0 0 0 0
452.044 0 0 0 0 0
452.024 0 0 0 0 0
452.005 0 0 0 0 0
451.985 0 0 0 0 0
451.967 0 0 0 0 0
451.948 0 0 0 0 0
451.925 0 0 0 0 0
451.901 0 0 0 0 0
451.88 0 0 0 0 0
451.857 0 0 0 0 0
451.834 0 0 0 0 0
451.813 0 0 0 0 0
451.79 0 0 0 0 0
451.77 0 0 0 0 0
451.744 0 0 0 0 0
451.722 0 0 0 0 0
451.699 0 0 0 0 0
451.683 0 0 0 0 0
451.655 0 0 0 0 0
451.631 0 0 0 0 0
451.608 0 0 0 0 0
451.587 0 0 0 0 0
451.563 0 0 0 0 0
451.544 0 0 0 0 0
451.519 0 0 0 0 0
451.495 0 0 0 0 0
451.474 0 0 0 0 0
451.452 0 0 0 0 0
451.427 0 0 0 0 0
451.405 0 0 0 0 0
451.383 0 0 0 0 0
451.361 0 0 0 0 0
451.336 0 0 0 0 0
451.315 0 0 0 0 0
451.29 0 0 0 0 0
451.269 0 0 0 0 0
451.246 0 0 0 0 0
451.223 0 0 0 0 0
451.201 0 0 0 0 0
451.18 0 0 0 0 0
451.156 0 0 0 0 0
451.132 0 0 0 0 0
451.112 0 0 0 0 0
451.089 0 0 0 0 0
451.064 0 0 0 0 0
451.043 0 0 0 0 0
451.019 0 0 0 0 0
450.997 0 0 0 0 0
450.977 0 0 0 0 0
450.953 0 0 0 0 0
450.931 0 0 0 0 0
450.908 0 0 0 0 0
450.885 0 0 0 0 0
450.864 0 0 0 0 0
450.84 0 0 0 0 0
450.817 0 0 0 0 0
450.795 0 0 0 0 0
450.772 0 0 0 0 0
450.75 0 0 0 0 0
450.727 0 0 0 0 0
450.703 0 0 0 0 0
450.682 0 0 0 0 0
450.659 0 0 0 0 0
450.639 0 0 0 0 0
450.614 0 0 0 0 0
450.593 0 0 0 0 0
450.569 0 0 0 0 0
450.546 0 0 0 0 0
450.524 0 0 0 0 0
450.501 0 0 0 0 0
450.479 0 0 0 0 0
450.456 0 0 0 0 0
450.433 0 0 0 0 0
450.409 0 0 0 0 0
450.388 0 0 0 0 0
450.365 0 0 0 0 0
450.342 0 0 0 0 0
450.321 0 0 0 0 0
450.298 0 0 0 0 0
450.275 0 0 0 0 0
450.252 0 0 0 0 0
450.23 0 0 0 0 0
450.207 0 0 0 0 0
450.184 0 0 0 0 0
450.162 0 0 0 0 0
450.139 0 0 0 0 0
450.118 0 0 0 0 0
450.094 0 0 0 0 0
450.076 0 0 0 0 0
450.05 0 0 0 0 0
450.026 0 0 0 0 0
450.006 0 0 0 0 0
449.982 0 0 0 0 0
449.959 0 0 0 0 0
449.935 0 0 0 0 0
449.913 0 0 0 0 0
449.889 0 0 0 0 0
449.868 0 0 0 0 0
449.846 0 0 0 0 0
449.821 0 0 0 0 0
449.8 0 0 0 0 0
449.778 0 0 0 0 0
449.753 0 0 0 0 0
449.732 0 0 0 0 0
449.71 0 0 0 0 0
449.687 0 0 0 0 0
449.665 0 0 0 0 0
449.642 0 0 0 0 0
449.618 0 0 0 0 0
449.598 0 0 0 0 0
449.575 0 0 0 0 0
449.554 0 0 0 0 0
449.532 0 0 0 0 0
449.506 0 0 0 0 0
449.486 0 0 0 0 0
449.461 0 0 0 0 0
449.438 0 0 0 0 0
449.416 0 0 0 0 0
449.393 0 0 0 0 0
449.371 0 0 0 0 0
449.348 0 0 0 0 0
449.326 0 0 0 0 0
449.303 0 0 0 0 0
449.279 0 0 0 0 0
449.259 0 0 0 0 0
449.235 0 0 0 0 0
449.211 0 0 0 0 0
449.189 0 0 0 0 0
449.167 0 0 0 0 0
449.144 0 0 0 0 0
449.122 0 0 0 0 0
449.099 0 0 0 0 0
449.078 0 0 0 0 0
449.054 0 0 0 0 0
449.031 0 0 0 0 0
449.011 0 0 0 0 0
448.988 0 0 0 0 0
448.964 0 0 0 0 0
448.939 0 0 0 0 0
448.919 0 0 0 0 0
448.896 0 0 0 0 0
448.872 0 0 0 0 0
448.854 0 0 0 0 0
448.827 0 0 0 0 0
448.805 0 0 0 0 0
448.783 0 0 0 0 0
448.76 0 0 0 0 0
448.737 0 0 0 0 0
448.715 0 0 0 0 0
448.693 0 0 0 0 0
448.671 0 0 0 0 0
448.647 0 0 0 0 0
448.625 0 0 0 0 0
448.602 0 0 0 0 0
448.579 0 0 0 0 0
448.557 0 0 0 0 0
448.534 0 0 0 0 0
448.512 0 0 0 0 0
448.49 0 0 0 0 0
448.467 0 0 0 0 0
448.444 0 0 0 0 0
448.422 0 0 0 0 0
448.399 0 0 0 0 0
448.376 0 0 0 0 0
448.353 0 0 0 0 0
448.33 0 0 0 0 0
448.305 0 0 0 0 0
448.287 0 0 0 0 0
448.262 0 0 0 0 0
448.24 0 0 0 0 0
448.216 0 0 0 0 0
448.192 0 0 0 0 0
448.169 0 0 0 0 0
448.147 0 0 0 0 0
448.124 0 0 0 0 0
448.102 0 0 0 0 0
448.08 0 0 0 0 0
448.056 0 0 0 0 0
448.033 0 0 0 0 0
448.011 0 0 0 0 0
447.989 0 0 0 0 0
447.965 0 0 0 0 0
447.941 0 0 0 0 0
447.92 0 0 0 0 0
447.895 0 0 0 0 0
447.873 0 0 0 0 0
447.85 0 0 0 0 0
447.822 0 0 0 0 0
447.806 0 0 0 0 0
447.781 0 0 0 0 0
447.764 0 0 0 0 0
447.74 0 0 0 0 0
447.713 0 0 0 0 0
447.693 0 0 0 0 0
447.668 0 0 0 0 0
447.646 0 0 0 0 0
447.622 0 0 0 0 0
447.6 0 0 0 0 0
447.577 0 0 0 0 0
447.555 0 0 0 0 0
447.533 0 0 0 0 0
447.509 0 0 0 0 0
447.485 0 0 0 0 0
447.463 0 0 0 0 0
447.439 0 0 0 0 0
447.417 0 0 0 0 0
447.394 0 0 0 0 0
447.371 0 0 0 0 0
447.35 0 0 0 0 0
447.326 0 0 0 0 0
447.302 0 0 0 0 0
447.282 0 0 0 0 0
447.256 0 0 0 0 0
447.234 0 0 0 0 0
447.214 0 0 0 0 0
447.188 0 0 0 0 0
447.163 0 0 0 0 0
447.142 0 0 0 0 0
447.119 0 0 0 0 0
447.097 0 0 0 0 0
447.074 0 0 0 0 0
447.051 0 0 0 0 0
447.028 0 0 0 0 0
447.006 0 0 0 0 0
446.982 0 0 0 0 0
446.96 0 0 0 0 0
446.937 0 0 0 0 0
446.914 0 0 0 0 0
446.89 0 0 0 0 0
446.871 0 0 0 0 0
446.846 0 0 0 0 0
446.823 0 0 0 0 0
446.8 0 0 0 0 0
446.774 0 0 0 0 0
446.755 0 0 0 0 0
446.74 0 0 0 0 0
446.706 0 0 0 0 0
446.686 0 0 0 0 0
446.663 0 0 0 0 0
446.64 0 0 0 0 0
446.617 0 0 0 0 0
446.594 0 0 0 0 0
446.569 0 0 0 0 0
446.549 0 0 0 0 0
446.526 0 0 0 0 0
446.502 0 0 0 0 0
446.481 0 0 0 0 0
446.457 0 0 0 0 0
446.436 0 0 0 0 0
446.411 0 0 0 0 0
446.389 0 0 0 0 0
446.366 0 0 0 0 0
446.342 0 0 0 0 0
446.316 0 0 0 0 0
446.297 0 0 0 0 0
446.275 0 0 0 0 0
446.252 0 0 0 0 0
446.229 0 0 0 0 0
446.206 0 0 0 0 0
446.183 0 0 0 0 0
446.16 0 0 0 0 0
446.143 0 0 0 0 0
446.115 0 0 0 0 0
446.092 0 0 0 0 0
446.068 0 0 0 0 0
446.046 0 0 0 0 0
446.025 0 0 0 0 0
446.001 0 0 0 0 0
445.978 0 0 0 0 0
445.955 0 0 0 0 0
445.932 0 0 0 0 0
445.909 0 0 0 0 0
445.886 0 0 0 0 0
445.868 0 0 0 0 0
445.84 0 0 0 0 0
445.817 0 0 0 0 0
445.794 0 0 0 0 0
445.772 0 0 0 0 0
445.75 0 0 0 0 0
445.727 0 0 0 0 0
445.706 0 0 0 0 0
445.682 0 0 0 0 0
445.658 0 0 0 0 0
445.636 0 0 0 0 0
445.612 0 0 0 0 0
445.589 0 0 0 0 0
445.568 0 0 0 0 0
445.543 0 0 0 0 0
445.521 0 0 0 0 0
445.498 0 0 0 0 0
445.476 0 0 0 0 0
445.451 0 0 0 0 0
445.429 0 0 0 0 0
445.408 0 0 0 0 0
445.391 0 0 0 0 0
445.36 0 0 0 0 0
445.338 0 0 0 0 0
445.315 0 0 0 0 0
445.296 0 0 0 0 0
445.268 0 0 0 0 0
445.246 0 0 0 0 0
445.224 0 0 0 0 0
445.201 0 0 0 0 0
445.178 0 0 0 0 0
445.157 0 0 0 0 0
445.132 0 0 0 0 0
445.108 0 0 0 0 0
445.087 0 0 0 0 0
445.064 0 0 0 0 0
445.041 0 0 0 0 0
445.02 0 0 0 0 0
444.992 0 0 0 0 0
444.966 0 0 0 0 0
444.941 0 0 0 0 0
444.915 0 0 0 0 0
444.891 0 0 0 0 0
444.866 0 0 0 0 0
444.841 0 0 0 0 0
444.817 0 0 0 0 0
444.789 0 0 0 0 0
444.765 0 0 0 0 0
444.737 0 0 0 0 0
444.712 0 0 0 0 0
444.683 0 0 0 0 0
444.655 0 0 0 0 0
444.628 0 0 0 0 0
444.6 0 0 0 0 0
444.573 0 0 0 0 0
444.546 0 0 0 0 0
444.517 0 0 0 0 0
444.491 0 0 0 0 0
444.471 0 0 0 0 0
444.437 0 0 0 0 0
444.41 0 0 0 0 0
444.382 0 0 0 0 0
444.354 0 0 0 0 0
444.327 0 0 0 0 0
444.298 0 0 0 0 0
444.271 0 0 0 0 0
444.245 0 0 0 0 0
444.22 0 0 0 0 0
444.19 0 0 0 0 0
444.162 0 0 0 0 0
444.136 0 0 0 0 0
444.108 0 0 0 0 0
444.081 0 0 0 0 0
444.053 0 0 0 0 0
444.027 0 0 0 0 0
443.998 0 0 0 0 0
443.972 0 0 0 0 0
443.946 0 0 0 0 0
443.916 0 0 0 0 0
443.889 0 0 0 0 0
443.861 0 0 0 0 0
443.834 0 0 0 0 0
443.806 0 0 0 0 0
443.78 0 0 0 0 0
443.75 0 0 0 0 0
443.725 0 0 0 0 0
443.698 0 0 0 0 0
443.67 0 0 0 0 0
443.642 0 0 0 0 0
443.614 0 0 0 0 0
443.589 0 0 0 0 0
443.559 0 0 0 0 0
443.531 0 0 0 0 0
443.504 0 0 0 0 0
443.476 0 0 0 0 0
443.45 0 0 0 0 0
443.42 0 0 0 0 0
443.392 0 0 0 0 0
443.361 0 0 0 0 0
443.339 0 0 0 0 0
443.308 0 0 0 0 0
443.281 0 0 0 0 0
443.256 0 0 0 0 0
443.229 0 0 0 0 0
443.2 0 0 0 0 0
443.173 0 0 0 0 0
443.139 0 0 0 0 0
443.11 0 0 0 0 0
443.08 0 0 0 0 0
443.048 0 0 0 0 0
443.021 0 0 0 0 0
443.001 0 0 0 0 0
442.961 0 0 0 0 0
442.931 0 0 0 0 0
442.901 0 0 0 0 0
442.87 0 0 0 0 0
442.843 0 0 0 0 0
442.812 0 0 0 0 0
442.783 0 0 0 0 0
442.752 0 0 0 0 0
442.713 0 0 0 0 0
442.693 0 0 0 0 0
442.664 0 0 0 0 0
442.633 0 0 0 0 0
442.603 0 0 0 0 0
442.574 0 0 0 0 0
442.545 0 0 0 0 0
442.513 0 0 0 0 0
442.486 0 0 0 0 0
442.459 0 0 0 0 0
442.425 0 0 0 0 0
442.396 0 0 0 0 0
442.365 0 0 0 0 0
442.336 0 0 0 0 0
442.307 0 0 0 0 0
442.276 0 0 0 0 0
442.248 0 0 0 0 0
442.217 0 0 0 0 0
442.184 0 0 0 0 0
442.157 0 0 0 0 0
442.128 0 0 0 0 0
442.098 0 0 0 0 0
442.066 0 0 0 0 0
442.039 0 0 0 0 0
442.008 0 0 0 0 0
441.979 0 0 0 0 0
441.948 0 0 0 0 0
441.918 0 0 0 0 0
441.884 0 0 0 0 0
441.852 0 0 0 0 0
441.818 0 0 0 0 0
441.785 0 0 0 0 0
441.752 0 0 0 0 0
441.719 0 0 0 0 0
441.686 0 0 0 0 0
441.655 0 0 0 0 0
441.62 0 0 0 0 0
441.587 0 0 0 0 0
441.548 0 0 0 0 0
441.52 0 0 0 0 0
441.479 0 0 0 0 0
441.443 0 0 0 0 0
441.406 0 0 0 0 0
441.381 0 0 0 0 0
441.334 0 0 0 0 0
441.298 0 0 0 0 0
441.26 0 0 0 0 0
441.225 0 0 0 0 0
441.188 0 0 0 0 0
441.152 0 0 0 0 0
441.116 0 0 0 0 0
441.08 0 0 0 0 0
441.043 0 0 0 0 0
441.007 0 0 0 0 0
440.972 0 0 0 0 0
440.934 0 0 0 0 0
440.897 0 0 0 0 0
440.863 0 0 0 0 0
440.825 0 0 0 0 0
440.789 0 0 0 0 0
440.759 0 0 0 0 0
440.717 0 0 0 0 0
440.681 0 0 0 0 0
440.648 0 0 0 0 0
440.608 0 0 0 0 0
440.572 0 0 0 0 0
440.532 0 0 0 0 0
440.49 0 0 0 0 0
440.446 0 0 0 0 0
440.409 0 0 0 0 0
440.371 0 0 0 0 0
440.33 0 0 0 0 0
440.291 0 0 0 0 0
440.251 0 0 0 0 0
440.212 0 0 0 0 0
440.172 0 0 0 0 0
440.132 0 0 0 0 0
440.093 0 0 0 0 0
440.053 0 0 0 0 0
440.013 0 0 0 0 0
439.973 0 0 0 0 0
439.935 0 0 0 0 0
439.894 0 0 0 0 0
439.855 0 0 0 0 0
439.815 0 0 0 0 0
439.775 0 0 0 0 0
439.735 0 0 0 0 0
439.696 0 0 0 0 0
439.657 0 0 0 0 0
439.617 0 0 0 0 0
439.578 0 0 0 0 0
439.538 0 0 0 0 0
439.498 0 0 0 0 0
439.457 0 0 0 0 0
439.419 0 0 0 0 0
439.378 0 0 0 0 0
439.339 0 0 0 0 0
439.3 0 0 0 0 0
439.26 0 0 0 0 0
439.22 0 0 0 0 0
439.181 0 0 0 0 0
439.141 0 0 0 0 0
439.099 0 0 0 0 0
439.062 0 0 0 0 0
439.022 0 0 0 0 0
438.983 0 0 0 0 0
438.943 0 0 0 0 0
438.904 0 0 0 0 0
438.864 0 0 0 0 0
438.824 0 0 0 0 0
438.783 0 0 0 0 0
438.746 0 0 0 0 0
438.705 0 0 0 0 0
438.666 0 0 0 0 0
438.625 0 0 0 0 0
438.585 0 0 0 0 0
438.547 0 0 0 0 0
438.507 0 0 0 0 0
438.468 0 0 0 0 0
438.428 0 0 0 0 0
438.388 0 0 0 0 0
438.35 0 0 0 0 0
438.308 0 0 0 0 0
438.269 0 0 0 0 0
438.23 0 0 0 0 0
438.19 0 0 0 0 0
438.151 0 0 0 0 0
438.112 0 0 0 0 0
438.071 0 0 0 0 0
438.032 0 0 0 0 0
437.993 0 0 0 0 0
437.951 0 0 0 0 0
437.912 0 0 0 0 0
437.873 0 0 0 0 0
437.833 0 0 0 0 0
437.794 0 0 0 0 0
437.753 0 0 0 0 0
437.714 0 0 0 0 0
437.675 0 0 0 0 0
437.636 0 0 0 0 0
437.596 0 0 0 0 0
437.556 0 0 0 0 0
437.516 0 0 0 0 0
437.477 0 0 0 0 0
437.437 0 0 0 0 0
437.397 0 0 0 0 0
437.358 0 0 0 0 0
437.318 0 0 0 0 0
437.278 0 0 0 0 0
437.239 0 0 0 0 0
437.198 0 0 0 0 0
437.16 0 0 0 0 0
437.12 0 0 0 0 0
437.08 0 0 0 0 0
437.04 0 0 0 0 0
437.001 0 0 0 0 0
436.961 0 0 0 0 0
436.922 0 0 0 0 0
436.882 0 0 0 0 0
436.842 0 0 0 0 0
436.802 0 0 0 0 0
436.763 0 0 0 0 0
436.724 0 0 0 0 0
436.683 0 0 0 0 0
436.644 0 0 0 0 0
436.605 0 0 0 0 0
436.565 0 0 0 0 0
436.524 0 0 0 0 0
436.484 0 0 0 0 0
436.445 0 0 0 0 0
436.406 0 0 0 0 0
436.367 0 0 0 0 0
436.327 0 0 0 0 0
436.289 0 0 0 0 0
436.247 0 0 0 0 0
436.208 0 0 0 0 0
436.169 0 0 0 0 0
436.129 0 0 0 0 0
436.089 0 0 0 0 0
436.05 0 0 0 0 0
436.009 0 0 0 0 0
435.97 0 0 0 0 0
435.931 0 0 0 0 0
435.894 0 0 0 0 0
435.852 0 0 0 0 0
435.812 0 0 0 0 0
435.772 0 0 0 0 0
435.733 0 0 0 0 0
435.693 0 0 0 0 0
435.653 0 0 0 0 0
435.614 0 0 0 0 0
435.574 0 0 0 0 0
435.535 0 0 0 0 0
435.495 0 0 0 0 0
435.456 0 0 0 0 0
435.416 0 0 0 0 0
435.377 0 0 0 0 0
435.337 0 0 0 0 0
435.297 0 0 0 0 0
435.257 0 0 0 0 0
435.217 0 0 0 0 0
435.178 0 0 0 0 0
435.138 0 0 0 0 0
435.099 0 0 0 0 0
435.059 0 0 0 0 0
435.019 0 0 0 0 0
434.979 0 0 0 0 0
434.939 0 0 0 0 0
434.898 0 0 0 0 0
434.861 0 0 0 0 0
434.821 0 0 0 0 0
434.78 0 0 0 0 0
434.742 0 0 0 0 0
434.702 0 0 0 0 0
434.664 0 0 0 0 0
434.623 0 0 0 0 0
434.583 0 0 0 0 0
434.543 0 0 0 0 0
434.505 0 0 0 0 0
434.464 0 0 0 0 0
434.425 0 0 0 0 0
434.385 0 0 0 0 0
434.342 0 0 0 0 0
434.306 0 0 0 0 0
434.266 0 0 0 0 0
434.227 0 0 0 0 0
434.187 0 0 0 0 0
434.147 0 0 0 0 0
434.108 0 0 0 0 0
434.068 0 0 0 0 0
434.028 0 0 0 0 0
433.989 0 0 0 0 0
433.949 0 0 0 0 0
433.91 0 0 0 0 0
433.87 0 0 0 0 0
433.829 0 0 0 0 0
433.79 0 0 0 0 0
433.751 0 0 0 0 0
433.712 0 0 0 0 0
433.671 0 0 0 0 0
433.632 0 0 0 0 0
433.592 0 0 0 0 0
433.554 0 0 0 0 0
433.513 0 0 0 0 0
433.473 0 0 0 0 0
433.432 0 0 0 0 0
433.394 0 0 0 0 0
433.354 0 0 0 0 0
433.315 0 0 0 0 0
433.276 0 0 0 0 0
433.236 0 0 0 0 0
433.197 0 0 0 0 0
433.156 0 0 0 0 0
433.117 0 0 0 0 0
433.077 0 0 0 0 0
433.036 0 0 0 0 0
432.998 0 0 0 0 0
432.957 0 0 0 0 0
432.919 0 0 0 0 0
432.879 0 0 0 0 0
432.839 0 0 0 0 0
432.799 0 0 0 0 0
432.76 0 0 0 0 0
432.721 0 0 0 0 0
432.68 0 0 0 0 0
432.642 0 0 0 0 0
432.602 0 0 0 0 0
432.562 0 0 0 0 0
432.522 0 0 0 0 0
432.483 0 0 0 0 0
432.442 0 0 0 0 0
432.402 0 0 0 0 0
432.363 0 0 0 0 0
432.325 0 0 0 0 0
432.285 0 0 0 0 0
432.245 0 0 0 0 0
432.205 0 0 0 0 0
432.165 0 0 0 0 0
432.124 0 0 0 0 0
432.087 0 0 0 0 0
432.048 0 0 0 0 0
432.007 0 0 0 0 0
431.965 0 0 0 0 0
431.928 0 0 0 0 0
431.888 0 0 0 0 0
431.848 0 0 0 0 0
431.809 0 0 0 0 0
431.77 0 0 0 0 0
431.73 0 0 0 0 0
431.691 0 0 0 0 0
431.649 0 0 0 0 0
431.609 0 0 0 0 0
431.57 0 0 0 0 0
431.532 0 0 0 0 0
431.492 0 0 0 0 0
431.451 0 0 0 0 0
431.412 0 0 0 0 0
431.373 0 0 0 0 0
431.333 0 0 0 0 0
431.293 0 0 0 0 0
431.253 0 0 0 0 0
431.214 0 0 0 0 0
431.174 0 0 0 0 0
431.137 0 0 0 0 0
431.095 0 0 0 0 0
431.055 0 0 0 0 0
431.017 0 0 0 0 0
430.976 0 0 0 0 0
430.938 0 0 0 0 0
430.897 0 0 0 0 0
430.857 0 0 0 0 0
430.818 0 0 0 0 0
430.778 0 0 0 0 0
430.738 0 0 0 0 0
430.698 0 0 0 0 0
430.658 0 0 0 0 0
430.62 0 0 0 0 0
430.579 0 0 0 0 0
430.54 0 0 0 0 0
430.501 0 0 0 0 0
430.461 0 0 0 0 0
430.422 0 0 0 0 0
430.382 0 0 0 0 0
430.342 0 0 0 0 0
430.302 0 0 0 0 0
430.263 0 0 0 0 0
430.223 0 0 0 0 0
430.183 0 0 0 0 0
430.145 0 0 0 0 0
430.105 0 0 0 0 0
430.065 0 0 0 0 0
430.026 0 0 0 0 0
429.986 0 0 0 0 0
429.946 0 0 0 0 0
429.907 0 0 0 0 0
429.866 0 0 0 0 0
429.828 0 0 0 0 0
429.787 0 0 0 0 0
429.748 0 0 0 0 0
429.708 0 0 0 0 0
429.669 0 0 0 0 0
429.629 0 0 0 0 0
429.589 0 0 0 0 0
429.551 0 0 0 0 0
429.51 0 0 0 0 0
429.47 0 0 0 0 0
429.431 0 0 0 0 0
429.391 0 0 0 0 0
429.351 0 0 0 0 0
429.311 0 0 0 0 0
429.273 0 0 0 0 0
429.233 0 0 0 0 0
429.192 0 0 0 0 0
429.153 0 0 0 0 0
429.115 0 0 0 0 0
429.074 0 0 0 0 0
429.035 0 0 0 0 0
428.996 0 0 0 0 0
428.955 0 0 0 0 0
428.913 0 0 0 0 0
428.876 0 0 0 0 0
428.836 0 0 0 0 0
428.796 0 0 0 0 0
428.757 0 0 0 0 0
428.717 0 0 0 0 0
428.677 0 0 0 0 0
428.638 0 0 0 0 0
428.599 0 0 0 0 0
428.558 0 0 0 0 0
428.519 0 0 0 0 0
428.479 0 0 0 0 0
428.439 0 0 0 0 0
428.4 0 0 0 0 0
428.361 0 0 0 0 0
428.32 0 0 0 0 0
428.282 0 0 0 0 0
428.241 0 0 0 0 0
428.202 0 0 0 0 0
428.163 0 0 0 0 0
428.122 0 0 0 0 0
428.084 0 0 0 0 0
428.044 0 0 0 0 0
428.003 0 0 0 0 0
427.965 0 0 0 0 0
427.924 0 0 0 0 0
427.885 0 0 0 0 0
427.844 0 0 0 0 0
427.806 0 0 0 0 0
427.764 0 0 0 0 0
427.727 0 0 0 0 0
427.688 0 0 0 0 0
427.648 0 0 0 0 0
427.607 0 0 0 0 0
427.567 0 0 0 0 0
427.528 0 0 0 0 0
427.488 0 0 0 0 0
427.449 0 0 0 0 0
427.409 0 0 0 0 0
427.369 0 0 0 0 0
427.329 0 0 0 0 0
427.29 0 0 0 0 0
427.251 0 0 0 0 0
427.211 0 0 0 0 0
427.171 0 0 0 0 0
427.13 0 0 0 0 0
427.093 0 0 0 0 0
427.053 0 0 0 0 0
427.012 0 0 0 0 0
426.973 0 0 0 0 0
426.933 0 0 0 0 0
426.893 0 0 0 0 0
426.856 0 0 0 0 0
426.815 0 0 0 0 0
426.777 0 0 0 0 0
426.741 0 0 0 0 0
426.696 0 0 0 0 0
426.657 0 0 0 0 0
426.616 0 0 0 0 0
426.576 0 0 0 0 0
426.537 0 0 0 0 0
426.498 0 0 0 0 0
426.458 0 0 0 0 0
426.42 0 0 0 0 0
426.379 0 0 0 0 0
426.34 0 0 0 0 0
426.299 0 0 0 0 0
426.259 0 0 0 0 0
426.219 0 0 0 0 0
426.181 0 0 0 0 0
426.142 0 0 0 0 0
426.102 0 0 0 0 0
426.061 0 0 0 0 0
426.022 0 0 0 0 0
425.982 0 0 0 0 0
425.943 0 0 0 0 0
425.903 0 0 0 0 0
425.864 0 0 0 0 0
425.824 0 0 0 0 0
425.784 0 0 0 0 0
425.744 0 0 0 0 0
425.705 0 0 0 0 0
425.664 0 0 0 0 0
425.625 0 0 0 0 0
425.586 0 0 0 0 0
425.547 0 0 0 0 0
425.507 0 0 0 0 0
425.467 0 0 0 0 0
425.427 0 0 0 0 0
425.389 0 0 0 0 0
425.349 0 0 0 0 0
425.307 0 0 0 0 0
425.269 0 0 0 0 0
425.229 0 0 0 0 0
425.19 0 0 0 0 0
425.15 0 0 0 0 0
425.111 0 0 0 0 0
425.07 0 0 0 0 0
425.031 0 0 0 0 0
424.991 0 0 0 0 0
424.953 0 0 0 0 0
424.912 0 0 0 0 0
424.872 0 0 0 0 0
424.833 0 0 0 0 0
424.794 0 0 0 0 0
424.753 0 0 0 0 0
424.714 0 0 0 0 0
424.674 0 0 0 0 0
424.634 0 0 0 0 0
424.596 0 0 0 0 0
424.556 0 0 0 0 0
424.515 0 0 0 0 0
424.477 0 0 0 0 0
424.438 0 0 0 0 0
424.397 0 0 0 0 0
424.357 0 0 0 0 0
424.318 0 0 0 0 0
424.279 0 0 0 0 0
424.238 0 0 0 0 0
424.199 0 0 0 0 0
424.159 0 0 0 0 0
424.119 0 0 0 0 0
424.08 0 0 0 0 0
424.04 0 0 0 0 0
424.001 0 0 0 0 0
423.962 0 0 0 0 0
423.922 0 0 0 0 0
423.883 0 0 0 0 0
423.843 0 0 0 0 0
423.804 0 0 0 0 0
423.76 0 0 0 0 0
423.723 0 0 0 0 0
423.685 0 0 0 0 0
423.645 0 0 0 0 0
423.605 0 0 0 0 0
423.565 0 0 0 0 0
423.525 0 0 0 0 0
423.486 0 0 0 0 0
423.446 0 0 0 0 0
423.405 0 0 0 0 0
423.368 0 0 0 0 0
423.327 0 0 0 0 0
423.287 0 0 0 0 0
423.248 0 0 0 0 0
423.208 0 0 0 0 0
423.169 0 0 0 0 0
423.129 0 0 0 0 0
423.09 0 0 0 0 0
423.05 0 0 0 0 0
423.01 0 0 0 0 0
422.972 0 0 0 0 0
422.928 0 0 0 0 0
422.892 0 0 0 0 0
422.852 0 0 0 0 0
422.814 0 0 0 0 0
422.774 0 0 0 0 0
422.734 0 0 0 0 0
422.694 0 0 0 0 0
422.653 0 0 0 0 0
422.614 0 0 0 0 0
422.573 0 0 0 0 0
422.534 0 0 0 0 0
422.492 0 0 0 0 0
422.455 0 0 0 0 0
422.414 0 0 0 0 0
422.376 0 0 0 0 0
422.336 0 0 0 0 0
422.297 0 0 0 0 0
422.257 0 0 0 0 0
422.218 0 0 0 0 0
422.178 0 0 0 0 0
422.138 0 0 0 0 0
422.098 0 0 0 0 0
422.058 0 0 0 0 0
422.019 0 0 0 0 0
421.979 0 0 0 0 0
421.94 0 0 0 0 0
421.9 0 0 0 0 0
421.86 0 0 0 0 0
421.821 0 0 0 0 0
421.782 0 0 0 0 0
421.742 0 0 0 0 0
421.703 0 0 0 0 0
421.663 0 0 0 0 0
421.622 0 0 0 0 0
421.584 0 0 0 0 0
421.543 0 0 0 0 0
421.504 0 0 0 0 0
421.464 0 0 0 0 0
421.425 0 0 0 0 0
421.384 0 0 0 0 0
421.346 0 0 0 0 0
421.306 0 0 0 0 0
421.266 0 0 0 0 0
421.227 0 0 0 0 0
421.187 0 0 0 0 0
421.147 0 0 0 0 0
421.108 0 0 0 0 0
421.067 0 0 0 0 0
421.029 0 0 0 0 0
420.989 0 0 0 0 0
420.949 0 0 0 0 0
420.909 0 0 0 0 0
420.87 0 0 0 0 0
420.83 0 0 0 0 0
420.79 0 0 0 0 0
420.749 0 0 0 0 0
420.711 0 0 0 0 0
420.67 0 0 0 0 0
420.633 0 0 0 0 0
420.592 0 0 0 0 0
420.552 0 0 0 0 0
420.513 0 0 0 0 0
420.473 0 0 0 0 0
420.434 0 0 0 0 0
420.393 0 0 0 0 0
420.354 0 0 0 0 0
420.317 0 0 0 0 0
420.275 0 0 0 0 0
420.237 0 0 0 0 0
420.196 0 0 0 0 0
420.157 0 0 0 0 0
420.117 0 0 0 0 0
420.077 0 0 0 0 0
420.037 0 0 0 0 0
419.998 0 0 0 0 0
419.958 0 0 0 0 0
419.918 0 0 0 0 0
419.878 0 0 0 0 0
419.839 0 0 0 0 0
419.8 0 0 0 0 0
419.76 0 0 0 0 0
419.72 0 0 0 0 0
419.68 0 0 0 0 0
419.641 0 0 0 0 0
419.601 0 0 0 0 0
419.563 0 0 0 0 0
419.523 0 0 0 0 0
419.482 0 0 0 0 0
419.443 0 0 0 0 0
419.403 0 0 0 0 0
419.363 0 0 0 0 0
419.323 0 0 0 0 0
419.284 0 0 0 0 0
419.244 0 0 0 0 0
419.205 0 0 0 0 0
419.165 0 0 0 0 0
419.127 0 0 0 0 0
419.087 0 0 0 0 0
419.046 0 0 0 0 0
419.008 0 0 0 0 0
418.967 0 0 0 0 0
418.928 0 0 0 0 0
418.888 0 0 0 0 0
418.848 0 0 0 0 0
418.808 0 0 0 0 0
418.769 0 0 0 0 0
418.729 0 0 0 0 0
418.69 0 0 0 0 0
418.65 0 0 0 0 0
418.611 0 0 0 0 0
418.571 0 0 0 0 0
418.531 0 0 0 0 0
418.492 0 0 0 0 0
418.452 0 0 0 0 0
418.412 0 0 0 0 0
418.373 0 0 0 0 0
418.334 0 0 0 0 0
418.294 0 0 0 0 0
418.254 0 0 0 0 0
418.211 0 0 0 0 0
418.175 0 0 0 0 0
418.134 0 0 0 0 0
418.095 0 0 0 0 0
418.055 0 0 0 0 0
418.016 0 0 0 0 0
417.976 0 0 0 0 0
417.936 0 0 0 0 0
417.898 0 0 0 0 0
417.857 0 0 0 0 0
417.818 0 0 0 0 0
417.779 0 0 0 0 0
417.739 0 0 0 0 0
417.7 0 0 0 0 0
417.66 0 0 0 0 0
417.619 0 0 0 0 0
417.58 0 0 0 0 0
417.541 0 0 0 0 0
417.501 0 0 0 0 0
417.463 0 0 0 0 0
417.421 0 0 0 0 0
417.382 0 0 0 0 0
417.342 0 0 0 0 0
417.303 0 0 0 0 0
417.262 0 0 0 0 0
417.224 0 0 0 0 0
417.183 0 0 0 0 0
417.145 0 0 0 0 0
417.106 0 0 0 0 0
417.065 0 0 0 0 0
417.025 0 0 0 0 0
416.986 0 0 0 0 0
416.946 0 0 0 0 0
416.906 0 0 0 0 0
416.867 0 0 0 0 0
416.827 0 0 0 0 0
416.787 0 0 0 0 0
416.748 0 0 0 0 0
416.71 0 0 0 0 0
416.669 0 0 0 0 0
416.629 0 0 0 0 0
416.589 0 0 0 0 0
416.55 0 0 0 0 0
416.511 0 0 0 0 0
416.471 0 0 0 0 0
416.431 0 0 0 0 0
416.392 0 0 0 0 0
416.351 0 0 0 0 0
416.314 0 0 0 0 0
416.27 0 0 0 0 0
416.233 0 0 0 0 0
416.193 0 0 0 0 0
416.153 0 0 0 0 0
416.113 0 0 0 0 0
416.075 0 0 0 0 0
416.034 0 0 0 0 0
415.995 0 0 0 0 0
415.955 0 0 0 0 0
415.915 0 0 0 0 0
415.875 0 0 0 0 0
415.837 0 0 0 0 0
415.796 0 0 0 0 0
415.758 0 0 0 0 0
415.718 0 0 0 0 0
415.677 0 0 0 0 0
415.639 0 0 0 0 0
415.597 0 0 0 0 0
415.559 0 0 0 0 0
415.52 0 0 0 0 0
415.48 0 0 0 0 0
415.438 0 0 0 0 0
415.4 0 0 0 0 0
415.361 0 0 0 0 0
415.321 0 0 0 0 0
415.281 0 0 0 0 0
415.242 0 0 0 0 0
415.203 0 0 0 0 0
415.162 0 0 0 0 0
415.123 0 0 0 0 0
415.083 0 0 0 0 0
415.043 0 0 0 0 0
415.004 0 0 0 0 0
414.964 0 0 0 0 0
414.924 0 0 0 0 0
414.885 0 0 0 0 0
414.846 0 0 0 0 0
414.807 0 0 0 0 0
414.765 0 0 0 0 0
414.726 0 0 0 0 0
414.686 0 0 0 0 0
414.648 0 0 0 0 0
414.609 0 0 0 0 0
414.564 0 0 0 0 0
414.529 0 0 0 0 0
414.489 0 0 0 0 0
414.449 0 0 0 0 0
414.409 0 0 0 0 0
414.37 0 0 0 0 0
414.33 0 0 0 0 0
414.291 0 0 0 0 0
414.251 0 0 0 0 0
414.211 0 0 0 0 0
414.17 0 0 0 0 0
414.132 0 0 0 0 0
414.092 0 0 0 0 0
414.052 0 0 0 0 0
414.012 0 0 0 0 0
413.974 0 0 0 0 0
413.934 0 0 0 0 0
413.899 0 0 0 0 0
413.854 0 0 0 0 0
413.815 0 0 0 0 0
413.776 0 0 0 0 0
413.736 0 0 0 0 0
413.697 0 0 0 0 0
413.654 0 0 0 0 0
413.616 0 0 0 0 0
413.579 0 0 0 0 0
413.538 0 0 0 0 0
413.496 0 0 0 0 0
413.459 0 0 0 0 0
413.419 0 0 0 0 0
413.381 0 0 0 0 0
413.339 0 0 0 0 0
413.299 0 0 0 0 0
413.26 0 0 0 0 0
413.221 0 0 0 0 0
413.181 0 0 0 0 0
413.145 0 0 0 0 0
413.102 0 0 0 0 0
413.062 0 0 0 0 0
413.023 0 0 0 0 0
412.982 0 0 0 0 0
412.944 0 0 0 0 0
412.903 0 0 0 0 0
412.863 0 0 0 0 0
412.824 0 0 0 0 0
412.782 0 0 0 0 0
412.744 0 0 0 0 0
412.705 0 0 0 0 0
412.665 0 0 0 0 0
412.626 0 0 0 0 0
412.587 0 0 0 0 0
412.543 0 0 0 0 0
412.507 0 0 0 0 0
412.467 0 0 0 0 0
412.427 0 0 0 0 0
412.387 0 0 0 0 0
412.348 0 0 0 0 0
412.309 0 0 0 0 0
412.267 0 0 0 0 0
412.229 0 0 0 0 0
412.188 0 0 0 0 0
412.151 0 0 0 0 0
412.109 0 0 0 0 0
412.07 0 0 0 0 0
412.031 0 0 0 0 0
411.99 0 0 0 0 0
411.952 0 0 0 0 0
411.912 0 0 0 0 0
411.875 0 0 0 0 0
411.832 0 0 0 0 0
411.793 0 0 0 0 0
411.754 0 0 0 0 0
411.715 0 0 0 0 0
411.674 0 0 0 0 0
411.633 0 0 0 0 0
411.595 0 0 0 0 0
411.556 0 0 0 0 0
411.515 0 0 0 0 0
411.484 0 0 0 0 0
411.437 0 0 0 0 0
411.397 0 0 0 0 0
411.357 0 0 0 0 0
411.321 0 0 0 0 0
411.278 0 0 0 0 0
411.239 0 0 0 0 0
411.2 0 0 0 0 0
411.159 0 0 0 0 0
411.118 0 0 0 0 0
411.08 0 0 0 0 0
411.041 0 0 0 0 0
411.001 0 0 0 0 0
410.961 0 0 0 0 0
410.922 0 0 0 0 0
410.882 0 0 0 0 0
410.842 0 0 0 0 0
410.801 0 0 0 0 0
410.763 0 0 0 0 0
410.722 0 0 0 0 0
410.684 0 0 0 0 0
410.643 0 0 0 0 0
410.605 0 0 0 0 0
410.564 0 0 0 0 0
410.525 0 0 0 0 0
410.484 0 0 0 0 0
410.446 0 0 0 0 0
410.406 0 0 0 0 0
410.367 0 0 0 0 0
410.327 0 0 0 0 0
410.287 0 0 0 0 0
410.248 0 0 0 0 0
410.207 0 0 0 0 0
410.169 0 0 0 0 0
410.129 0 0 0 0 0
410.089 0 0 0 0 0
410.049 0 0 0 0 0
410.01 0 0 0 0 0
409.97 0 0 0 0 0
409.933 0 0 0 0 0
409.891 0 0 0 0 0
409.852 0 0 0 0 0
409.812 0 0 0 0 0
409.771 0 0 0 0 0
409.732 0 0 0 0 0
409.692 0 0 0 0 0
409.654 0 0 0 0 0
409.614 0 0 0 0 0
409.575 0 0 0 0 0
409.535 0 0 0 0 0
409.494 0 0 0 0 0
409.455 0 0 0 0 0
409.415 0 0 0 0 0
409.376 0 0 0 0 0
409.336 0 0 0 0 0
409.297 0 0 0 0 0
409.259 0 0 0 0 0
409.218 0 0 0 0 0
409.18 0 0 0 0 0
409.138 0 0 0 0 0
409.098 0 0 0 0 0
409.059 0 0 0 0 0
409.019 0 0 0 0 0
408.979 0 0 0 0 0
408.94 0 0 0 0 0
408.901 0 0 0 0 0
408.86 0 0 0 0 0
408.822 0 0 0 0 0
408.778 0 0 0 0 0
408.741 0 0 0 0 0
408.702 0 0 0 0 0
408.66 0 0 0 0 0
408.623 0 0 0 0 0
408.583 0 0 0 0 0
408.544 0 0 0 0 0
408.503 0 0 0 0 0
408.464 0 0 0 0 0
408.424 0 0 0 0 0
408.385 0 0 0 0 0
408.344 0 0 0 0 0
408.305 0 0 0 0 0
408.267 0 0 0 0 0
408.225 0 0 0 0 0
408.188 0 0 0 0 0
408.147 0 0 0 0 0
408.109 0 0 0 0 0
408.068 0 0 0 0 0
408.028 0 0 0 0 0
407.988 0 0 0 0 0
407.949 0 0 0 0 0
407.908 0 0 0 0 0
407.87 0 0 0 0 0
407.83 0 0 0 0 0
407.789 0 0 0 0 0
407.75 0 0 0 0 0
407.711 0 0 0 0 0
407.671 0 0 0 0 0
407.631 0 0 0 0 0
407.592 0 0 0 0 0
407.553 0 0 0 0 0
407.513 0 0 0 0 0
407.474 0 0 0 0 0
407.434 0 0 0 0 0
407.394 0 0 0 0 0
407.354 0 0 0 0 0
407.315 0 0 0 0 0
407.276 0 0 0 0 0
407.235 0 0 0 0 0
407.196 0 0 0 0 0
407.156 0 0 0 0 0
407.116 0 0 0 0 0
407.077 0 0 0 0 0
407.038 0 0 0 0 0
406.997 0 0 0 0 0
406.958 0 0 0 0 0
406.919 0 0 0 0 0
406.879 0 0 0 0 0
406.839 0 0 0 0 0
406.8 0 0 0 0 0
406.76 0 0 0 0 0
406.72 0 0 0 0 0
406.681 0 0 0 0 0
406.641 0 0 0 0 0
406.601 0 0 0 0 0
406.563 0 0 0 0 0
406.522 0 0 0 0 0
406.482 0 0 0 0 0
406.444 0 0 0 0 0
406.403 0 0 0 0 0
406.364 0 0 0 0 0
406.324 0 0 0 0 0
406.283 0 0 0 0 0
406.245 0 0 0 0 0
406.205 0 0 0 0 0
406.165 0 0 0 0 0
406.125 0 0 0 0 0
406.085 0 0 0 0 0
406.044 0 0 0 0 0
406.007 0 0 0 0 0
405.967 0 0 0 0 0
405.928 0 0 0 0 0
405.888 0 0 0 0 0
405.848 0 0 0 0 0
405.809 0 0 0 0 0
405.769 0 0 0 0 0
405.728 0 0 0 0 0
405.689 0 0 0 0 0
405.65 0 0 0 0 0
405.609 0 0 0 0 0
405.57 0 0 0 0 0
405.531 0 0 0 0 0
405.494 0 0 0 0 0
405.451 0 0 0 0 0
405.412 0 0 0 0 0
405.372 0 0 0 0 0
405.333 0 0 0 0 0
405.294 0 0 0 0 0
405.254 0 0 0 0 0
405.216 0 0 0 0 0
405.174 0 0 0 0 0
405.135 0 0 0 0 0
405.095 0 0 0 0 0
405.056 0 0 0 0 0
405.016 0 0 0 0 0
404.978 0 0 0 0 0
404.936 0 0 0 0 0
404.896 0 0 0 0 0
404.857 0 0 0 0 0
404.818 0 0 0 0 0
404.778 0 0 0 0 0
404.738 0 0 0 0 0
404.698 0 0 0 0 0
404.659 0 0 0 0 0
404.619 0 0 0 0 0
404.58 0 0 0 0 0
404.54 0 0 0 0 0
404.5 0 0 0 0 0
404.461 0 0 0 0 0
404.421 0 0 0 0 0
404.381 0 0 0 0 0
404.341 0 0 0 0 0
404.302 0 0 0 0 0
404.263 0 0 0 0 0
404.224 0 0 0 0 0
404.184 0 0 0 0 0
404.144 0 0 0 0 0
404.104 0 0 0 0 0
404.065 0 0 0 0 0
404.026 0 0 0 0 0
403.985 0 0 0 0 0
403.946 0 0 0 0 0
403.906 0 0 0 0 0
403.866 0 0 0 0 0
403.827 0 0 0 0 0
403.788 0 0 0 0 0
403.749 0 0 0 0 0
403.708 0 0 0 0 0
403.668 0 0 0 0 0
403.629 0 0 0 0 0
403.589 0 0 0 0 0
403.55 0 0 0 0 0
403.51 0 0 0 0 0
403.47 0 0 0 0 0
403.433 0 0 0 0 0
403.391 0 0 0 0 0
403.351 0 0 0 0 0
403.311 0 0 0 0 0
403.272 0 0 0 0 0
403.233 0 0 0 0 0
403.192 0 0 0 0 0
403.153 0 0 0 0 0
403.114 0 0 0 0 0
403.074 0 0 0 0 0
403.034 0 0 0 0 0
402.995 0 0 0 0 0
402.956 0 0 0 0 0
402.915 0 0 0 0 0
402.876 0 0 0 0 0
402.836 0 0 0 0 0
402.796 0 0 0 0 0
402.757 0 0 0 0 0
402.717 0 0 0 0 0
402.676 0 0 0 0 0
402.636 0 0 0 0 0
402.601 0 0 0 0 0
402.559 0 0 0 0 0
402.52 0 0 0 0 0
402.48 0 0 0 0 0
402.44 0 0 0 0 0
402.4 0 0 0 0 0
402.36 0 0 0 0 0
402.32 0 0 0 0 0
402.281 0 0 0 0 0
402.244 0 0 0 0 0
402.201 0 0 0 0 0
402.162 0 0 0 0 0
402.124 0 0 0 0 0
402.084 0 0 0 0 0
402.044 0 0 0 0 0
402.004 0 0 0 0 0
401.965 0 0 0 0 0
401.925 0 0 0 0 0
401.886 0 0 0 0 0
401.844 0 0 0 0 0
401.805 0 0 0 0 0
401.767 0 0 0 0 0
401.726 0 0 0 0 0
401.688 0 0 0 0 0
401.647 0 0 0 0 0
401.608 0 0 0 0 0
401.568 0 0 0 0 0
401.528 0 0 0 0 0
401.488 0 0 0 0 0
401.449 0 0 0 0 0
401.41 0 0 0 0 0
401.369 0 0 0 0 0
401.33 0 0 0 0 0
401.291 0 0 0 0 0
401.251 0 0 0 0 0
401.212 0 0 0 0 0
401.171 0 0 0 0 0
401.13 0 0 0 0 0
401.092 0 0 0 0 0
401.053 0 0 0 0 0
401.012 0 0 0 0 0
400.974 0 0 0 0 0
400.935 0 0 0 0 0
400.894 0 0 0 0 0
400.855 0 0 0 0 0
400.815 0 0 0 0 0
400.775 0 0 0 0 0
400.735 0 0 0 0 0
400.695 0 0 0 0 0
400.656 0 0 0 0 0
400.615 0 0 0 0 0
400.58 0 0 0 0 0
400.537 0 0 0 0 0
400.498 0 0 0 0 0
400.458 0 0 0 0 0
400.418 0 0 0 0 0
400.38 0 0 0 0 0
400.339 0 0 0 0 0
400.298 0 0 0 0 0
400.259 0 0 0 0 0
400.218 0 0 0 0 0
400.18 0 0 0 0 0
400.142 0 0 0 0 0
400.103 0 0 0 0 0
400.063 0 0 0 0 0
400.022 0 0 0 0 0
399.982 0 0 0 0 0
399.942 0 0 0 0 0
399.902 0 0 0 0 0
399.864 0 0 0 0 0
399.824 0 0 0 0 0
399.785 0 0 0 0 0
399.744 0 0 0 0 0
399.706 0 0 0 0 0
399.665 0 0 0 0 0
399.625 0 0 0 0 0
399.587 0 0 0 0 0
399.546 0 0 0 0 0
399.506 0 0 0 0 0
399.466 0 0 0 0 0
399.426 0 0 0 0 0
399.388 0 0 0 0 0
399.348 0 0 0 0 0
399.309 0 0 0 0 0
399.268 0 0 0 0 0
399.229 0 0 0 0 0
399.19 0 0 0 0 0
399.151 0 0 0 0 0
399.11 0 0 0 0 0
399.073 0 0 0 0 0
399.031 0 0 0 0 0
398.992 0 0 0 0 0
398.952 0 0 0 0 0
398.913 0 0 0 0 0
398.872 0 0 0 0 0
398.834 0 0 0 0 0
398.794 0 0 0 0 0
398.754 0 0 0 0 0
398.715 0 0 0 0 0
398.675 0 0 0 0 0
398.635 0 0 0 0 0
398.595 0 0 0 0 0
398.555 0 0 0 0 0
398.517 0 0 0 0 0
398.476 0 0 0 0 0
398.437 0 0 0 0 0
398.397 0 0 0 0 0
398.358 0 0 0 0 0
398.318 0 0 0 0 0
398.278 0 0 0 0 0
398.238 0 0 0 0 0
398.2 0 0 0 0 0
398.159 0 0 0 0 0
398.12 0 0 0 0 0
398.08 0 0 0 0 0
398.041 0 0 0 0 0
398.001 0 0 0 0 0
397.956 0 0 0 0 0
397.922 0 0 0 0 0
397.882 0 0 0 0 0
397.842 0 0 0 0 0
397.801 0 0 0 0 0
397.765 0 0 0 0 0
397.723 0 0 0 0 0
397.684 0 0 0 0 0
397.644 0 0 0 0 0
397.604 0 0 0 0 0
397.564 0 0 0 0 0
397.522 0 0 0 0 0
397.485 0 0 0 0 0
397.446 0 0 0 0 0
397.407 0 0 0 0 0
397.366 0 0 0 0 0
397.327 0 0 0 0 0
397.287 0 0 0 0 0
397.247 0 0 0 0 0
397.209 0 0 0 0 0
397.169 0 0 0 0 0
397.13 0 0 0 0 0
397.088 0 0 0 0 0
397.049 0 0 0 0 0
397.01 0 0 0 0 0
396.97 0 0 0 0 0
396.93 0 0 0 0 0
396.891 0 0 0 0 0
396.851 0 0 0 0 0
396.808 0 0 0 0 0
396.772 0 0 0 0 0
396.733 0 0 0 0 0
396.693 0 0 0 0 0
396.653 0 0 0 0 0
396.613 0 0 0 0 0
396.573 0 0 0 0 0
396.534 0 0 0 0 0
396.494 0 0 0 0 0
396.455 0 0 0 0 0
396.415 0 0 0 0 0
396.377 0 0 0 0 0
396.337 0 0 0 0 0
396.295 0 0 0 0 0
396.255 0 0 0 0 0
396.216 0 0 0 0 0
396.176 0 0 0 0 0
396.137 0 0 0 0 0
396.099 0 0 0 0 0
396.061 0 0 0 0 0
396.019 0 0 0 0 0
395.98 0 0 0 0 0
395.94 0 0 0 0 0
395.901 0 0 0 0 0
395.861 0 0 0 0 0
395.82 0 0 0 0 0
395.78 0 0 0 0 0
395.741 0 0 0 0 0
395.702 0 0 0 0 0
395.662 0 0 0 0 0
395.623 0 0 0 0 0
395.583 0 0 0 0 0
395.542 0 0 0 0 0
395.504 0 0 0 0 0
395.464 0 0 0 0 0
395.425 0 0 0 0 0
395.384 0 0 0 0 0
395.346 0 0 0 0 0
395.306 0 0 0 0 0
395.266 0 0 0 0 0
395.226 0 0 0 0 0
395.187 0 0 0 0 0
395.147 0 0 0 0 0
395.108 0 0 0 0 0
395.068 0 0 0 0 0
395.027 0 0 0 0 0
394.988 0 0 0 0 0
394.948 0 0 0 0 0
394.909 0 0 0 0 0
394.869 0 0 0 0 0
394.83 0 0 0 0 0
394.791 0 0 0 0 0
394.75 0 0 0 0 0
394.712 0 0 0 0 0
394.67 0 0 0 0 0
394.632 0 0 0 0 0
394.592 0 0 0 0 0
394.552 0 0 0 0 0
394.513 0 0 0 0 0
394.474 0 0 0 0 0
394.436 0 0 0 0 0
394.393 0 0 0 0 0
394.355 0 0 0 0 0
394.313 0 0 0 0 0
394.275 0 0 0 0 0
394.235 0 0 0 0 0
394.197 0 0 0 0 0
394.157 0 0 0 0 0
394.117 0 0 0 0 0
394.075 0 0 0 0 0
394.039 0 0 0 0 0
393.998 0 0 0 0 0
393.957 0 0 0 0 0
393.92 0 0 0 0 0
393.879 0 0 0 0 0
393.838 0 0 0 0 0
393.799 0 0 0 0 0
393.759 0 0 0 0 0
393.718 0 0 0 0 0
393.679 0 0 0 0 0
393.64 0 0 0 0 0
393.601 0 0 0 0 0
393.562 0 0 0 0 0
393.522 0 0 0 0 0
393.483 0 0 0 0 0
393.443 0 0 0 0 0
393.403 0 0 0 0 0
393.363 0 0 0 0 0
393.323 0 0 0 0 0
393.284 0 0 0 0 0
393.244 0 0 0 0 0
393.204 0 0 0 0 0
393.165 0 0 0 0 0
393.125 0 0 0 0 0
393.085 0 0 0 0 0
393.045 0 0 0 0 0
393.008 0 0 0 0 0
392.969 0 0 0 0 0
392.928 0 0 0 0 0
392.887 0 0 0 0 0
392.848 0 0 0 0 0
392.809 0 0 0 0 0
392.769 0 0 0 0 0
392.729 0 0 0 0 0
392.688 0 0 0 0 0
392.65 0 0 0 0 0
392.61 0 0 0 0 0
392.571 0 0 0 0 0
392.531 0 0 0 0 0
392.492 0 0 0 0 0
392.452 0 0 0 0 0
392.416 0 0 0 0 0
392.372 0 0 0 0 0
392.331 0 0 0 0 0
392.293 0 0 0 0 0
392.254 0 0 0 0 0
392.213 0 0 0 0 0
392.174 0 0 0 0 0
392.134 0 0 0 0 0
392.094 0 0 0 0 0
392.055 0 0 0 0 0
392.015 0 0 0 0 0
391.976 0 0 0 0 0
391.936 0 0 0 0 0
391.897 0 0 0 0 0
391.857 0 0 0 0 0
391.817 0 0 0 0 0
391.779 0 0 0 0 0
391.739 0 0 0 0 0
391.698 0 0 0 0 0
391.659 0 0 0 0 0
391.621 0 0 0 0 0
391.579 0 0 0 0 0
391.54 0 0 0 0 0
391.5 0 0 0 0 0
391.461 0 0 0 0 0
391.421 0 0 0 0 0
391.383 0 0 0 0 0
391.342 0 0 0 0 0
391.302 0 0 0 0 0
391.264 0 0 0 0 0
391.222 0 0 0 0 0
391.184 0 0 0 0 0
391.144 0 0 0 0 0
391.104 0 0 0 0 0
391.064 0 0 0 0 0
391.025 0 0 0 0 0
390.986 0 0 0 0 0
390.945 0 0 0 0 0
390.904 0 0 0 0 0
390.866 0 0 0 0 0
390.826 0 0 0 0 0
390.787 0 0 0 0 0
390.748 0 0 0 0 0
390.707 0 0 0 0 0
390.668 0 0 0 0 0
390.628 0 0 0 0 0
390.589 0 0 0 0 0
390.55 0 0 0 0 0
390.509 0 0 0 0 0
390.471 0 0 0 0 0
390.431 0 0 0 0 0
390.39 0 0 0 0 0
390.35 0 0 0 0 0
390.314 0 0 0 0 0
390.272 0 0 0 0 0
390.232 0 0 0 0 0
390.194 0 0 0 0 0
390.152 0 0 0 0 0
390.113 0 0 0 0 0
390.073 0 0 0 0 0
390.034 0 0 0 0 0
389.994 0 0 0 0 0
389.953 0 0 0 0 0
389.913 0 0 0 0 0
389.875 0 0 0 0 0
389.834 0 0 0 0 0
389.796 0 0 0 0 0
389.757 0 0 0 0 0
389.718 0 0 0 0 0
389.677 0 0 0 0 0
389.639 0 0 0 0 0
389.597 0 0 0 0 0
389.559 0 0 0 0 0
389.523 0 0 0 0 0
389.481 0 0 0 0 0
389.44 0 0 0 0 0
389.398 0 0 0 0 0
389.36 0 0 0 0 0
389.319 0 0 0 0 0
389.281 0 0 0 0 0
389.241 0 0 0 0 0
389.201 0 0 0 0 0
389.162 0 0 0 0 0
389.124 0 0 0 0 0
389.083 0 0 0 0 0
389.042 0 0 0 0 0
389.002 0 0 0 0 0
388.964 0 0 0 0 0
388.924 0 0 0 0 0
388.884 0 0 0 0 0
388.844 0 0 0 0 0
388.806 0 0 0 0 0
388.766 0 0 0 0 0
388.725 0 0 0 0 0
388.685 0 0 0 0 0
388.646 0 0 0 0 0
388.607 0 0 0 0 0
388.567 0 0 0 0 0
388.527 0 0 0 0 0
388.489 0 0 0 0 0
388.448 0 0 0 0 0
388.407 0 0 0 0 0
388.369 0 0 0 0 0
388.329 0 0 0 0 0
388.29 0 0 0 0 0
388.25 0 0 0 0 0
388.21 0 0 0 0 0
388.171 0 0 0 0 0
388.131 0 0 0 0 0
388.092 0 0 0 0 0
388.052 0 0 0 0 0
388.011 0 0 0 0 0
387.972 0 0 0 0 0
387.933 0 0 0 0 0
387.892 0 0 0 0 0
387.854 0 0 0 0 0
387.815 0 0 0 0 0
387.775 0 0 0 0 0
387.734 0 0 0 0 0
387.695 0 0 0 0 0
387.655 0 0 0 0 0
387.619 0 0 0 0 0
387.576 0 0 0 0 0
387.536 0 0 0 0 0
387.498 0 0 0 0 0
387.457 0 0 0 0 0
387.418 0 0 0 0 0
387.379 0 0 0 0 0
387.34 0 0 0 0 0
387.299 0 0 0 0 0
387.258 0 0 0 0 0
387.218 0 0 0 0 0
387.177 0 0 0 0 0
387.143 0 0 0 0 0
387.101 0 0 0 0 0
387.061 0 0 0 0 0
387.021 0 0 0 0 0
386.982 0 0 0 0 0
386.942 0 0 0 0 0
386.905 0 0 0 0 0
386.863 0 0 0 0 0
386.824 0 0 0 0 0
386.785 0 0 0 0 0
386.744 0 0 0 0 0
386.704 0 0 0 0 0
386.664 0 0 0 0 0
386.624 0 0 0 0 0
386.585 0 0 0 0 0
386.547 0 0 0 0 0
386.505 0 0 0 0 0
386.468 0 0 0 0 0
386.427 0 0 0 0 0
386.385 0 0 0 0 0
386.347 0 0 0 0 0
386.309 0 0 0 0 0
386.268 0 0 0 0 0
386.229 0 0 0 0 0
386.189 0 0 0 0 0
386.15 0 0 0 0 0
386.11 0 0 0 0 0
386.071 0 0 0 0 0
386.033 0 0 0 0 0
385.992 0 0 0 0 0
385.951 0 0 0 0 0
385.912 0 0 0 0 0
385.872 0 0 0 0 0
385.831 0 0 0 0 0
385.793 0 0 0 0 0
385.753 0 0 0 0 0
385.71 0 0 0 0 0
385.674 0 0 0 0 0
385.635 0 0 0 0 0
385.597 0 0 0 0 0
385.556 0 0 0 0 0
385.515 0 0 0 0 0
385.476 0 0 0 0 0
385.437 0 0 0 0 0
385.396 0 0 0 0 0
385.356 0 0 0 0 0
385.319 0 0 0 0 0
385.277 0 0 0 0 0
385.238 0 0 0 0 0
385.198 0 0 0 0 0
385.159 0 0 0 0 0
385.12 0 0 0 0 0
385.08 0 0 0 0 0
385.039 0 0 0 0 0
384.999 0 0 0 0 0
384.962 0 0 0 0 0
384.919 0 0 0 0 0
384.882 0 0 0 0 0
384.841 0 0 0 0 0
384.802 0 0 0 0 0
384.762 0 0 0 0 0
384.723 0 0 0 0 0
384.683 0 0 0 0 0
384.645 0 0 0 0 0
384.602 0 0 0 0 0
384.565 0 0 0 0 0
384.525 0 0 0 0 0
384.486 0 0 0 0 0
384.446 0 0 0 0 0
384.406 0 0 0 0 0
384.365 0 0 0 0 0
384.326 0 0 0 0 0
384.288 0 0 0 0 0
384.247 0 0 0 0 0
384.206 0 0 0 0 0
384.169 0 0 0 0 0
384.128 0 0 0 0 0
384.089 0 0 0 0 0
384.049 0 0 0 0 0
384.009 0 0 0 0 0
383.97 0 0 0 0 0
383.93 0 0 0 0 0
383.891 0 0 0 0 0
383.85 0 0 0 0 0
383.813 0 0 0 0 0
383.77 0 0 0 0 0
383.732 0 0 0 0 0
383.692 0 0 0 0 0
383.652 0 0 0 0 0
383.613 0 0 0 0 0
383.573 0 0 0 0 0
383.532 0 0 0 0 0
383.499 0 0 0 0 0
383.455 0 0 0 0 0
383.416 0 0 0 0 0
383.374 0 0 0 0 0
383.336 0 0 0 0 0
383.295 0 0 0 0 0
383.257 0 0 0 0 0
383.217 0 0 0 0 0
383.177 0 0 0 0 0
383.137 0 0 0 0 0
383.096 0 0 0 0 0
383.059 0 0 0 0 0
383.018 0 0 0 0 0
382.979 0 0 0 0 0
382.939 0 0 0 0 0
382.899 0 0 0 0 0
382.859 0 0 0 0 0
382.82 0 0 0 0 0
382.781 0 0 0 0 0
382.741 0 0 0 0 0
382.703 0 0 0 0 0
382.662 0 0 0 0 0
382.622 0 0 0 0 0
382.582 0 0 0 0 0
382.543 0 0 0 0 0
382.504 0 0 0 0 0
382.464 0 0 0 0 0
382.426 0 0 0 0 0
382.385 0 0 0 0 0
382.344 0 0 0 0 0
382.304 0 0 0 0 0
382.268 0 0 0 0 0
382.226 0 0 0 0 0
382.186 0 0 0 0 0
382.146 0 0 0 0 0
382.107 0 0 0 0 0
382.067 0 0 0 0 0
382.027 0 0 0 0 0
381.988 0 0 0 0 0
381.949 0 0 0 0 0
381.908 0 0 0 0 0
381.867 0 0 0 0 0
381.831 0 0 0 0 0
381.79 0 0 0 0 0
381.75 0 0 0 0 0
381.711 0 0 0 0 0
381.671 0 0 0 0 0
381.631 0 0 0 0 0
381.591 0 0 0 0 0
381.552 0 0 0 0 0
381.513 0 0 0 0 0
381.473 0 0 0 0 0
381.433 0 0 0 0 0
381.394 0 0 0 0 0
381.352 0 0 0 0 0
381.314 0 0 0 0 0
381.276 0 0 0 0 0
381.235 0 0 0 0 0
381.195 0 0 0 0 0
381.156 0 0 0 0 0
381.116 0 0 0 0 0
381.076 0 0 0 0 0
381.036 0 0 0 0 0
380.995 0 0 0 0 0
380.956 0 0 0 0 0
380.917 0 0 0 0 0
380.878 0 0 0 0 0
380.838 0 0 0 0 0
380.8 0 0 0 0 0
380.759 0 0 0 0 0
380.719 0 0 0 0 0
380.679 0 0 0 0 0
380.641 0 0 0 0 0
380.6 0 0 0 0 0
380.56 0 0 0 0 0
380.521 0 0 0 0 0
380.481 0 0 0 0 0
380.442 0 0 0 0 0
380.402 0 0 0 0 0
380.36 0 0 0 0 0
380.324 0 0 0 0 0
380.284 0 0 0 0 0
380.243 0 0 0 0 0
380.204 0 0 0 0 0
380.165 0 0 0 0 0
380.123 0 0 0 0 0
380.086 0 0 0 0 0
380.046 0 0 0 0 0
380.005 0 0 0 0 0
379.966 0 0 0 0 0
379.927 0 0 0 0 0
379.887 0 0 0 0 0
379.849 0 0 0 0 0
379.809 0 0 0 0 0
379.768 0 0 0 0 0
379.728 0 0 0 0 0
379.689 0 0 0 0 0
379.649 0 0 0 0 0
379.609 0 0 0 0 0
379.569 0 0 0 0 0
379.53 0 0 0 0 0
379.491 0 0 0 0 0
379.45 0 0 0 0 0
379.411 0 0 0 0 0
379.375 0 0 0 0 0
379.331 0 0 0 0 0
379.292 0 0 0 0 0
379.253 0 0 0 0 0
379.213 0 0 0 0 0
379.173 0 0 0 0 0
379.134 0 0 0 0 0
379.093 0 0 0 0 0
379.056 0 0 0 0 0
379.017 0 0 0 0 0
378.976 0 0 0 0 0
378.935 0 0 0 0 0
378.899 0 0 0 0 0
378.856 0 0 0 0 0
378.818 0 0 0 0 0
378.777 0 0 0 0 0
378.736 0 0 0 0 0
378.697 0 0 0 0 0
378.658 0 0 0 0 0
378.619 0 0 0 0 0
378.579 0 0 0 0 0
378.539 0 0 0 0 0
378.5 0 0 0 0 0
378.459 0 0 0 0 0
378.422 0 0 0 0 0
378.381 0 0 0 0 0
378.342 0 0 0 0 0
378.301 0 0 0 0 0
378.262 0 0 0 0 0
378.223 0 0 0 0 0
378.184 0 0 0 0 0
378.144 0 0 0 0 0
378.102 0 0 0 0 0
378.064 0 0 0 0 0
378.024 0 0 0 0 0
377.985 0 0 0 0 0
377.944 0 0 0 0 0
377.905 0 0 0 0 0
377.866 0 0 0 0 0
377.825 0 0 0 0 0
377.787 0 0 0 0 0
377.745 0 0 0 0 0
377.708 0 0 0 0 0
377.666 0 0 0 0 0
377.628 0 0 0 0 0
377.588 0 0 0 0 0
377.548 0 0 0 0 0
377.508 0 0 0 0 0
377.469 0 0 0 0 0
377.43 0 0 0 0 0
377.39 0 0 0 0 0
377.35 0 0 0 0 0
377.311 0 0 0 0 0
377.272 0 0 0 0 0
377.232 0 0 0 0 0
377.192 0 0 0 0 0
377.154 0 0 0 0 0
377.114 0 0 0 0 0
377.072 0 0 0 0 0
377.033 0 0 0 0 0
376.993 0 0 0 0 0
376.955 0 0 0 0 0
376.916 0 0 0 0 0
376.876 0 0 0 0 0
376.835 0 0 0 0 0
376.796 0 0 0 0 0
376.757 0 0 0 0 0
376.718 0 0 0 0 0
376.677 0 0 0 0 0
376.637 0 0 0 0 0
376.598 0 0 0 0 0
376.558 0 0 0 0 0
376.519 0 0 0 0 0
376.479 0 0 0 0 0
376.44 0 0 0 0 0
376.4 0 0 0 0 0
376.359 0 0 0 0 0
376.32 0 0 0 0 0
376.281 0 0 0 0 0
376.24 0 0 0 0 0
376.197 0 0 0 0 0
376.162 0 0 0 0 0
376.12 0 0 0 0 0
376.082 0 0 0 0 0
376.042 0 0 0 0 0
376.003 0 0 0 0 0
375.964 0 0 0 0 0
375.924 0 0 0 0 0
375.884 0 0 0 0 0
375.844 0 0 0 0 0
375.805 0 0 0 0 0
375.765 0 0 0 0 0
375.721 0 0 0 0 0
375.684 0 0 0 0 0
375.644 0 0 0 0 0
375.606 0 0 0 0 0
375.568 0 0 0 0 0
375.527 0 0 0 0 0
375.487 0 0 0 0 0
375.449 0 0 0 0 0
375.409 0 0 0 0 0
375.369 0 0 0 0 0
375.329 0 0 0 0 0
375.29 0 0 0 0 0
375.25 0 0 0 0 0
375.21 0 0 0 0 0
375.17 0 0 0 0 0
375.13 0 0 0 0 0
375.09 0 0 0 0 0
375.051 0 0 0 0 0
375.011 0 0 0 0 0
374.973 0 0 0 0 0
374.931 0 0 0 0 0
374.892 0 0 0 0 0
374.853 0 0 0 0 0
374.813 0 0 0 0 0
374.776 0 0 0 0 0
374.734 0 0 0 0 0
374.694 0 0 0 0 0
374.655 0 0 0 0 0
374.617 0 0 0 0 0
374.576 0 0 0 0 0
374.538 0 0 0 0 0
374.498 0 0 0 0 0
374.46 0 0 0 0 0
374.417 0 0 0 0 0
374.376 0 0 0 0 0
374.338 0 0 0 0 0
374.299 0 0 0 0 0
374.258 0 0 0 0 0
374.218 0 0 0 0 0
374.179 0 0 0 0 0
374.139 0 0 0 0 0
374.1 0 0 0 0 0
374.059 0 0 0 0 0
374.023 0 0 0 0 0
373.981 0 0 0 0 0
373.941 0 0 0 0 0
373.901 0 0 0 0 0
373.862 0 0 0 0 0
373.821 0 0 0 0 0
373.781 0 0 0 0 0
373.745 0 0 0 0 0
373.703 0 0 0 0 0
373.664 0 0 0 0 0
373.625 0 0 0 0 0
373.585 0 0 0 0 0
373.546 0 0 0 0 0
373.506 0 0 0 0 0
373.466 0 0 0 0 0
373.426 0 0 0 0 0
373.385 0 0 0 0 0
373.347 0 0 0 0 0
373.307 0 0 0 0 0
373.268 0 0 0 0 0
373.229 0 0 0 0 0
373.191 0 0 0 0 0
373.147 0 0 0 0 0
373.109 0 0 0 0 0
373.07 0 0 0 0 0
373.031 0 0 0 0 0
