0.2 3.01376e-11
0.4 1.16931e-13
0.6 -4.14895e-13
0.8 -6.72402e-13
1 -6.54407e-13
0.76071 2.13675e-05
1.52169 4.2735e-05
2.28283 6.41026e-05
3.04348 8.54701e-05
3.80435 0.000106838
4.56529 0.000128205
5.32608 0.000149573
6.08699 0.00017094
6.84784 0.000192308
7.60872 0.000213675
8.36958 0.000235043
9.1305 0.00025641
9.89129 0.000277778
10.6522 0.000299145
11.413 0.000320513
12.1739 0.00034188
12.9348 0.000363248
13.6956 0.000384615
14.4566 0.000405983
15.2174 0.00042735
15.9782 0.000448718
16.7392 0.000470085
17.5 0.000491453
18.2609 0.000512821
19.0218 0.000534188
19.7826 0.000555556
20.5435 0.000576923
21.3044 0.000598291
22.0653 0.000619658
22.8262 0.000641026
23.587 0.000662393
24.3479 0.000683761
25.1089 0.000705128
25.8695 0.000726496
26.6305 0.000747863
27.3913 0.000769231
28.1523 0.000790598
28.9129 0.000811966
29.674 0.000833333
30.4348 0.000854701
31.1957 0.000876068
31.9566 0.000897436
32.7175 0.000918803
33.4783 0.000940171
34.2392 0.000961538
35 0.000982906
35.7609 0.00100427
36.5218 0.00102564
37.2827 0.00104701
38.0435 0.00106838
38.8044 0.00108974
39.5653 0.00111111
40.3262 0.00113248
41.087 0.00115385
41.8479 0.00117521
42.6089 0.00119658
43.3696 0.00121795
44.1306 0.00123932
44.8914 0.00126068
45.6523 0.00128205
46.4131 0.00130342
47.1741 0.00132479
47.935 0.00134615
48.6957 0.00136752
49.4566 0.00138889
50.2176 0.00141026
50.9784 0.00143162
51.7392 0.00145299
52.5 0.00147436
53.2614 0.00149573
54.0217 0.00151709
54.7827 0.00153846
55.5436 0.00155983
56.3045 0.0015812
57.0653 0.00160256
57.8262 0.00162393
58.5871 0.0016453
59.3478 0.00166667
60.1088 0.00168803
60.8697 0.0017094
61.6305 0.00173077
62.3914 0.00175214
63.1523 0.0017735
63.9132 0.00179487
64.674 0.00181624
65.4351 0.00183761
66.1958 0.00185897
66.9567 0.00188034
67.7175 0.00190171
68.4784 0.00192308
69.2393 0.00194444
70.0001 0.00196581
70.761 0.00198718
71.5219 0.00200855
72.2827 0.00202991
73.0436 0.00205128
73.8045 0.00207265
74.5654 0.00209402
75.3262 0.00211538
76.0871 0.00213675
76.848 0.00215812
77.6087 0.00217949
78.3697 0.00220085
79.1307 0.00222222
79.8914 0.00224359
80.6524 0.00226496
81.4133 0.00228632
82.1741 0.00230769
82.9349 0.00232906
83.6958 0.00235043
84.4567 0.00237179
85.2176 0.00239316
85.9785 0.00241453
86.7393 0.0024359
87.5002 0.00245726
88.261 0.00247863
89.0219 0.0025
89.7828 0.00252137
90.5437 0.00254274
91.3045 0.0025641
92.0655 0.00258547
92.8263 0.00260684
93.5871 0.00262821
94.3481 0.00264957
95.1089 0.00267094
95.8697 0.00269231
96.6307 0.00271368
97.3916 0.00273504
98.1524 0.00275641
98.9133 0.00277778
99.674 0.00279915
100.435 0.00282051
101.196 0.00284188
101.957 0.00286325
102.718 0.00288462
103.478 0.00290598
104.239 0.00292735
105 0.00294872
105.761 0.00297009
106.522 0.00299145
107.283 0.00301282
108.044 0.00303419
108.805 0.00305556
109.565 0.00307692
110.326 0.00309829
111.087 0.00311966
111.848 0.00314103
112.609 0.00316239
113.37 0.00318376
114.131 0.00320513
114.892 0.0032265
115.652 0.00324786
116.413 0.00326923
117.174 0.0032906
117.935 0.00331197
118.696 0.00333333
119.457 0.0033547
120.218 0.00337607
120.978 0.00339744
121.739 0.0034188
122.5 0.00344017
123.261 0.00346154
124.022 0.00348291
124.783 0.00350427
125.544 0.00352564
126.305 0.00354701
127.065 0.00356838
127.826 0.00358974
128.587 0.00361111
129.348 0.00363248
130.109 0.00365385
130.87 0.00367521
131.631 0.00369658
132.392 0.00371795
133.153 0.00373932
133.913 0.00376068
134.674 0.00378205
135.435 0.00380342
136.196 0.00382479
136.957 0.00384615
137.718 0.00386752
138.479 0.00388889
139.239 0.00391026
140 0.00393162
140.761 0.00395299
141.522 0.00397436
142.283 0.00399573
143.044 0.00401709
143.805 0.00403846
144.566 0.00405983
145.326 0.0040812
146.087 0.00410256
146.848 0.00412393
147.609 0.0041453
148.37 0.00416667
149.131 0.00418803
149.892 0.0042094
150.652 0.00423077
151.413 0.00425214
152.174 0.0042735
152.935 0.00429487
153.696 0.00431624
154.457 0.00433761
155.218 0.00435897
155.978 0.00438034
156.739 0.00440171
157.5 0.00442308
158.261 0.00444444
159.022 0.00446581
159.783 0.00448718
160.544 0.00450855
161.305 0.00452991
162.066 0.00455128
162.826 0.00457265
163.587 0.00459402
164.348 0.00461538
165.109 0.00463675
165.87 0.00465812
166.631 0.00467949
167.392 0.00470085
168.152 0.00472222
168.913 0.00474359
169.674 0.00476496
170.435 0.00478632
171.196 0.00480769
171.957 0.00482906
172.718 0.00485043
173.479 0.00487179
174.239 0.00489316
175 0.00491453
175.761 0.0049359
176.522 0.00495726
177.283 0.00497863
178.044 0.005
178.805 0.00502137
179.565 0.00504274
180.326 0.0050641
181.087 0.00508547
181.848 0.00510684
182.609 0.00512821
183.37 0.00514957
184.131 0.00517094
184.892 0.00519231
185.653 0.00521368
186.413 0.00523504
187.174 0.00525641
187.935 0.00527778
188.696 0.00529915
189.457 0.00532051
190.218 0.00534188
190.979 0.00536325
191.74 0.00538462
192.5 0.00540598
193.261 0.00542735
194.022 0.00544872
194.783 0.00547009
195.544 0.00549145
196.305 0.00551282
197.066 0.00553419
197.826 0.00555556
198.587 0.00557692
199.348 0.00559829
200.109 0.00561966
200.87 0.00564103
201.631 0.00566239
202.392 0.00568376
203.153 0.00570513
203.913 0.0057265
204.674 0.00574786
205.435 0.00576923
206.196 0.0057906
206.957 0.00581197
207.718 0.00583333
208.479 0.0058547
209.24 0.00587607
210 0.00589744
210.761 0.0059188
211.522 0.00594017
212.283 0.00596154
213.044 0.00598291
213.805 0.00600427
214.566 0.00602564
215.327 0.00604701
216.087 0.00606838
216.848 0.00608974
217.609 0.00611111
218.37 0.00613248
219.131 0.00615385
219.892 0.00617521
220.653 0.00619658
221.413 0.00621795
222.174 0.00623932
222.935 0.00626068
223.696 0.00628205
224.457 0.00630342
225.218 0.00632479
225.979 0.00634615
226.739 0.00636752
227.5 0.00638889
228.261 0.00641026
229.022 0.00643162
229.783 0.00645299
230.544 0.00647436
231.305 0.00649573
232.066 0.00651709
232.826 0.00653846
233.587 0.00655983
234.348 0.0065812
235.109 0.00660256
235.87 0.00662393
236.631 0.0066453
237.392 0.00666667
238.153 0.00668803
238.913 0.0067094
239.674 0.00673077
240.435 0.00675214
241.196 0.0067735
241.957 0.00679487
242.718 0.00681624
243.479 0.00683761
244.24 0.00685897
245 0.00688034
245.761 0.00690171
246.522 0.00692308
247.283 0.00694444
248.044 0.00696581
248.805 0.00698718
249.566 0.00700855
250.327 0.00702991
251.087 0.00705128
251.848 0.00707265
252.609 0.00709402
253.37 0.00711538
254.131 0.00713675
254.892 0.00715812
255.653 0.00717949
256.414 0.00720085
257.174 0.00722222
257.935 0.00724359
258.696 0.00726496
259.457 0.00728632
260.218 0.00730769
260.979 0.00732906
261.74 0.00735043
262.501 0.00737179
263.261 0.00739316
264.022 0.00741453
264.783 0.0074359
265.544 0.00745726
266.305 0.00747863
267.066 0.0075
267.827 0.00752137
268.588 0.00754274
269.348 0.0075641
270.109 0.00758547
270.87 0.00760684
271.631 0.00762821
272.392 0.00764957
273.153 0.00767094
273.914 0.00769231
274.674 0.00771368
275.435 0.00773504
276.196 0.00775641
276.957 0.00777778
277.718 0.00779915
278.479 0.00782051
279.24 0.00784188
280.001 0.00786325
280.762 0.00788462
281.522 0.00790598
282.283 0.00792735
283.044 0.00794872
283.805 0.00797009
284.566 0.00799145
285.327 0.00801282
286.056 0.00803419
286.783 0.00805556
287.468 0.00807692
288.119 0.00809829
288.751 0.00811966
289.36 0.00814103
289.968 0.00816239
290.577 0.00818376
291.185 0.00820513
291.793 0.0082265
292.393 0.00824786
292.96 0.00826923
293.499 0.0082906
294.038 0.00831197
294.577 0.00833333
295.116 0.0083547
295.656 0.00837607
296.195 0.00839744
296.734 0.0084188
297.273 0.00844017
297.813 0.00846154
298.352 0.00848291
298.891 0.00850427
299.43 0.00852564
299.969 0.00854701
300.508 0.00856838
301.048 0.00858974
301.587 0.00861111
302.126 0.00863248
302.665 0.00865385
303.204 0.00867521
303.743 0.00869658
304.283 0.00871795
304.822 0.00873932
305.361 0.00876068
305.9 0.00878205
306.439 0.00880342
306.978 0.00882479
307.518 0.00884615
308.057 0.00886752
308.596 0.00888889
309.135 0.00891026
309.674 0.00893162
310.214 0.00895299
310.753 0.00897436
311.292 0.00899573
311.831 0.00901709
312.37 0.00903846
312.91 0.00905983
313.449 0.0090812
313.988 0.00910256
314.527 0.00912393
315.066 0.0091453
315.605 0.00916667
316.145 0.00918803
316.684 0.0092094
317.223 0.00923077
317.762 0.00925214
318.301 0.0092735
318.84 0.00929487
319.38 0.00931624
319.919 0.00933761
320.458 0.00935897
320.997 0.00938034
321.536 0.00940171
322.075 0.00942308
322.615 0.00944444
323.154 0.00946581
323.693 0.00948718
324.232 0.00950855
324.771 0.00952991
325.31 0.00955128
325.85 0.00957265
326.389 0.00959402
326.928 0.00961538
327.467 0.00963675
328.006 0.00965812
328.545 0.00967949
329.085 0.00970085
329.624 0.00972222
330.163 0.00974359
330.702 0.00976496
331.241 0.00978632
331.781 0.00980769
332.319 0.00982906
332.859 0.00985043
333.398 0.00987179
333.937 0.00989316
334.476 0.00991453
335.016 0.0099359
335.555 0.00995726
336.094 0.00997863
336.633 0.01
337.172 0.0100214
337.697 0.0100427
338.222 0.0100641
338.746 0.0100855
339.271 0.0101068
339.795 0.0101282
340.32 0.0101496
340.845 0.0101709
341.369 0.0101923
341.894 0.0102137
342.418 0.010235
342.943 0.0102564
343.468 0.0102778
343.992 0.0102991
344.517 0.0103205
345.041 0.0103419
345.566 0.0103632
346.091 0.0103846
346.615 0.010406
347.14 0.0104274
347.664 0.0104487
348.189 0.0104701
348.714 0.0104915
349.238 0.0105128
349.763 0.0105342
350.287 0.0105556
350.812 0.0105769
351.336 0.0105983
351.861 0.0106197
352.386 0.010641
352.91 0.0106624
353.435 0.0106838
353.96 0.0107051
354.484 0.0107265
354.994 0.0107479
355.484 0.0107692
355.975 0.0107906
356.466 0.010812
356.955 0.0108333
357.446 0.0108547
357.936 0.0108761
358.426 0.0108974
358.917 0.0109188
359.407 0.0109402
359.897 0.0109615
360.387 0.0109829
360.878 0.0110043
361.368 0.0110256
361.859 0.011047
362.349 0.0110684
362.839 0.0110897
363.329 0.0111111
363.82 0.0111325
364.297 0.0111538
364.772 0.0111752
365.247 0.0111966
365.722 0.0112179
366.197 0.0112393
366.672 0.0112607
367.147 0.0112821
367.622 0.0113034
368.097 0.0113248
368.572 0.0113462
369.047 0.0113675
369.522 0.0113889
369.996 0.0114103
370.472 0.0114316
370.947 0.011453
371.422 0.0114744
371.896 0.0114957
372.371 0.0115171
372.847 0.0115385
373.321 0.0115598
373.796 0.0115812
374.271 0.0116026
374.746 0.0116239
375.221 0.0116453
375.696 0.0116667
376.165 0.011688
376.603 0.0117094
377.03 0.0117308
377.448 0.0117521
377.867 0.0117735
378.286 0.0117949
378.705 0.0118162
379.124 0.0118376
379.542 0.011859
379.961 0.0118803
380.38 0.0119017
380.799 0.0119231
381.217 0.0119444
381.636 0.0119658
382.055 0.0119872
382.474 0.0120085
382.893 0.0120299
383.311 0.0120513
383.73 0.0120726
384.145 0.012094
384.548 0.0121154
384.951 0.0121368
385.354 0.0121581
385.757 0.0121795
386.16 0.0122009
386.563 0.0122222
386.965 0.0122436
387.368 0.012265
387.771 0.0122863
388.174 0.0123077
388.577 0.0123291
388.98 0.0123504
389.383 0.0123718
389.786 0.0123932
390.189 0.0124145
390.592 0.0124359
390.994 0.0124573
391.398 0.0124786
391.8 0.0125
392.203 0.0125214
392.606 0.0125427
393.009 0.0125641
393.412 0.0125855
393.815 0.0126068
394.218 0.0126282
394.621 0.0126496
395.024 0.0126709
395.427 0.0126923
395.808 0.0127137
396.19 0.012735
396.571 0.0127564
396.952 0.0127778
397.334 0.0127991
397.715 0.0128205
398.096 0.0128419
398.478 0.0128632
398.859 0.0128846
399.241 0.012906
399.622 0.0129274
400.003 0.0129487
400.384 0.0129701
400.766 0.0129915
401.147 0.0130128
401.528 0.0130342
401.91 0.0130556
402.291 0.0130769
402.642 0.0130983
402.983 0.0131197
403.326 0.013141
403.668 0.0131624
403.986 0.0131838
404.297 0.0132051
404.609 0.0132265
404.92 0.0132479
405.231 0.0132692
405.543 0.0132906
405.854 0.013312
406.166 0.0133333
406.477 0.0133547
406.789 0.0133761
407.1 0.0133974
407.411 0.0134188
407.723 0.0134402
408.034 0.0134615
408.346 0.0134829
408.657 0.0135043
408.968 0.0135256
409.28 0.013547
409.591 0.0135684
409.86 0.0135897
410.132 0.0136111
410.402 0.0136325
410.671 0.0136538
410.941 0.0136752
411.211 0.0136966
411.481 0.0137179
411.751 0.0137393
412.02 0.0137607
412.291 0.0137821
412.56 0.0138034
412.83 0.0138248
413.1 0.0138462
413.369 0.0138675
413.64 0.0138889
413.909 0.0139103
414.179 0.0139316
414.449 0.013953
414.719 0.0139744
414.988 0.0139957
415.258 0.0140171
415.527 0.0140385
415.793 0.0140598
416.06 0.0140812
416.326 0.0141026
416.593 0.0141239
416.86 0.0141453
417.125 0.0141667
417.389 0.014188
417.653 0.0142094
417.916 0.0142308
418.181 0.0142521
418.445 0.0142735
418.708 0.0142949
418.972 0.0143162
419.236 0.0143376
419.499 0.014359
419.764 0.0143803
420.027 0.0144017
420.291 0.0144231
420.554 0.0144444
420.819 0.0144658
421.083 0.0144872
421.344 0.0145085
421.595 0.0145299
421.83 0.0145513
422.047 0.0145726
422.242 0.014594
422.438 0.0146154
422.634 0.0146368
422.83 0.0146581
423.027 0.0146795
423.223 0.0147009
423.418 0.0147222
423.615 0.0147436
423.811 0.014765
424.007 0.0147863
424.203 0.0148077
424.399 0.0148291
424.594 0.0148504
424.791 0.0148718
424.987 0.0148932
425.184 0.0149145
425.379 0.0149359
425.576 0.0149573
425.772 0.0149786
425.968 0.015
426.164 0.0150214
426.36 0.0150427
426.555 0.0150641
426.748 0.0150855
426.94 0.0151068
427.132 0.0151282
427.324 0.0151496
427.516 0.0151709
427.708 0.0151923
427.9 0.0152137
428.093 0.015235
428.285 0.0152564
428.477 0.0152778
428.669 0.0152991
428.861 0.0153205
429.054 0.0153419
429.246 0.0153632
429.438 0.0153846
429.63 0.015406
429.823 0.0154274
430.014 0.0154487
430.207 0.0154701
430.399 0.0154915
430.591 0.0155128
430.783 0.0155342
430.975 0.0155556
431.167 0.0155769
431.359 0.0155983
431.552 0.0156197
431.744 0.015641
431.936 0.0156624
432.128 0.0156838
432.32 0.0157051
432.513 0.0157265
432.701 0.0157479
432.887 0.0157692
433.071 0.0157906
433.248 0.015812
433.425 0.0158333
433.602 0.0158547
433.778 0.0158761
433.955 0.0158974
434.132 0.0159188
434.309 0.0159402
434.486 0.0159615
434.663 0.0159829
434.84 0.0160043
435.017 0.0160256
435.179 0.016047
435.324 0.0160684
435.45 0.0160897
435.547 0.0161111
435.644 0.0161325
435.742 0.0161538
435.839 0.0161752
435.937 0.0161966
436.033 0.0162179
436.13 0.0162393
436.226 0.0162607
436.323 0.0162821
436.421 0.0163034
436.516 0.0163248
436.613 0.0163462
436.709 0.0163675
436.805 0.0163889
436.902 0.0164103
437 0.0164316
437.096 0.016453
437.192 0.0164744
437.288 0.0164957
437.378 0.0165171
437.462 0.0165385
437.545 0.0165598
437.629 0.0165812
437.709 0.0166026
437.78 0.0166239
437.838 0.0166453
437.898 0.0166667
437.953 0.016688
438.011 0.0167094
438.047 0.0167308
438.112 0.0167521
438.188 0.0167735
438.243 0.0167949
438.302 0.0168162
438.355 0.0168376
438.413 0.016859
438.47 0.0168803
438.528 0.0169017
438.585 0.0169231
438.642 0.0169444
438.699 0.0169658
438.758 0.0169872
438.816 0.0170085
438.873 0.0170299
438.93 0.0170513
438.987 0.0170726
439.044 0.017094
439.103 0.0171154
439.161 0.0171368
439.217 0.0171581
439.277 0.0171795
439.331 0.0172009
439.39 0.0172222
439.447 0.0172436
439.505 0.017265
439.559 0.0172863
439.619 0.0173077
439.676 0.0173291
439.735 0.0173504
439.794 0.0173718
439.85 0.0173932
439.906 0.0174145
439.964 0.0174359
440.023 0.0174573
440.079 0.0174786
440.137 0.0175
440.194 0.0175214
440.253 0.0175427
440.31 0.0175641
440.366 0.0175855
440.423 0.0176068
440.481 0.0176282
440.537 0.0176496
440.596 0.0176709
440.652 0.0176923
440.71 0.0177137
440.77 0.017735
440.825 0.0177564
440.885 0.0177778
440.94 0.0177991
440.998 0.0178205
441.054 0.0178419
441.112 0.0178632
441.168 0.0178846
441.226 0.017906
441.286 0.0179274
441.334 0.0179487
441.406 0.0179701
441.454 0.0179915
441.513 0.0180128
441.581 0.0180342
441.629 0.0180556
441.691 0.0180769
441.755 0.0180983
441.803 0.0181197
441.859 0.018141
441.912 0.0181624
441.976 0.0181838
442.031 0.0182051
442.095 0.0182265
442.147 0.0182479
442.203 0.0182692
442.258 0.0182906
442.319 0.018312
442.376 0.0183333
442.432 0.0183547
442.489 0.0183761
442.543 0.0183974
442.583 0.0184188
442.624 0.0184402
442.676 0.0184615
442.724 0.0184829
442.753 0.0185043
442.771 0.0185256
442.785 0.018547
442.813 0.0185684
442.85 0.0185897
442.854 0.0186111
442.876 0.0186325
442.895 0.0186538
442.907 0.0186752
442.937 0.0186966
442.952 0.0187179
442.978 0.0187393
443.025 0.0187607
443.017 0.0187821
443.017 0.0188034
443.072 0.0188248
443.077 0.0188462
443.102 0.0188675
443.108 0.0188889
443.158 0.0189103
443.168 0.0189316
443.182 0.018953
443.212 0.0189744
443.225 0.0189957
443.246 0.0190171
443.268 0.0190385
443.277 0.0190598
443.295 0.0190812
443.343 0.0191026
443.209 0.0191239
443.37 0.0191453
443.39 0.0191667
443.44 0.019188
443.526 0.0192094
443.551 0.0192308
443.474 0.0192521
443.471 0.0192735
443.506 0.0192949
443.514 0.0193162
443.48 0.0193376
443.576 0.019359
443.597 0.0193803
443.648 0.0194017
443.633 0.0194231
443.662 0.0194444
443.68 0.0194658
443.693 0.0194872
443.73 0.0195085
443.742 0.0195299
443.762 0.0195513
443.735 0.0195726
443.802 0.019594
443.823 0.0196154
443.839 0.0196368
443.87 0.0196581
443.812 0.0196795
443.907 0.0197009
443.937 0.0197222
443.948 0.0197436
443.955 0.019765
443.985 0.0197863
444.004 0.0198077
444.023 0.0198291
444.042 0.0198504
444.061 0.0198718
444.08 0.0198932
444.099 0.0199145
444.118 0.0199359
444.133 0.0199573
444.151 0.0199786
444.134 0.02
444.195 0.0200214
444.207 0.0200427
444.233 0.0200641
444.253 0.0200855
444.269 0.0201068
444.29 0.0201282
444.302 0.0201496
444.313 0.0201709
444.347 0.0201923
444.366 0.0202137
444.385 0.020235
444.406 0.0202564
444.424 0.0202778
444.442 0.0202991
444.47 0.0203205
444.48 0.0203419
444.494 0.0203632
444.518 0.0203846
444.535 0.020406
444.556 0.0204274
444.572 0.0204487
444.595 0.0204701
444.61 0.0204915
444.633 0.0205128
444.652 0.0205342
444.671 0.0205556
444.69 0.0205769
444.709 0.0205983
444.73 0.0206197
444.747 0.020641
444.766 0.0206624
444.785 0.0206838
444.806 0.0207051
444.823 0.0207265
444.841 0.0207479
444.845 0.0207692
444.88 0.0207906
444.906 0.020812
444.918 0.0208333
444.937 0.0208547
444.953 0.0208761
444.978 0.0208974
444.996 0.0209188
445.016 0.0209402
445.03 0.0209615
445.053 0.0209829
445.071 0.0210043
445.091 0.0210256
445.109 0.021047
445.13 0.0210684
445.148 0.0210897
445.167 0.0211111
445.182 0.0211325
445.205 0.0211538
445.224 0.0211752
445.243 0.0211966
445.262 0.0212179
445.28 0.0212393
445.297 0.0212607
445.324 0.0212821
445.338 0.0213034
445.356 0.0213248
445.375 0.0213462
445.395 0.0213675
445.414 0.0213889
445.433 0.0214103
445.452 0.0214316
445.483 0.021453
445.499 0.0214744
445.51 0.0214957
445.529 0.0215171
445.547 0.0215385
445.565 0.0215598
445.585 0.0215812
445.604 0.0216026
445.625 0.0216239
445.643 0.0216453
445.662 0.0216667
445.683 0.021688
445.7 0.0217094
445.719 0.0217308
445.738 0.0217521
445.757 0.0217735
445.781 0.0217949
445.792 0.0218162
445.813 0.0218376
445.831 0.021859
445.852 0.0218803
445.871 0.0219017
445.89 0.0219231
445.908 0.0219444
445.93 0.0219658
445.947 0.0219872
445.966 0.0220085
445.986 0.0220299
446.005 0.0220513
446.023 0.0220726
446.042 0.022094
446.056 0.0221154
446.08 0.0221368
446.101 0.0221581
446.118 0.0221795
446.135 0.0222009
446.15 0.0222222
446.174 0.0222436
446.196 0.022265
446.214 0.0222863
446.233 0.0223077
446.251 0.0223291
446.28 0.0223504
446.286 0.0223718
446.309 0.0223932
446.329 0.0224145
446.368 0.0224359
446.363 0.0224573
446.384 0.0224786
446.399 0.0225
446.424 0.0225214
446.443 0.0225427
446.461 0.0225641
446.48 0.0225855
446.498 0.0226068
446.516 0.0226282
446.539 0.0226496
446.55 0.0226709
446.576 0.0226923
446.595 0.0227137
446.569 0.022735
446.632 0.0227564
446.65 0.0227778
446.668 0.0227991
446.691 0.0228205
446.71 0.0228419
446.72 0.0228632
446.744 0.0228846
446.767 0.022906
446.811 0.0229274
446.802 0.0229487
446.839 0.0229701
446.842 0.0229915
446.866 0.0230128
446.879 0.0230342
446.892 0.0230556
446.92 0.0230769
446.941 0.0230983
446.957 0.0231197
446.974 0.023141
446.988 0.0231624
447.015 0.0231838
447.034 0.0232051
447.05 0.0232265
447.075 0.0232479
447.085 0.0232692
447.109 0.0232906
447.132 0.023312
447.146 0.0233333
447.167 0.0233547
447.186 0.0233761
447.205 0.0233974
447.224 0.0234188
447.244 0.0234402
447.262 0.0234615
447.277 0.0234829
447.301 0.0235043
447.322 0.0235256
447.338 0.023547
447.358 0.0235684
447.374 0.0235897
447.4 0.0236111
447.401 0.0236325
447.434 0.0236538
447.444 0.0236752
447.421 0.0236966
447.491 0.0237179
447.512 0.0237393
447.529 0.0237607
447.552 0.0237821
447.567 0.0238034
447.587 0.0238248
447.586 0.0238462
447.624 0.0238675
447.645 0.0238889
447.662 0.0239103
447.682 0.0239316
447.701 0.023953
447.719 0.0239744
447.73 0.0239957
447.827 0.0240171
447.777 0.0240385
447.794 0.0240598
447.826 0.0240812
447.836 0.0241026
447.825 0.0241239
447.872 0.0241453
447.914 0.0241667
447.905 0.024188
447.927 0.0242094
447.949 0.0242308
447.961 0.0242521
447.837 0.0242735
448.005 0.0242949
448.013 0.0243162
448.043 0.0243376
448.064 0.024359
448.082 0.0243803
448.099 0.0244017
448.115 0.0244231
448.129 0.0244444
448.148 0.0244658
448.162 0.0244872
448.181 0.0245085
448.197 0.0245299
448.21 0.0245513
448.217 0.0245726
448.222 0.024594
448.238 0.0246154
448.253 0.0246368
448.262 0.0246581
448.256 0.0246795
448.276 0.0247009
448.297 0.0247222
448.308 0.0247436
448.318 0.024765
448.328 0.0247863
448.338 0.0248077
448.464 0.0248291
448.361 0.0248504
448.371 0.0248718
448.38 0.0248932
448.393 0.0249145
448.403 0.0249359
448.414 0.0249573
448.408 0.0249786
448.435 0.025
448.445 0.0250214
448.46 0.0250427
448.466 0.0250641
448.478 0.0250855
448.486 0.0251068
448.498 0.0251282
448.509 0.0251496
448.528 0.0251709
448.53 0.0251923
448.543 0.0252137
448.575 0.025235
448.572 0.0252564
448.572 0.0252778
448.583 0.0252991
448.542 0.0253205
448.612 0.0253419
448.619 0.0253632
448.625 0.0253846
448.636 0.025406
448.646 0.0254274
448.657 0.0254487
448.651 0.0254701
448.684 0.0254915
448.706 0.0255128
448.699 0.0255342
448.698 0.0255556
448.718 0.0255769
448.72 0.0255983
448.742 0.0256197
448.752 0.025641
448.76 0.0256624
448.773 0.0256838
448.769 0.0257051
448.795 0.0257265
448.788 0.0257479
448.816 0.0257692
448.826 0.0257906
448.828 0.025812
448.876 0.0258333
448.858 0.0258547
448.868 0.0258761
448.881 0.0258974
448.89 0.0259188
448.903 0.0259402
448.902 0.0259615
448.913 0.0259829
448.932 0.0260043
448.943 0.0260256
448.942 0.026047
448.964 0.0260684
448.974 0.0260897
448.974 0.0261111
448.996 0.0261325
449.004 0.0261538
449.003 0.0261752
449.027 0.0261966
449.047 0.0262179
449.049 0.0262393
449.06 0.0262607
449.07 0.0262821
449.074 0.0263034
449.087 0.0263248
449.003 0.0263462
449.111 0.0263675
449.122 0.0263889
449.133 0.0264103
449.144 0.0264316
449.154 0.026453
449.165 0.0264744
449.21 0.0264957
449.183 0.0265171
449.187 0.0265385
449.207 0.0265598
449.218 0.0265812
449.228 0.0266026
449.239 0.0266239
449.249 0.0266453
449.249 0.0266667
449.271 0.026688
449.281 0.0267094
449.292 0.0267308
449.297 0.0267521
449.28 0.0267735
449.292 0.0267949
449.335 0.0268162
449.318 0.0268376
449.314 0.026859
449.364 0.0268803
449.376 0.0269017
449.377 0.0269231
449.398 0.0269444
449.408 0.0269658
449.419 0.0269872
449.43 0.0270085
449.437 0.0270299
449.45 0.0270513
449.461 0.0270726
449.472 0.027094
449.473 0.0271154
449.468 0.0271368
449.509 0.0271581
449.515 0.0271795
449.523 0.0272009
449.531 0.0272222
449.523 0.0272436
449.556 0.027265
449.565 0.0272863
449.577 0.0273077
449.588 0.0273291
449.598 0.0273504
449.608 0.0273718
449.621 0.0273932
449.63 0.0274145
449.642 0.0274359
449.651 0.0274573
449.66 0.0274786
449.67 0.0275
449.682 0.0275214
449.694 0.0275427
449.687 0.0275641
449.69 0.0275855
449.726 0.0276068
449.736 0.0276282
449.747 0.0276496
449.757 0.0276709
449.777 0.0276923
449.773 0.0277137
449.789 0.027735
449.8 0.0277564
449.81 0.0277778
449.81 0.0277991
449.831 0.0278205
449.773 0.0278419
449.853 0.0278632
449.863 0.0278846
449.874 0.027906
449.884 0.0279274
449.967 0.0279487
449.905 0.0279701
449.903 0.0279915
449.927 0.0280128
449.937 0.0280342
449.948 0.0280556
449.958 0.0280769
449.968 0.0280983
449.97 0.0281197
449.987 0.028141
450.001 0.0281624
450.014 0.0281838
450.022 0.0282051
450.032 0.0282265
450.043 0.0282479
450.054 0.0282692
450.055 0.0282906
450.079 0.028312
450.083 0.0283333
450.096 0.0283547
450.115 0.0283761
450.116 0.0283974
450.117 0.0284188
450.138 0.0284402
450.149 0.0284615
450.159 0.0284829
450.157 0.0285043
450.18 0.0285256
450.191 0.028547
450.191 0.0285684
450.212 0.0285897
450.223 0.0286111
450.261 0.0286325
450.262 0.0286538
450.255 0.0286752
450.264 0.0286966
450.278 0.0287179
450.286 0.0287393
450.322 0.0287607
450.307 0.0287821
450.307 0.0288034
450.329 0.0288248
450.329 0.0288462
450.34 0.0288675
450.36 0.0288889
450.361 0.0289103
450.381 0.0289316
450.392 0.028953
450.403 0.0289744
450.413 0.0289957
450.423 0.0290171
450.434 0.0290385
450.436 0.0290598
450.45 0.0290812
450.467 0.0291026
450.477 0.0291239
450.487 0.0291453
450.502 0.0291667
450.509 0.029188
450.508 0.0292094
450.53 0.0292308
450.541 0.0292521
450.551 0.0292735
450.552 0.0292949
450.572 0.0293162
450.583 0.0293376
450.593 0.029359
450.605 0.0293803
450.615 0.0294017
450.625 0.0294231
450.635 0.0294444
450.646 0.0294658
450.646 0.0294872
450.667 0.0295085
450.678 0.0295299
450.688 0.0295513
450.699 0.0295726
450.7 0.029594
450.72 0.0296154
450.731 0.0296368
450.741 0.0296581
450.753 0.0296795
450.763 0.0297009
450.773 0.0297222
450.783 0.0297436
450.794 0.029765
450.805 0.0297863
450.808 0.0298077
450.829 0.0298291
450.837 0.0298504
450.847 0.0298718
450.854 0.0298932
450.868 0.0299145
450.878 0.0299359
450.893 0.0299573
450.901 0.0299786
450.91 0.03
450.921 0.0300214
450.915 0.0300427
450.943 0.0300641
450.953 0.0300855
450.963 0.0301068
450.974 0.0301282
450.984 0.0301496
450.998 0.0301709
451.003 0.0301923
451.016 0.0302137
451.025 0.030235
451.038 0.0302564
451.048 0.0302778
451.058 0.0302991
451.069 0.0303205
451.08 0.0303419
451.09 0.0303632
451.101 0.0303846
451.111 0.030406
451.122 0.0304274
451.133 0.0304487
451.143 0.0304701
451.154 0.0304915
451.165 0.0305128
451.175 0.0305342
451.186 0.0305556
451.196 0.0305769
451.211 0.0305983
451.219 0.0306197
451.228 0.030641
451.238 0.0306624
451.249 0.0306838
451.258 0.0307051
451.232 0.0307265
451.277 0.0307479
451.291 0.0307692
451.294 0.0307906
451.313 0.030812
451.303 0.0308333
451.333 0.0308547
451.345 0.0308761
451.352 0.0308974
451.359 0.0309188
451.378 0.0309402
451.39 0.0309615
451.399 0.0309829
451.409 0.0310043
451.418 0.0310256
451.447 0.031047
451.44 0.0310684
451.445 0.0310897
451.46 0.0311111
451.471 0.0311325
451.471 0.0311538
451.481 0.0311752
451.502 0.0311966
451.517 0.0312179
451.524 0.0312393
451.541 0.0312607
451.545 0.0312821
451.557 0.0313034
451.566 0.0313248
451.577 0.0313462
451.588 0.0313675
451.595 0.0313889
451.597 0.0314103
451.631 0.0314316
451.631 0.031453
451.64 0.0314744
451.651 0.0314957
451.649 0.0315171
451.642 0.0315385
451.682 0.0315598
451.71 0.0315812
451.692 0.0316026
451.717 0.0316239
451.725 0.0316453
451.735 0.0316667
451.747 0.031688
451.776 0.0317094
451.798 0.0317308
451.779 0.0317521
451.789 0.0317735
451.799 0.0317949
451.803 0.0318162
451.82 0.0318376
451.834 0.031859
451.842 0.0318803
451.852 0.0319017
451.863 0.0319231
451.875 0.0319444
451.884 0.0319658
451.895 0.0319872
451.904 0.0320085
451.921 0.0320299
451.925 0.0320513
451.931 0.0320726
451.947 0.032094
451.958 0.0321154
451.97 0.0321368
451.978 0.0321581
451.99 0.0321795
452 0.0322009
452.011 0.0322222
452.021 0.0322436
452.032 0.032265
452.043 0.0322863
452.051 0.0323077
452.064 0.0323291
452.074 0.0323504
452.086 0.0323718
452.096 0.0323932
452.106 0.0324145
452.117 0.0324359
452.128 0.0324573
452.138 0.0324786
452.148 0.0325
452.156 0.0325214
452.172 0.0325427
452.178 0.0325641
452.192 0.0325855
452.199 0.0326068
452.216 0.0326282
452.223 0.0326496
452.233 0.0326709
452.235 0.0326923
452.254 0.0327137
452.268 0.032735
452.28 0.0327564
452.285 0.0327778
452.296 0.0327991
452.306 0.0328205
452.308 0.0328419
452.352 0.0328632
452.361 0.0328846
452.349 0.032906
452.357 0.0329274
452.371 0.0329487
452.377 0.0329701
452.386 0.0329915
452.406 0.0330128
452.418 0.0330342
452.423 0.0330556
452.435 0.0330769
452.446 0.0330983
452.455 0.0331197
452.466 0.033141
452.476 0.0331624
452.486 0.0331838
452.496 0.0332051
452.511 0.0332265
452.519 0.0332479
452.529 0.0332692
452.533 0.0332906
452.551 0.033312
452.551 0.0333333
452.571 0.0333547
452.572 0.0333761
452.594 0.0333974
452.607 0.0334188
452.612 0.0334402
452.624 0.0334615
452.639 0.0334829
452.646 0.0335043
452.651 0.0335256
452.667 0.033547
452.678 0.0335684
452.692 0.0335897
452.699 0.0336111
452.709 0.0336325
452.72 0.0336538
452.732 0.0336752
452.738 0.0336966
452.741 0.0337179
452.762 0.0337393
452.772 0.0337607
452.783 0.0337821
452.795 0.0338034
452.804 0.0338248
452.816 0.0338462
452.826 0.0338675
452.837 0.0338889
452.843 0.0339103
452.857 0.0339316
452.868 0.033953
452.879 0.0339744
452.888 0.0339957
452.9 0.0340171
452.91 0.0340385
452.934 0.0340598
452.934 0.0340812
452.944 0.0341026
452.953 0.0341239
452.963 0.0341453
452.981 0.0341667
452.984 0.034188
452.997 0.0342094
453.005 0.0342308
453.016 0.0342521
453.03 0.0342735
453.037 0.0342949
453.048 0.0343162
453.058 0.0343376
453.069 0.034359
453.079 0.0343803
453.09 0.0344017
453.101 0.0344231
453.111 0.0344444
453.119 0.0344658
453.133 0.0344872
453.143 0.0345085
453.155 0.0345299
453.162 0.0345513
453.177 0.0345726
453.186 0.034594
453.195 0.0346154
453.206 0.0346368
453.217 0.0346581
453.227 0.0346795
453.238 0.0347009
453.248 0.0347222
453.258 0.0347436
453.27 0.034765
453.28 0.0347863
453.29 0.0348077
453.302 0.0348291
453.313 0.0348504
453.323 0.0348718
453.333 0.0348932
453.344 0.0349145
453.36 0.0349359
453.369 0.0349573
453.375 0.0349786
453.384 0.035
453.397 0.0350214
453.408 0.0350427
453.422 0.0350641
453.426 0.0350855
453.439 0.0351068
453.451 0.0351282
453.461 0.0351496
453.473 0.0351709
453.484 0.0351923
453.489 0.0352137
453.503 0.035235
453.513 0.0352564
453.524 0.0352778
453.534 0.0352991
453.544 0.0353205
453.556 0.0353419
453.567 0.0353632
453.576 0.0353846
453.589 0.035406
453.598 0.0354274
453.606 0.0354487
453.618 0.0354701
453.63 0.0354915
453.64 0.0355128
453.648 0.0355342
453.662 0.0355556
453.672 0.0355769
453.683 0.0355983
453.698 0.0356197
453.703 0.035641
453.714 0.0356624
453.717 0.0356838
453.735 0.0357051
453.747 0.0357265
453.757 0.0357479
453.756 0.0357692
453.778 0.0357906
453.789 0.035812
453.79 0.0358333
453.81 0.0358547
453.82 0.0358761
453.831 0.0358974
453.843 0.0359188
453.852 0.0359402
453.863 0.0359615
453.876 0.0359829
453.876 0.0360043
453.873 0.0360256
453.871 0.036047
453.899 0.0360684
454.003 0.0360897
453.912 0.0361111
453.913 0.0361325
453.958 0.0361538
453.933 0.0361752
453.94 0.0361966
453.946 0.0362179
453.954 0.0362393
453.961 0.0362607
453.968 0.0362821
453.977 0.0363034
453.974 0.0363248
453.99 0.0363462
453.996 0.0363675
454.005 0.0363889
454.011 0.0364103
454.002 0.0364316
454.023 0.036453
454.032 0.0364744
454.025 0.0364957
454.045 0.0365171
454.068 0.0365385
454.07 0.0365598
454.063 0.0365812
454.059 0.0366026
454.081 0.0366239
454.089 0.0366453
454.095 0.0366667
454.101 0.036688
454.099 0.0367094
454.115 0.0367308
454.123 0.0367521
454.134 0.0367735
454.136 0.0367949
454.143 0.0368162
454.151 0.0368376
454.157 0.036859
454.168 0.0368803
454.17 0.0369017
454.179 0.0369231
454.178 0.0369444
454.192 0.0369658
454.199 0.0369872
454.201 0.0370085
454.199 0.0370299
454.218 0.0370513
454.227 0.0370726
454.234 0.037094
454.241 0.0371154
454.24 0.0371368
454.24 0.0371581
454.262 0.0371795
454.269 0.0372009
454.276 0.0372222
454.283 0.0372436
454.29 0.037265
454.291 0.0372863
454.304 0.0373077
454.303 0.0373291
454.318 0.0373504
454.318 0.0373718
454.345 0.0373932
454.339 0.0374145
454.346 0.0374359
454.353 0.0374573
454.36 0.0374786
454.362 0.0375
454.346 0.0375214
454.381 0.0375427
454.388 0.0375641
454.391 0.0375855
454.389 0.0376068
454.391 0.0376282
454.416 0.0376496
454.423 0.0376709
454.43 0.0376923
454.437 0.0377137
454.444 0.037735
454.451 0.0377564
454.458 0.0377778
454.465 0.0377991
454.474 0.0378205
454.476 0.0378419
454.486 0.0378632
454.492 0.0378846
454.492 0.037906
454.501 0.0379274
454.502 0.0379487
454.518 0.0379701
454.499 0.0379915
454.518 0.0380128
454.524 0.0380342
454.526 0.0380556
454.526 0.0380769
454.531 0.0380983
454.529 0.0381197
454.533 0.038141
454.541 0.0381624
454.547 0.0381838
454.556 0.0382051
454.556 0.0382265
454.555 0.0382479
454.57 0.0382692
454.565 0.0382906
454.566 0.038312
454.569 0.0383333
454.572 0.0383547
454.573 0.0383761
454.574 0.0383974
454.577 0.0384188
454.588 0.0384402
454.59 0.0384615
454.6 0.0384829
454.601 0.0385043
454.6 0.0385256
454.604 0.038547
454.606 0.0385684
454.61 0.0385897
454.613 0.0386111
454.621 0.0386325
454.619 0.0386538
454.618 0.0386752
454.627 0.0386966
454.629 0.0387179
454.633 0.0387393
454.637 0.0387607
454.638 0.0387821
454.644 0.0388034
454.642 0.0388248
454.65 0.0388462
454.658 0.0388675
454.657 0.0388889
454.656 0.0389103
454.664 0.0389316
454.666 0.038953
454.671 0.0389744
454.677 0.0389957
454.677 0.0390171
454.678 0.0390385
454.684 0.0390598
454.695 0.0390812
454.691 0.0391026
454.694 0.0391239
454.7 0.0391453
454.701 0.0391667
454.699 0.039188
454.714 0.0392094
454.712 0.0392308
454.713 0.0392521
454.707 0.0392735
454.722 0.0392949
454.724 0.0393162
454.726 0.0393376
454.732 0.039359
454.73 0.0393803
454.738 0.0394017
454.742 0.0394231
454.742 0.0394444
454.748 0.0394658
454.752 0.0394872
454.756 0.0395085
454.759 0.0395299
454.762 0.0395513
454.766 0.0395726
454.768 0.039594
454.772 0.0396154
454.775 0.0396368
454.775 0.0396581
454.775 0.0396795
454.771 0.0397009
454.775 0.0397222
454.776 0.0397436
454.781 0.039765
454.779 0.0397863
454.779 0.0398077
454.777 0.0398291
454.777 0.0398504
454.777 0.0398718
454.777 0.0398932
454.774 0.0399145
454.779 0.0399359
454.778 0.0399573
454.781 0.0399786
454.778 0.04
454.785 0.0400214
454.779 0.0400427
454.78 0.0400641
454.781 0.0400855
454.782 0.0401068
454.778 0.0401282
454.78 0.0401496
454.786 0.0401709
454.781 0.0401923
454.781 0.0402137
454.788 0.040235
454.779 0.0402564
454.774 0.0402778
454.787 0.0402991
454.782 0.0403205
454.78 0.0403419
454.782 0.0403632
454.792 0.0403846
454.784 0.040406
454.781 0.0404274
454.787 0.0404487
454.782 0.0404701
454.782 0.0404915
454.783 0.0405128
454.785 0.0405342
454.785 0.0405556
454.785 0.0405769
454.786 0.0405983
454.785 0.0406197
454.779 0.040641
454.786 0.0406624
454.787 0.0406838
454.787 0.0407051
454.787 0.0407265
454.789 0.0407479
454.786 0.0407692
454.787 0.0407906
454.787 0.040812
454.787 0.0408333
454.787 0.0408547
454.792 0.0408761
454.789 0.0408974
454.789 0.0409188
454.787 0.0409402
454.788 0.0409615
454.791 0.0409829
454.792 0.0410043
454.795 0.0410256
454.791 0.041047
454.789 0.0410684
454.789 0.0410897
454.788 0.0411111
454.792 0.0411325
454.792 0.0411538
454.794 0.0411752
454.793 0.0411966
454.795 0.0412179
454.795 0.0412393
454.794 0.0412607
454.797 0.0412821
454.793 0.0413034
454.795 0.0413248
454.79 0.0413462
454.797 0.0413675
454.789 0.0413889
454.795 0.0414103
454.797 0.0414316
454.798 0.041453
454.792 0.0414744
454.792 0.0414957
454.792 0.0415171
454.794 0.0415385
454.798 0.0415598
454.797 0.0415812
454.796 0.0416026
454.793 0.0416239
454.792 0.0416453
454.799 0.0416667
454.799 0.041688
454.795 0.0417094
454.795 0.0417308
454.791 0.0417521
454.8 0.0417735
454.799 0.0417949
454.793 0.0418162
454.793 0.0418376
454.787 0.041859
454.79 0.0418803
454.784 0.0419017
454.783 0.0419231
454.784 0.0419444
454.776 0.0419658
454.779 0.0419872
454.763 0.0420085
454.77 0.0420299
454.765 0.0420513
454.761 0.0420726
454.756 0.042094
454.752 0.0421154
454.76 0.0421368
454.748 0.0421581
454.742 0.0421795
454.741 0.0422009
454.743 0.0422222
454.737 0.0422436
454.733 0.042265
454.739 0.0422863
454.729 0.0423077
454.724 0.0423291
454.723 0.0423504
454.725 0.0423718
454.717 0.0423932
454.713 0.0424145
454.711 0.0424359
454.705 0.0424573
454.699 0.0424786
454.708 0.0425
454.699 0.0425214
454.7 0.0425427
454.692 0.0425641
454.694 0.0425855
454.687 0.0426068
454.683 0.0426282
454.681 0.0426496
454.677 0.0426709
454.675 0.0426923
454.67 0.0427137
454.67 0.042735
454.666 0.0427564
454.664 0.0427778
454.661 0.0427991
454.654 0.0428205
454.651 0.0428419
454.645 0.0428632
454.648 0.0428846
454.65 0.042906
454.644 0.0429274
454.641 0.0429487
454.637 0.0429701
454.631 0.0429915
454.63 0.0430128
454.626 0.0430342
454.632 0.0430556
454.622 0.0430769
454.619 0.0430983
454.611 0.0431197
454.616 0.043141
454.609 0.0431624
454.608 0.0431838
454.604 0.0432051
454.601 0.0432265
454.598 0.0432479
454.595 0.0432692
454.591 0.0432906
454.592 0.043312
454.584 0.0433333
454.583 0.0433547
454.581 0.0433761
454.577 0.0433974
454.575 0.0434188
454.572 0.0434402
454.569 0.0434615
454.568 0.0434829
454.563 0.0435043
454.56 0.0435256
454.557 0.043547
454.554 0.0435684
454.551 0.0435897
454.549 0.0436111
454.544 0.0436325
454.553 0.0436538
454.545 0.0436752
454.534 0.0436966
454.535 0.0437179
454.53 0.0437393
454.527 0.0437607
454.526 0.0437821
454.522 0.0438034
454.519 0.0438248
454.514 0.0438462
454.509 0.0438675
454.5 0.0438889
454.505 0.0439103
454.502 0.0439316
454.504 0.043953
454.498 0.0439744
454.495 0.0439957
454.494 0.0440171
454.49 0.0440385
454.486 0.0440598
454.483 0.0440812
454.48 0.0441026
454.478 0.0441239
454.472 0.0441453
454.469 0.0441667
454.472 0.044188
454.465 0.0442094
454.463 0.0442308
454.46 0.0442521
454.457 0.0442735
454.455 0.0442949
454.452 0.0443162
454.444 0.0443376
454.449 0.044359
454.442 0.0443803
454.437 0.0444017
454.433 0.0444231
454.433 0.0444444
454.436 0.0444658
454.429 0.0444872
454.426 0.0445085
454.419 0.0445299
454.418 0.0445513
454.414 0.0445726
454.413 0.044594
454.409 0.0446154
454.407 0.0446368
454.404 0.0446581
454.404 0.0446795
454.399 0.0447009
454.4 0.0447222
454.392 0.0447436
454.391 0.044765
454.387 0.0447863
454.382 0.0448077
454.38 0.0448291
454.379 0.0448504
454.374 0.0448718
454.371 0.0448932
454.367 0.0449145
454.367 0.0449359
454.362 0.0449573
454.354 0.0449786
454.358 0.045
454.355 0.0450214
454.352 0.0450427
454.347 0.0450641
454.346 0.0450855
454.346 0.0451068
454.338 0.0451282
454.342 0.0451496
454.334 0.0451709
454.331 0.0451923
454.327 0.0452137
454.324 0.045235
454.32 0.0452564
454.315 0.0452778
454.315 0.0452991
454.313 0.0453205
454.304 0.0453419
454.31 0.0453632
454.303 0.0453846
454.3 0.045406
454.297 0.0454274
454.295 0.0454487
454.293 0.0454701
454.282 0.0454915
454.285 0.0455128
454.282 0.0455342
454.28 0.0455556
454.284 0.0455769
454.274 0.0455983
454.271 0.0456197
454.266 0.045641
454.265 0.0456624
454.261 0.0456838
454.261 0.0457051
454.255 0.0457265
454.253 0.0457479
454.248 0.0457692
454.247 0.0457906
454.244 0.045812
454.245 0.0458333
454.238 0.0458547
454.236 0.0458761
454.235 0.0458974
454.229 0.0459188
454.227 0.0459402
454.221 0.0459615
454.218 0.0459829
454.218 0.0460043
454.216 0.0460256
454.212 0.046047
454.209 0.0460684
454.207 0.0460897
454.203 0.0461111
454.2 0.0461325
454.199 0.0461538
454.195 0.0461752
454.193 0.0461966
454.188 0.0462179
454.186 0.0462393
454.182 0.0462607
454.179 0.0462821
454.175 0.0463034
454.172 0.0463248
454.17 0.0463462
454.164 0.0463675
454.179 0.0463889
454.162 0.0464103
454.158 0.0464316
454.157 0.046453
454.153 0.0464744
454.15 0.0464957
454.145 0.0465171
454.144 0.0465385
454.141 0.0465598
454.139 0.0465812
454.137 0.0466026
454.131 0.0466239
454.129 0.0466453
454.126 0.0466667
454.115 0.046688
454.12 0.0467094
454.117 0.0467308
454.116 0.0467521
454.114 0.0467735
454.104 0.0467949
454.106 0.0468162
454.103 0.0468376
454.099 0.046859
454.097 0.0468803
454.093 0.0469017
454.091 0.0469231
454.089 0.0469444
454.084 0.0469658
454.084 0.0469872
454.09 0.0470085
454.076 0.0470299
454.073 0.0470513
454.078 0.0470726
454.066 0.047094
454.053 0.0471154
454.06 0.0471368
454.054 0.0471581
454.057 0.0471795
454.051 0.0472009
454.048 0.0472222
454.046 0.0472436
454.044 0.047265
454.039 0.0472863
454.037 0.0473077
454.036 0.0473291
454.032 0.0473504
454.031 0.0473718
454.026 0.0473932
454.016 0.0474145
453.941 0.0474359
454.017 0.0474573
454.014 0.0474786
454.014 0.0475
454.008 0.0475214
454.004 0.0475427
454.003 0.0475641
454.008 0.0475855
453.996 0.0476068
453.992 0.0476282
453.99 0.0476496
453.987 0.0476709
453.984 0.0476923
453.979 0.0477137
453.978 0.047735
453.978 0.0477564
453.975 0.0477778
453.969 0.0477991
453.966 0.0478205
453.963 0.0478419
453.961 0.0478632
453.961 0.0478846
453.955 0.047906
453.951 0.0479274
453.949 0.0479487
453.946 0.0479701
453.969 0.0479915
453.94 0.0480128
453.938 0.0480342
453.937 0.0480556
453.93 0.0480769
453.929 0.0480983
453.925 0.0481197
453.924 0.048141
453.92 0.0481624
453.916 0.0481838
453.914 0.0482051
453.91 0.0482265
453.921 0.0482479
453.905 0.0482692
453.904 0.0482906
453.899 0.048312
453.895 0.0483333
453.893 0.0483547
453.89 0.0483761
453.889 0.0483974
453.883 0.0484188
453.884 0.0484402
453.877 0.0484615
453.88 0.0484829
453.872 0.0485043
453.869 0.0485256
453.864 0.048547
453.866 0.0485684
453.86 0.0485897
453.856 0.0486111
453.857 0.0486325
453.85 0.0486538
453.849 0.0486752
453.847 0.0486966
453.842 0.0487179
453.84 0.0487393
453.836 0.0487607
453.834 0.0487821
453.825 0.0488034
453.828 0.0488248
453.824 0.0488462
453.823 0.0488675
453.819 0.0488889
453.821 0.0489103
453.812 0.0489316
453.81 0.048953
453.807 0.0489744
453.804 0.0489957
453.802 0.0490171
453.798 0.0490385
453.795 0.0490598
453.791 0.0490812
453.787 0.0491026
453.794 0.0491239
453.782 0.0491453
453.781 0.0491667
453.782 0.049188
453.756 0.0492094
453.764 0.0492308
453.768 0.0492521
453.777 0.0492735
453.766 0.0492949
453.75 0.0493162
453.75 0.0493376
453.754 0.049359
453.747 0.0493803
453.748 0.0494017
453.741 0.0494231
453.742 0.0494444
453.743 0.0494658
453.718 0.0494872
453.733 0.0495085
453.73 0.0495299
453.727 0.0495513
453.724 0.0495726
453.721 0.049594
453.719 0.0496154
453.715 0.0496368
453.723 0.0496581
453.711 0.0496795
453.707 0.0497009
453.703 0.0497222
453.701 0.0497436
453.698 0.049765
453.695 0.0497863
453.691 0.0498077
453.689 0.0498291
453.688 0.0498504
453.683 0.0498718
453.679 0.0498932
453.678 0.0499145
453.674 0.0499359
453.671 0.0499573
453.668 0.0499786
453.667 0.05
453.663 0.0500214
453.66 0.0500427
453.656 0.0500641
453.656 0.0500855
453.648 0.0501068
453.648 0.0501282
453.645 0.0501496
453.64 0.0501709
453.635 0.0501923
453.635 0.0502137
453.633 0.050235
453.63 0.0502564
453.628 0.0502778
453.624 0.0502991
453.624 0.0503205
453.622 0.0503419
453.614 0.0503632
453.616 0.0503846
453.613 0.050406
453.615 0.0504274
453.603 0.0504487
453.6 0.0504701
453.597 0.0504915
453.595 0.0505128
453.596 0.0505342
453.567 0.0505556
453.58 0.0505769
453.581 0.0505983
453.577 0.0506197
453.577 0.050641
453.566 0.0506624
453.573 0.0506838
453.568 0.0507051
453.568 0.0507265
453.562 0.0507479
453.559 0.0507692
453.555 0.0507906
453.553 0.050812
453.551 0.0508333
453.546 0.0508547
453.544 0.0508761
453.538 0.0508974
453.54 0.0509188
453.536 0.0509402
453.531 0.0509615
453.529 0.0509829
453.527 0.0510043
453.524 0.0510256
453.525 0.051047
453.517 0.0510684
453.515 0.0510897
453.512 0.0511111
453.51 0.0511325
453.506 0.0511538
453.5 0.0511752
453.5 0.0511966
453.495 0.0512179
453.492 0.0512393
453.484 0.0512607
453.479 0.0512821
453.476 0.0513034
453.463 0.0513248
453.461 0.0513462
453.446 0.0513675
453.436 0.0513889
453.434 0.0514103
453.423 0.0514316
453.41 0.051453
453.402 0.0514744
453.398 0.0514957
453.383 0.0515171
453.374 0.0515385
453.366 0.0515598
453.358 0.0515812
453.349 0.0516026
453.34 0.0516239
453.33 0.0516453
453.321 0.0516667
453.31 0.051688
453.303 0.0517094
453.317 0.0517308
453.265 0.0517521
453.244 0.0517735
453.267 0.0517949
453.259 0.0518162
453.249 0.0518376
453.241 0.051859
453.232 0.0518803
453.225 0.0519017
453.212 0.0519231
453.204 0.0519444
453.189 0.0519658
453.19 0.0519872
453.18 0.0520085
453.168 0.0520299
453.16 0.0520513
453.152 0.0520726
453.143 0.052094
453.133 0.0521154
453.125 0.0521368
453.114 0.0521581
453.101 0.0521795
453.089 0.0522009
453.078 0.0522222
453.065 0.0522436
453.066 0.052265
453.046 0.0522863
453.032 0.0523077
453.021 0.0523291
453.009 0.0523504
452.995 0.0523718
452.986 0.0523932
452.973 0.0524145
452.962 0.0524359
452.949 0.0524573
452.939 0.0524786
452.929 0.0525
452.917 0.0525214
452.907 0.0525427
452.893 0.0525641
452.88 0.0525855
452.869 0.0526068
452.858 0.0526282
452.847 0.0526496
452.834 0.0526709
452.819 0.0526923
452.809 0.0527137
452.8 0.052735
452.787 0.0527564
452.779 0.0527778
452.766 0.0527991
452.754 0.0528205
452.744 0.0528419
452.731 0.0528632
452.719 0.0528846
452.707 0.052906
452.694 0.0529274
452.702 0.0529487
452.669 0.0529701
452.67 0.0529915
452.649 0.0530128
452.638 0.0530342
452.626 0.0530556
452.617 0.0530769
452.604 0.0530983
452.592 0.0531197
452.584 0.053141
452.568 0.0531624
452.556 0.0531838
452.546 0.0532051
452.533 0.0532265
452.522 0.0532479
452.51 0.0532692
452.498 0.0532906
452.486 0.053312
452.47 0.0533333
452.455 0.0533547
452.439 0.0533761
452.423 0.0533974
452.407 0.0534188
452.391 0.0534402
452.378 0.0534615
452.364 0.0534829
452.346 0.0535043
452.327 0.0535256
452.309 0.053547
452.276 0.0535684
452.271 0.0535897
452.251 0.0536111
452.23 0.0536325
452.213 0.0536538
452.186 0.0536752
452.174 0.0536966
452.156 0.0537179
452.132 0.0537393
452.119 0.0537607
452.096 0.0537821
452.081 0.0538034
452.064 0.0538248
452.044 0.0538462
452.024 0.0538675
452.005 0.0538889
451.985 0.0539103
451.967 0.0539316
451.948 0.053953
451.925 0.0539744
451.901 0.0539957
451.88 0.0540171
451.857 0.0540385
451.834 0.0540598
451.813 0.0540812
451.79 0.0541026
451.77 0.0541239
451.744 0.0541453
451.722 0.0541667
451.699 0.054188
451.683 0.0542094
451.655 0.0542308
451.631 0.0542521
451.608 0.0542735
451.587 0.0542949
451.563 0.0543162
451.544 0.0543376
451.519 0.054359
451.495 0.0543803
451.474 0.0544017
451.452 0.0544231
451.427 0.0544444
451.405 0.0544658
451.383 0.0544872
451.361 0.0545085
451.336 0.0545299
451.315 0.0545513
451.29 0.0545726
451.269 0.054594
451.246 0.0546154
451.223 0.0546368
451.201 0.0546581
451.18 0.0546795
451.156 0.0547009
451.132 0.0547222
451.112 0.0547436
451.089 0.054765
451.064 0.0547863
451.043 0.0548077
451.019 0.0548291
450.997 0.0548504
450.977 0.0548718
450.953 0.0548932
450.931 0.0549145
450.908 0.0549359
450.885 0.0549573
450.864 0.0549786
450.84 0.055
450.817 0.0550214
450.795 0.0550427
450.772 0.0550641
450.75 0.0550855
450.727 0.0551068
450.703 0.0551282
450.682 0.0551496
450.659 0.0551709
450.639 0.0551923
450.614 0.0552137
450.593 0.055235
450.569 0.0552564
450.546 0.0552778
450.524 0.0552991
450.501 0.0553205
450.479 0.0553419
450.456 0.0553632
450.433 0.0553846
450.409 0.055406
450.388 0.0554274
450.365 0.0554487
450.342 0.0554701
450.321 0.0554915
450.298 0.0555128
450.275 0.0555342
450.252 0.0555556
450.23 0.0555769
450.207 0.0555983
450.184 0.0556197
450.162 0.055641
450.139 0.0556624
450.118 0.0556838
450.094 0.0557051
450.076 0.0557265
450.05 0.0557479
450.026 0.0557692
450.006 0.0557906
449.982 0.055812
449.959 0.0558333
449.935 0.0558547
449.913 0.0558761
449.889 0.0558974
449.868 0.0559188
449.846 0.0559402
449.821 0.0559615
449.8 0.0559829
449.778 0.0560043
449.753 0.0560256
449.732 0.056047
449.71 0.0560684
449.687 0.0560897
449.665 0.0561111
449.642 0.0561325
449.618 0.0561538
449.598 0.0561752
449.575 0.0561966
449.554 0.0562179
449.532 0.0562393
449.506 0.0562607
449.486 0.0562821
449.461 0.0563034
449.438 0.0563248
449.416 0.0563462
449.393 0.0563675
449.371 0.0563889
449.348 0.0564103
449.326 0.0564316
449.303 0.056453
449.279 0.0564744
449.259 0.0564957
449.235 0.0565171
449.211 0.0565385
449.189 0.0565598
449.167 0.0565812
449.144 0.0566026
449.122 0.0566239
449.099 0.0566453
449.078 0.0566667
449.054 0.056688
449.031 0.0567094
449.011 0.0567308
448.988 0.0567521
448.964 0.0567735
448.939 0.0567949
448.919 0.0568162
448.896 0.0568376
448.872 0.056859
448.854 0.0568803
448.827 0.0569017
448.805 0.0569231
448.783 0.0569444
448.76 0.0569658
448.737 0.0569872
448.715 0.0570085
448.693 0.0570299
448.671 0.0570513
448.647 0.0570726
448.625 0.057094
448.602 0.0571154
448.579 0.0571368
448.557 0.0571581
448.534 0.0571795
448.512 0.0572009
448.49 0.0572222
448.467 0.0572436
448.444 0.057265
448.422 0.0572863
448.399 0.0573077
448.376 0.0573291
448.353 0.0573504
448.33 0.0573718
448.305 0.0573932
448.287 0.0574145
448.262 0.0574359
448.24 0.0574573
448.216 0.0574786
448.192 0.0575
448.169 0.0575214
448.147 0.0575427
448.124 0.0575641
448.102 0.0575855
448.08 0.0576068
448.056 0.0576282
448.033 0.0576496
448.011 0.0576709
447.989 0.0576923
447.965 0.0577137
447.941 0.057735
447.92 0.0577564
447.895 0.0577778
447.873 0.0577991
447.85 0.0578205
447.822 0.0578419
447.806 0.0578632
447.781 0.0578846
447.764 0.057906
447.74 0.0579274
447.713 0.0579487
447.693 0.0579701
447.668 0.0579915
447.646 0.0580128
447.622 0.0580342
447.6 0.0580556
447.577 0.0580769
447.555 0.0580983
447.533 0.0581197
447.509 0.058141
447.485 0.0581624
447.463 0.0581838
447.439 0.0582051
447.417 0.0582265
447.394 0.0582479
447.371 0.0582692
447.35 0.0582906
447.326 0.058312
447.302 0.0583333
447.282 0.0583547
447.256 0.0583761
447.234 0.0583974
447.214 0.0584188
447.188 0.0584402
447.163 0.0584615
447.142 0.0584829
447.119 0.0585043
447.097 0.0585256
447.074 0.058547
447.051 0.0585684
447.028 0.0585897
447.006 0.0586111
446.982 0.0586325
446.96 0.0586538
446.937 0.0586752
446.914 0.0586966
446.89 0.0587179
446.871 0.0587393
446.846 0.0587607
446.823 0.0587821
446.8 0.0588034
446.774 0.0588248
446.755 0.0588462
446.74 0.0588675
446.706 0.0588889
446.686 0.0589103
446.663 0.0589316
446.64 0.058953
446.617 0.0589744
446.594 0.0589957
446.569 0.0590171
446.549 0.0590385
446.526 0.0590598
446.502 0.0590812
446.481 0.0591026
446.457 0.0591239
446.436 0.0591453
446.411 0.0591667
446.389 0.059188
446.366 0.0592094
446.342 0.0592308
446.316 0.0592521
446.297 0.0592735
446.275 0.0592949
446.252 0.0593162
446.229 0.0593376
446.206 0.059359
446.183 0.0593803
446.16 0.0594017
446.143 0.0594231
446.115 0.0594444
446.092 0.0594658
446.068 0.0594872
446.046 0.0595085
446.025 0.0595299
446.001 0.0595513
445.978 0.0595726
445.955 0.059594
445.932 0.0596154
445.909 0.0596368
445.886 0.0596581
445.868 0.0596795
445.84 0.0597009
445.817 0.0597222
445.794 0.0597436
445.772 0.059765
445.75 0.0597863
445.727 0.0598077
445.706 0.0598291
445.682 0.0598504
445.658 0.0598718
445.636 0.0598932
445.612 0.0599145
445.589 0.0599359
445.568 0.0599573
445.543 0.0599786
445.521 0.06
445.498 0.0600214
445.476 0.0600427
445.451 0.0600641
445.429 0.0600855
445.408 0.0601068
445.391 0.0601282
445.36 0.0601496
445.338 0.0601709
445.315 0.0601923
445.296 0.0602137
445.268 0.060235
445.246 0.0602564
445.224 0.0602778
445.201 0.0602991
445.178 0.0603205
445.157 0.0603419
445.132 0.0603632
445.108 0.0603846
445.087 0.060406
445.064 0.0604274
445.041 0.0604487
445.02 0.0604701
444.992 0.0604915
444.966 0.0605128
444.941 0.0605342
444.915 0.0605556
444.891 0.0605769
444.866 0.0605983
444.841 0.0606197
444.817 0.060641
444.789 0.0606624
444.765 0.0606838
444.737 0.0607051
444.712 0.0607265
444.683 0.0607479
444.655 0.0607692
444.628 0.0607906
444.6 0.060812
444.573 0.0608333
444.546 0.0608547
444.517 0.0608761
444.491 0.0608974
444.471 0.0609188
444.437 0.0609402
444.41 0.0609615
444.382 0.0609829
444.354 0.0610043
444.327 0.0610256
444.298 0.061047
444.271 0.0610684
444.245 0.0610897
444.22 0.0611111
444.19 0.0611325
444.162 0.0611538
444.136 0.0611752
444.108 0.0611966
444.081 0.0612179
444.053 0.0612393
444.027 0.0612607
443.998 0.0612821
443.972 0.0613034
443.946 0.0613248
443.916 0.0613462
443.889 0.0613675
443.861 0.0613889
443.834 0.0614103
443.806 0.0614316
443.78 0.061453
443.75 0.0614744
443.725 0.0614957
443.698 0.0615171
443.67 0.0615385
443.642 0.0615598
443.614 0.0615812
443.589 0.0616026
443.559 0.0616239
443.531 0.0616453
443.504 0.0616667
443.476 0.061688
443.45 0.0617094
443.42 0.0617308
443.392 0.0617521
443.361 0.0617735
443.339 0.0617949
443.308 0.0618162
443.281 0.0618376
443.256 0.061859
443.229 0.0618803
443.2 0.0619017
443.173 0.0619231
443.139 0.0619444
443.11 0.0619658
443.08 0.0619872
443.048 0.0620085
443.021 0.0620299
443.001 0.0620513
442.961 0.0620726
442.931 0.062094
442.901 0.0621154
442.87 0.0621368
442.843 0.0621581
442.812 0.0621795
442.783 0.0622009
442.752 0.0622222
442.713 0.0622436
442.693 0.062265
442.664 0.0622863
442.633 0.0623077
442.603 0.0623291
442.574 0.0623504
442.545 0.0623718
442.513 0.0623932
442.486 0.0624145
442.459 0.0624359
442.425 0.0624573
442.396 0.0624786
442.365 0.0625
442.336 0.0625214
442.307 0.0625427
442.276 0.0625641
442.248 0.0625855
442.217 0.0626068
442.184 0.0626282
442.157 0.0626496
442.128 0.0626709
442.098 0.0626923
442.066 0.0627137
442.039 0.062735
442.008 0.0627564
441.979 0.0627778
441.948 0.0627991
441.918 0.0628205
441.884 0.0628419
441.852 0.0628632
441.818 0.0628846
441.785 0.062906
441.752 0.0629274
441.719 0.0629487
441.686 0.0629701
441.655 0.0629915
441.62 0.0630128
441.587 0.0630342
441.548 0.0630556
441.52 0.0630769
441.479 0.0630983
441.443 0.0631197
441.406 0.063141
441.381 0.0631624
441.334 0.0631838
441.298 0.0632051
441.26 0.0632265
441.225 0.0632479
441.188 0.0632692
441.152 0.0632906
441.116 0.063312
441.08 0.0633333
441.043 0.0633547
441.007 0.0633761
440.972 0.0633974
440.934 0.0634188
440.897 0.0634402
440.863 0.0634615
440.825 0.0634829
440.789 0.0635043
440.759 0.0635256
440.717 0.063547
440.681 0.0635684
440.648 0.0635897
440.608 0.0636111
440.572 0.0636325
440.532 0.0636538
440.49 0.0636752
440.446 0.0636966
440.409 0.0637179
440.371 0.0637393
440.33 0.0637607
440.291 0.0637821
440.251 0.0638034
440.212 0.0638248
440.172 0.0638462
440.132 0.0638675
440.093 0.0638889
440.053 0.0639103
440.013 0.0639316
439.973 0.063953
439.935 0.0639744
439.894 0.0639957
439.855 0.0640171
439.815 0.0640385
439.775 0.0640598
439.735 0.0640812
439.696 0.0641026
439.657 0.0641239
439.617 0.0641453
439.578 0.0641667
439.538 0.064188
439.498 0.0642094
439.457 0.0642308
439.419 0.0642521
439.378 0.0642735
439.339 0.0642949
439.3 0.0643162
439.26 0.0643376
439.22 0.064359
439.181 0.0643803
439.141 0.0644017
439.099 0.0644231
439.062 0.0644444
439.022 0.0644658
438.983 0.0644872
438.943 0.0645085
438.904 0.0645299
438.864 0.0645513
438.824 0.0645726
438.783 0.064594
438.746 0.0646154
438.705 0.0646368
438.666 0.0646581
438.625 0.0646795
438.585 0.0647009
438.547 0.0647222
438.507 0.0647436
438.468 0.064765
438.428 0.0647863
438.388 0.0648077
438.35 0.0648291
438.308 0.0648504
438.269 0.0648718
438.23 0.0648932
438.19 0.0649145
438.151 0.0649359
438.112 0.0649573
438.071 0.0649786
438.032 0.065
437.993 0.0650214
437.951 0.0650427
437.912 0.0650641
437.873 0.0650855
437.833 0.0651068
437.794 0.0651282
437.753 0.0651496
437.714 0.0651709
437.675 0.0651923
437.636 0.0652137
437.596 0.065235
437.556 0.0652564
437.516 0.0652778
437.477 0.0652991
437.437 0.0653205
437.397 0.0653419
437.358 0.0653632
437.318 0.0653846
437.278 0.065406
437.239 0.0654274
437.198 0.0654487
437.16 0.0654701
437.12 0.0654915
437.08 0.0655128
437.04 0.0655342
437.001 0.0655556
436.961 0.0655769
436.922 0.0655983
436.882 0.0656197
436.842 0.065641
436.802 0.0656624
436.763 0.0656838
436.724 0.0657051
436.683 0.0657265
436.644 0.0657479
436.605 0.0657692
436.565 0.0657906
436.524 0.065812
436.484 0.0658333
436.445 0.0658547
436.406 0.0658761
436.367 0.0658974
436.327 0.0659188
436.289 0.0659402
436.247 0.0659615
436.208 0.0659829
436.169 0.0660043
436.129 0.0660256
436.089 0.066047
436.05 0.0660684
436.009 0.0660897
435.97 0.0661111
435.931 0.0661325
435.894 0.0661538
435.852 0.0661752
435.812 0.0661966
435.772 0.0662179
435.733 0.0662393
435.693 0.0662607
435.653 0.0662821
435.614 0.0663034
435.574 0.0663248
435.535 0.0663462
435.495 0.0663675
435.456 0.0663889
435.416 0.0664103
435.377 0.0664316
435.337 0.066453
435.297 0.0664744
435.257 0.0664957
435.217 0.0665171
435.178 0.0665385
435.138 0.0665598
435.099 0.0665812
435.059 0.0666026
435.019 0.0666239
434.979 0.0666453
434.939 0.0666667
434.898 0.066688
434.861 0.0667094
434.821 0.0667308
434.78 0.0667521
434.742 0.0667735
434.702 0.0667949
434.664 0.0668162
434.623 0.0668376
434.583 0.066859
434.543 0.0668803
434.505 0.0669017
434.464 0.0669231
434.425 0.0669444
434.385 0.0669658
434.342 0.0669872
434.306 0.0670085
434.266 0.0670299
434.227 0.0670513
434.187 0.0670726
434.147 0.067094
434.108 0.0671154
434.068 0.0671368
434.028 0.0671581
433.989 0.0671795
433.949 0.0672009
433.91 0.0672222
433.87 0.0672436
433.829 0.067265
433.79 0.0672863
433.751 0.0673077
433.712 0.0673291
433.671 0.0673504
433.632 0.0673718
433.592 0.0673932
433.554 0.0674145
433.513 0.0674359
433.473 0.0674573
433.432 0.0674786
433.394 0.0675
433.354 0.0675214
433.315 0.0675427
433.276 0.0675641
433.236 0.0675855
433.197 0.0676068
433.156 0.0676282
433.117 0.0676496
433.077 0.0676709
433.036 0.0676923
432.998 0.0677137
432.957 0.067735
432.919 0.0677564
432.879 0.0677778
432.839 0.0677991
432.799 0.0678205
432.76 0.0678419
432.721 0.0678632
432.68 0.0678846
432.642 0.067906
432.602 0.0679274
432.562 0.0679487
432.522 0.0679701
432.483 0.0679915
432.442 0.0680128
432.402 0.0680342
432.363 0.0680556
432.325 0.0680769
432.285 0.0680983
432.245 0.0681197
432.205 0.068141
432.165 0.0681624
432.124 0.0681838
432.087 0.0682051
432.048 0.0682265
432.007 0.0682479
431.965 0.0682692
431.928 0.0682906
431.888 0.068312
431.848 0.0683333
431.809 0.0683547
431.77 0.0683761
431.73 0.0683974
431.691 0.0684188
431.649 0.0684402
431.609 0.0684615
431.57 0.0684829
431.532 0.0685043
431.492 0.0685256
431.451 0.068547
431.412 0.0685684
431.373 0.0685897
431.333 0.0686111
431.293 0.0686325
431.253 0.0686538
431.214 0.0686752
431.174 0.0686966
431.137 0.0687179
431.095 0.0687393
431.055 0.0687607
431.017 0.0687821
430.976 0.0688034
430.938 0.0688248
430.897 0.0688462
430.857 0.0688675
430.818 0.0688889
430.778 0.0689103
430.738 0.0689316
430.698 0.068953
430.658 0.0689744
430.62 0.0689957
430.579 0.0690171
430.54 0.0690385
430.501 0.0690598
430.461 0.0690812
430.422 0.0691026
430.382 0.0691239
430.342 0.0691453
430.302 0.0691667
430.263 0.069188
430.223 0.0692094
430.183 0.0692308
430.145 0.0692521
430.105 0.0692735
430.065 0.0692949
430.026 0.0693162
429.986 0.0693376
429.946 0.069359
429.907 0.0693803
429.866 0.0694017
429.828 0.0694231
429.787 0.0694444
429.748 0.0694658
429.708 0.0694872
429.669 0.0695085
429.629 0.0695299
429.589 0.0695513
429.551 0.0695726
429.51 0.069594
429.47 0.0696154
429.431 0.0696368
429.391 0.0696581
429.351 0.0696795
429.311 0.0697009
429.273 0.0697222
429.233 0.0697436
429.192 0.069765
429.153 0.0697863
429.115 0.0698077
429.074 0.0698291
429.035 0.0698504
428.996 0.0698718
428.955 0.0698932
428.913 0.0699145
428.876 0.0699359
428.836 0.0699573
428.796 0.0699786
428.757 0.07
428.717 0.0700214
428.677 0.0700427
428.638 0.0700641
428.599 0.0700855
428.558 0.0701068
428.519 0.0701282
428.479 0.0701496
428.439 0.0701709
428.4 0.0701923
428.361 0.0702137
428.32 0.070235
428.282 0.0702564
428.241 0.0702778
428.202 0.0702991
428.163 0.0703205
428.122 0.0703419
428.084 0.0703632
428.044 0.0703846
428.003 0.070406
427.965 0.0704274
427.924 0.0704487
427.885 0.0704701
427.844 0.0704915
427.806 0.0705128
427.764 0.0705342
427.727 0.0705556
427.688 0.0705769
427.648 0.0705983
427.607 0.0706197
427.567 0.070641
427.528 0.0706624
427.488 0.0706838
427.449 0.0707051
427.409 0.0707265
427.369 0.0707479
427.329 0.0707692
427.29 0.0707906
427.251 0.070812
427.211 0.0708333
427.171 0.0708547
427.13 0.0708761
427.093 0.0708974
427.053 0.0709188
427.012 0.0709402
426.973 0.0709615
426.933 0.0709829
426.893 0.0710043
426.856 0.0710256
426.815 0.071047
426.777 0.0710684
426.741 0.0710897
426.696 0.0711111
426.657 0.0711325
426.616 0.0711538
426.576 0.0711752
426.537 0.0711966
426.498 0.0712179
426.458 0.0712393
426.42 0.0712607
426.379 0.0712821
426.34 0.0713034
426.299 0.0713248
426.259 0.0713462
426.219 0.0713675
426.181 0.0713889
426.142 0.0714103
426.102 0.0714316
426.061 0.071453
426.022 0.0714744
425.982 0.0714957
425.943 0.0715171
425.903 0.0715385
425.864 0.0715598
425.824 0.0715812
425.784 0.0716026
425.744 0.0716239
425.705 0.0716453
425.664 0.0716667
425.625 0.071688
425.586 0.0717094
425.547 0.0717308
425.507 0.0717521
425.467 0.0717735
425.427 0.0717949
425.389 0.0718162
425.349 0.0718376
425.307 0.071859
425.269 0.0718803
425.229 0.0719017
425.19 0.0719231
425.15 0.0719444
425.111 0.0719658
425.07 0.0719872
425.031 0.0720085
424.991 0.0720299
424.953 0.0720513
424.912 0.0720726
424.872 0.072094
424.833 0.0721154
424.794 0.0721368
424.753 0.0721581
424.714 0.0721795
424.674 0.0722009
424.634 0.0722222
424.596 0.0722436
424.556 0.072265
424.515 0.0722863
424.477 0.0723077
424.438 0.0723291
424.397 0.0723504
424.357 0.0723718
424.318 0.0723932
424.279 0.0724145
424.238 0.0724359
424.199 0.0724573
424.159 0.0724786
424.119 0.0725
424.08 0.0725214
424.04 0.0725427
424.001 0.0725641
423.962 0.0725855
423.922 0.0726068
423.883 0.0726282
423.843 0.0726496
423.804 0.0726709
423.76 0.0726923
423.723 0.0727137
423.685 0.072735
423.645 0.0727564
423.605 0.0727778
423.565 0.0727991
423.525 0.0728205
423.486 0.0728419
423.446 0.0728632
423.405 0.0728846
423.368 0.072906
423.327 0.0729274
423.287 0.0729487
423.248 0.0729701
423.208 0.0729915
423.169 0.0730128
423.129 0.0730342
423.09 0.0730556
423.05 0.0730769
423.01 0.0730983
422.972 0.0731197
422.928 0.073141
422.892 0.0731624
422.852 0.0731838
422.814 0.0732051
422.774 0.0732265
422.734 0.0732479
422.694 0.0732692
422.653 0.0732906
422.614 0.073312
422.573 0.0733333
422.534 0.0733547
422.492 0.0733761
422.455 0.0733974
422.414 0.0734188
422.376 0.0734402
422.336 0.0734615
422.297 0.0734829
422.257 0.0735043
422.218 0.0735256
422.178 0.073547
422.138 0.0735684
422.098 0.0735897
422.058 0.0736111
422.019 0.0736325
421.979 0.0736538
421.94 0.0736752
421.9 0.0736966
421.86 0.0737179
421.821 0.0737393
421.782 0.0737607
421.742 0.0737821
421.703 0.0738034
421.663 0.0738248
421.622 0.0738462
421.584 0.0738675
421.543 0.0738889
421.504 0.0739103
421.464 0.0739316
421.425 0.073953
421.384 0.0739744
421.346 0.0739957
421.306 0.0740171
421.266 0.0740385
421.227 0.0740598
421.187 0.0740812
421.147 0.0741026
421.108 0.0741239
421.067 0.0741453
421.029 0.0741667
420.989 0.074188
420.949 0.0742094
420.909 0.0742308
420.87 0.0742521
420.83 0.0742735
420.79 0.0742949
420.749 0.0743162
420.711 0.0743376
420.67 0.074359
420.633 0.0743803
420.592 0.0744017
420.552 0.0744231
420.513 0.0744444
420.473 0.0744658
420.434 0.0744872
420.393 0.0745085
420.354 0.0745299
420.317 0.0745513
420.275 0.0745726
420.237 0.074594
420.196 0.0746154
420.157 0.0746368
420.117 0.0746581
420.077 0.0746795
420.037 0.0747009
419.998 0.0747222
419.958 0.0747436
419.918 0.074765
419.878 0.0747863
419.839 0.0748077
419.8 0.0748291
419.76 0.0748504
419.72 0.0748718
419.68 0.0748932
419.641 0.0749145
419.601 0.0749359
419.563 0.0749573
419.523 0.0749786
419.482 0.075
419.443 0.0750214
419.403 0.0750427
419.363 0.0750641
419.323 0.0750855
419.284 0.0751068
419.244 0.0751282
419.205 0.0751496
419.165 0.0751709
419.127 0.0751923
419.087 0.0752137
419.046 0.075235
419.008 0.0752564
418.967 0.0752778
418.928 0.0752991
418.888 0.0753205
418.848 0.0753419
418.808 0.0753632
418.769 0.0753846
418.729 0.075406
418.69 0.0754274
418.65 0.0754487
418.611 0.0754701
418.571 0.0754915
418.531 0.0755128
418.492 0.0755342
418.452 0.0755556
418.412 0.0755769
418.373 0.0755983
418.334 0.0756197
418.294 0.075641
418.254 0.0756624
418.211 0.0756838
418.175 0.0757051
418.134 0.0757265
418.095 0.0757479
418.055 0.0757692
418.016 0.0757906
417.976 0.075812
417.936 0.0758333
417.898 0.0758547
417.857 0.0758761
417.818 0.0758974
417.779 0.0759188
417.739 0.0759402
417.7 0.0759615
417.66 0.0759829
417.619 0.0760043
417.58 0.0760256
417.541 0.076047
417.501 0.0760684
417.463 0.0760897
417.421 0.0761111
417.382 0.0761325
417.342 0.0761538
417.303 0.0761752
417.262 0.0761966
417.224 0.0762179
417.183 0.0762393
417.145 0.0762607
417.106 0.0762821
417.065 0.0763034
417.025 0.0763248
416.986 0.0763462
416.946 0.0763675
416.906 0.0763889
416.867 0.0764103
416.827 0.0764316
416.787 0.076453
416.748 0.0764744
416.71 0.0764957
416.669 0.0765171
416.629 0.0765385
416.589 0.0765598
416.55 0.0765812
416.511 0.0766026
416.471 0.0766239
416.431 0.0766453
416.392 0.0766667
416.351 0.076688
416.314 0.0767094
416.27 0.0767308
416.233 0.0767521
416.193 0.0767735
416.153 0.0767949
416.113 0.0768162
416.075 0.0768376
416.034 0.076859
415.995 0.0768803
415.955 0.0769017
415.915 0.0769231
415.875 0.0769444
415.837 0.0769658
415.796 0.0769872
415.758 0.0770085
415.718 0.0770299
415.677 0.0770513
415.639 0.0770726
415.597 0.077094
415.559 0.0771154
415.52 0.0771368
415.48 0.0771581
415.438 0.0771795
415.4 0.0772009
415.361 0.0772222
415.321 0.0772436
415.281 0.077265
415.242 0.0772863
415.203 0.0773077
415.162 0.0773291
415.123 0.0773504
415.083 0.0773718
415.043 0.0773932
415.004 0.0774145
414.964 0.0774359
414.924 0.0774573
414.885 0.0774786
414.846 0.0775
414.807 0.0775214
414.765 0.0775427
414.726 0.0775641
414.686 0.0775855
414.648 0.0776068
414.609 0.0776282
414.564 0.0776496
414.529 0.0776709
414.489 0.0776923
414.449 0.0777137
414.409 0.077735
414.37 0.0777564
414.33 0.0777778
414.291 0.0777991
414.251 0.0778205
414.211 0.0778419
414.17 0.0778632
414.132 0.0778846
414.092 0.077906
414.052 0.0779274
414.012 0.0779487
413.974 0.0779701
413.934 0.0779915
413.899 0.0780128
413.854 0.0780342
413.815 0.0780556
413.776 0.0780769
413.736 0.0780983
413.697 0.0781197
413.654 0.078141
413.616 0.0781624
413.579 0.0781838
413.538 0.0782051
413.496 0.0782265
413.459 0.0782479
413.419 0.0782692
413.381 0.0782906
413.339 0.078312
413.299 0.0783333
413.26 0.0783547
413.221 0.0783761
413.181 0.0783974
413.145 0.0784188
413.102 0.0784402
413.062 0.0784615
413.023 0.0784829
412.982 0.0785043
412.944 0.0785256
412.903 0.078547
412.863 0.0785684
412.824 0.0785897
412.782 0.0786111
412.744 0.0786325
412.705 0.0786538
412.665 0.0786752
412.626 0.0786966
412.587 0.0787179
412.543 0.0787393
412.507 0.0787607
412.467 0.0787821
412.427 0.0788034
412.387 0.0788248
412.348 0.0788462
412.309 0.0788675
412.267 0.0788889
412.229 0.0789103
412.188 0.0789316
412.151 0.078953
412.109 0.0789744
412.07 0.0789957
412.031 0.0790171
411.99 0.0790385
411.952 0.0790598
411.912 0.0790812
411.875 0.0791026
411.832 0.0791239
411.793 0.0791453
411.754 0.0791667
411.715 0.079188
411.674 0.0792094
411.633 0.0792308
411.595 0.0792521
411.556 0.0792735
411.515 0.0792949
411.484 0.0793162
411.437 0.0793376
411.397 0.079359
411.357 0.0793803
411.321 0.0794017
411.278 0.0794231
411.239 0.0794444
411.2 0.0794658
411.159 0.0794872
411.118 0.0795085
411.08 0.0795299
411.041 0.0795513
411.001 0.0795726
410.961 0.079594
410.922 0.0796154
410.882 0.0796368
410.842 0.0796581
410.801 0.0796795
410.763 0.0797009
410.722 0.0797222
410.684 0.0797436
410.643 0.079765
410.605 0.0797863
410.564 0.0798077
410.525 0.0798291
410.484 0.0798504
410.446 0.0798718
410.406 0.0798932
410.367 0.0799145
410.327 0.0799359
410.287 0.0799573
410.248 0.0799786
410.207 0.08
410.169 0.0800214
410.129 0.0800427
410.089 0.0800641
410.049 0.0800855
410.01 0.0801068
409.97 0.0801282
409.933 0.0801496
409.891 0.0801709
409.852 0.0801923
409.812 0.0802137
409.771 0.080235
409.732 0.0802564
409.692 0.0802778
409.654 0.0802991
409.614 0.0803205
409.575 0.0803419
409.535 0.0803632
409.494 0.0803846
409.455 0.080406
409.415 0.0804274
409.376 0.0804487
409.336 0.0804701
409.297 0.0804915
409.259 0.0805128
409.218 0.0805342
409.18 0.0805556
409.138 0.0805769
409.098 0.0805983
409.059 0.0806197
409.019 0.080641
408.979 0.0806624
408.94 0.0806838
408.901 0.0807051
408.86 0.0807265
408.822 0.0807479
408.778 0.0807692
408.741 0.0807906
408.702 0.080812
408.66 0.0808333
408.623 0.0808547
408.583 0.0808761
408.544 0.0808974
408.503 0.0809188
408.464 0.0809402
408.424 0.0809615
408.385 0.0809829
408.344 0.0810043
408.305 0.0810256
408.267 0.081047
408.225 0.0810684
408.188 0.0810897
408.147 0.0811111
408.109 0.0811325
408.068 0.0811538
408.028 0.0811752
407.988 0.0811966
407.949 0.0812179
407.908 0.0812393
407.87 0.0812607
407.83 0.0812821
407.789 0.0813034
407.75 0.0813248
407.711 0.0813462
407.671 0.0813675
407.631 0.0813889
407.592 0.0814103
407.553 0.0814316
407.513 0.081453
407.474 0.0814744
407.434 0.0814957
407.394 0.0815171
407.354 0.0815385
407.315 0.0815598
407.276 0.0815812
407.235 0.0816026
407.196 0.0816239
407.156 0.0816453
407.116 0.0816667
407.077 0.081688
407.038 0.0817094
406.997 0.0817308
406.958 0.0817521
406.919 0.0817735
406.879 0.0817949
406.839 0.0818162
406.8 0.0818376
406.76 0.081859
406.72 0.0818803
406.681 0.0819017
406.641 0.0819231
406.601 0.0819444
406.563 0.0819658
406.522 0.0819872
406.482 0.0820085
406.444 0.0820299
406.403 0.0820513
406.364 0.0820726
406.324 0.082094
406.283 0.0821154
406.245 0.0821368
406.205 0.0821581
406.165 0.0821795
406.125 0.0822009
406.085 0.0822222
406.044 0.0822436
406.007 0.082265
405.967 0.0822863
405.928 0.0823077
405.888 0.0823291
405.848 0.0823504
405.809 0.0823718
405.769 0.0823932
405.728 0.0824145
405.689 0.0824359
405.65 0.0824573
405.609 0.0824786
405.57 0.0825
405.531 0.0825214
405.494 0.0825427
405.451 0.0825641
405.412 0.0825855
405.372 0.0826068
405.333 0.0826282
405.294 0.0826496
405.254 0.0826709
405.216 0.0826923
405.174 0.0827137
405.135 0.082735
405.095 0.0827564
405.056 0.0827778
405.016 0.0827991
404.978 0.0828205
404.936 0.0828419
404.896 0.0828632
404.857 0.0828846
404.818 0.082906
404.778 0.0829274
404.738 0.0829487
404.698 0.0829701
404.659 0.0829915
404.619 0.0830128
404.58 0.0830342
404.54 0.0830556
404.5 0.0830769
404.461 0.0830983
404.421 0.0831197
404.381 0.083141
404.341 0.0831624
404.302 0.0831838
404.263 0.0832051
404.224 0.0832265
404.184 0.0832479
404.144 0.0832692
404.104 0.0832906
404.065 0.083312
404.026 0.0833333
403.985 0.0833547
403.946 0.0833761
403.906 0.0833974
403.866 0.0834188
403.827 0.0834402
403.788 0.0834615
403.749 0.0834829
403.708 0.0835043
403.668 0.0835256
403.629 0.083547
403.589 0.0835684
403.55 0.0835897
403.51 0.0836111
403.47 0.0836325
403.433 0.0836538
403.391 0.0836752
403.351 0.0836966
403.311 0.0837179
403.272 0.0837393
403.233 0.0837607
403.192 0.0837821
403.153 0.0838034
403.114 0.0838248
403.074 0.0838462
403.034 0.0838675
402.995 0.0838889
402.956 0.0839103
402.915 0.0839316
402.876 0.083953
402.836 0.0839744
402.796 0.0839957
402.757 0.0840171
402.717 0.0840385
402.676 0.0840598
402.636 0.0840812
402.601 0.0841026
402.559 0.0841239
402.52 0.0841453
402.48 0.0841667
402.44 0.084188
402.4 0.0842094
402.36 0.0842308
402.32 0.0842521
402.281 0.0842735
402.244 0.0842949
402.201 0.0843162
402.162 0.0843376
402.124 0.084359
402.084 0.0843803
402.044 0.0844017
402.004 0.0844231
401.965 0.0844444
401.925 0.0844658
401.886 0.0844872
401.844 0.0845085
401.805 0.0845299
401.767 0.0845513
401.726 0.0845726
401.688 0.084594
401.647 0.0846154
401.608 0.0846368
401.568 0.0846581
401.528 0.0846795
401.488 0.0847009
401.449 0.0847222
401.41 0.0847436
401.369 0.084765
401.33 0.0847863
401.291 0.0848077
401.251 0.0848291
401.212 0.0848504
401.171 0.0848718
401.13 0.0848932
401.092 0.0849145
401.053 0.0849359
401.012 0.0849573
400.974 0.0849786
400.935 0.085
400.894 0.0850214
400.855 0.0850427
400.815 0.0850641
400.775 0.0850855
400.735 0.0851068
400.695 0.0851282
400.656 0.0851496
400.615 0.0851709
400.58 0.0851923
400.537 0.0852137
400.498 0.085235
400.458 0.0852564
400.418 0.0852778
400.38 0.0852991
400.339 0.0853205
400.298 0.0853419
400.259 0.0853632
400.218 0.0853846
400.18 0.085406
400.142 0.0854274
400.103 0.0854487
400.063 0.0854701
400.022 0.0854915
399.982 0.0855128
399.942 0.0855342
399.902 0.0855556
399.864 0.0855769
399.824 0.0855983
399.785 0.0856197
399.744 0.085641
399.706 0.0856624
399.665 0.0856838
399.625 0.0857051
399.587 0.0857265
399.546 0.0857479
399.506 0.0857692
399.466 0.0857906
399.426 0.085812
399.388 0.0858333
399.348 0.0858547
399.309 0.0858761
399.268 0.0858974
399.229 0.0859188
399.19 0.0859402
399.151 0.0859615
399.11 0.0859829
399.073 0.0860043
399.031 0.0860256
398.992 0.086047
398.952 0.0860684
398.913 0.0860897
398.872 0.0861111
398.834 0.0861325
398.794 0.0861538
398.754 0.0861752
398.715 0.0861966
398.675 0.0862179
398.635 0.0862393
398.595 0.0862607
398.555 0.0862821
398.517 0.0863034
398.476 0.0863248
398.437 0.0863462
398.397 0.0863675
398.358 0.0863889
398.318 0.0864103
398.278 0.0864316
398.238 0.086453
398.2 0.0864744
398.159 0.0864957
398.12 0.0865171
398.08 0.0865385
398.041 0.0865598
398.001 0.0865812
397.956 0.0866026
397.922 0.0866239
397.882 0.0866453
397.842 0.0866667
397.801 0.086688
397.765 0.0867094
397.723 0.0867308
397.684 0.0867521
397.644 0.0867735
397.604 0.0867949
397.564 0.0868162
397.522 0.0868376
397.485 0.086859
397.446 0.0868803
397.407 0.0869017
397.366 0.0869231
397.327 0.0869444
397.287 0.0869658
397.247 0.0869872
397.209 0.0870085
397.169 0.0870299
397.13 0.0870513
397.088 0.0870726
397.049 0.087094
397.01 0.0871154
396.97 0.0871368
396.93 0.0871581
396.891 0.0871795
396.851 0.0872009
396.808 0.0872222
396.772 0.0872436
396.733 0.087265
396.693 0.0872863
396.653 0.0873077
396.613 0.0873291
396.573 0.0873504
396.534 0.0873718
396.494 0.0873932
396.455 0.0874145
396.415 0.0874359
396.377 0.0874573
396.337 0.0874786
396.295 0.0875
396.255 0.0875214
396.216 0.0875427
396.176 0.0875641
396.137 0.0875855
396.099 0.0876068
396.061 0.0876282
396.019 0.0876496
395.98 0.0876709
395.94 0.0876923
395.901 0.0877137
395.861 0.087735
395.82 0.0877564
395.78 0.0877778
395.741 0.0877991
395.702 0.0878205
395.662 0.0878419
395.623 0.0878632
395.583 0.0878846
395.542 0.087906
395.504 0.0879274
395.464 0.0879487
395.425 0.0879701
395.384 0.0879915
395.346 0.0880128
395.306 0.0880342
395.266 0.0880556
395.226 0.0880769
395.187 0.0880983
395.147 0.0881197
395.108 0.088141
395.068 0.0881624
395.027 0.0881838
394.988 0.0882051
394.948 0.0882265
394.909 0.0882479
394.869 0.0882692
394.83 0.0882906
394.791 0.088312
394.75 0.0883333
394.712 0.0883547
394.67 0.0883761
394.632 0.0883974
394.592 0.0884188
394.552 0.0884402
394.513 0.0884615
394.474 0.0884829
394.436 0.0885043
394.393 0.0885256
394.355 0.088547
394.313 0.0885684
394.275 0.0885897
394.235 0.0886111
394.197 0.0886325
394.157 0.0886538
394.117 0.0886752
394.075 0.0886966
394.039 0.0887179
393.998 0.0887393
393.957 0.0887607
393.92 0.0887821
393.879 0.0888034
393.838 0.0888248
393.799 0.0888462
393.759 0.0888675
393.718 0.0888889
393.679 0.0889103
393.64 0.0889316
393.601 0.088953
393.562 0.0889744
393.522 0.0889957
393.483 0.0890171
393.443 0.0890385
393.403 0.0890598
393.363 0.0890812
393.323 0.0891026
393.284 0.0891239
393.244 0.0891453
393.204 0.0891667
393.165 0.089188
393.125 0.0892094
393.085 0.0892308
393.045 0.0892521
393.008 0.0892735
392.969 0.0892949
392.928 0.0893162
392.887 0.0893376
392.848 0.089359
392.809 0.0893803
392.769 0.0894017
392.729 0.0894231
392.688 0.0894444
392.65 0.0894658
392.61 0.0894872
392.571 0.0895085
392.531 0.0895299
392.492 0.0895513
392.452 0.0895726
392.416 0.089594
392.372 0.0896154
392.331 0.0896368
392.293 0.0896581
392.254 0.0896795
392.213 0.0897009
392.174 0.0897222
392.134 0.0897436
392.094 0.089765
392.055 0.0897863
392.015 0.0898077
391.976 0.0898291
391.936 0.0898504
391.897 0.0898718
391.857 0.0898932
391.817 0.0899145
391.779 0.0899359
391.739 0.0899573
391.698 0.0899786
391.659 0.09
391.621 0.0900214
391.579 0.0900427
391.54 0.0900641
391.5 0.0900855
391.461 0.0901068
391.421 0.0901282
391.383 0.0901496
391.342 0.0901709
391.302 0.0901923
391.264 0.0902137
391.222 0.090235
391.184 0.0902564
391.144 0.0902778
391.104 0.0902991
391.064 0.0903205
391.025 0.0903419
390.986 0.0903632
390.945 0.0903846
390.904 0.090406
390.866 0.0904274
390.826 0.0904487
390.787 0.0904701
390.748 0.0904915
390.707 0.0905128
390.668 0.0905342
390.628 0.0905556
390.589 0.0905769
390.55 0.0905983
390.509 0.0906197
390.471 0.090641
390.431 0.0906624
390.39 0.0906838
390.35 0.0907051
390.314 0.0907265
390.272 0.0907479
390.232 0.0907692
390.194 0.0907906
390.152 0.090812
390.113 0.0908333
390.073 0.0908547
390.034 0.0908761
389.994 0.0908974
389.953 0.0909188
389.913 0.0909402
389.875 0.0909615
389.834 0.0909829
389.796 0.0910043
389.757 0.0910256
389.718 0.091047
389.677 0.0910684
389.639 0.0910897
389.597 0.0911111
389.559 0.0911325
389.523 0.0911538
389.481 0.0911752
389.44 0.0911966
389.398 0.0912179
389.36 0.0912393
389.319 0.0912607
389.281 0.0912821
389.241 0.0913034
389.201 0.0913248
389.162 0.0913462
389.124 0.0913675
389.083 0.0913889
389.042 0.0914103
389.002 0.0914316
388.964 0.091453
388.924 0.0914744
388.884 0.0914957
388.844 0.0915171
388.806 0.0915385
388.766 0.0915598
388.725 0.0915812
388.685 0.0916026
388.646 0.0916239
388.607 0.0916453
388.567 0.0916667
388.527 0.091688
388.489 0.0917094
388.448 0.0917308
388.407 0.0917521
388.369 0.0917735
388.329 0.0917949
388.29 0.0918162
388.25 0.0918376
388.21 0.091859
388.171 0.0918803
388.131 0.0919017
388.092 0.0919231
388.052 0.0919444
388.011 0.0919658
387.972 0.0919872
387.933 0.0920085
387.892 0.0920299
387.854 0.0920513
387.815 0.0920726
387.775 0.092094
387.734 0.0921154
387.695 0.0921368
387.655 0.0921581
387.619 0.0921795
387.576 0.0922009
387.536 0.0922222
387.498 0.0922436
387.457 0.092265
387.418 0.0922863
387.379 0.0923077
387.34 0.0923291
387.299 0.0923504
387.258 0.0923718
387.218 0.0923932
387.177 0.0924145
387.143 0.0924359
387.101 0.0924573
387.061 0.0924786
387.021 0.0925
386.982 0.0925214
386.942 0.0925427
386.905 0.0925641
386.863 0.0925855
386.824 0.0926068
386.785 0.0926282
386.744 0.0926496
386.704 0.0926709
386.664 0.0926923
386.624 0.0927137
386.585 0.092735
386.547 0.0927564
386.505 0.0927778
386.468 0.0927991
386.427 0.0928205
386.385 0.0928419
386.347 0.0928632
386.309 0.0928846
386.268 0.092906
386.229 0.0929274
386.189 0.0929487
386.15 0.0929701
386.11 0.0929915
386.071 0.0930128
386.033 0.0930342
385.992 0.0930556
385.951 0.0930769
385.912 0.0930983
385.872 0.0931197
385.831 0.093141
385.793 0.0931624
385.753 0.0931838
385.71 0.0932051
385.674 0.0932265
385.635 0.0932479
385.597 0.0932692
385.556 0.0932906
385.515 0.093312
385.476 0.0933333
385.437 0.0933547
385.396 0.0933761
385.356 0.0933974
385.319 0.0934188
385.277 0.0934402
385.238 0.0934615
385.198 0.0934829
385.159 0.0935043
385.12 0.0935256
385.08 0.093547
385.039 0.0935684
384.999 0.0935897
384.962 0.0936111
384.919 0.0936325
384.882 0.0936538
384.841 0.0936752
384.802 0.0936966
384.762 0.0937179
384.723 0.0937393
384.683 0.0937607
384.645 0.0937821
384.602 0.0938034
384.565 0.0938248
384.525 0.0938462
384.486 0.0938675
384.446 0.0938889
384.406 0.0939103
384.365 0.0939316
384.326 0.093953
384.288 0.0939744
384.247 0.0939957
384.206 0.0940171
384.169 0.0940385
384.128 0.0940598
384.089 0.0940812
384.049 0.0941026
384.009 0.0941239
383.97 0.0941453
383.93 0.0941667
383.891 0.094188
383.85 0.0942094
383.813 0.0942308
383.77 0.0942521
383.732 0.0942735
383.692 0.0942949
383.652 0.0943162
383.613 0.0943376
383.573 0.094359
383.532 0.0943803
383.499 0.0944017
383.455 0.0944231
383.416 0.0944444
383.374 0.0944658
383.336 0.0944872
383.295 0.0945085
383.257 0.0945299
383.217 0.0945513
383.177 0.0945726
383.137 0.094594
383.096 0.0946154
383.059 0.0946368
383.018 0.0946581
382.979 0.0946795
382.939 0.0947009
382.899 0.0947222
382.859 0.0947436
382.82 0.094765
382.781 0.0947863
382.741 0.0948077
382.703 0.0948291
382.662 0.0948504
382.622 0.0948718
382.582 0.0948932
382.543 0.0949145
382.504 0.0949359
382.464 0.0949573
382.426 0.0949786
382.385 0.095
382.344 0.0950214
382.304 0.0950427
382.268 0.0950641
382.226 0.0950855
382.186 0.0951068
382.146 0.0951282
382.107 0.0951496
382.067 0.0951709
382.027 0.0951923
381.988 0.0952137
381.949 0.095235
381.908 0.0952564
381.867 0.0952778
381.831 0.0952991
381.79 0.0953205
381.75 0.0953419
381.711 0.0953632
381.671 0.0953846
381.631 0.095406
381.591 0.0954274
381.552 0.0954487
381.513 0.0954701
381.473 0.0954915
381.433 0.0955128
381.394 0.0955342
381.352 0.0955556
381.314 0.0955769
381.276 0.0955983
381.235 0.0956197
381.195 0.095641
381.156 0.0956624
381.116 0.0956838
381.076 0.0957051
381.036 0.0957265
380.995 0.0957479
380.956 0.0957692
380.917 0.0957906
380.878 0.095812
380.838 0.0958333
380.8 0.0958547
380.759 0.0958761
380.719 0.0958974
380.679 0.0959188
380.641 0.0959402
380.6 0.0959615
380.56 0.0959829
380.521 0.0960043
380.481 0.0960256
380.442 0.096047
380.402 0.0960684
380.36 0.0960897
380.324 0.0961111
380.284 0.0961325
380.243 0.0961538
380.204 0.0961752
380.165 0.0961966
380.123 0.0962179
380.086 0.0962393
380.046 0.0962607
380.005 0.0962821
379.966 0.0963034
379.927 0.0963248
379.887 0.0963462
379.849 0.0963675
379.809 0.0963889
379.768 0.0964103
379.728 0.0964316
379.689 0.096453
379.649 0.0964744
379.609 0.0964957
379.569 0.0965171
379.53 0.0965385
379.491 0.0965598
379.45 0.0965812
379.411 0.0966026
379.375 0.0966239
379.331 0.0966453
379.292 0.0966667
379.253 0.096688
379.213 0.0967094
379.173 0.0967308
379.134 0.0967521
379.093 0.0967735
379.056 0.0967949
379.017 0.0968162
378.976 0.0968376
378.935 0.096859
378.899 0.0968803
378.856 0.0969017
378.818 0.0969231
378.777 0.0969444
378.736 0.0969658
378.697 0.0969872
378.658 0.0970085
378.619 0.0970299
378.579 0.0970513
378.539 0.0970726
378.5 0.097094
378.459 0.0971154
378.422 0.0971368
378.381 0.0971581
378.342 0.0971795
378.301 0.0972009
378.262 0.0972222
378.223 0.0972436
378.184 0.097265
378.144 0.0972863
378.102 0.0973077
378.064 0.0973291
378.024 0.0973504
377.985 0.0973718
377.944 0.0973932
377.905 0.0974145
377.866 0.0974359
377.825 0.0974573
377.787 0.0974786
377.745 0.0975
377.708 0.0975214
377.666 0.0975427
377.628 0.0975641
377.588 0.0975855
377.548 0.0976068
377.508 0.0976282
377.469 0.0976496
377.43 0.0976709
377.39 0.0976923
377.35 0.0977137
377.311 0.097735
377.272 0.0977564
377.232 0.0977778
377.192 0.0977991
377.154 0.0978205
377.114 0.0978419
377.072 0.0978632
377.033 0.0978846
376.993 0.097906
376.955 0.0979274
376.916 0.0979487
376.876 0.0979701
376.835 0.0979915
376.796 0.0980128
376.757 0.0980342
376.718 0.0980556
376.677 0.0980769
376.637 0.0980983
376.598 0.0981197
376.558 0.098141
376.519 0.0981624
376.479 0.0981838
376.44 0.0982051
376.4 0.0982265
376.359 0.0982479
376.32 0.0982692
376.281 0.0982906
376.24 0.098312
376.197 0.0983333
376.162 0.0983547
376.12 0.0983761
376.082 0.0983974
376.042 0.0984188
376.003 0.0984402
375.964 0.0984615
375.924 0.0984829
375.884 0.0985043
375.844 0.0985256
375.805 0.098547
375.765 0.0985684
375.721 0.0985897
375.684 0.0986111
375.644 0.0986325
375.606 0.0986538
375.568 0.0986752
375.527 0.0986966
375.487 0.0987179
375.449 0.0987393
375.409 0.0987607
375.369 0.0987821
375.329 0.0988034
375.29 0.0988248
375.25 0.0988462
375.21 0.0988675
375.17 0.0988889
375.13 0.0989103
375.09 0.0989316
375.051 0.098953
375.011 0.0989744
374.973 0.0989957
374.931 0.0990171
374.892 0.0990385
374.853 0.0990598
374.813 0.0990812
374.776 0.0991026
374.734 0.0991239
374.694 0.0991453
374.655 0.0991667
374.617 0.099188
374.576 0.0992094
374.538 0.0992308
374.498 0.0992521
374.46 0.0992735
374.417 0.0992949
374.376 0.0993162
374.338 0.0993376
374.299 0.099359
374.258 0.0993803
374.218 0.0994017
374.179 0.0994231
374.139 0.0994444
374.1 0.0994658
374.059 0.0994872
374.023 0.0995085
373.981 0.0995299
373.941 0.0995513
373.901 0.0995726
373.862 0.099594
373.821 0.0996154
373.781 0.0996368
373.745 0.0996581
373.703 0.0996795
373.664 0.0997009
373.625 0.0997222
373.585 0.0997436
373.546 0.099765
373.506 0.0997863
373.466 0.0998077
373.426 0.0998291
373.385 0.0998504
373.347 0.0998718
373.307 0.0998932
373.268 0.0999145
373.229 0.0999359
373.191 0.0999573
373.147 0.0999786
373.109 0.1
373.07 0.100021
373.031 0.100043
