0.2 1.3962e-10
0.4 5.06099e-13
0.6 -1.13618e-12
0.8 -1.80917e-12
1 -1.80382e-12
0.76071 2.49789e-05
1.52169 4.99559e-05
2.28283 7.49319e-05
3.04348 9.99111e-05
3.80435 0.000124889
4.56529 0.000149867
5.32608 0.000174845
6.08699 0.000199823
6.84784 0.0002248
7.60872 0.000249778
8.36958 0.000274756
9.1305 0.000299734
9.89129 0.000324712
10.6522 0.00034969
11.413 0.000374667
12.1739 0.000399645
12.9348 0.000424624
13.6956 0.0004496
14.4566 0.000474578
15.2174 0.000499557
15.9782 0.000524535
16.7392 0.000549512
17.5 0.00057449
18.2609 0.000599467
19.0218 0.000624445
19.7826 0.000649423
20.5435 0.000674401
21.3044 0.000699379
22.0653 0.000724356
22.8262 0.000749334
23.587 0.000774312
24.3479 0.000799289
25.1089 0.000824267
25.8695 0.000849246
26.6305 0.000874223
27.3913 0.000899201
28.1523 0.000924179
28.9129 0.000949157
29.674 0.000974134
30.4348 0.000999112
31.1957 0.00102409
31.9566 0.00104907
32.7175 0.00107405
33.4783 0.00109902
34.2392 0.001124
35 0.00114898
35.7609 0.00117396
36.5218 0.00119893
37.2827 0.00122391
38.0435 0.00124889
38.8044 0.00127387
39.5653 0.00129885
40.3262 0.00132382
41.087 0.0013488
41.8479 0.00137378
42.6089 0.00139876
43.3696 0.00142373
44.1306 0.00144871
44.8914 0.00147369
45.6523 0.00149867
46.4131 0.00152365
47.1741 0.00154862
47.935 0.0015736
48.6957 0.00159858
49.4566 0.00162356
50.2176 0.00164853
50.9784 0.00167351
51.7392 0.00169849
52.5 0.00172347
53.2614 0.00174844
54.0217 0.00177342
54.7827 0.0017984
55.5436 0.00182338
56.3045 0.00184836
57.0653 0.00187334
57.8262 0.00189831
58.5871 0.00192329
59.3478 0.00194827
60.1088 0.00197325
60.8697 0.00199822
61.6305 0.0020232
62.3914 0.00204818
63.1523 0.00207316
63.9132 0.00209814
64.674 0.00212311
65.4351 0.00214809
66.1958 0.00217307
66.9567 0.00219805
67.7175 0.00222302
68.4784 0.002248
69.2393 0.00227298
70.0001 0.00229796
70.761 0.00232294
71.5219 0.00234791
72.2827 0.00237289
73.0436 0.00239787
73.8045 0.00242285
74.5654 0.00244782
75.3262 0.0024728
76.0871 0.00249778
76.848 0.00252276
77.6087 0.00254774
78.3697 0.00257271
79.1307 0.00259769
79.8914 0.00262267
80.6524 0.00264765
81.4133 0.00267262
82.1741 0.0026976
82.9349 0.00272258
83.6958 0.00274756
84.4567 0.00277254
85.2176 0.00279751
85.9785 0.00282249
86.7393 0.00284747
87.5002 0.00287245
88.261 0.00289742
89.0219 0.0029224
89.7828 0.00294738
90.5437 0.00297236
91.3045 0.00299734
92.0655 0.00302231
92.8263 0.00304729
93.5871 0.00307227
94.3481 0.00309725
95.1089 0.00312222
95.8697 0.0031472
96.6307 0.00317218
97.3916 0.00319716
98.1524 0.00322214
98.9133 0.00324711
99.674 0.00327209
100.435 0.00329707
101.196 0.00332205
101.957 0.00334703
102.718 0.003372
103.478 0.00339698
104.239 0.00342196
105 0.00344694
105.761 0.00347191
106.522 0.00349689
107.283 0.00352187
108.044 0.00354685
108.805 0.00357183
109.565 0.0035968
110.326 0.00362178
111.087 0.00364676
111.848 0.00367174
112.609 0.00369672
113.37 0.00372169
114.131 0.00374667
114.892 0.00377165
115.652 0.00379663
116.413 0.0038216
117.174 0.00384658
117.935 0.00387156
118.696 0.00389654
119.457 0.00392151
120.218 0.00394649
120.978 0.00397147
121.739 0.00399645
122.5 0.00402143
123.261 0.0040464
124.022 0.00407138
124.783 0.00409636
125.544 0.00412134
126.305 0.00414632
127.065 0.00417129
127.826 0.00419627
128.587 0.00422125
129.348 0.00424623
130.109 0.0042712
130.87 0.00429618
131.631 0.00432116
132.392 0.00434614
133.153 0.00437112
133.913 0.00439609
134.674 0.00442107
135.435 0.00444605
136.196 0.00447103
136.957 0.004496
137.718 0.00452098
138.479 0.00454596
139.239 0.00457094
140 0.00459592
140.761 0.00462089
141.522 0.00464587
142.283 0.00467085
143.044 0.00469583
143.805 0.0047208
144.566 0.00474578
145.326 0.00477076
146.087 0.00479574
146.848 0.00482072
147.609 0.00484569
148.37 0.00487067
149.131 0.00489565
149.892 0.00492063
150.652 0.00494561
151.413 0.00497058
152.174 0.00499556
152.935 0.00502054
153.696 0.00504552
154.457 0.00507049
155.218 0.00509547
155.978 0.00512045
156.739 0.00514543
157.5 0.00517041
158.261 0.00519538
159.022 0.00522036
159.783 0.00524534
160.544 0.00527032
161.305 0.00529529
162.066 0.00532027
162.826 0.00534525
163.587 0.00537023
164.348 0.00539521
165.109 0.00542018
165.87 0.00544516
166.631 0.00547014
167.392 0.00549512
168.152 0.00552009
168.913 0.00554507
169.674 0.00557005
170.435 0.00559503
171.196 0.00562001
171.957 0.00564498
172.718 0.00566996
173.479 0.00569494
174.239 0.00571992
175 0.00574489
175.761 0.00576987
176.522 0.00579485
177.283 0.00581983
178.044 0.00584481
178.805 0.00586978
179.565 0.00589476
180.326 0.00591974
181.087 0.00594472
181.848 0.00596969
182.609 0.00599467
183.37 0.00601965
184.131 0.00604463
184.892 0.00606961
185.653 0.00609458
186.413 0.00611956
187.174 0.00614454
187.935 0.00616952
188.696 0.0061945
189.457 0.00621947
190.218 0.00624445
190.979 0.00626943
191.74 0.00629441
192.5 0.00631938
193.261 0.00634436
194.022 0.00636934
194.783 0.00639432
195.544 0.0064193
196.305 0.00644427
197.066 0.00646925
197.826 0.00649423
198.587 0.00651921
199.348 0.00654418
200.109 0.00656916
200.87 0.00659414
201.631 0.00661912
202.392 0.0066441
203.153 0.00666907
203.913 0.00669405
204.674 0.00671903
205.435 0.00674401
206.196 0.00676899
206.957 0.00679396
207.718 0.00681894
208.479 0.00684392
209.24 0.0068689
210 0.00689387
210.761 0.00691885
211.522 0.00694383
212.283 0.00696881
213.044 0.00699378
213.805 0.00701876
214.566 0.00704374
215.327 0.00706872
216.087 0.0070937
216.848 0.00711867
217.609 0.00714365
218.37 0.00716863
219.131 0.00719361
219.892 0.00721858
220.653 0.00724356
221.413 0.00726854
222.174 0.00729352
222.935 0.0073185
223.696 0.00734347
224.457 0.00736845
225.218 0.00739343
225.979 0.00741841
226.739 0.00744339
227.5 0.00746836
228.261 0.00749334
229.022 0.00751832
229.783 0.0075433
230.544 0.00756827
231.305 0.00759325
232.066 0.00761823
232.826 0.00764321
233.587 0.00766818
234.348 0.00769316
235.109 0.00771814
235.87 0.00774312
236.631 0.0077681
237.392 0.00779307
238.153 0.00781805
238.913 0.00784303
239.674 0.00786801
240.435 0.00789299
241.196 0.00791796
241.957 0.00794294
242.718 0.00796792
243.479 0.0079929
244.24 0.00801787
245 0.00804285
245.761 0.00806783
246.522 0.00809281
247.283 0.00811779
248.044 0.00814276
248.805 0.00816774
249.566 0.00819272
250.327 0.0082177
251.087 0.00824268
251.848 0.00826765
252.609 0.00829263
253.37 0.00831761
254.131 0.00834259
254.892 0.00836756
255.653 0.00839254
256.414 0.00841752
257.174 0.0084425
257.935 0.00846748
258.696 0.00849245
259.457 0.00851743
260.218 0.00854241
260.979 0.00856739
261.74 0.00859236
262.501 0.00861734
263.261 0.00864232
264.022 0.0086673
264.783 0.00869228
265.544 0.00871725
266.305 0.00874223
267.066 0.00876721
267.827 0.00879219
268.588 0.00881716
269.348 0.00884214
270.109 0.00886712
270.87 0.0088921
271.631 0.00891708
272.392 0.00894205
273.153 0.00896703
273.914 0.00899201
274.674 0.00901699
275.435 0.00904197
276.196 0.00906694
276.957 0.00909192
277.718 0.0091169
278.479 0.00914188
279.24 0.00916685
280.001 0.00919183
280.762 0.00921681
281.522 0.00924179
282.283 0.00926676
283.044 0.00929174
283.805 0.00931672
284.566 0.0093417
285.327 0.00936668
286.056 0.00939097
286.783 0.00941525
287.468 0.00943915
288.119 0.00946287
288.751 0.00948668
289.36 0.00951062
289.968 0.00953455
290.577 0.00955848
291.185 0.00958241
291.793 0.00960634
292.393 0.0096307
292.96 0.00965521
293.499 0.0096795
294.038 0.00970379
294.577 0.00972808
295.116 0.00975237
295.656 0.00977665
296.195 0.00980094
296.734 0.00982523
297.273 0.00984952
297.813 0.00987381
298.352 0.0098981
298.891 0.00992239
299.43 0.00994668
299.969 0.00997097
300.508 0.00999526
301.048 0.0100195
301.587 0.0100438
302.126 0.0100681
302.665 0.0100924
303.204 0.0101167
303.743 0.010141
304.283 0.0101653
304.822 0.0101896
305.361 0.0102139
305.9 0.0102382
306.439 0.0102624
306.978 0.0102867
307.518 0.010311
308.057 0.0103353
308.596 0.0103596
309.135 0.0103839
309.674 0.0104082
310.214 0.0104325
310.753 0.0104568
311.292 0.010481
311.831 0.0105053
312.37 0.0105296
312.91 0.0105539
313.449 0.0105782
313.988 0.0106025
314.527 0.0106268
315.066 0.0106511
315.605 0.0106754
316.145 0.0106996
316.684 0.0107239
317.223 0.0107482
317.762 0.0107725
318.301 0.0107968
318.84 0.0108211
319.38 0.0108454
319.919 0.0108697
320.458 0.010894
320.997 0.0109183
321.536 0.0109425
322.075 0.0109668
322.615 0.0109911
323.154 0.0110154
323.693 0.0110397
324.232 0.011064
324.771 0.0110883
325.31 0.0111126
325.85 0.0111369
326.389 0.0111611
326.928 0.0111854
327.467 0.0112097
328.006 0.011234
328.545 0.0112583
329.085 0.0112826
329.624 0.0113069
330.163 0.0113312
330.702 0.0113555
331.241 0.0113798
331.781 0.011404
332.319 0.0114283
332.859 0.0114526
333.398 0.0114769
333.937 0.0115012
334.476 0.0115255
335.016 0.0115498
335.555 0.0115741
336.094 0.0115984
336.633 0.0116226
337.172 0.0116469
337.697 0.011672
338.222 0.011697
338.746 0.0117221
339.271 0.0117471
339.795 0.0117722
340.32 0.0117972
340.845 0.0118223
341.369 0.0118473
341.894 0.0118724
342.418 0.0118974
342.943 0.0119225
343.468 0.0119475
343.992 0.0119726
344.517 0.0119976
345.041 0.0120227
345.566 0.0120477
346.091 0.0120728
346.615 0.0120978
347.14 0.0121229
347.664 0.0121479
348.189 0.012173
348.714 0.012198
349.238 0.0122231
349.763 0.0122481
350.287 0.0122732
350.812 0.0122982
351.336 0.0123233
351.861 0.0123483
352.386 0.0123734
352.91 0.0123984
353.435 0.0124235
353.96 0.0124485
354.484 0.0124736
354.994 0.0124982
355.484 0.0125224
355.975 0.0125465
356.466 0.0125706
356.955 0.0125947
357.446 0.0126189
357.936 0.012643
358.426 0.0126671
358.917 0.0126912
359.407 0.0127154
359.897 0.0127395
360.387 0.0127636
360.878 0.0127877
361.368 0.0128119
361.859 0.012836
362.349 0.0128601
362.839 0.0128842
363.329 0.0129084
363.82 0.0129325
364.297 0.0129567
364.772 0.0129809
365.247 0.0130051
365.722 0.0130293
366.197 0.0130536
366.672 0.0130778
367.147 0.013102
367.622 0.0131262
368.097 0.0131504
368.572 0.0131746
369.047 0.0131988
369.522 0.0132231
369.996 0.0132473
370.472 0.0132715
370.947 0.0132957
371.422 0.0133199
371.896 0.0133441
372.371 0.0133683
372.847 0.0133925
373.321 0.0134168
373.796 0.013441
374.271 0.0134652
374.746 0.0134894
375.221 0.0135136
375.696 0.0135378
376.165 0.0135619
376.603 0.0135851
377.03 0.0136084
377.448 0.0136318
377.867 0.0136553
378.286 0.0136787
378.705 0.0137021
379.124 0.0137255
379.542 0.0137489
379.961 0.0137723
380.38 0.0137957
380.799 0.0138191
381.217 0.0138425
381.636 0.0138659
382.055 0.0138893
382.474 0.0139127
382.893 0.0139361
383.311 0.0139595
383.73 0.0139829
384.145 0.0140064
384.548 0.0140299
384.951 0.0140534
385.354 0.0140769
385.757 0.0141004
386.16 0.0141239
386.563 0.0141474
386.965 0.0141709
387.368 0.0141944
387.771 0.0142179
388.174 0.0142414
388.577 0.0142649
388.98 0.0142884
389.383 0.0143119
389.786 0.0143354
390.189 0.0143589
390.592 0.0143824
390.994 0.0144059
391.398 0.0144294
391.8 0.0144529
392.203 0.0144764
392.606 0.0144999
393.009 0.0145234
393.412 0.0145469
393.815 0.0145704
394.218 0.0145939
394.621 0.0146174
395.024 0.0146409
395.427 0.0146644
395.808 0.0146881
396.19 0.0147118
396.571 0.0147355
396.952 0.0147592
397.334 0.0147828
397.715 0.0148065
398.096 0.0148302
398.478 0.0148539
398.859 0.0148776
399.241 0.0149013
399.622 0.0149249
400.003 0.0149486
400.384 0.0149723
400.766 0.014996
401.147 0.0150197
401.528 0.0150434
401.91 0.0150671
402.291 0.0150907
402.642 0.0151164
402.983 0.0151426
403.326 0.0151688
403.668 0.015195
403.986 0.0152227
404.297 0.0152509
404.609 0.0152791
404.92 0.0153072
405.231 0.0153354
405.543 0.0153636
405.854 0.0153918
406.166 0.0154199
406.477 0.0154481
406.789 0.0154763
407.1 0.0155045
407.411 0.0155326
407.723 0.0155608
408.034 0.015589
408.346 0.0156172
408.657 0.0156453
408.968 0.0156735
409.28 0.0157017
409.591 0.0157299
409.86 0.0157607
410.132 0.0157915
410.402 0.0158224
410.671 0.0158533
410.941 0.0158841
411.211 0.015915
411.481 0.0159459
411.751 0.0159767
412.02 0.0160076
412.291 0.0160384
412.56 0.0160693
412.83 0.0161002
413.1 0.016131
413.369 0.0161619
413.64 0.0161928
413.909 0.0162236
414.179 0.0162545
414.449 0.0162854
414.719 0.0163162
414.988 0.0163471
415.258 0.016378
415.527 0.0164088
415.793 0.0164395
416.06 0.0164702
416.326 0.0165008
416.593 0.0165315
416.86 0.0165622
417.125 0.016593
417.389 0.0166239
417.653 0.0166548
417.916 0.0166856
418.181 0.0167165
418.445 0.0167474
418.708 0.0167783
418.972 0.0168092
419.236 0.01684
419.499 0.0168709
419.764 0.0169018
420.027 0.0169327
420.291 0.0169635
420.554 0.0169944
420.819 0.0170253
421.083 0.0170562
421.344 0.0170869
421.595 0.0171168
421.83 0.0171455
422.047 0.0171728
422.242 0.0171987
422.438 0.0172246
422.634 0.0172504
422.83 0.0172763
423.027 0.0173022
423.223 0.017328
423.418 0.0173539
423.615 0.0173798
423.811 0.0174057
424.007 0.0174315
424.203 0.0174574
424.399 0.0174833
424.594 0.0175091
424.791 0.017535
424.987 0.0175609
425.184 0.0175867
425.379 0.0176126
425.576 0.0176385
425.772 0.0176643
425.968 0.0176902
426.164 0.0177161
426.36 0.0177419
426.555 0.0177678
426.748 0.0177937
426.94 0.0178197
427.132 0.0178456
427.324 0.0178715
427.516 0.0178975
427.708 0.0179234
427.9 0.0179493
428.093 0.0179753
428.285 0.0180012
428.477 0.0180271
428.669 0.0180531
428.861 0.018079
429.054 0.0181049
429.246 0.0181309
429.438 0.0181568
429.63 0.0181827
429.823 0.0182086
430.014 0.0182346
430.207 0.0182605
430.399 0.0182864
430.591 0.0183124
430.783 0.0183383
430.975 0.0183642
431.167 0.0183902
431.359 0.0184161
431.552 0.018442
431.744 0.018468
431.936 0.0184939
432.128 0.0185198
432.32 0.0185458
432.513 0.0185717
432.701 0.0185974
432.887 0.018623
433.071 0.0186486
433.248 0.0186737
433.425 0.0186989
433.602 0.018724
433.778 0.0187492
433.955 0.0187743
434.132 0.0187995
434.309 0.0188247
434.486 0.0188498
434.663 0.018875
434.84 0.0189001
435.017 0.0189253
435.179 0.0189493
435.324 0.0189723
435.45 0.0189939
435.547 0.0190135
435.644 0.019033
435.742 0.0190527
435.839 0.0190722
435.937 0.0190919
436.033 0.0191117
436.13 0.0191314
436.226 0.0191512
436.323 0.0191709
436.421 0.0191907
436.516 0.0192104
436.613 0.0192302
436.709 0.0192499
436.805 0.0192697
436.902 0.0192894
437 0.0193092
437.096 0.0193289
437.192 0.0193487
437.288 0.0193685
437.378 0.0193885
437.462 0.0194088
437.545 0.0194291
437.629 0.0194494
437.709 0.0194698
437.78 0.0194905
437.838 0.0195116
437.898 0.0195328
437.953 0.0195541
438.011 0.0195751
438.047 0.0195963
438.112 0.0196172
438.188 0.0196386
438.243 0.0196598
438.302 0.0196809
438.355 0.0197021
438.413 0.0197232
438.47 0.0197444
438.528 0.0197655
438.585 0.0197867
438.642 0.0198079
438.699 0.019829
438.758 0.0198502
438.816 0.0198714
438.873 0.0198926
438.93 0.0199137
438.987 0.0199349
439.044 0.019956
439.103 0.0199771
439.161 0.0199983
439.217 0.0200195
439.277 0.0200407
439.331 0.0200618
439.39 0.0200829
439.447 0.0201041
439.505 0.0201252
439.559 0.0201464
439.619 0.0201676
439.676 0.0201888
439.735 0.0202099
439.794 0.0202309
439.85 0.0202522
439.906 0.0202734
439.964 0.0202946
440.023 0.0203157
440.079 0.0203369
440.137 0.0203581
440.194 0.0203792
440.253 0.0204004
440.31 0.0204215
440.366 0.0204427
440.423 0.0204638
440.481 0.020485
440.537 0.0205061
440.596 0.0205273
440.652 0.0205484
440.71 0.0205696
440.77 0.0205908
440.825 0.020612
440.885 0.0206331
440.94 0.0206542
440.998 0.0206755
441.054 0.0206966
441.112 0.0207177
441.168 0.0207389
441.226 0.02076
441.286 0.0207811
441.334 0.0208021
441.406 0.0208235
441.454 0.0208446
441.513 0.0208658
441.581 0.0208869
441.629 0.0209082
441.691 0.0209294
441.755 0.0209504
441.803 0.0209717
441.859 0.0209928
441.912 0.0210141
441.976 0.0210351
442.031 0.0210563
442.095 0.0210774
442.147 0.0210986
442.203 0.0211197
442.258 0.021141
442.319 0.0211621
442.376 0.0211832
442.432 0.0212044
442.489 0.0212255
442.543 0.0212463
442.583 0.0212668
442.624 0.0212873
442.676 0.0213078
442.724 0.0213282
442.753 0.0213474
442.771 0.0213665
442.785 0.0213856
442.813 0.0214043
442.85 0.0214233
442.854 0.0214426
442.876 0.0214613
442.895 0.0214804
442.907 0.0214992
442.937 0.0215183
442.952 0.0215374
442.978 0.0215564
443.025 0.0215752
443.017 0.021594
443.017 0.0216132
443.072 0.0216321
443.077 0.021651
443.102 0.0216702
443.108 0.0216894
443.158 0.0217081
443.168 0.0217272
443.182 0.0217461
443.212 0.0217652
443.225 0.0217841
443.246 0.0218031
443.268 0.0218221
443.277 0.0218407
443.295 0.0218597
443.343 0.0218789
443.209 0.0218982
443.37 0.021917
443.39 0.021936
443.44 0.0219545
443.526 0.0219717
443.551 0.0219903
443.474 0.0220119
443.471 0.0220305
443.506 0.0220494
443.514 0.0220681
443.48 0.0220858
443.576 0.0221068
443.597 0.0221258
443.648 0.0221439
443.633 0.0221634
443.662 0.0221829
443.68 0.0222018
443.693 0.0222207
443.73 0.0222397
443.742 0.0222587
443.762 0.0222776
443.735 0.0222956
443.802 0.0223156
443.823 0.0223346
443.839 0.0223533
443.87 0.0223723
443.812 0.0223902
443.907 0.0224105
443.937 0.0224297
443.948 0.0224486
443.955 0.0224673
443.985 0.0224867
444.004 0.0225058
444.023 0.0225249
444.042 0.0225441
444.061 0.022563
444.08 0.0225821
444.099 0.0226012
444.118 0.0226202
444.133 0.0226393
444.151 0.0226579
444.134 0.0226758
444.195 0.0226966
444.207 0.0227154
444.233 0.0227348
444.253 0.0227538
444.269 0.0227727
444.29 0.022792
444.302 0.0228108
444.313 0.0228299
444.347 0.0228492
444.366 0.0228683
444.385 0.0228874
444.406 0.0229064
444.424 0.0229255
444.442 0.0229446
444.47 0.022964
444.48 0.0229826
444.494 0.0230016
444.518 0.0230209
444.535 0.0230398
444.556 0.0230589
444.572 0.0230782
444.595 0.0230974
444.61 0.0231163
444.633 0.0231356
444.652 0.0231545
444.671 0.0231736
444.69 0.0231926
444.709 0.0232119
444.73 0.0232307
444.747 0.0232499
444.766 0.023269
444.785 0.023288
444.806 0.0233073
444.823 0.0233262
444.841 0.0233452
444.845 0.0233639
444.88 0.0233834
444.906 0.0234023
444.918 0.0234214
444.937 0.0234406
444.953 0.0234595
444.978 0.0234789
444.996 0.023498
445.016 0.0235171
445.03 0.0235363
445.053 0.023555
445.071 0.0235741
445.091 0.0235934
445.109 0.0236123
445.13 0.0236315
445.148 0.0236505
445.167 0.0236697
445.182 0.0236887
445.205 0.0237078
445.224 0.0237269
445.243 0.023746
445.262 0.023765
445.28 0.0237841
445.297 0.0238031
445.324 0.0238225
445.338 0.0238414
445.356 0.0238604
445.375 0.0238795
445.395 0.0238986
445.414 0.0239177
445.433 0.0239367
445.452 0.0239558
445.483 0.0239746
445.499 0.0239936
445.51 0.024013
445.529 0.0240322
445.547 0.0240512
445.565 0.0240703
445.585 0.0240894
445.604 0.0241085
445.625 0.0241276
445.643 0.0241466
445.662 0.0241657
445.683 0.0241847
445.7 0.0242038
445.719 0.0242229
445.738 0.0242419
445.757 0.0242611
445.781 0.02428
445.792 0.0242992
445.813 0.0243183
445.831 0.0243373
445.852 0.0243564
445.871 0.0243755
445.89 0.0243946
445.908 0.0244137
445.93 0.0244326
445.947 0.0244519
445.966 0.0244709
445.986 0.02449
446.005 0.0245091
446.023 0.0245282
446.042 0.0245473
446.056 0.0245662
446.08 0.0245855
446.101 0.0246045
446.118 0.0246236
446.135 0.0246427
446.15 0.0246617
446.174 0.0246808
446.196 0.0247
446.214 0.024719
446.233 0.024738
446.251 0.0247572
446.28 0.0247761
446.286 0.0247952
446.309 0.0248144
446.329 0.0248334
446.368 0.0248521
446.363 0.0248718
446.384 0.0248907
446.399 0.02491
446.424 0.0249288
446.443 0.0249479
446.461 0.024967
446.48 0.0249861
446.498 0.025005
446.516 0.0250245
446.539 0.0250433
446.55 0.0250625
446.576 0.0250816
446.595 0.0251006
446.569 0.0251196
446.632 0.0251388
446.65 0.0251577
446.668 0.0251768
446.691 0.025196
446.71 0.0252151
446.72 0.0252345
446.744 0.0252532
446.767 0.0252723
446.811 0.0252913
446.802 0.0253105
446.839 0.025329
446.842 0.0253486
446.866 0.0253675
446.879 0.0253868
446.892 0.0254058
446.92 0.025425
446.941 0.0254439
446.957 0.0254631
446.974 0.0254822
446.988 0.0255014
447.015 0.0255203
447.034 0.0255394
447.05 0.0255582
447.075 0.0255773
447.085 0.0255968
447.109 0.0256157
447.132 0.0256348
447.146 0.0256545
447.167 0.025673
447.186 0.025692
447.205 0.0257111
447.224 0.0257301
447.244 0.0257491
447.262 0.0257683
447.277 0.0257876
447.301 0.0258063
447.322 0.0258256
447.338 0.0258446
447.358 0.0258637
447.374 0.0258829
447.4 0.0259018
447.401 0.0259212
447.434 0.02594
447.444 0.0259593
447.421 0.0259792
447.491 0.0259973
447.512 0.0260163
447.529 0.0260354
447.552 0.0260545
447.567 0.0260736
447.587 0.0260925
447.586 0.0261119
447.624 0.0261308
447.645 0.0261498
447.662 0.026169
447.682 0.0261881
447.701 0.0262071
447.719 0.026226
447.73 0.0262451
447.827 0.0262631
447.777 0.0262834
447.794 0.0263025
447.826 0.0263216
447.836 0.0263407
447.825 0.0263598
447.872 0.0263788
447.914 0.0263976
447.905 0.0264168
447.927 0.026436
447.949 0.0264553
447.961 0.0264741
447.837 0.0264939
448.005 0.0265124
448.013 0.0265324
448.043 0.0265505
448.064 0.0265697
448.082 0.0265887
448.099 0.0266079
448.115 0.0266272
448.129 0.0266465
448.148 0.0266658
448.162 0.0266854
448.181 0.0267044
448.197 0.0267237
448.21 0.0267426
448.217 0.0267629
448.222 0.0267825
448.238 0.0268026
448.253 0.0268221
448.262 0.0268418
448.256 0.0268617
448.276 0.0268813
448.297 0.0269009
448.308 0.0269207
448.318 0.0269404
448.328 0.0269602
448.338 0.0269798
448.464 0.0269982
448.361 0.0270194
448.371 0.0270393
448.38 0.0270589
448.393 0.0270788
448.403 0.0270983
448.414 0.0271181
448.408 0.0271381
448.435 0.0271575
448.445 0.0271773
448.46 0.0271973
448.466 0.0272168
448.478 0.0272368
448.486 0.0272563
448.498 0.027276
448.509 0.0272957
448.528 0.0273154
448.53 0.0273352
448.543 0.0273549
448.575 0.0273741
448.572 0.0273947
448.572 0.0274136
448.583 0.0274339
448.542 0.0274544
448.612 0.0274731
448.619 0.0274932
448.625 0.0275128
448.636 0.0275326
448.646 0.0275523
448.657 0.0275721
448.651 0.027592
448.684 0.0276115
448.706 0.0276307
448.699 0.027651
448.698 0.027671
448.718 0.0276909
448.72 0.0277108
448.742 0.02773
448.752 0.0277497
448.76 0.0277695
448.773 0.0277892
448.769 0.0278089
448.795 0.0278287
448.788 0.0278487
448.816 0.0278681
448.826 0.0278879
448.828 0.0279075
448.876 0.0279269
448.858 0.0279471
448.868 0.0279668
448.881 0.0279865
448.89 0.0280063
448.903 0.0280262
448.902 0.028046
448.913 0.0280658
448.932 0.0280853
448.943 0.028105
448.942 0.0281249
448.964 0.0281445
448.974 0.0281642
448.974 0.0281837
448.996 0.0282037
449.004 0.0282236
449.003 0.0282431
449.027 0.0282629
449.047 0.0282827
449.049 0.0283024
449.06 0.0283222
449.07 0.0283419
449.074 0.0283616
449.087 0.0283813
449.003 0.0283991
449.111 0.0284208
449.122 0.0284406
449.133 0.0284603
449.144 0.02848
449.154 0.0284998
449.165 0.0285195
449.21 0.0285393
449.183 0.0285591
449.187 0.0285784
449.207 0.0285983
449.218 0.0286182
449.228 0.0286379
449.239 0.0286577
449.249 0.0286775
449.249 0.028697
449.271 0.0287169
449.281 0.0287366
449.292 0.0287564
449.297 0.028776
449.28 0.028796
449.292 0.0288161
449.335 0.0288353
449.318 0.0288555
449.314 0.0288755
449.364 0.0288946
449.376 0.0289143
449.377 0.0289338
449.398 0.0289538
449.408 0.0289735
449.419 0.0289932
449.43 0.029013
449.437 0.0290327
449.45 0.0290524
449.461 0.0290722
449.472 0.029092
449.473 0.0291115
449.468 0.0291309
449.509 0.0291513
449.515 0.0291709
449.523 0.0291903
449.531 0.0292107
449.523 0.0292301
449.556 0.0292498
449.565 0.0292696
449.577 0.0292893
449.588 0.0293089
449.598 0.0293288
449.608 0.0293485
449.621 0.0293684
449.63 0.029388
449.642 0.0294076
449.651 0.0294276
449.66 0.0294472
449.67 0.0294671
449.682 0.0294868
449.694 0.0295065
449.687 0.029526
449.69 0.0295453
449.726 0.0295657
449.736 0.0295854
449.747 0.0296052
449.757 0.0296249
449.777 0.0296448
449.773 0.0296642
449.789 0.0296841
449.8 0.0297038
449.81 0.0297236
449.81 0.0297438
449.831 0.0297631
449.773 0.0297832
449.853 0.0298025
449.863 0.0298223
449.874 0.029842
449.884 0.0298617
449.967 0.0298816
449.905 0.0299012
449.903 0.0299207
449.927 0.0299407
449.937 0.0299604
449.948 0.0299803
449.958 0.0299999
449.968 0.0300196
449.97 0.0300393
449.987 0.030059
450.001 0.0300789
450.014 0.0300996
450.022 0.0301184
450.032 0.0301381
450.043 0.0301578
450.054 0.0301776
450.055 0.0301971
450.079 0.0302171
450.083 0.0302368
450.096 0.0302565
450.115 0.0302756
450.116 0.0302959
450.117 0.0303158
450.138 0.0303355
450.149 0.0303552
450.159 0.0303749
450.157 0.0303939
450.18 0.0304143
450.191 0.0304342
450.191 0.0304538
450.212 0.0304737
450.223 0.0304934
450.261 0.0305129
450.262 0.0305332
450.255 0.0305526
450.264 0.0305723
450.278 0.0305919
450.286 0.0306118
450.322 0.0306321
450.307 0.0306513
450.307 0.0306709
450.329 0.0306908
450.329 0.0307103
450.34 0.03073
450.36 0.03075
450.361 0.0307696
450.381 0.0307895
450.392 0.0308093
450.403 0.030829
450.413 0.0308487
450.423 0.0308684
450.434 0.0308881
450.436 0.0309079
450.45 0.0309274
450.467 0.0309473
450.477 0.0309671
450.487 0.0309869
450.502 0.0310066
450.509 0.0310263
450.508 0.0310457
450.53 0.0310658
450.541 0.0310856
450.551 0.0311053
450.552 0.0311246
450.572 0.0311448
450.583 0.0311645
450.593 0.0311843
450.605 0.031204
450.615 0.0312238
450.625 0.0312435
450.635 0.0312632
450.646 0.031283
450.646 0.0313027
450.667 0.0313224
450.678 0.0313422
450.688 0.0313619
450.699 0.0313817
450.7 0.0314012
450.72 0.0314211
450.731 0.0314409
450.741 0.0314606
450.753 0.0314801
450.763 0.0315003
450.773 0.0315199
450.783 0.0315397
450.794 0.0315593
450.805 0.031579
450.808 0.0315997
450.829 0.0316186
450.837 0.0316382
450.847 0.031658
450.854 0.0316778
450.868 0.0316975
450.878 0.0317174
450.893 0.0317369
450.901 0.0317565
450.91 0.0317764
450.921 0.031796
450.915 0.0318164
450.943 0.0318357
450.953 0.0318554
450.963 0.0318754
450.974 0.0318948
450.984 0.0319146
450.998 0.0319344
451.003 0.0319541
451.016 0.0319738
451.025 0.0319935
451.038 0.0320133
451.048 0.032033
451.058 0.0320528
451.069 0.0320725
451.08 0.0320922
451.09 0.032112
451.101 0.0321317
451.111 0.0321514
451.122 0.0321712
451.133 0.0321909
451.143 0.0322107
451.154 0.0322303
451.165 0.0322501
451.175 0.0322699
451.186 0.0322896
451.196 0.0323094
451.211 0.0323291
451.219 0.0323488
451.228 0.0323686
451.238 0.0323884
451.249 0.0324081
451.258 0.0324277
451.232 0.0324481
451.277 0.0324675
451.291 0.032487
451.294 0.0325073
451.313 0.0325265
451.303 0.0325465
451.333 0.032566
451.345 0.0325856
451.352 0.0326054
451.359 0.0326252
451.378 0.0326448
451.39 0.0326646
451.399 0.0326843
451.409 0.0327041
451.418 0.0327239
451.447 0.0327428
451.44 0.0327634
451.445 0.0327835
451.46 0.0328024
451.471 0.0328221
451.471 0.0328425
451.481 0.0328623
451.502 0.0328818
451.517 0.0329013
451.524 0.0329213
451.541 0.032941
451.545 0.0329608
451.557 0.0329804
451.566 0.0330002
451.577 0.03302
451.588 0.0330399
451.595 0.0330594
451.597 0.0330796
451.631 0.0330986
451.631 0.0331189
451.64 0.0331384
451.651 0.0331581
451.649 0.0331783
451.642 0.0331987
451.682 0.0332175
451.71 0.0332367
451.692 0.0332573
451.717 0.0332767
451.725 0.0332963
451.735 0.0333161
451.747 0.0333358
451.776 0.033355
451.798 0.0333745
451.779 0.0333952
451.789 0.0334145
451.799 0.0334345
451.803 0.0334545
451.82 0.033474
451.834 0.0334939
451.842 0.0335134
451.852 0.0335332
451.863 0.0335529
451.875 0.0335724
451.884 0.0335924
451.895 0.0336121
451.904 0.033632
451.921 0.0336517
451.925 0.0336712
451.931 0.0336911
451.947 0.0337108
451.958 0.0337306
451.97 0.0337506
451.978 0.03377
451.99 0.0337898
452 0.0338095
452.011 0.0338293
452.021 0.033849
452.032 0.0338686
452.043 0.0338885
452.051 0.0339083
452.064 0.0339279
452.074 0.0339477
452.086 0.0339674
452.096 0.0339872
452.106 0.0340069
452.117 0.0340267
452.128 0.0340464
452.138 0.0340661
452.148 0.0340859
452.156 0.0341056
452.172 0.0341251
452.178 0.0341448
452.192 0.034165
452.199 0.0341845
452.216 0.0342046
452.223 0.0342239
452.233 0.0342438
452.235 0.0342634
452.254 0.0342833
452.268 0.0343034
452.28 0.0343226
452.285 0.0343424
452.296 0.0343622
452.306 0.0343819
452.308 0.0344016
452.352 0.0344209
452.361 0.0344412
452.349 0.0344609
452.357 0.0344805
452.371 0.0345005
452.377 0.03452
452.386 0.0345394
452.406 0.0345592
452.418 0.0345792
452.423 0.034599
452.435 0.0346189
452.446 0.0346386
452.455 0.0346583
452.466 0.034678
452.476 0.0346978
452.486 0.0347175
452.496 0.0347371
452.511 0.0347571
452.519 0.0347767
452.529 0.0347965
452.533 0.0348162
452.551 0.0348359
452.551 0.0348554
452.571 0.0348754
452.572 0.0348948
452.594 0.0349148
452.607 0.0349344
452.612 0.0349543
452.624 0.0349741
452.639 0.0349942
452.646 0.0350137
452.651 0.0350332
452.667 0.0350531
452.678 0.0350728
452.692 0.0350926
452.699 0.0351123
452.709 0.035132
452.72 0.0351518
452.732 0.0351715
452.738 0.0351912
452.741 0.0352109
452.762 0.0352307
452.772 0.0352505
452.783 0.0352704
452.795 0.0352899
452.804 0.0353097
452.816 0.0353294
452.826 0.0353491
452.837 0.0353689
452.843 0.0353885
452.857 0.0354083
452.868 0.0354281
452.879 0.0354478
452.888 0.0354677
452.9 0.0354873
452.91 0.0355071
452.934 0.0355269
452.934 0.0355469
452.944 0.0355664
452.953 0.035586
452.963 0.0356057
452.981 0.035625
452.984 0.0356452
452.997 0.0356646
453.005 0.0356844
453.016 0.0357045
453.03 0.035724
453.037 0.0357439
453.048 0.0357636
453.058 0.0357834
453.069 0.0358031
453.079 0.0358227
453.09 0.0358426
453.101 0.0358624
453.111 0.0358821
453.119 0.0359017
453.133 0.0359216
453.143 0.0359413
453.155 0.0359612
453.162 0.0359809
453.177 0.0360001
453.186 0.0360203
453.195 0.03604
453.206 0.0360597
453.217 0.0360794
453.227 0.0360992
453.238 0.0361189
453.248 0.0361387
453.258 0.0361584
453.27 0.0361783
453.28 0.0361979
453.29 0.0362176
453.302 0.0362372
453.313 0.036257
453.323 0.0362769
453.333 0.036297
453.344 0.0363163
453.36 0.0363362
453.369 0.0363558
453.375 0.0363757
453.384 0.0363954
453.397 0.036415
453.408 0.0364348
453.422 0.0364543
453.426 0.0364742
453.439 0.0364938
453.451 0.0365137
453.461 0.0365335
453.473 0.0365532
453.484 0.0365727
453.489 0.0365925
453.503 0.0366124
453.513 0.036632
453.524 0.0366519
453.534 0.0366716
453.544 0.0366911
453.556 0.0367111
453.567 0.0367307
453.576 0.0367504
453.589 0.03677
453.598 0.0367901
453.606 0.03681
453.618 0.0368292
453.63 0.0368492
453.64 0.036869
453.648 0.0368887
453.662 0.0369084
453.672 0.0369283
453.683 0.0369479
453.698 0.0369675
453.703 0.0369876
453.714 0.0370072
453.717 0.0370265
453.735 0.0370467
453.747 0.0370666
453.757 0.0370862
453.756 0.0371063
453.778 0.0371256
453.789 0.0371454
453.79 0.037165
453.81 0.0371848
453.82 0.0372045
453.831 0.0372243
453.843 0.0372439
453.852 0.0372638
453.863 0.0372835
453.876 0.0373033
453.876 0.0373228
453.873 0.0373434
453.871 0.0373617
453.899 0.0373813
454.003 0.0374007
453.912 0.0374203
453.913 0.0374393
453.958 0.0374585
453.933 0.0374789
453.94 0.0374984
453.946 0.0375183
453.954 0.0375375
453.961 0.037557
453.968 0.0375765
453.977 0.0375959
453.974 0.037615
453.99 0.0376351
453.996 0.0376547
454.005 0.0376742
454.011 0.0376937
454.002 0.0377115
454.023 0.0377327
454.032 0.0377523
454.025 0.0377713
454.045 0.0377913
454.068 0.0378121
454.07 0.0378308
454.063 0.0378503
454.059 0.0378693
454.081 0.0378891
454.089 0.0379085
454.095 0.0379282
454.101 0.0379477
454.099 0.0379671
454.115 0.0379868
454.123 0.0380064
454.134 0.038027
454.136 0.0380455
454.143 0.038065
454.151 0.0380846
454.157 0.0381041
454.168 0.038124
454.17 0.0381431
454.179 0.0381628
454.178 0.0381823
454.192 0.0382019
454.199 0.0382214
454.201 0.0382407
454.199 0.0382604
454.218 0.0382801
454.227 0.0382996
454.234 0.0383192
454.241 0.0383389
454.24 0.0383584
454.24 0.038377
454.262 0.0383974
454.269 0.0384169
454.276 0.0384365
454.283 0.038456
454.29 0.0384756
454.291 0.0384951
454.304 0.0385147
454.303 0.0385342
454.318 0.0385538
454.318 0.038573
454.345 0.0385901
454.339 0.0386124
454.346 0.038632
454.353 0.0386515
454.36 0.0386711
454.362 0.0386906
454.346 0.0387094
454.381 0.0387297
454.388 0.0387493
454.391 0.0387688
454.389 0.0387881
454.391 0.0388074
454.416 0.0388274
454.423 0.038847
454.43 0.0388666
454.437 0.0388861
454.444 0.0389056
454.451 0.0389252
454.458 0.0389446
454.465 0.0389643
454.474 0.0389833
454.476 0.0390034
454.486 0.0390229
454.492 0.0390424
454.492 0.0390617
454.501 0.0390811
454.502 0.0391007
454.518 0.03912
454.499 0.0391393
454.518 0.0391588
454.524 0.0391781
454.526 0.0391974
454.526 0.039217
454.531 0.0392359
454.529 0.0392554
454.533 0.0392748
454.541 0.039294
454.547 0.0393136
454.556 0.0393326
454.556 0.0393519
454.555 0.0393715
454.57 0.0393911
454.565 0.0394099
454.566 0.0394295
454.569 0.0394489
454.572 0.0394682
454.573 0.0394875
454.574 0.0395067
454.577 0.0395261
454.588 0.0395455
454.59 0.0395645
454.6 0.0395839
454.601 0.0396033
454.6 0.0396229
454.604 0.0396421
454.606 0.0396616
454.61 0.0396809
454.613 0.0397003
454.621 0.0397194
454.619 0.0397391
454.618 0.0397589
454.627 0.0397776
454.629 0.0397969
454.633 0.0398163
454.637 0.0398356
454.638 0.0398548
454.644 0.0398743
454.642 0.0398933
454.65 0.0399129
454.658 0.0399325
454.657 0.0399516
454.656 0.0399708
454.664 0.0399903
454.666 0.0400094
454.671 0.040029
454.677 0.040049
454.677 0.0400677
454.678 0.0400865
454.684 0.0401064
454.695 0.0401238
454.691 0.0401451
454.694 0.0401644
454.7 0.0401836
454.701 0.040203
454.699 0.0402223
454.714 0.0402413
454.712 0.040261
454.713 0.0402803
454.707 0.0402995
454.722 0.040319
454.724 0.0403384
454.726 0.0403578
454.732 0.0403768
454.73 0.0403967
454.738 0.0404157
454.742 0.0404351
454.742 0.0404544
454.748 0.0404737
454.752 0.0404931
454.756 0.0405124
454.759 0.040532
454.762 0.0405511
454.766 0.0405705
454.768 0.0405898
454.772 0.0406091
454.775 0.0406285
454.775 0.0406481
454.775 0.0406677
454.771 0.0406874
454.775 0.0407066
454.776 0.0407262
454.781 0.0407463
454.779 0.0407651
454.779 0.0407854
454.777 0.0408042
454.777 0.0408237
454.777 0.0408432
454.777 0.0408627
454.774 0.0408825
454.779 0.0409018
454.778 0.0409212
454.781 0.0409405
454.778 0.0409604
454.785 0.0409796
454.779 0.0409993
454.78 0.0410188
454.781 0.0410383
454.782 0.0410576
454.778 0.0410773
454.78 0.0410969
454.786 0.0411165
454.781 0.0411359
454.781 0.0411554
454.788 0.0411752
454.779 0.0411943
454.774 0.0412146
454.787 0.0412328
454.782 0.041253
454.78 0.0412725
454.782 0.0412924
454.792 0.0413116
454.784 0.041331
454.781 0.0413504
454.787 0.0413701
454.782 0.0413896
454.782 0.041409
454.783 0.0414284
454.785 0.0414481
454.785 0.0414676
454.785 0.0414869
454.786 0.0415067
454.785 0.0415262
454.779 0.0415459
454.786 0.0415652
454.787 0.0415847
454.787 0.0416043
454.787 0.0416237
454.789 0.0416433
454.786 0.0416627
454.787 0.0416822
454.787 0.0417018
454.787 0.0417215
454.787 0.0417408
454.792 0.0417604
454.789 0.0417799
454.789 0.0417996
454.787 0.0418187
454.788 0.0418382
454.791 0.041858
454.792 0.0418772
454.795 0.0418969
454.791 0.0419164
454.789 0.041936
454.789 0.0419552
454.788 0.0419745
454.792 0.0419944
454.792 0.042014
454.794 0.0420337
454.793 0.042053
454.795 0.0420728
454.795 0.0420926
454.794 0.0421116
454.797 0.0421309
454.793 0.0421506
454.795 0.0421702
454.79 0.0421898
454.797 0.0422091
454.789 0.0422286
454.795 0.0422481
454.797 0.0422675
454.798 0.0422875
454.792 0.0423068
454.792 0.0423262
454.792 0.0423456
454.794 0.0423651
454.798 0.0423846
454.797 0.0424042
454.796 0.0424238
454.793 0.0424431
454.792 0.0424627
454.799 0.0424818
454.799 0.0425019
454.795 0.0425215
454.795 0.042541
454.791 0.0425604
454.8 0.0425799
454.799 0.0425995
454.793 0.0426191
454.793 0.042639
454.787 0.0426586
454.79 0.0426783
454.784 0.0426979
454.783 0.0427176
454.784 0.0427371
454.776 0.042757
454.779 0.0427764
454.763 0.0427964
454.77 0.0428158
454.765 0.0428357
454.761 0.0428554
454.756 0.0428751
454.752 0.0428948
454.76 0.042914
454.748 0.0429341
454.742 0.0429537
454.741 0.0429734
454.743 0.0429933
454.737 0.0430129
454.733 0.0430326
454.739 0.0430527
454.729 0.0430719
454.724 0.0430917
454.723 0.0431114
454.725 0.0431313
454.717 0.0431507
454.713 0.0431705
454.711 0.0431901
454.705 0.0432098
454.699 0.0432295
454.708 0.0432493
454.699 0.0432689
454.7 0.0432887
454.692 0.0433083
454.694 0.0433277
454.687 0.0433477
454.683 0.0433673
454.681 0.0433867
454.677 0.0434067
454.675 0.0434264
454.67 0.0434464
454.67 0.0434658
454.666 0.0434855
454.664 0.0435051
454.661 0.0435249
454.654 0.0435448
454.651 0.0435645
454.645 0.0435842
454.648 0.0436036
454.65 0.0436231
454.644 0.0436429
454.641 0.0436626
454.637 0.0436825
454.631 0.0437019
454.63 0.0437218
454.626 0.0437416
454.632 0.0437615
454.622 0.0437808
454.619 0.0438005
454.611 0.0438202
454.616 0.04384
454.609 0.0438597
454.608 0.0438796
454.604 0.043899
454.601 0.0439189
454.598 0.0439384
454.595 0.0439581
454.591 0.0439776
454.592 0.0439974
454.584 0.0440172
454.583 0.0440372
454.581 0.0440566
454.577 0.0440758
454.575 0.044096
454.572 0.0441155
454.569 0.0441353
454.568 0.0441544
454.563 0.0441747
454.56 0.0441944
454.557 0.0442137
454.554 0.0442337
454.551 0.0442534
454.549 0.044273
454.544 0.044293
454.553 0.0443123
454.545 0.044332
454.534 0.0443517
454.535 0.044371
454.53 0.0443913
454.527 0.0444109
454.526 0.0444304
454.522 0.0444504
454.519 0.0444701
454.514 0.0444897
454.509 0.0445094
454.5 0.0445296
454.505 0.0445488
454.502 0.0445685
454.504 0.0445882
454.498 0.0446078
454.495 0.0446275
454.494 0.0446472
454.49 0.0446667
454.486 0.0446866
454.483 0.0447063
454.48 0.0447262
454.478 0.0447457
454.472 0.0447654
454.469 0.044785
454.472 0.0448044
454.465 0.0448245
454.463 0.0448441
454.46 0.0448638
454.457 0.0448835
454.455 0.0449032
454.452 0.044923
454.444 0.0449426
454.449 0.044962
454.442 0.0449819
454.437 0.0450018
454.433 0.0450213
454.433 0.045041
454.436 0.0450605
454.429 0.0450804
454.426 0.0451002
454.419 0.04512
454.418 0.0451395
454.414 0.0451592
454.413 0.0451789
454.409 0.0451985
454.407 0.0452182
454.404 0.0452379
454.404 0.0452578
454.399 0.0452773
454.4 0.0452971
454.392 0.0453166
454.391 0.0453362
454.387 0.0453561
454.382 0.0453759
454.38 0.0453955
454.379 0.0454147
454.374 0.0454349
454.371 0.0454546
454.367 0.0454744
454.367 0.045494
454.362 0.0455136
454.354 0.0455334
454.358 0.0455531
454.355 0.0455728
454.352 0.0455923
454.347 0.0456121
454.346 0.045632
454.346 0.0456515
454.338 0.0456711
454.342 0.0456907
454.334 0.0457103
454.331 0.0457302
454.327 0.0457499
454.324 0.0457696
454.32 0.0457892
454.315 0.0458091
454.315 0.0458286
454.313 0.0458484
454.304 0.045868
454.31 0.0458877
454.303 0.0459074
454.3 0.0459271
454.297 0.0459468
454.295 0.0459665
454.293 0.0459862
454.282 0.0460058
454.285 0.0460256
454.282 0.0460452
454.28 0.046065
454.284 0.0460843
454.274 0.0461043
454.271 0.0461242
454.266 0.0461437
454.265 0.0461634
454.261 0.0461831
454.261 0.0462027
454.255 0.0462223
454.253 0.0462422
454.248 0.0462616
454.247 0.0462816
454.244 0.0463012
454.245 0.046321
454.238 0.0463406
454.236 0.0463604
454.235 0.04638
454.229 0.0463996
454.227 0.0464195
454.221 0.046439
454.218 0.046459
454.218 0.0464784
454.216 0.0464981
454.212 0.0465178
454.209 0.0465375
454.207 0.0465571
454.203 0.046577
454.2 0.0465966
454.199 0.0466161
454.195 0.046636
454.193 0.0466557
454.188 0.0466753
454.186 0.046695
454.182 0.0467146
454.179 0.0467344
454.175 0.0467542
454.172 0.046774
454.17 0.0467935
454.164 0.0468134
454.179 0.0468329
454.162 0.0468527
454.158 0.0468722
454.157 0.046892
454.153 0.0469115
454.15 0.0469313
454.145 0.046951
454.144 0.0469707
454.141 0.0469903
454.139 0.04701
454.137 0.0470288
454.131 0.0470495
454.129 0.0470691
454.126 0.0470887
454.115 0.0471089
454.12 0.0471282
454.117 0.0471479
454.116 0.0471675
454.114 0.047187
454.104 0.0472069
454.106 0.0472268
454.103 0.0472464
454.099 0.0472661
454.097 0.0472858
454.093 0.0473055
454.091 0.0473251
454.089 0.0473448
454.084 0.0473644
454.084 0.0473841
454.09 0.0474035
454.076 0.0474236
454.073 0.0474433
454.078 0.047463
454.066 0.0474826
454.053 0.0475025
454.06 0.0475218
454.054 0.0475418
454.057 0.0475615
454.051 0.047581
454.048 0.0476008
454.046 0.0476205
454.044 0.0476402
454.039 0.0476598
454.037 0.0476797
454.036 0.0476993
454.032 0.0477189
454.031 0.0477388
454.026 0.0477583
454.016 0.0477779
453.941 0.0477992
454.017 0.0478174
454.014 0.0478371
454.014 0.0478535
454.008 0.0478764
454.004 0.0478962
454.003 0.0479159
454.008 0.047936
453.996 0.0479552
453.992 0.0479747
453.99 0.0479946
453.987 0.0480142
453.984 0.048034
453.979 0.0480541
453.978 0.0480736
453.978 0.0480926
453.975 0.0481121
453.969 0.0481325
453.966 0.0481521
453.963 0.0481718
453.961 0.0481915
453.961 0.0482109
453.955 0.0482309
453.951 0.0482506
453.949 0.0482703
453.946 0.0482899
453.969 0.0483068
453.94 0.0483293
453.938 0.0483484
453.937 0.0483687
453.93 0.0483885
453.929 0.0484083
453.925 0.0484278
453.924 0.0484473
453.92 0.048467
453.916 0.0484869
453.914 0.0485066
453.91 0.0485262
453.921 0.0485454
453.905 0.0485656
453.904 0.0485854
453.899 0.048605
453.895 0.0486258
453.893 0.0486444
453.89 0.0486641
453.889 0.0486839
453.883 0.0487034
453.884 0.0487227
453.877 0.048743
453.88 0.0487627
453.872 0.0487821
453.869 0.0488019
453.864 0.0488218
453.866 0.0488412
453.86 0.0488612
453.856 0.0488804
453.857 0.0489005
453.85 0.0489199
453.849 0.0489398
453.847 0.0489591
453.842 0.0489792
453.84 0.0489988
453.836 0.0490185
453.834 0.0490382
453.825 0.0490582
453.828 0.0490776
453.824 0.0490972
453.823 0.0491164
453.819 0.0491367
453.821 0.049155
453.812 0.049176
453.81 0.0491957
453.807 0.0492155
453.804 0.0492351
453.802 0.0492548
453.798 0.0492745
453.795 0.0492942
453.791 0.0493137
453.787 0.0493337
453.794 0.049354
453.782 0.0493731
453.781 0.0493927
453.782 0.0494124
453.756 0.0494311
453.764 0.049452
453.768 0.0494713
453.777 0.049491
453.766 0.0495105
453.75 0.0495287
453.75 0.0495503
453.754 0.0495698
453.747 0.0495896
453.748 0.0496092
453.741 0.0496291
453.742 0.0496488
453.743 0.0496683
453.718 0.049689
453.733 0.0497077
453.73 0.0497273
453.727 0.049747
453.724 0.0497667
453.721 0.0497864
453.719 0.0498061
453.715 0.0498258
453.723 0.0498452
453.711 0.0498654
453.707 0.0498849
453.703 0.0499044
453.701 0.0499243
453.698 0.049944
453.695 0.0499637
453.691 0.0499832
453.689 0.050003
453.688 0.0500226
453.683 0.0500424
453.679 0.050062
453.678 0.0500817
453.674 0.0501015
453.671 0.0501212
453.668 0.0501408
453.667 0.0501604
453.663 0.0501802
453.66 0.0501998
453.656 0.0502196
453.656 0.0502394
453.648 0.0502589
453.648 0.0502787
453.645 0.0502984
453.64 0.050318
453.635 0.0503374
453.635 0.0503576
453.633 0.0503771
453.63 0.0503968
453.628 0.0504166
453.624 0.0504362
453.624 0.050456
453.622 0.0504753
453.614 0.0504953
453.616 0.050515
453.613 0.050535
453.615 0.0505539
453.603 0.050574
453.6 0.0505937
453.597 0.0506134
453.595 0.0506331
453.596 0.0506534
453.567 0.0506744
453.58 0.0506918
453.581 0.0507106
453.577 0.0507314
453.577 0.0507513
453.566 0.0507709
453.573 0.0507907
453.568 0.0508103
453.568 0.0508296
453.562 0.0508497
453.559 0.0508694
453.555 0.0508892
453.553 0.0509088
453.551 0.0509285
453.546 0.0509483
453.544 0.0509679
453.538 0.0509876
453.54 0.0510074
453.536 0.051027
453.531 0.0510467
453.529 0.0510663
453.527 0.051086
453.524 0.0511057
453.525 0.0511247
453.517 0.051145
453.515 0.0511647
453.512 0.0511846
453.51 0.0512041
453.506 0.0512238
453.5 0.0512435
453.5 0.0512634
453.495 0.0512827
453.492 0.0513018
453.484 0.0513216
453.479 0.051341
453.476 0.0513606
453.463 0.0513797
453.461 0.0513984
453.446 0.051418
453.436 0.0514372
453.434 0.0514565
453.423 0.0514753
453.41 0.0514947
453.402 0.0515138
453.398 0.0515328
453.383 0.0515523
453.374 0.0515714
453.366 0.0515908
453.358 0.0516099
453.349 0.051629
453.34 0.051648
453.33 0.0516672
453.321 0.0516865
453.31 0.0517058
453.303 0.0517248
453.317 0.0517431
453.265 0.0517623
453.244 0.0517816
453.267 0.0518016
453.259 0.0518207
453.249 0.0518399
453.241 0.0518591
453.232 0.0518782
453.225 0.0518975
453.212 0.0519168
453.204 0.051936
453.189 0.0519554
453.19 0.0519742
453.18 0.0519932
453.168 0.0520126
453.16 0.0520317
453.152 0.0520509
453.143 0.0520701
453.133 0.0520892
453.125 0.0521083
453.114 0.0521272
453.101 0.0521462
453.089 0.0521652
453.078 0.0521841
453.065 0.052203
453.066 0.052222
453.046 0.052241
453.032 0.0522598
453.021 0.0522788
453.009 0.0522977
452.995 0.0523168
452.986 0.0523356
452.973 0.0523546
452.962 0.0523735
452.949 0.0523925
452.939 0.0524114
452.929 0.0524303
452.917 0.0524492
452.907 0.0524681
452.893 0.0524872
452.88 0.0525062
452.869 0.052525
452.858 0.052544
452.847 0.052563
452.834 0.0525819
452.819 0.0526007
452.809 0.0526198
452.8 0.0526387
452.787 0.0526577
452.779 0.0526764
452.766 0.0526955
452.754 0.0527144
452.744 0.0527335
452.731 0.0527524
452.719 0.0527713
452.707 0.0527902
452.694 0.0528092
452.702 0.0528278
452.669 0.0528473
452.67 0.052866
452.649 0.052885
452.638 0.0529038
452.626 0.0529229
452.617 0.0529418
452.604 0.0529605
452.592 0.0529797
452.584 0.0529987
452.568 0.0530176
452.556 0.0530365
452.546 0.0530554
452.533 0.0530744
452.522 0.0530933
452.51 0.0531123
452.498 0.0531312
452.486 0.0531501
452.47 0.0531688
452.455 0.0531875
452.439 0.0532063
452.423 0.053225
452.407 0.0532438
452.391 0.0532626
452.378 0.0532812
452.364 0.0532999
452.346 0.0533185
452.327 0.0533371
452.309 0.0533556
452.276 0.0533741
452.271 0.0533927
452.251 0.0534111
452.23 0.0534298
452.213 0.0534481
452.186 0.053467
452.174 0.0534852
452.156 0.0535037
452.132 0.0535223
452.119 0.0535409
452.096 0.0535592
452.081 0.0535778
452.064 0.0535963
452.044 0.0536148
452.024 0.0536334
452.005 0.0536519
451.985 0.0536704
451.967 0.053689
451.948 0.0537074
451.925 0.0537258
451.901 0.053744
451.88 0.0537624
451.857 0.0537806
451.834 0.053799
451.813 0.0538173
451.79 0.0538356
451.77 0.0538538
451.744 0.0538723
451.722 0.0538905
451.699 0.0539089
451.683 0.053927
451.655 0.0539455
451.631 0.0539637
451.608 0.0539821
451.587 0.0540004
451.563 0.0540187
451.544 0.0540369
451.519 0.0540552
451.495 0.0540736
451.474 0.054092
451.452 0.0541103
451.427 0.0541286
451.405 0.0541469
451.383 0.0541652
451.361 0.0541835
451.336 0.0542019
451.315 0.0542202
451.29 0.0542384
451.269 0.0542567
451.246 0.0542751
451.223 0.0542934
451.201 0.0543117
451.18 0.05433
451.156 0.0543483
451.132 0.0543666
451.112 0.054385
451.089 0.0544031
451.064 0.0544216
451.043 0.0544398
451.019 0.0544582
450.997 0.0544765
450.977 0.0544949
450.953 0.054513
450.931 0.0545314
450.908 0.0545497
450.885 0.054568
450.864 0.0545863
450.84 0.0546046
450.817 0.0546229
450.795 0.0546412
450.772 0.0546595
450.75 0.0546779
450.727 0.0546962
450.703 0.0547145
450.682 0.0547328
450.659 0.0547511
450.639 0.0547694
450.614 0.0547877
450.593 0.0548061
450.569 0.0548244
450.546 0.0548427
450.524 0.0548609
450.501 0.0548793
450.479 0.0548976
450.456 0.0549159
450.433 0.0549342
450.409 0.0549526
450.388 0.0549709
450.365 0.0549891
450.342 0.0550075
450.321 0.0550258
450.298 0.0550441
450.275 0.0550624
450.252 0.0550807
450.23 0.055099
450.207 0.0551173
450.184 0.0551356
450.162 0.0551539
450.139 0.0551722
450.118 0.0551905
450.094 0.0552088
450.076 0.0552271
450.05 0.0552454
450.026 0.055264
450.006 0.0552822
449.982 0.0553005
449.959 0.0553187
449.935 0.055337
449.913 0.0553553
449.889 0.0553737
449.868 0.055392
449.846 0.0554103
449.821 0.0554285
449.8 0.0554469
449.778 0.0554652
449.753 0.0554835
449.732 0.0555018
449.71 0.0555201
449.687 0.0555384
449.665 0.0555567
449.642 0.055575
449.618 0.0555935
449.598 0.0556117
449.575 0.05563
449.554 0.0556482
449.532 0.0556665
449.506 0.0556849
449.486 0.0557032
449.461 0.0557215
449.438 0.0557399
449.416 0.0557582
449.393 0.0557765
449.371 0.0557948
449.348 0.0558131
449.326 0.0558314
449.303 0.0558497
449.279 0.0558681
449.259 0.0558862
449.235 0.0559047
449.211 0.0559229
449.189 0.0559414
449.167 0.0559596
449.144 0.0559779
449.122 0.0559962
449.099 0.0560146
449.078 0.0560328
449.054 0.0560512
449.031 0.0560694
449.011 0.0560878
448.988 0.0561061
448.964 0.0561244
448.939 0.0561427
448.919 0.056161
448.896 0.0561793
448.872 0.0561977
448.854 0.0562159
448.827 0.0562343
448.805 0.0562525
448.783 0.0562709
448.76 0.0562891
448.737 0.0563075
448.715 0.0563258
448.693 0.0563441
448.671 0.0563624
448.647 0.0563807
448.625 0.0563991
448.602 0.0564173
448.579 0.0564356
448.557 0.0564539
448.534 0.0564722
448.512 0.0564906
448.49 0.0565089
448.467 0.0565272
448.444 0.0565455
448.422 0.0565638
448.399 0.0565821
448.376 0.0566005
448.353 0.0566191
448.33 0.0566376
448.305 0.0566559
448.287 0.0566745
448.262 0.056693
448.24 0.0567115
448.216 0.05673
448.192 0.0567485
448.169 0.0567669
448.147 0.0567855
448.124 0.056804
448.102 0.0568225
448.08 0.056841
448.056 0.0568594
448.033 0.0568779
448.011 0.0568964
447.989 0.056915
447.965 0.0569334
447.941 0.0569519
447.92 0.0569705
447.895 0.0569889
447.873 0.0570074
447.85 0.0570259
447.822 0.0570443
447.806 0.0570628
447.781 0.0570814
447.764 0.0570998
447.74 0.0571184
447.713 0.0571368
447.693 0.0571554
447.668 0.0571737
447.646 0.0571923
447.622 0.0572108
447.6 0.0572292
447.577 0.0572478
447.555 0.0572662
447.533 0.0572846
447.509 0.0573032
447.485 0.0573217
447.463 0.0573402
447.439 0.0573587
447.417 0.0573771
447.394 0.0573957
447.371 0.0574141
447.35 0.0574326
447.326 0.0574511
447.302 0.0574696
447.282 0.0574883
447.256 0.0575066
447.234 0.057525
447.214 0.0575433
447.188 0.0575621
447.163 0.0575807
447.142 0.057599
447.119 0.0576175
447.097 0.057636
447.074 0.0576545
447.051 0.057673
447.028 0.0576915
447.006 0.05771
446.982 0.0577285
446.96 0.0577469
446.937 0.0577655
446.914 0.0577839
446.89 0.0578025
446.871 0.0578209
446.846 0.0578394
446.823 0.0578579
446.8 0.0578764
446.774 0.0578949
446.755 0.0579134
446.74 0.0579319
446.706 0.0579504
446.686 0.0579688
446.663 0.0579873
446.64 0.0580058
446.617 0.0580243
446.594 0.0580428
446.569 0.0580612
446.549 0.0580797
446.526 0.0580982
446.502 0.0581168
446.481 0.0581352
446.457 0.0581537
446.436 0.0581723
446.411 0.0581907
446.389 0.0582092
446.366 0.0582277
446.342 0.0582462
446.316 0.0582647
446.297 0.0582832
446.275 0.0583016
446.252 0.0583201
446.229 0.0583387
446.206 0.0583571
446.183 0.0583756
446.16 0.058394
446.143 0.0584123
446.115 0.0584312
446.092 0.0584496
446.068 0.058468
446.046 0.0584865
446.025 0.058505
446.001 0.0585235
445.978 0.0585421
445.955 0.0585605
445.932 0.058579
445.909 0.0585975
445.886 0.058616
445.868 0.0586345
445.84 0.058653
445.817 0.0586714
445.794 0.05869
445.772 0.0587084
445.75 0.0587269
445.727 0.0587454
445.706 0.0587638
445.682 0.0587824
445.658 0.0588009
445.636 0.0588194
445.612 0.0588379
445.589 0.0588563
445.568 0.0588749
445.543 0.0588933
445.521 0.0589118
445.498 0.0589303
445.476 0.0589488
445.451 0.0589673
445.429 0.0589858
445.408 0.0590043
445.391 0.0590223
445.36 0.0590412
445.338 0.0590598
445.315 0.0590783
445.296 0.0590966
445.268 0.0591153
445.246 0.0591337
445.224 0.0591522
445.201 0.0591707
445.178 0.0591892
445.157 0.0592076
445.132 0.0592261
445.108 0.0592447
445.087 0.0592631
445.064 0.0592816
445.041 0.0593002
445.02 0.0593188
444.992 0.0593375
444.966 0.0593562
444.941 0.0593749
444.915 0.0593936
444.891 0.0594123
444.866 0.059431
444.841 0.0594497
444.817 0.0594683
444.789 0.0594871
444.765 0.0595058
444.737 0.0595246
444.712 0.0595436
444.683 0.0595625
444.655 0.0595814
444.628 0.0596003
444.6 0.0596192
444.573 0.0596381
444.546 0.059657
444.517 0.059676
444.491 0.0596948
444.471 0.0597134
444.437 0.0597326
444.41 0.0597515
444.382 0.0597704
444.354 0.0597893
444.327 0.0598082
444.298 0.0598273
444.271 0.059846
444.245 0.0598649
444.22 0.0598837
444.19 0.0599027
444.162 0.0599216
444.136 0.0599405
444.108 0.0599594
444.081 0.0599784
444.053 0.0599972
444.027 0.0600161
443.998 0.060035
443.972 0.0600539
443.946 0.0600726
443.916 0.0600916
443.889 0.0601105
443.861 0.0601295
443.834 0.0601484
443.806 0.0601673
443.78 0.0601861
443.75 0.0602052
443.725 0.060224
443.698 0.0602429
443.67 0.060262
443.642 0.0602812
443.614 0.0603002
443.589 0.0603194
443.559 0.0603383
443.531 0.0603574
443.504 0.0603767
443.476 0.0603957
443.45 0.0604148
443.42 0.0604339
443.392 0.0604531
443.361 0.0604724
443.339 0.0604912
443.308 0.0605102
443.281 0.0605294
443.256 0.0605484
443.229 0.0605676
443.2 0.0605868
443.173 0.0606059
443.139 0.0606253
443.11 0.0606446
443.08 0.0606638
443.048 0.0606832
443.021 0.0607024
443.001 0.0607215
442.961 0.060741
442.931 0.0607603
442.901 0.0607796
442.87 0.0607988
442.843 0.060818
442.812 0.0608375
442.783 0.0608566
442.752 0.060876
442.713 0.0608955
442.693 0.0609144
442.664 0.0609338
442.633 0.0609532
442.603 0.0609724
442.574 0.0609917
442.545 0.061011
442.513 0.0610304
442.486 0.0610496
442.459 0.0610685
442.425 0.0610881
442.396 0.0611074
442.365 0.0611267
442.336 0.061146
442.307 0.0611652
442.276 0.0611844
442.248 0.0612038
442.217 0.0612231
442.184 0.0612421
442.157 0.0612617
442.128 0.0612808
442.098 0.0613002
442.066 0.0613196
442.039 0.0613389
442.008 0.061358
441.979 0.0613774
441.948 0.0613966
441.918 0.061416
441.884 0.0614356
441.852 0.061455
441.818 0.0614744
441.785 0.061494
441.752 0.0615135
441.719 0.0615329
441.686 0.0615524
441.655 0.0615718
441.62 0.0615913
441.587 0.0616108
441.548 0.0616304
441.52 0.0616501
441.479 0.0616697
441.443 0.0616894
441.406 0.061709
441.381 0.0617287
441.334 0.0617483
441.298 0.061768
441.26 0.0617877
441.225 0.0618073
441.188 0.061827
441.152 0.0618467
441.116 0.0618664
441.08 0.0618858
441.043 0.0619056
441.007 0.0619252
440.972 0.0619449
440.934 0.0619646
440.897 0.0619843
440.863 0.0620039
440.825 0.0620235
440.789 0.0620432
440.759 0.0620631
440.717 0.0620825
440.681 0.0621022
440.648 0.0621217
440.608 0.0621415
440.572 0.0621614
440.532 0.0621811
440.49 0.062201
440.446 0.062221
440.409 0.0622407
440.371 0.0622606
440.33 0.0622804
440.291 0.0623003
440.251 0.0623202
440.212 0.0623399
440.172 0.0623598
440.132 0.0623797
440.093 0.0623995
440.053 0.0624194
440.013 0.0624392
439.973 0.0624592
439.935 0.0624789
439.894 0.0624987
439.855 0.0625186
439.815 0.0625385
439.775 0.0625583
439.735 0.0625781
439.696 0.062598
439.657 0.0626179
439.617 0.0626377
439.578 0.0626576
439.538 0.0626774
439.498 0.0626973
439.457 0.0627171
439.419 0.0627369
439.378 0.0627568
439.339 0.0627767
439.3 0.0627965
439.26 0.0628163
439.22 0.0628362
439.181 0.062856
439.141 0.0628759
439.099 0.0628958
439.062 0.0629156
439.022 0.0629355
438.983 0.0629553
438.943 0.0629752
438.904 0.0629949
438.864 0.0630148
438.824 0.0630347
438.783 0.0630546
438.746 0.0630743
438.705 0.0630942
438.666 0.0631141
438.625 0.063134
438.585 0.0631538
438.547 0.0631737
438.507 0.0631935
438.468 0.0632133
438.428 0.0632332
438.388 0.063253
438.35 0.0632728
438.308 0.0632927
438.269 0.0633126
438.23 0.0633324
438.19 0.0633523
438.151 0.0633721
438.112 0.0633919
438.071 0.0634118
438.032 0.0634317
437.993 0.0634516
437.951 0.0634714
437.912 0.0634912
437.873 0.0635111
437.833 0.0635309
437.794 0.0635508
437.753 0.0635706
437.714 0.0635904
437.675 0.0636103
437.636 0.0636302
437.596 0.06365
437.556 0.0636699
437.516 0.0636897
437.477 0.0637095
437.437 0.0637294
437.397 0.0637493
437.358 0.0637691
437.318 0.063789
437.278 0.0638088
437.239 0.0638286
437.198 0.0638485
437.16 0.0638684
437.12 0.0638882
437.08 0.063908
437.04 0.0639279
437.001 0.0639477
436.961 0.0639676
436.922 0.0639874
436.882 0.0640073
436.842 0.0640271
436.802 0.064047
436.763 0.0640668
436.724 0.0640867
436.683 0.0641066
436.644 0.0641264
436.605 0.0641463
436.565 0.0641661
436.524 0.0641859
436.484 0.0642058
436.445 0.0642256
436.406 0.0642454
436.367 0.0642654
436.327 0.0642852
436.289 0.064305
436.247 0.0643248
436.208 0.0643447
436.169 0.0643645
436.129 0.0643844
436.089 0.0644042
436.05 0.0644241
436.009 0.064444
435.97 0.0644638
435.931 0.0644838
435.894 0.0645034
435.852 0.0645233
435.812 0.0645432
435.772 0.064563
435.733 0.0645829
435.693 0.0646027
435.653 0.0646226
435.614 0.0646424
435.574 0.0646623
435.535 0.0646822
435.495 0.064702
435.456 0.0647219
435.416 0.0647417
435.377 0.0647616
435.337 0.0647814
435.297 0.0648012
435.257 0.064821
435.217 0.0648409
435.178 0.0648608
435.138 0.0648806
435.099 0.0649005
435.059 0.0649203
435.019 0.0649402
434.979 0.06496
434.939 0.0649799
434.898 0.0649998
434.861 0.0650196
434.821 0.0650394
434.78 0.0650594
434.742 0.0650791
434.702 0.065099
434.664 0.0651188
434.623 0.0651387
434.583 0.0651586
434.543 0.0651785
434.505 0.0651982
434.464 0.0652181
434.425 0.0652379
434.385 0.0652577
434.342 0.0652776
434.306 0.0652974
434.266 0.0653173
434.227 0.0653372
434.187 0.065357
434.147 0.0653769
434.108 0.0653967
434.068 0.0654165
434.028 0.0654364
433.989 0.0654562
433.949 0.0654761
433.91 0.065496
433.87 0.0655158
433.829 0.0655356
433.79 0.0655555
433.751 0.0655753
433.712 0.0655952
433.671 0.065615
433.632 0.0656349
433.592 0.0656547
433.554 0.0656746
433.513 0.0656944
433.473 0.0657143
433.432 0.0657342
433.394 0.065754
433.354 0.0657738
433.315 0.0657937
433.276 0.0658134
433.236 0.0658334
433.197 0.0658533
433.156 0.065873
433.117 0.0658929
433.077 0.0659128
433.036 0.0659326
432.998 0.0659525
432.957 0.0659723
432.919 0.0659922
432.879 0.0660121
432.839 0.0660319
432.799 0.0660517
432.76 0.0660716
432.721 0.0660914
432.68 0.0661113
432.642 0.0661311
432.602 0.0661509
432.562 0.0661708
432.522 0.0661907
432.483 0.0662105
432.442 0.0662304
432.402 0.0662502
432.363 0.06627
432.325 0.0662899
432.285 0.0663097
432.245 0.0663296
432.205 0.0663495
432.165 0.0663693
432.124 0.0663891
432.087 0.066409
432.048 0.0664288
432.007 0.0664487
431.965 0.0664686
431.928 0.0664885
431.888 0.0665082
431.848 0.0665281
431.809 0.0665479
431.77 0.0665678
431.73 0.0665876
431.691 0.0666075
431.649 0.0666274
431.609 0.0666472
431.57 0.066667
431.532 0.0666867
431.492 0.0667067
431.451 0.0667266
431.412 0.0667464
431.373 0.0667663
431.333 0.0667861
431.293 0.066806
431.253 0.0668258
431.214 0.0668457
431.174 0.0668655
431.137 0.0668852
431.095 0.0669052
431.055 0.0669251
431.017 0.0669449
430.976 0.0669648
430.938 0.0669846
430.897 0.0670045
430.857 0.0670243
430.818 0.0670441
430.778 0.067064
430.738 0.0670838
430.698 0.0671037
430.658 0.0671235
430.62 0.0671434
430.579 0.0671632
430.54 0.0671831
430.501 0.0672029
430.461 0.0672228
430.422 0.0672427
430.382 0.0672624
430.342 0.0672823
430.302 0.0673022
430.263 0.0673221
430.223 0.0673419
430.183 0.0673617
430.145 0.0673816
430.105 0.0674014
430.065 0.0674213
430.026 0.0674411
429.986 0.0674609
429.946 0.0674808
429.907 0.0675007
429.866 0.0675205
429.828 0.0675404
429.787 0.0675602
429.748 0.0675801
429.708 0.0675999
429.669 0.0676197
429.629 0.0676396
429.589 0.0676594
429.551 0.0676793
429.51 0.0676992
429.47 0.067719
429.431 0.0677388
429.391 0.0677587
429.351 0.0677785
429.311 0.0677984
429.273 0.0678181
429.233 0.0678381
429.192 0.0678579
429.153 0.0678779
429.115 0.0678976
429.074 0.0679175
429.035 0.0679374
428.996 0.0679572
428.955 0.067977
428.913 0.0679969
428.876 0.0680168
428.836 0.0680366
428.796 0.0680565
428.757 0.0680762
428.717 0.0680961
428.677 0.068116
428.638 0.0681358
428.599 0.0681557
428.558 0.0681756
428.519 0.0681954
428.479 0.0682152
428.439 0.0682351
428.4 0.0682549
428.361 0.0682748
428.32 0.0682947
428.282 0.0683145
428.241 0.0683343
428.202 0.0683541
428.163 0.0683741
428.122 0.0683939
428.084 0.0684136
428.044 0.0684335
428.003 0.0684534
427.965 0.0684733
427.924 0.068493
427.885 0.0685129
427.844 0.0685328
427.806 0.0685527
427.764 0.0685725
427.727 0.0685923
427.688 0.0686122
427.648 0.068632
427.607 0.0686519
427.567 0.0686717
427.528 0.0686916
427.488 0.0687115
427.449 0.0687313
427.409 0.0687512
427.369 0.068771
427.329 0.0687909
427.29 0.0688107
427.251 0.0688305
427.211 0.0688504
427.171 0.0688702
427.13 0.06889
427.093 0.0689099
427.053 0.0689298
427.012 0.0689496
426.973 0.0689695
426.933 0.0689894
426.893 0.0690091
426.856 0.069029
426.815 0.0690489
426.777 0.0690687
426.741 0.0690885
426.696 0.0691084
426.657 0.0691283
426.616 0.0691482
426.576 0.0691679
426.537 0.0691878
426.498 0.0692076
426.458 0.0692275
426.42 0.0692471
426.379 0.0692672
426.34 0.0692871
426.299 0.0693069
426.259 0.0693268
426.219 0.0693466
426.181 0.0693664
426.142 0.0693863
426.102 0.0694061
426.061 0.069426
426.022 0.0694458
425.982 0.0694657
425.943 0.0694855
425.903 0.0695054
425.864 0.0695252
425.824 0.0695451
425.784 0.069565
425.744 0.0695848
425.705 0.0696047
425.664 0.0696245
425.625 0.0696443
425.586 0.0696642
425.547 0.069684
425.507 0.0697039
425.467 0.0697238
425.427 0.0697436
425.389 0.0697634
425.349 0.0697833
425.307 0.0698032
425.269 0.069823
425.229 0.0698429
425.19 0.0698627
425.15 0.0698825
425.111 0.0699024
425.07 0.0699222
425.031 0.0699421
424.991 0.0699619
424.953 0.0699817
424.912 0.0700016
424.872 0.0700215
424.833 0.0700413
424.794 0.0700612
424.753 0.070081
424.714 0.0701009
424.674 0.0701207
424.634 0.0701405
424.596 0.0701604
424.556 0.0701802
424.515 0.0702001
424.477 0.07022
424.438 0.0702398
424.397 0.0702596
424.357 0.0702795
424.318 0.0702993
424.279 0.0703192
424.238 0.070339
424.199 0.0703589
424.159 0.0703788
424.119 0.0703986
424.08 0.0704184
424.04 0.0704383
424.001 0.0704581
423.962 0.0704779
423.922 0.0704979
423.883 0.0705177
423.843 0.0705375
423.804 0.0705575
423.76 0.0705773
423.723 0.0705972
423.685 0.0706169
423.645 0.0706368
423.605 0.0706566
423.565 0.0706765
423.525 0.0706964
423.486 0.0707162
423.446 0.070736
423.405 0.0707559
423.368 0.0707757
423.327 0.0707956
423.287 0.0708154
423.248 0.0708353
423.208 0.070855
423.169 0.0708749
423.129 0.0708948
423.09 0.0709147
423.05 0.0709345
423.01 0.0709543
422.972 0.0709742
422.928 0.0709941
422.892 0.0710139
422.852 0.0710337
422.814 0.0710536
422.774 0.0710735
422.734 0.0710933
422.694 0.0711131
422.653 0.071133
422.614 0.0711529
422.573 0.0711726
422.534 0.0711925
422.492 0.0712124
422.455 0.0712322
422.414 0.0712521
422.376 0.0712719
422.336 0.0712918
422.297 0.0713116
422.257 0.0713315
422.218 0.0713513
422.178 0.0713712
422.138 0.071391
422.098 0.0714108
422.058 0.0714307
422.019 0.0714506
421.979 0.0714704
421.94 0.0714903
421.9 0.0715101
421.86 0.07153
421.821 0.0715498
421.782 0.0715697
421.742 0.0715895
421.703 0.0716093
421.663 0.0716292
421.622 0.0716491
421.584 0.0716689
421.543 0.0716888
421.504 0.0717086
421.464 0.0717285
421.425 0.0717483
421.384 0.0717681
421.346 0.071788
421.306 0.0718079
421.266 0.0718277
421.227 0.0718476
421.187 0.0718674
421.147 0.0718872
421.108 0.0719071
421.067 0.071927
421.029 0.0719468
420.989 0.0719666
420.949 0.0719865
420.909 0.0720063
420.87 0.0720262
420.83 0.072046
420.79 0.0720659
420.749 0.0720857
420.711 0.0721056
420.67 0.0721254
420.633 0.0721452
420.592 0.0721652
420.552 0.072185
420.513 0.0722049
420.473 0.0722247
420.434 0.0722445
420.393 0.0722644
420.354 0.0722842
420.317 0.0723041
420.275 0.0723239
420.237 0.0723437
420.196 0.0723636
420.157 0.0723835
420.117 0.0724032
420.077 0.0724232
420.037 0.072443
419.998 0.0724629
419.958 0.0724827
419.918 0.0725025
419.878 0.0725226
419.839 0.0725422
419.8 0.0725621
419.76 0.072582
419.72 0.0726018
419.68 0.0726216
419.641 0.0726415
419.601 0.0726613
419.563 0.0726812
419.523 0.072701
419.482 0.0727209
419.443 0.0727408
419.403 0.0727606
419.363 0.0727804
419.323 0.0728003
419.284 0.0728201
419.244 0.07284
419.205 0.0728598
419.165 0.0728797
419.127 0.0728994
419.087 0.0729194
419.046 0.0729393
419.008 0.0729591
418.967 0.0729789
418.928 0.0729987
418.888 0.0730186
418.848 0.0730385
418.808 0.0730583
418.769 0.0730782
418.729 0.073098
418.69 0.0731178
418.65 0.0731377
418.611 0.0731575
418.571 0.0731774
418.531 0.0731972
418.492 0.0732171
418.452 0.073237
418.412 0.0732568
418.373 0.0732766
418.334 0.0732966
418.294 0.0733163
418.254 0.0733362
418.211 0.0733561
418.175 0.073376
418.134 0.0733957
418.095 0.0734156
418.055 0.0734354
418.016 0.0734553
417.976 0.0734752
417.936 0.073495
417.898 0.0735149
417.857 0.0735347
417.818 0.0735545
417.779 0.0735744
417.739 0.0735943
417.7 0.073614
417.66 0.0736339
417.619 0.0736538
417.58 0.0736736
417.541 0.0736935
417.501 0.0737133
417.463 0.0737331
417.421 0.073753
417.382 0.0737729
417.342 0.0737928
417.303 0.0738126
417.262 0.0738324
417.224 0.0738523
417.183 0.0738721
417.145 0.0738919
417.106 0.0739118
417.065 0.0739316
417.025 0.0739516
416.986 0.0739714
416.946 0.0739912
416.906 0.0740111
416.867 0.0740309
416.827 0.0740508
416.787 0.0740707
416.748 0.0740905
416.71 0.0741102
416.669 0.0741301
416.629 0.07415
416.589 0.0741698
416.55 0.0741897
416.511 0.0742096
416.471 0.0742294
416.431 0.0742492
416.392 0.0742691
416.351 0.0742889
416.314 0.0743087
416.27 0.0743286
416.233 0.0743485
416.193 0.0743683
416.153 0.0743882
416.113 0.074408
416.075 0.0744278
416.034 0.0744478
415.995 0.0744676
415.955 0.0744874
415.915 0.0745072
415.875 0.0745271
415.837 0.0745469
415.796 0.0745669
415.758 0.0745866
415.718 0.0746066
415.677 0.0746263
415.639 0.0746462
415.597 0.074666
415.559 0.0746859
415.52 0.0747058
415.48 0.0747256
415.438 0.0747454
415.4 0.0747653
415.361 0.0747853
415.321 0.074805
415.281 0.0748248
415.242 0.0748447
415.203 0.0748645
415.162 0.0748845
415.123 0.0749043
415.083 0.0749241
415.043 0.074944
415.004 0.0749638
414.964 0.0749837
414.924 0.0750035
414.885 0.0750233
414.846 0.0750432
414.807 0.075063
414.765 0.0750829
414.726 0.0751028
414.686 0.0751226
414.648 0.0751425
414.609 0.0751623
414.564 0.0751822
414.529 0.075202
414.489 0.0752219
414.449 0.0752416
414.409 0.0752615
414.37 0.0752814
414.33 0.0753012
414.291 0.0753211
414.251 0.0753409
414.211 0.0753608
414.17 0.0753806
414.132 0.0754005
414.092 0.0754203
414.052 0.0754402
414.012 0.07546
413.974 0.0754799
413.934 0.0754997
413.899 0.0755194
413.854 0.0755395
413.815 0.0755592
413.776 0.0755791
413.736 0.0755989
413.697 0.0756188
413.654 0.0756386
413.616 0.0756585
413.579 0.0756783
413.538 0.0756982
413.496 0.0757181
413.459 0.0757379
413.419 0.0757578
413.381 0.0757776
413.339 0.0757973
413.299 0.0758173
413.26 0.0758371
413.221 0.0758569
413.181 0.0758768
413.145 0.0758966
413.102 0.0759165
413.062 0.0759363
413.023 0.0759562
412.982 0.0759761
412.944 0.0759959
412.903 0.0760158
412.863 0.0760357
412.824 0.0760554
412.782 0.0760754
412.744 0.0760951
412.705 0.076115
412.665 0.0761349
412.626 0.0761547
412.587 0.0761746
412.543 0.0761945
412.507 0.0762142
412.467 0.0762341
412.427 0.076254
412.387 0.0762738
412.348 0.0762935
412.309 0.0763135
412.267 0.0763334
412.229 0.0763532
412.188 0.076373
412.151 0.0763929
412.109 0.0764127
412.07 0.0764326
412.031 0.0764525
411.99 0.0764723
411.952 0.0764921
411.912 0.076512
411.875 0.0765318
411.832 0.0765517
411.793 0.0765715
411.754 0.0765914
411.715 0.0766113
411.674 0.076631
411.633 0.0766509
411.595 0.0766708
411.556 0.0766906
411.515 0.0767105
411.484 0.0767304
411.437 0.0767502
411.397 0.07677
411.357 0.0767899
411.321 0.0768096
411.278 0.0768296
411.239 0.0768494
411.2 0.0768693
411.159 0.0768891
411.118 0.076909
411.08 0.0769289
411.041 0.0769487
411.001 0.0769685
410.961 0.0769884
410.922 0.0770082
410.882 0.077028
410.842 0.0770479
410.801 0.0770678
410.763 0.0770876
410.722 0.0771075
410.684 0.0771273
410.643 0.0771471
410.605 0.077167
410.564 0.0771869
410.525 0.0772067
410.484 0.0772265
410.446 0.0772464
410.406 0.0772663
410.367 0.0772861
410.327 0.0773059
410.287 0.0773258
410.248 0.0773456
410.207 0.0773655
410.169 0.0773853
410.129 0.0774052
410.089 0.077425
410.049 0.0774449
410.01 0.0774647
409.97 0.0774845
409.933 0.0775044
409.891 0.0775243
409.852 0.0775441
409.812 0.077564
409.771 0.0775839
409.732 0.0776036
409.692 0.0776236
409.654 0.0776434
409.614 0.0776633
409.575 0.0776831
409.535 0.0777029
409.494 0.0777227
409.455 0.0777426
409.415 0.0777625
409.376 0.0777822
409.336 0.0778022
409.297 0.077822
409.259 0.0778418
409.218 0.0778617
409.18 0.0778815
409.138 0.0779014
409.098 0.0779213
409.059 0.0779411
409.019 0.077961
408.979 0.0779808
408.94 0.0780007
408.901 0.0780205
408.86 0.0780403
408.822 0.0780601
408.778 0.0780801
408.741 0.0781
408.702 0.0781198
408.66 0.0781396
408.623 0.0781594
408.583 0.0781793
408.544 0.0781992
408.503 0.078219
408.464 0.0782388
408.424 0.0782587
408.385 0.0782786
408.344 0.0782985
408.305 0.0783183
408.267 0.0783381
408.225 0.0783579
408.188 0.0783777
408.147 0.0783977
408.109 0.0784174
408.068 0.0784373
408.028 0.0784572
407.988 0.078477
407.949 0.0784969
407.908 0.0785167
407.87 0.0785365
407.83 0.0785564
407.789 0.0785763
407.75 0.0785962
407.711 0.0786159
407.671 0.0786359
407.631 0.0786557
407.592 0.0786755
407.553 0.0786953
407.513 0.0787152
407.474 0.078735
407.434 0.0787549
407.394 0.0787748
407.354 0.0787946
407.315 0.0788145
407.276 0.0788343
407.235 0.0788541
407.196 0.0788741
407.156 0.0788937
407.116 0.0789137
407.077 0.0789336
407.038 0.0789534
406.997 0.0789733
406.958 0.0789931
406.919 0.0790129
406.879 0.0790328
406.839 0.0790526
406.8 0.0790725
406.76 0.0790923
406.72 0.0791122
406.681 0.079132
406.641 0.0791519
406.601 0.0791717
406.563 0.0791916
406.522 0.0792114
406.482 0.0792312
406.444 0.079251
406.403 0.079271
406.364 0.0792908
406.324 0.0793106
406.283 0.0793305
406.245 0.0793503
406.205 0.0793702
406.165 0.0793901
406.125 0.0794099
406.085 0.0794297
406.044 0.0794497
406.007 0.0794695
405.967 0.0794893
405.928 0.0795092
405.888 0.079529
405.848 0.0795489
405.809 0.0795687
405.769 0.0795885
405.728 0.0796084
405.689 0.0796282
405.65 0.0796481
405.609 0.0796681
405.57 0.0796878
405.531 0.0797076
405.494 0.0797274
405.451 0.0797473
405.412 0.0797672
405.372 0.079787
405.333 0.0798069
405.294 0.0798267
405.254 0.0798465
405.216 0.0798665
405.174 0.0798862
405.135 0.0799061
405.095 0.079926
405.056 0.0799458
405.016 0.0799657
404.978 0.0799855
404.936 0.0800053
404.896 0.0800252
404.857 0.080045
404.818 0.0800649
404.778 0.0800848
404.738 0.0801046
404.698 0.0801245
404.659 0.0801443
404.619 0.0801642
404.58 0.080184
404.54 0.0802038
404.5 0.0802237
404.461 0.0802435
404.421 0.0802634
404.381 0.0802832
404.341 0.0803031
404.302 0.0803229
404.263 0.0803428
404.224 0.0803627
404.184 0.0803825
404.144 0.0804024
404.104 0.0804222
404.065 0.080442
404.026 0.0804619
403.985 0.0804818
403.946 0.0805017
403.906 0.0805215
403.866 0.0805413
403.827 0.0805612
403.788 0.080581
403.749 0.0806009
403.708 0.0806206
403.668 0.0806405
403.629 0.0806604
403.589 0.0806802
403.55 0.0807001
403.51 0.08072
403.47 0.0807398
403.433 0.0807596
403.391 0.0807795
403.351 0.0807993
403.311 0.0808192
403.272 0.080839
403.233 0.0808588
403.192 0.0808787
403.153 0.0808985
403.114 0.0809184
403.074 0.0809383
403.034 0.0809582
402.995 0.0809779
402.956 0.0809978
402.915 0.0810178
402.876 0.0810376
402.836 0.0810574
402.796 0.0810772
402.757 0.0810971
402.717 0.0811169
402.676 0.0811368
402.636 0.0811566
402.601 0.0811764
402.559 0.0811962
402.52 0.0812162
402.48 0.081236
402.44 0.0812557
402.4 0.0812757
402.36 0.0812956
402.32 0.0813153
402.281 0.0813352
402.244 0.0813551
402.201 0.0813748
402.162 0.0813948
402.124 0.0814146
402.084 0.0814346
402.044 0.0814543
402.004 0.0814742
401.965 0.0814941
401.925 0.0815139
401.886 0.0815337
401.844 0.0815535
401.805 0.0815735
401.767 0.0815933
401.726 0.0816132
401.688 0.081633
401.647 0.0816528
401.608 0.0816727
401.568 0.0816925
401.528 0.0817124
401.488 0.0817322
401.449 0.081752
401.41 0.081772
401.369 0.0817918
401.33 0.0818116
401.291 0.0818315
401.251 0.0818513
401.212 0.0818712
401.171 0.081891
401.13 0.0819108
401.092 0.0819307
401.053 0.0819505
401.012 0.0819704
400.974 0.0819902
400.935 0.0820102
400.894 0.08203
400.855 0.0820498
400.815 0.0820696
400.775 0.0820895
400.735 0.0821094
400.695 0.0821292
400.656 0.0821491
400.615 0.0821689
400.58 0.0821886
400.537 0.0822085
400.498 0.0822284
400.458 0.0822483
400.418 0.0822681
400.38 0.082288
400.339 0.0823078
400.298 0.0823277
400.259 0.0823476
400.218 0.0823673
400.18 0.0823873
400.142 0.0824071
400.103 0.0824269
400.063 0.0824467
400.022 0.0824667
399.982 0.0824865
399.942 0.0825063
399.902 0.0825263
399.864 0.082546
399.824 0.0825659
399.785 0.0825858
399.744 0.0826056
399.706 0.0826254
399.665 0.0826454
399.625 0.0826652
399.587 0.082685
399.546 0.0827049
399.506 0.0827248
399.466 0.0827447
399.426 0.0827644
399.388 0.0827843
399.348 0.0828041
399.309 0.082824
399.268 0.0828439
399.229 0.0828637
399.19 0.0828836
399.151 0.0829035
399.11 0.0829233
399.073 0.0829432
399.031 0.082963
398.992 0.0829829
398.952 0.0830027
398.913 0.0830225
398.872 0.0830424
398.834 0.0830623
398.794 0.0830821
398.754 0.0831019
398.715 0.0831218
398.675 0.0831417
398.635 0.0831615
398.595 0.0831814
398.555 0.0832012
398.517 0.0832211
398.476 0.083241
398.437 0.0832608
398.397 0.0832807
398.358 0.0833005
398.318 0.0833204
398.278 0.0833403
398.238 0.0833601
398.2 0.0833799
398.159 0.0833998
398.12 0.0834196
398.08 0.0834396
398.041 0.0834593
398.001 0.0834792
397.956 0.0834991
397.922 0.0835189
397.882 0.0835388
397.842 0.0835586
397.801 0.0835785
397.765 0.0835982
397.723 0.0836182
397.684 0.0836381
397.644 0.083658
397.604 0.0836778
397.564 0.0836976
397.522 0.0837175
397.485 0.0837373
397.446 0.0837571
397.407 0.083777
397.366 0.0837969
397.327 0.0838168
397.287 0.0838366
397.247 0.0838564
397.209 0.0838763
397.169 0.0838961
397.13 0.083916
397.088 0.0839359
397.049 0.0839557
397.01 0.0839756
396.97 0.0839955
396.93 0.0840153
396.891 0.0840351
396.851 0.084055
396.808 0.084075
396.772 0.0840947
396.733 0.0841146
396.693 0.0841344
396.653 0.0841543
396.613 0.0841741
396.573 0.084194
396.534 0.0842139
396.494 0.0842337
396.455 0.0842536
396.415 0.0842734
396.377 0.0842933
396.337 0.0843131
396.295 0.0843329
396.255 0.0843529
396.216 0.0843727
396.176 0.0843926
396.137 0.0844124
396.099 0.0844322
396.061 0.084452
396.019 0.0844719
395.98 0.0844919
395.94 0.0845117
395.901 0.0845315
395.861 0.0845514
395.82 0.0845713
395.78 0.0845911
395.741 0.084611
395.702 0.0846308
395.662 0.0846506
395.623 0.0846705
395.583 0.0846903
395.542 0.0847102
395.504 0.0847301
395.464 0.0847499
395.425 0.0847698
395.384 0.0847896
395.346 0.0848095
395.306 0.0848293
395.266 0.0848492
395.226 0.084869
395.187 0.0848889
395.147 0.0849088
395.108 0.0849286
395.068 0.0849485
395.027 0.0849683
394.988 0.0849882
394.948 0.085008
394.909 0.0850279
394.869 0.0850478
394.83 0.0850676
394.791 0.0850875
394.75 0.0851073
394.712 0.0851272
394.67 0.085147
394.632 0.0851668
394.592 0.0851867
394.552 0.0852066
394.513 0.0852264
394.474 0.0852463
394.436 0.0852661
394.393 0.085286
394.355 0.0853059
394.313 0.0853257
394.275 0.0853455
394.235 0.0853654
394.197 0.0853852
394.157 0.0854051
394.117 0.085425
394.075 0.0854449
394.039 0.0854645
393.998 0.0854845
393.957 0.0855044
393.92 0.0855243
393.879 0.0855441
393.838 0.0855639
393.799 0.0855839
393.759 0.0856037
393.718 0.0856235
393.679 0.0856434
393.64 0.0856633
393.601 0.085683
393.562 0.0857029
393.522 0.0857228
393.483 0.0857426
393.443 0.0857625
393.403 0.0857823
393.363 0.0858022
393.323 0.0858221
393.284 0.085842
393.244 0.0858618
393.204 0.0858816
393.165 0.0859016
393.125 0.0859213
393.085 0.0859412
393.045 0.0859611
393.008 0.0859809
392.969 0.0860008
392.928 0.0860205
392.887 0.0860405
392.848 0.0860604
392.809 0.0860801
392.769 0.0861
392.729 0.0861199
392.688 0.0861398
392.65 0.0861596
392.61 0.0861795
392.571 0.0861994
392.531 0.0862192
392.492 0.086239
392.452 0.0862589
392.416 0.0862788
392.372 0.0862986
392.331 0.0863185
392.293 0.0863384
392.254 0.0863581
392.213 0.086378
392.174 0.0863978
392.134 0.0864177
392.094 0.0864376
392.055 0.0864574
392.015 0.0864773
391.976 0.0864972
391.936 0.086517
391.897 0.0865368
391.857 0.0865567
391.817 0.0865766
391.779 0.0865964
391.739 0.0866163
391.698 0.0866361
391.659 0.0866559
391.621 0.0866757
391.579 0.0866957
391.54 0.0867155
391.5 0.0867354
391.461 0.0867553
391.421 0.0867751
391.383 0.0867949
391.342 0.0868148
391.302 0.0868347
391.264 0.0868545
391.222 0.0868744
391.184 0.0868942
391.144 0.0869141
391.104 0.0869339
391.064 0.0869538
391.025 0.0869737
390.986 0.0869935
390.945 0.0870133
390.904 0.0870332
390.866 0.087053
390.826 0.0870729
390.787 0.0870928
390.748 0.0871126
390.707 0.0871325
390.668 0.0871523
390.628 0.0871721
390.589 0.087192
390.55 0.0872119
390.509 0.0872317
390.471 0.0872515
390.431 0.0872715
390.39 0.0872913
390.35 0.0873112
390.314 0.087331
390.272 0.0873509
390.232 0.0873706
390.194 0.0873906
390.152 0.0874105
390.113 0.0874303
390.073 0.0874501
390.034 0.08747
389.994 0.0874898
389.953 0.0875098
389.913 0.0875296
389.875 0.0875494
389.834 0.0875692
389.796 0.0875891
389.757 0.087609
389.718 0.0876289
389.677 0.0876487
389.639 0.0876685
389.597 0.0876884
389.559 0.0877082
389.523 0.087728
389.481 0.087748
389.44 0.0877678
389.398 0.0877877
389.36 0.0878076
389.319 0.0878274
389.281 0.0878473
389.241 0.0878671
389.201 0.087887
389.162 0.0879068
389.124 0.0879267
389.083 0.0879465
389.042 0.0879664
389.002 0.0879863
388.964 0.088006
388.924 0.088026
388.884 0.0880458
388.844 0.0880657
388.806 0.0880855
388.766 0.0881053
388.725 0.0881252
388.685 0.0881451
388.646 0.0881649
388.607 0.0881848
388.567 0.0882046
388.527 0.0882244
388.489 0.0882443
388.448 0.0882642
388.407 0.0882841
388.369 0.0883039
388.329 0.0883237
388.29 0.0883436
388.25 0.0883634
388.21 0.0883833
388.171 0.0884032
388.131 0.088423
388.092 0.0884428
388.052 0.0884626
388.011 0.0884826
387.972 0.0885024
387.933 0.0885223
387.892 0.0885422
387.854 0.088562
387.815 0.0885819
387.775 0.0886017
387.734 0.0886215
387.695 0.0886414
387.655 0.0886613
387.619 0.0886811
387.576 0.088701
387.536 0.0887208
387.498 0.0887406
387.457 0.0887605
387.418 0.0887803
387.379 0.0888001
387.34 0.0888201
387.299 0.08884
387.258 0.0888598
387.218 0.0888797
387.177 0.0888996
387.143 0.0889193
387.101 0.0889392
387.061 0.0889591
387.021 0.0889789
386.982 0.0889988
386.942 0.0890186
386.905 0.0890384
386.863 0.0890584
386.824 0.0890782
386.785 0.0890981
386.744 0.089118
386.704 0.0891378
386.664 0.0891577
386.624 0.0891775
386.585 0.0891973
386.547 0.0892172
386.505 0.089237
386.468 0.089257
386.427 0.0892768
386.385 0.0892966
386.347 0.0893165
386.309 0.0893363
386.268 0.0893562
386.229 0.0893761
386.189 0.0893959
386.15 0.0894158
386.11 0.0894356
386.071 0.0894555
386.033 0.0894753
385.992 0.0894952
385.951 0.089515
385.912 0.0895349
385.872 0.0895547
385.831 0.0895745
385.793 0.0895944
385.753 0.0896142
385.71 0.0896343
385.674 0.089654
385.635 0.0896738
385.597 0.0896936
385.556 0.0897135
385.515 0.0897334
385.476 0.0897533
385.437 0.0897732
385.396 0.089793
385.356 0.0898129
385.319 0.0898327
385.277 0.0898525
385.238 0.0898724
385.198 0.0898922
385.159 0.0899122
385.12 0.0899319
385.08 0.0899518
385.039 0.0899717
384.999 0.0899915
384.962 0.0900114
384.919 0.0900313
384.882 0.0900511
384.841 0.090071
384.802 0.0900908
384.762 0.0901107
384.723 0.0901305
384.683 0.0901504
384.645 0.0901702
384.602 0.0901901
384.565 0.0902099
384.525 0.0902298
384.486 0.0902497
384.446 0.0902695
384.406 0.0902893
384.365 0.0903092
384.326 0.0903291
384.288 0.0903489
384.247 0.0903687
384.206 0.0903886
384.169 0.0904085
384.128 0.0904284
384.089 0.0904482
384.049 0.090468
384.009 0.090488
383.97 0.0905077
383.93 0.0905276
383.891 0.0905475
383.85 0.0905673
383.813 0.0905872
383.77 0.0906071
383.732 0.0906269
383.692 0.0906467
383.652 0.0906666
383.613 0.0906864
383.573 0.0907063
383.532 0.0907262
383.499 0.0907459
383.455 0.0907658
383.416 0.0907856
383.374 0.0908056
383.336 0.0908255
383.295 0.0908453
383.257 0.0908651
383.217 0.090885
383.177 0.0909047
383.137 0.0909247
383.096 0.0909446
383.059 0.0909643
383.018 0.0909842
382.979 0.0910041
382.939 0.091024
382.899 0.0910438
382.859 0.0910637
382.82 0.0910836
382.781 0.0911034
382.741 0.0911232
382.703 0.091143
382.662 0.0911629
382.622 0.0911828
382.582 0.0912026
382.543 0.0912225
382.504 0.0912423
382.464 0.0912622
382.426 0.0912821
382.385 0.0913019
382.344 0.0913218
382.304 0.0913417
382.268 0.0913615
382.226 0.0913813
382.186 0.0914012
382.146 0.0914211
382.107 0.0914409
382.067 0.0914608
382.027 0.0914806
381.988 0.0915005
381.949 0.0915204
381.908 0.0915402
381.867 0.0915601
381.831 0.09158
381.79 0.0915997
381.75 0.0916196
381.711 0.0916395
381.671 0.0916593
381.631 0.0916791
381.591 0.091699
381.552 0.0917188
381.513 0.0917387
381.473 0.0917586
381.433 0.0917785
381.394 0.0917983
381.352 0.0918181
381.314 0.091838
381.276 0.0918578
381.235 0.0918777
381.195 0.0918976
381.156 0.0919174
381.116 0.0919373
381.076 0.0919571
381.036 0.091977
380.995 0.0919969
380.956 0.0920166
380.917 0.0920366
380.878 0.0920563
380.838 0.0920762
380.8 0.0920961
380.759 0.092116
380.719 0.0921358
380.679 0.0921557
380.641 0.0921756
380.6 0.0921954
380.56 0.0922152
380.521 0.0922352
380.481 0.092255
380.442 0.0922748
380.402 0.0922947
380.36 0.0923146
380.324 0.0923344
380.284 0.0923542
380.243 0.0923741
380.204 0.0923939
380.165 0.0924138
380.123 0.0924337
380.086 0.0924535
380.046 0.0924734
380.005 0.0924933
379.966 0.0925131
379.927 0.0925329
379.887 0.0925528
379.849 0.0925727
379.809 0.0925925
379.768 0.0926123
379.728 0.0926322
379.689 0.092652
379.649 0.0926719
379.609 0.0926917
379.569 0.0927116
379.53 0.0927316
379.491 0.0927514
379.45 0.0927712
379.411 0.0927911
379.375 0.0928108
379.331 0.0928307
379.292 0.0928506
379.253 0.0928704
379.213 0.0928904
379.173 0.0929101
379.134 0.09293
379.093 0.0929499
379.056 0.0929698
379.017 0.0929895
378.976 0.0930093
378.935 0.0930293
378.899 0.0930491
378.856 0.0930688
378.818 0.0930887
378.777 0.0931087
378.736 0.0931286
378.697 0.0931485
378.658 0.0931683
378.619 0.0931881
378.579 0.093208
378.539 0.0932278
378.5 0.0932477
378.459 0.0932675
378.422 0.0932874
378.381 0.0933072
378.342 0.0933271
378.301 0.093347
378.262 0.0933668
378.223 0.0933866
378.184 0.0934064
378.144 0.0934263
378.102 0.0934461
378.064 0.0934661
378.024 0.0934859
377.985 0.0935058
377.944 0.0935256
377.905 0.0935455
377.866 0.0935654
377.825 0.0935852
377.787 0.093605
377.745 0.0936249
377.708 0.0936448
377.666 0.0936648
377.628 0.0936845
377.588 0.0937043
377.548 0.0937242
377.508 0.0937441
377.469 0.093764
377.43 0.0937838
377.39 0.0938036
377.35 0.0938235
377.311 0.0938433
377.272 0.0938632
377.232 0.093883
377.192 0.0939029
377.154 0.0939227
377.114 0.0939426
377.072 0.0939624
377.033 0.0939823
376.993 0.0940021
376.955 0.0940221
376.916 0.0940419
376.876 0.0940617
376.835 0.0940816
376.796 0.0941014
376.757 0.0941213
376.718 0.0941412
376.677 0.094161
376.637 0.0941808
376.598 0.0942006
376.558 0.0942206
376.519 0.0942405
376.479 0.0942602
376.44 0.0942801
376.4 0.0943
376.359 0.0943198
376.32 0.0943397
376.281 0.0943595
376.24 0.0943794
376.197 0.0943993
376.162 0.0944192
376.12 0.094439
376.082 0.0944588
376.042 0.0944786
376.003 0.0944985
375.964 0.0945184
375.924 0.0945382
375.884 0.0945581
375.844 0.0945779
375.805 0.0945978
375.765 0.0946177
375.721 0.0946375
375.684 0.0946574
375.644 0.094677
375.606 0.0946971
375.568 0.0947169
375.527 0.0947367
375.487 0.0947566
375.449 0.0947765
375.409 0.0947964
375.369 0.0948162
375.329 0.0948361
375.29 0.0948558
375.25 0.0948757
375.21 0.0948956
375.17 0.0949155
375.13 0.0949354
375.09 0.0949551
375.051 0.0949751
375.011 0.0949948
374.973 0.0950148
374.931 0.0950346
374.892 0.0950545
374.853 0.0950743
374.813 0.0950941
374.776 0.095114
374.734 0.0951339
374.694 0.0951537
374.655 0.0951736
374.617 0.0951934
374.576 0.0952133
374.538 0.0952331
374.498 0.095253
374.46 0.0952729
374.417 0.0952927
374.376 0.0953125
374.338 0.0953325
374.299 0.0953523
374.258 0.0953722
374.218 0.095392
374.179 0.0954118
374.139 0.0954317
374.1 0.0954516
374.059 0.0954715
374.023 0.0954912
373.981 0.0955112
373.941 0.0955309
373.901 0.0955508
373.862 0.0955707
373.821 0.0955905
373.781 0.0956104
373.745 0.0956302
373.703 0.0956502
373.664 0.0956699
373.625 0.0956898
373.585 0.0957097
373.546 0.0957296
373.506 0.0957493
373.466 0.0957692
373.426 0.0957891
373.385 0.095809
373.347 0.0958287
373.307 0.0958486
373.268 0.0958684
373.229 0.0958884
373.191 0.0959082
373.147 0.0959281
373.109 0.095948
373.07 0.0959678
373.031 0.0959876
