0.2 -3.04031e-11
0.4 -4.94765e-14
0.6 -3.49021e-15
0.8 -5.53698e-14
1 -3.15482e-14
0.76071 1.6674e-05
1.52169 3.3349e-05
2.28283 5.00248e-05
3.04348 6.66985e-05
3.80435 8.33731e-05
4.56529 0.000100048
5.32608 0.000116722
6.08699 0.000133397
6.84784 0.000150072
7.60872 0.000166746
8.36958 0.000183421
9.1305 0.000200095
9.89129 0.00021677
10.6522 0.000233444
11.413 0.000250119
12.1739 0.000266794
12.9348 0.000283468
13.6956 0.000300143
14.4566 0.000316818
15.2174 0.000333492
15.9782 0.000350167
16.7392 0.000366842
17.5 0.000383516
18.2609 0.000400191
19.0218 0.000416866
19.7826 0.00043354
20.5435 0.000450215
21.3044 0.000466889
22.0653 0.000483564
22.8262 0.000500239
23.587 0.000516913
24.3479 0.000533588
25.1089 0.000550263
25.8695 0.000566937
26.6305 0.000583612
27.3913 0.000600286
28.1523 0.000616961
28.9129 0.000633635
29.674 0.00065031
30.4348 0.000666985
31.1957 0.000683659
31.9566 0.000700334
32.7175 0.000717009
33.4783 0.000733683
34.2392 0.000750358
35 0.000767032
35.7609 0.000783707
36.5218 0.000800382
37.2827 0.000817057
38.0435 0.000833731
38.8044 0.000850406
39.5653 0.000867081
40.3262 0.000883755
41.087 0.00090043
41.8479 0.000917104
42.6089 0.000933778
43.3696 0.000950453
44.1306 0.000967128
44.8914 0.000983803
45.6523 0.00100048
46.4131 0.00101715
47.1741 0.00103383
47.935 0.0010505
48.6957 0.00106718
49.4566 0.00108385
50.2176 0.00110053
50.9784 0.0011172
51.7392 0.00113387
52.5 0.00115055
53.2614 0.00116722
54.0217 0.0011839
54.7827 0.00120057
55.5436 0.00121725
56.3045 0.00123392
57.0653 0.0012506
57.8262 0.00126727
58.5871 0.00128395
59.3478 0.00130062
60.1088 0.0013173
60.8697 0.00133397
61.6305 0.00135064
62.3914 0.00136732
63.1523 0.00138399
63.9132 0.00140067
64.674 0.00141734
65.4351 0.00143402
66.1958 0.00145069
66.9567 0.00146737
67.7175 0.00148404
68.4784 0.00150072
69.2393 0.00151739
70.0001 0.00153407
70.761 0.00155074
71.5219 0.00156741
72.2827 0.00158409
73.0436 0.00160076
73.8045 0.00161744
74.5654 0.00163411
75.3262 0.00165079
76.0871 0.00166746
76.848 0.00168414
77.6087 0.00170081
78.3697 0.00171749
79.1307 0.00173416
79.8914 0.00175083
80.6524 0.00176751
81.4133 0.00178418
82.1741 0.00180086
82.9349 0.00181753
83.6958 0.00183421
84.4567 0.00185088
85.2176 0.00186756
85.9785 0.00188423
86.7393 0.00190091
87.5002 0.00191758
88.261 0.00193426
89.0219 0.00195093
89.7828 0.00196761
90.5437 0.00198428
91.3045 0.00200095
92.0655 0.00201763
92.8263 0.0020343
93.5871 0.00205098
94.3481 0.00206765
95.1089 0.00208433
95.8697 0.002101
96.6307 0.00211768
97.3916 0.00213435
98.1524 0.00215103
98.9133 0.0021677
99.674 0.00218438
100.435 0.00220105
101.196 0.00221773
101.957 0.0022344
102.718 0.00225107
103.478 0.00226775
104.239 0.00228442
105 0.0023011
105.761 0.00231777
106.522 0.00233445
107.283 0.00235112
108.044 0.0023678
108.805 0.00238447
109.565 0.00240114
110.326 0.00241782
111.087 0.0024345
111.848 0.00245117
112.609 0.00246784
113.37 0.00248452
114.131 0.00250119
114.892 0.00251787
115.652 0.00253454
116.413 0.00255122
117.174 0.00256789
117.935 0.00258457
118.696 0.00260124
119.457 0.00261792
120.218 0.00263459
120.978 0.00265126
121.739 0.00266794
122.5 0.00268461
123.261 0.00270129
124.022 0.00271796
124.783 0.00273464
125.544 0.00275131
126.305 0.00276799
127.065 0.00278466
127.826 0.00280134
128.587 0.00281801
129.348 0.00283469
130.109 0.00285136
130.87 0.00286804
131.631 0.00288471
132.392 0.00290138
133.153 0.00291806
133.913 0.00293473
134.674 0.00295141
135.435 0.00296808
136.196 0.00298476
136.957 0.00300143
137.718 0.00301811
138.479 0.00303478
139.239 0.00305146
140 0.00306813
140.761 0.00308481
141.522 0.00310148
142.283 0.00311815
143.044 0.00313483
143.805 0.0031515
144.566 0.00316818
145.326 0.00318485
146.087 0.00320153
146.848 0.0032182
147.609 0.00323488
148.37 0.00325155
149.131 0.00326823
149.892 0.0032849
150.652 0.00330157
151.413 0.00331825
152.174 0.00333492
152.935 0.0033516
153.696 0.00336827
154.457 0.00338495
155.218 0.00340162
155.978 0.0034183
156.739 0.00343497
157.5 0.00345165
158.261 0.00346832
159.022 0.003485
159.783 0.00350167
160.544 0.00351835
161.305 0.00353502
162.066 0.00355169
162.826 0.00356837
163.587 0.00358504
164.348 0.00360172
165.109 0.00361839
165.87 0.00363507
166.631 0.00365174
167.392 0.00366842
168.152 0.00368509
168.913 0.00370177
169.674 0.00371844
170.435 0.00373512
171.196 0.00375179
171.957 0.00376846
172.718 0.00378514
173.479 0.00380182
174.239 0.00381849
175 0.00383516
175.761 0.00385184
176.522 0.00386851
177.283 0.00388519
178.044 0.00390186
178.805 0.00391854
179.565 0.00393521
180.326 0.00395189
181.087 0.00396856
181.848 0.00398523
182.609 0.00400191
183.37 0.00401858
184.131 0.00403526
184.892 0.00405193
185.653 0.00406861
186.413 0.00408528
187.174 0.00410196
187.935 0.00411863
188.696 0.00413531
189.457 0.00415198
190.218 0.00416866
190.979 0.00418533
191.74 0.00420201
192.5 0.00421868
193.261 0.00423535
194.022 0.00425203
194.783 0.0042687
195.544 0.00428538
196.305 0.00430205
197.066 0.00431873
197.826 0.0043354
198.587 0.00435208
199.348 0.00436875
200.109 0.00438543
200.87 0.0044021
201.631 0.00441878
202.392 0.00443545
203.153 0.00445212
203.913 0.0044688
204.674 0.00448547
205.435 0.00450215
206.196 0.00451882
206.957 0.0045355
207.718 0.00455217
208.479 0.00456885
209.24 0.00458552
210 0.0046022
210.761 0.00461887
211.522 0.00463555
212.283 0.00465222
213.044 0.00466889
213.805 0.00468557
214.566 0.00470224
215.327 0.00471892
216.087 0.00473559
216.848 0.00475227
217.609 0.00476894
218.37 0.00478562
219.131 0.00480229
219.892 0.00481897
220.653 0.00483564
221.413 0.00485231
222.174 0.00486899
222.935 0.00488566
223.696 0.00490234
224.457 0.00491901
225.218 0.00493569
225.979 0.00495236
226.739 0.00496904
227.5 0.00498571
228.261 0.00500239
229.022 0.00501906
229.783 0.00503574
230.544 0.00505241
231.305 0.00506909
232.066 0.00508576
232.826 0.00510243
233.587 0.00511911
234.348 0.00513578
235.109 0.00515246
235.87 0.00516913
236.631 0.00518581
237.392 0.00520248
238.153 0.00521916
238.913 0.00523583
239.674 0.00525251
240.435 0.00526918
241.196 0.00528585
241.957 0.00530253
242.718 0.0053192
243.479 0.00533588
244.24 0.00535255
245 0.00536923
245.761 0.0053859
246.522 0.00540258
247.283 0.00541925
248.044 0.00543593
248.805 0.0054526
249.566 0.00546928
250.327 0.00548595
251.087 0.00550263
251.848 0.0055193
252.609 0.00553597
253.37 0.00555265
254.131 0.00556932
254.892 0.005586
255.653 0.00560267
256.414 0.00561935
257.174 0.00563602
257.935 0.0056527
258.696 0.00566937
259.457 0.00568605
260.218 0.00570272
260.979 0.0057194
261.74 0.00573607
262.501 0.00575274
263.261 0.00576942
264.022 0.00578609
264.783 0.00580277
265.544 0.00581944
266.305 0.00583612
267.066 0.00585279
267.827 0.00586947
268.588 0.00588614
269.348 0.00590282
270.109 0.00591949
270.87 0.00593617
271.631 0.00595284
272.392 0.00596951
273.153 0.00598619
273.914 0.00600286
274.674 0.00601954
275.435 0.00603621
276.196 0.00605289
276.957 0.00606956
277.718 0.00608624
278.479 0.00610291
279.24 0.00611959
280.001 0.00613626
280.762 0.00615294
281.522 0.00616961
282.283 0.00618629
283.044 0.00620296
283.805 0.00621963
284.566 0.00623631
285.327 0.00625298
286.056 0.00627002
286.783 0.00628707
287.468 0.0063041
288.119 0.00632101
288.751 0.00633765
289.36 0.00635398
289.968 0.0063703
290.577 0.00638663
291.185 0.00640296
291.793 0.00641928
292.393 0.0064354
292.96 0.00645128
293.499 0.00646712
294.038 0.00648296
294.577 0.0064988
295.116 0.00651463
295.656 0.00653047
296.195 0.00654631
296.734 0.00656215
297.273 0.00657798
297.813 0.00659382
298.352 0.00660966
298.891 0.0066255
299.43 0.00664133
299.969 0.00665717
300.508 0.00667301
301.048 0.00668885
301.587 0.00670468
302.126 0.00672052
302.665 0.00673636
303.204 0.00675219
303.743 0.00676803
304.283 0.00678387
304.822 0.00679971
305.361 0.00681554
305.9 0.00683138
306.439 0.00684722
306.978 0.00686306
307.518 0.00687889
308.057 0.00689473
308.596 0.00691057
309.135 0.0069264
309.674 0.00694224
310.214 0.00695808
310.753 0.00697392
311.292 0.00698975
311.831 0.00700559
312.37 0.00702143
312.91 0.00703727
313.449 0.0070531
313.988 0.00706894
314.527 0.00708478
315.066 0.00710062
315.605 0.00711645
316.145 0.00713229
316.684 0.00714813
317.223 0.00716397
317.762 0.0071798
318.301 0.00719564
318.84 0.00721148
319.38 0.00722731
319.919 0.00724315
320.458 0.00725899
320.997 0.00727483
321.536 0.00729066
322.075 0.0073065
322.615 0.00732234
323.154 0.00733817
323.693 0.00735401
324.232 0.00736985
324.771 0.00738569
325.31 0.00740152
325.85 0.00741736
326.389 0.0074332
326.928 0.00744904
327.467 0.00746487
328.006 0.00748071
328.545 0.00749655
329.085 0.00751238
329.624 0.00752822
330.163 0.00754406
330.702 0.0075599
331.241 0.00757573
331.781 0.00759157
332.319 0.00760741
332.859 0.00762324
333.398 0.00763908
333.937 0.00765492
334.476 0.00767076
335.016 0.00768659
335.555 0.00770243
336.094 0.00771827
336.633 0.00773411
337.172 0.00774994
337.697 0.00776543
338.222 0.00778091
338.746 0.00779639
339.271 0.00781186
339.795 0.00782734
340.32 0.00784282
340.845 0.00785829
341.369 0.00787377
341.894 0.00788925
342.418 0.00790473
342.943 0.0079202
343.468 0.00793568
343.992 0.00795116
344.517 0.00796664
345.041 0.00798212
345.566 0.00799759
346.091 0.00801307
346.615 0.00802855
347.14 0.00804403
347.664 0.0080595
348.189 0.00807498
348.714 0.00809046
349.238 0.00810594
349.763 0.00812141
350.287 0.00813689
350.812 0.00815237
351.336 0.00816785
351.861 0.00818332
352.386 0.0081988
352.91 0.00821428
353.435 0.00822976
353.96 0.00824524
354.484 0.00826071
354.994 0.00827641
355.484 0.00829242
355.975 0.00830843
356.466 0.00832444
356.955 0.00834045
357.446 0.00835646
357.936 0.00837247
358.426 0.00838848
358.917 0.00840449
359.407 0.0084205
359.897 0.00843651
360.387 0.00845251
360.878 0.00846853
361.368 0.00848453
361.859 0.00850054
362.349 0.00851655
362.839 0.00853256
363.329 0.00854857
363.82 0.00856458
364.297 0.0085804
364.772 0.00859618
365.247 0.00861197
365.722 0.00862776
366.197 0.00864354
366.672 0.00865933
367.147 0.00867512
367.622 0.0086909
368.097 0.00870669
368.572 0.00872248
369.047 0.00873826
369.522 0.00875405
369.996 0.00876983
370.472 0.00878563
370.947 0.00880141
371.422 0.00881719
371.896 0.00883298
372.371 0.00884877
372.847 0.00886455
373.321 0.00888034
373.796 0.00889613
374.271 0.00891191
374.746 0.0089277
375.221 0.00894349
375.696 0.00895927
376.165 0.00897516
376.603 0.00899151
377.03 0.00900759
377.448 0.0090235
377.867 0.00903942
378.286 0.00905534
378.705 0.00907125
379.124 0.00908717
379.542 0.00910309
379.961 0.009119
380.38 0.00913492
380.799 0.00915084
381.217 0.00916675
381.636 0.00918267
382.055 0.00919858
382.474 0.0092145
382.893 0.00923042
383.311 0.00924633
383.73 0.00926225
384.145 0.00927811
384.548 0.00929379
384.951 0.00930947
385.354 0.00932515
385.757 0.00934082
386.16 0.0093565
386.563 0.00937218
386.965 0.00938786
387.368 0.00940354
387.771 0.00941922
388.174 0.00943489
388.577 0.00945057
388.98 0.00946625
389.383 0.00948193
389.786 0.00949761
390.189 0.00951328
390.592 0.00952896
390.994 0.00954464
391.398 0.00956032
391.8 0.009576
392.203 0.00959168
392.606 0.00960736
393.009 0.00962303
393.412 0.00963871
393.815 0.00965439
394.218 0.00967007
394.621 0.00968575
395.024 0.00970142
395.427 0.0097171
395.808 0.00973232
396.19 0.00974754
396.571 0.00976275
396.952 0.00977796
397.334 0.00979317
397.715 0.00980838
398.096 0.0098236
398.478 0.00983881
398.859 0.00985402
399.241 0.00986923
399.622 0.00988445
400.003 0.00989966
400.384 0.00991487
400.766 0.00993008
401.147 0.0099453
401.528 0.00996051
401.91 0.00997572
402.291 0.00999093
402.642 0.0100052
402.983 0.0100192
403.326 0.0100333
403.668 0.0100473
403.986 0.0100606
404.297 0.0100737
404.609 0.0100868
404.92 0.0100999
405.231 0.010113
405.543 0.0101261
405.854 0.0101392
406.166 0.0101523
406.477 0.0101654
406.789 0.0101785
407.1 0.0101916
407.411 0.0102047
407.723 0.0102178
408.034 0.0102308
408.346 0.0102439
408.657 0.010257
408.968 0.0102701
409.28 0.0102832
409.591 0.0102963
409.86 0.0103082
410.132 0.01032
410.402 0.0103319
410.671 0.0103437
410.941 0.0103556
411.211 0.0103674
411.481 0.0103792
411.751 0.0103911
412.02 0.0104029
412.291 0.0104148
412.56 0.0104266
412.83 0.0104384
413.1 0.0104503
413.369 0.0104621
413.64 0.010474
413.909 0.0104858
414.179 0.0104976
414.449 0.0105095
414.719 0.0105213
414.988 0.0105332
415.258 0.010545
415.527 0.0105569
415.793 0.0105688
416.06 0.0105807
416.326 0.0105927
416.593 0.0106046
416.86 0.0106166
417.125 0.0106285
417.389 0.0106403
417.653 0.0106522
417.916 0.010664
418.181 0.0106759
418.445 0.0106877
418.708 0.0106996
418.972 0.0107114
419.236 0.0107233
419.499 0.0107351
419.764 0.010747
420.027 0.0107588
420.291 0.0107707
420.554 0.0107825
420.819 0.0107944
421.083 0.0108063
421.344 0.0108183
421.595 0.0108314
421.83 0.0108458
422.047 0.0108618
422.242 0.0108796
422.438 0.0108973
422.634 0.0109151
422.83 0.0109328
423.027 0.0109506
423.223 0.0109684
423.418 0.0109861
423.615 0.0110039
423.811 0.0110216
424.007 0.0110394
424.203 0.0110571
424.399 0.0110749
424.594 0.0110926
424.791 0.0111104
424.987 0.0111282
425.184 0.0111459
425.379 0.0111637
425.576 0.0111814
425.772 0.0111992
425.968 0.011217
426.164 0.0112347
426.36 0.0112525
426.555 0.0112702
426.748 0.0112878
426.94 0.0113054
427.132 0.0113231
427.324 0.0113407
427.516 0.0113583
427.708 0.0113759
427.9 0.0113936
428.093 0.0114112
428.285 0.0114288
428.477 0.0114464
428.669 0.011464
428.861 0.0114817
429.054 0.0114993
429.246 0.0115169
429.438 0.0115345
429.63 0.0115522
429.823 0.0115698
430.014 0.0115874
430.207 0.011605
430.399 0.0116226
430.591 0.0116403
430.783 0.0116579
430.975 0.0116755
431.167 0.0116931
431.359 0.0117107
431.552 0.0117284
431.744 0.011746
431.936 0.0117636
432.128 0.0117812
432.32 0.0117989
432.513 0.0118165
432.701 0.0118342
432.887 0.011852
433.071 0.0118698
433.248 0.0118877
433.425 0.0119057
433.602 0.0119237
433.778 0.0119417
433.955 0.0119596
434.132 0.0119776
434.309 0.0119956
434.486 0.0120136
434.663 0.0120315
434.84 0.0120495
435.017 0.0120675
435.179 0.0120868
435.324 0.0121074
435.45 0.0121298
435.547 0.0121546
435.644 0.0121795
435.742 0.0122042
435.839 0.012229
435.937 0.0122538
436.033 0.0122785
436.13 0.0123032
436.226 0.0123278
436.323 0.0123525
436.421 0.0123772
436.516 0.0124019
436.613 0.0124266
436.709 0.0124513
436.805 0.012476
436.902 0.0125007
437 0.0125254
437.096 0.0125501
437.192 0.0125747
437.288 0.0125994
437.378 0.0126236
437.462 0.0126475
437.545 0.0126712
437.629 0.0126949
437.709 0.0127186
437.78 0.0127417
437.838 0.0127643
437.898 0.0127868
437.953 0.0128092
438.011 0.0128317
438.047 0.0128542
438.112 0.0128769
438.188 0.0128993
438.243 0.0129217
438.302 0.0129442
438.355 0.0129667
438.413 0.0129892
438.47 0.0130117
438.528 0.0130342
438.585 0.0130567
438.642 0.0130792
438.699 0.0131017
438.758 0.0131242
438.816 0.0131467
438.873 0.0131692
438.93 0.0131917
438.987 0.0132141
439.044 0.0132367
439.103 0.0132592
439.161 0.0132817
439.217 0.0133042
439.277 0.0133266
439.331 0.0133491
439.39 0.0133717
439.447 0.0133942
439.505 0.0134167
439.559 0.0134392
439.619 0.0134616
439.676 0.0134841
439.735 0.0135066
439.794 0.0135293
439.85 0.0135517
439.906 0.0135742
439.964 0.0135966
440.023 0.0136191
440.079 0.0136416
440.137 0.013664
440.194 0.0136866
440.253 0.0137091
440.31 0.0137316
440.366 0.0137541
440.423 0.0137766
440.481 0.0137991
440.537 0.0138216
440.596 0.0138441
440.652 0.0138666
440.71 0.0138891
440.77 0.0139116
440.825 0.0139341
440.885 0.0139566
440.94 0.0139791
440.998 0.0140015
441.054 0.0140241
441.112 0.0140466
441.168 0.014069
441.226 0.0140916
441.286 0.0141141
441.334 0.0141367
441.406 0.0141591
441.454 0.0141816
441.513 0.014204
441.581 0.0142266
441.629 0.014249
441.691 0.0142714
441.755 0.0142941
441.803 0.0143165
441.859 0.014339
441.912 0.0143614
441.976 0.014384
442.031 0.0144065
442.095 0.014429
442.147 0.0144515
442.203 0.014474
442.258 0.0144964
442.319 0.014519
442.376 0.0145415
442.432 0.014564
442.489 0.0145865
442.543 0.0146092
442.583 0.0146321
442.624 0.014655
442.676 0.0146778
442.724 0.0147009
442.753 0.0147244
442.771 0.0147482
442.785 0.0147718
442.813 0.0147958
442.85 0.0148195
442.854 0.014843
442.876 0.014867
442.895 0.0148908
442.907 0.0149146
442.937 0.0149383
442.952 0.014962
442.978 0.0149858
443.025 0.0150096
443.017 0.0150336
443.017 0.0150572
443.072 0.0150809
443.077 0.0151048
443.102 0.0151284
443.108 0.0151521
443.158 0.0151759
443.168 0.0151996
443.182 0.0152235
443.212 0.0152471
443.225 0.015271
443.246 0.0152948
443.268 0.0153185
443.277 0.0153425
443.295 0.0153663
443.343 0.0153899
443.209 0.0154134
443.37 0.0154374
443.39 0.0154611
443.44 0.0154852
443.526 0.0155105
443.551 0.0155345
443.474 0.0155562
443.471 0.0155802
443.506 0.0156041
443.514 0.0156281
443.48 0.015653
443.576 0.015675
443.597 0.0156988
443.648 0.0157234
443.633 0.0157466
443.662 0.01577
443.68 0.0157938
443.693 0.0158177
443.73 0.0158413
443.742 0.0158651
443.762 0.0158889
443.735 0.0159135
443.802 0.0159365
443.823 0.0159602
443.839 0.0159843
443.87 0.0160079
443.812 0.0160326
443.907 0.0160553
443.937 0.0160789
443.948 0.0161028
443.955 0.0161268
443.985 0.0161503
444.004 0.016174
444.023 0.0161978
444.042 0.0162214
444.061 0.0162453
444.08 0.016269
444.099 0.0162928
444.118 0.0163166
444.133 0.0163403
444.151 0.0163644
444.134 0.0163892
444.195 0.0164115
444.207 0.0164355
444.233 0.016459
444.253 0.0164827
444.269 0.0165066
444.29 0.0165302
444.302 0.0165541
444.313 0.0165779
444.347 0.0166015
444.366 0.0166252
444.385 0.0166489
444.406 0.0166727
444.424 0.0166965
444.442 0.0167202
444.47 0.0167437
444.48 0.0167678
444.494 0.0167916
444.518 0.0168152
444.535 0.0168391
444.556 0.0168628
444.572 0.0168864
444.595 0.01691
444.61 0.0169339
444.633 0.0169575
444.652 0.0169814
444.671 0.0170051
444.69 0.0170289
444.709 0.0170525
444.73 0.0170764
444.747 0.0171001
444.766 0.0171239
444.785 0.0171476
444.806 0.0171712
444.823 0.0171951
444.841 0.0172189
444.845 0.017243
444.88 0.0172664
444.906 0.0172903
444.918 0.017314
444.937 0.0173377
444.953 0.0173615
444.978 0.017385
444.996 0.0174087
445.016 0.0174325
445.03 0.0174561
445.053 0.0174802
445.071 0.0175039
445.091 0.0175275
445.109 0.0175513
445.13 0.017575
445.148 0.0175988
445.167 0.0176225
445.182 0.0176463
445.205 0.01767
445.224 0.0176938
445.243 0.0177175
445.262 0.0177413
445.28 0.017765
445.297 0.0177888
445.324 0.0178123
445.338 0.0178362
445.356 0.01786
445.375 0.0178837
445.395 0.0179075
445.414 0.0179312
445.433 0.017955
445.452 0.0179787
445.483 0.0180027
445.499 0.0180265
445.51 0.0180499
445.529 0.0180736
445.547 0.0180974
445.565 0.0181212
445.585 0.0181449
445.604 0.0181686
445.625 0.0181923
445.643 0.0182162
445.662 0.0182399
445.683 0.0182637
445.7 0.0182874
445.719 0.0183112
445.738 0.0183349
445.757 0.0183586
445.781 0.0183825
445.792 0.0184062
445.813 0.0184299
445.831 0.0184537
445.852 0.0184774
445.871 0.0185011
445.89 0.0185249
445.908 0.0185486
445.93 0.0185725
445.947 0.0185961
445.966 0.0186198
445.986 0.0186436
446.005 0.0186673
446.023 0.0186911
446.042 0.0187148
446.056 0.0187387
446.08 0.0187622
446.101 0.018786
446.118 0.0188098
446.135 0.0188335
446.15 0.0188573
446.174 0.018881
446.196 0.0189047
446.214 0.0189285
446.233 0.0189523
446.251 0.018976
446.28 0.0189998
446.286 0.0190236
446.309 0.0190472
446.329 0.019071
446.368 0.019095
446.363 0.0191183
446.384 0.0191422
446.399 0.0191658
446.424 0.0191898
446.443 0.0192135
446.461 0.0192372
446.48 0.019261
446.498 0.0192849
446.516 0.0193083
446.539 0.0193322
446.55 0.0193559
446.576 0.0193796
446.595 0.0194034
446.569 0.0194273
446.632 0.0194509
446.65 0.0194747
446.668 0.0194985
446.691 0.0195221
446.71 0.0195459
446.72 0.0195693
446.744 0.0195933
446.767 0.0196172
446.811 0.0196409
446.802 0.0196646
446.839 0.0196888
446.842 0.0197122
446.866 0.019736
446.879 0.0197596
446.892 0.0197834
446.92 0.019807
446.941 0.0198309
446.957 0.0198546
446.974 0.0198783
446.988 0.019902
447.015 0.0199259
447.034 0.0199496
447.05 0.0199735
447.075 0.0199973
447.085 0.0200207
447.109 0.0200445
447.132 0.0200683
447.146 0.0200916
447.167 0.0201158
447.186 0.0201396
447.205 0.0201633
447.224 0.0201871
447.244 0.0202108
447.262 0.0202346
447.277 0.0202581
447.301 0.0202822
447.322 0.0203058
447.338 0.0203295
447.358 0.0203533
447.374 0.020377
447.4 0.0204008
447.401 0.0204243
447.434 0.0204482
447.444 0.0204719
447.421 0.020495
447.491 0.0205195
447.512 0.0205433
447.529 0.020567
447.552 0.0205907
447.567 0.0206145
447.587 0.0206383
447.586 0.0206619
447.624 0.0206857
447.645 0.0207095
447.662 0.0207332
447.682 0.0207569
447.701 0.0207807
447.719 0.0208046
447.73 0.0208284
447.827 0.0208527
447.777 0.0208757
447.794 0.0208994
447.826 0.0209232
447.836 0.0209469
447.825 0.0209707
447.872 0.0209944
447.914 0.0210184
447.905 0.021042
447.927 0.0210657
447.949 0.0210893
447.961 0.0211132
447.837 0.0211365
448.005 0.0211606
448.013 0.0211837
448.043 0.0212081
448.064 0.0212318
448.082 0.0212556
448.099 0.0212791
448.115 0.0213025
448.129 0.0213259
448.148 0.0213493
448.162 0.0213725
448.181 0.0213962
448.197 0.0214196
448.21 0.0214431
448.217 0.0214654
448.222 0.0214882
448.238 0.0215106
448.253 0.0215334
448.262 0.0215561
448.256 0.0215787
448.276 0.0216015
448.297 0.0216242
448.308 0.0216469
448.318 0.0216696
448.328 0.0216922
448.338 0.0217149
448.464 0.0217387
448.361 0.0217602
448.371 0.0217828
448.38 0.0218055
448.393 0.0218281
448.403 0.0218509
448.414 0.0218736
448.408 0.021896
448.435 0.0219189
448.445 0.0219416
448.46 0.021964
448.466 0.0219869
448.478 0.0220094
448.486 0.0220322
448.498 0.0220549
448.509 0.0220776
448.528 0.0221003
448.53 0.0221229
448.543 0.0221457
448.575 0.0221687
448.572 0.0221907
448.572 0.0222141
448.583 0.0222363
448.542 0.0222584
448.612 0.0222817
448.619 0.0223042
448.625 0.022327
448.636 0.0223496
448.646 0.0223723
448.657 0.022395
448.651 0.0224176
448.684 0.0224402
448.706 0.0224634
448.699 0.0224857
448.698 0.0225081
448.718 0.0225307
448.72 0.0225533
448.742 0.0225763
448.752 0.022599
448.76 0.0226216
448.773 0.0226443
448.769 0.0226671
448.795 0.0226897
448.788 0.0227122
448.816 0.022735
448.826 0.0227577
448.828 0.0227805
448.876 0.0228032
448.858 0.0228257
448.868 0.0228484
448.881 0.022871
448.89 0.0228937
448.903 0.0229162
448.902 0.0229389
448.913 0.0229616
448.932 0.0229844
448.943 0.0230071
448.942 0.0230296
448.964 0.0230524
448.974 0.0230751
448.974 0.023098
448.996 0.0231204
449.004 0.023143
449.003 0.0231658
449.027 0.0231884
449.047 0.023211
449.049 0.0232338
449.06 0.0232564
449.07 0.0232791
449.074 0.0233018
449.087 0.0233244
449.003 0.0233491
449.111 0.0233698
449.122 0.0233924
449.133 0.0234151
449.144 0.0234378
449.154 0.0234605
449.165 0.0234831
449.21 0.0235058
449.183 0.0235283
449.187 0.0235514
449.207 0.0235739
449.218 0.0235965
449.228 0.0236192
449.239 0.0236418
449.249 0.0236644
449.249 0.0236873
449.271 0.0237098
449.281 0.0237325
449.292 0.0237552
449.297 0.0237779
449.28 0.0238004
449.292 0.0238228
449.335 0.0238459
449.318 0.0238682
449.314 0.0238907
449.364 0.0239139
449.376 0.0239365
449.377 0.0239594
449.398 0.0239819
449.408 0.0240046
449.419 0.0240272
449.43 0.0240499
449.437 0.0240726
449.45 0.0240952
449.461 0.0241179
449.472 0.0241405
449.473 0.0241634
449.468 0.0241863
449.509 0.0242085
449.515 0.0242312
449.523 0.0242541
449.531 0.0242763
449.523 0.0242993
449.556 0.0243219
449.565 0.0243446
449.577 0.0243673
449.588 0.02439
449.598 0.0244126
449.608 0.0244353
449.621 0.0244579
449.63 0.0244806
449.642 0.0245034
449.651 0.0245259
449.66 0.0245486
449.67 0.0245711
449.682 0.0245939
449.694 0.0246166
449.687 0.0246394
449.69 0.0246624
449.726 0.0246846
449.736 0.0247073
449.747 0.02473
449.757 0.0247526
449.777 0.0247752
449.773 0.0247981
449.789 0.0248206
449.8 0.0248433
449.81 0.024866
449.81 0.0248883
449.831 0.0249113
449.773 0.0249336
449.853 0.0249567
449.863 0.0249793
449.874 0.025002
449.884 0.0250247
449.967 0.0250472
449.905 0.02507
449.903 0.0250929
449.927 0.0251154
449.937 0.025138
449.948 0.0251606
449.958 0.0251834
449.968 0.0252061
449.97 0.0252287
449.987 0.0252516
450.001 0.025274
450.014 0.0252959
450.022 0.0253194
450.032 0.0253421
450.043 0.0253647
450.054 0.0253874
450.055 0.0254102
450.079 0.0254327
450.083 0.0254554
450.096 0.0254781
450.115 0.0255016
450.116 0.0255236
450.117 0.025546
450.138 0.0255688
450.149 0.0255914
450.159 0.0256141
450.157 0.0256374
450.18 0.0256595
450.191 0.0256821
450.191 0.0257049
450.212 0.0257274
450.223 0.0257501
450.261 0.025773
450.262 0.0257952
450.255 0.0258181
450.264 0.0258408
450.278 0.0258637
450.286 0.0258861
450.322 0.0259084
450.307 0.0259315
450.307 0.0259542
450.329 0.0259768
450.329 0.0259996
450.34 0.0260224
450.36 0.0260448
450.361 0.0260676
450.381 0.0260902
450.392 0.0261128
450.403 0.0261355
450.413 0.0261582
450.423 0.0261809
450.434 0.0262035
450.436 0.0262262
450.45 0.0262491
450.467 0.0262715
450.477 0.0262942
450.487 0.0263169
450.502 0.0263395
450.509 0.0263622
450.508 0.0263852
450.53 0.0264075
450.541 0.0264302
450.551 0.0264528
450.552 0.0264759
450.572 0.0264982
450.583 0.0265209
450.593 0.0265436
450.605 0.0265662
450.615 0.0265889
450.625 0.0266116
450.635 0.0266342
450.646 0.0266569
450.646 0.0266796
450.667 0.0267022
450.678 0.0267249
450.688 0.0267476
450.699 0.0267702
450.7 0.0267931
450.72 0.0268156
450.731 0.0268383
450.741 0.0268609
450.753 0.0268839
450.763 0.0269061
450.773 0.0269289
450.783 0.0269515
450.794 0.0269743
450.805 0.026997
450.808 0.027019
450.829 0.0270422
450.837 0.027065
450.847 0.0270876
450.854 0.0271102
450.868 0.0271329
450.878 0.0271555
450.893 0.0271783
450.901 0.0272011
450.91 0.0272237
450.921 0.0272464
450.915 0.0272686
450.943 0.0272916
450.953 0.0273143
450.963 0.0273368
450.974 0.0273597
450.984 0.0273823
450.998 0.027405
451.003 0.0274276
451.016 0.0274504
451.025 0.0274731
451.038 0.0274957
451.048 0.0275184
451.058 0.027541
451.069 0.0275637
451.08 0.0275864
451.09 0.027609
451.101 0.0276317
451.111 0.0276544
451.122 0.0276771
451.133 0.0276997
451.143 0.0277224
451.154 0.0277451
451.165 0.0277677
451.175 0.0277904
451.186 0.0278131
451.196 0.0278357
451.211 0.0278584
451.219 0.0278811
451.228 0.0279037
451.238 0.0279263
451.249 0.0279491
451.258 0.0279718
451.232 0.027994
451.277 0.028017
451.291 0.0280398
451.294 0.0280621
451.313 0.0280851
451.303 0.0281076
451.333 0.0281304
451.345 0.0281532
451.352 0.0281758
451.359 0.0281984
451.378 0.0282212
451.39 0.0282438
451.399 0.0282665
451.409 0.0282892
451.418 0.0283118
451.447 0.028335
451.44 0.0283571
451.445 0.0283795
451.46 0.0284028
451.471 0.0284255
451.471 0.0284477
451.481 0.0284703
451.502 0.0284931
451.517 0.0285159
451.524 0.0285385
451.541 0.0285611
451.545 0.0285838
451.557 0.0286065
451.566 0.0286292
451.577 0.0286519
451.588 0.0286743
451.595 0.0286972
451.597 0.0287196
451.631 0.0287427
451.631 0.028765
451.64 0.0287879
451.651 0.0288105
451.649 0.0288329
451.642 0.0288551
451.682 0.0288785
451.71 0.0289016
451.692 0.0289236
451.717 0.0289465
451.725 0.0289692
451.735 0.0289919
451.747 0.0290146
451.776 0.0290376
451.798 0.0290604
451.779 0.0290824
451.789 0.0291055
451.799 0.0291279
451.803 0.0291503
451.82 0.0291733
451.834 0.0291957
451.842 0.0292186
451.852 0.0292413
451.863 0.0292639
451.875 0.0292867
451.884 0.0293093
451.895 0.0293319
451.904 0.0293545
451.921 0.0293772
451.925 0.0294001
451.931 0.0294226
451.947 0.0294453
451.958 0.029468
451.97 0.0294903
451.978 0.0295133
451.99 0.029536
452 0.0295586
452.011 0.0295813
452.021 0.029604
452.032 0.0296267
452.043 0.0296493
452.051 0.0296719
452.064 0.0296947
452.074 0.0297173
452.086 0.02974
452.096 0.0297627
452.106 0.0297853
452.117 0.029808
452.128 0.0298306
452.138 0.0298533
452.148 0.029876
452.156 0.0298987
452.172 0.0299215
452.178 0.0299443
452.192 0.0299666
452.199 0.0299894
452.216 0.0300118
452.223 0.0300349
452.233 0.0300573
452.235 0.0300802
452.254 0.0301027
452.268 0.0301252
452.28 0.0301483
452.285 0.0301708
452.296 0.0301935
452.306 0.0302161
452.308 0.0302388
452.352 0.0302618
452.361 0.030284
452.349 0.0303068
452.357 0.0303295
452.371 0.030352
452.377 0.0303749
452.386 0.0303978
452.406 0.0304205
452.418 0.0304429
452.423 0.0304655
452.435 0.030488
452.446 0.0305107
452.455 0.0305334
452.466 0.0305561
452.476 0.0305788
452.486 0.0306015
452.496 0.0306242
452.511 0.0306467
452.519 0.0306694
452.529 0.0306921
452.533 0.0307148
452.551 0.0307375
452.551 0.0307604
452.571 0.0307828
452.572 0.0308058
452.594 0.0308282
452.607 0.0308511
452.612 0.0308736
452.624 0.0308962
452.639 0.0309186
452.646 0.0309414
452.651 0.0309643
452.667 0.0309868
452.678 0.0310095
452.692 0.0310321
452.699 0.0310549
452.709 0.0310775
452.72 0.0311002
452.732 0.0311228
452.738 0.0311456
452.741 0.0311682
452.762 0.0311909
452.772 0.0312135
452.783 0.031236
452.795 0.0312589
452.804 0.0312816
452.816 0.0313043
452.826 0.0313269
452.837 0.0313496
452.843 0.0313723
452.857 0.0313949
452.868 0.0314176
452.879 0.0314403
452.888 0.0314628
452.9 0.0314856
452.91 0.0315083
452.934 0.0315308
452.934 0.0315533
452.944 0.0315761
452.953 0.0315989
452.963 0.0316216
452.981 0.0316447
452.984 0.0316669
452.997 0.0316898
453.005 0.0317125
453.016 0.0317349
453.03 0.0317578
453.037 0.0317803
453.048 0.031803
453.058 0.0318256
453.069 0.0318483
453.079 0.0318711
453.09 0.0318936
453.101 0.0319163
453.111 0.031939
453.119 0.0319617
453.133 0.0319843
453.143 0.032007
453.155 0.0320295
453.162 0.0320522
453.177 0.0320753
453.186 0.0320976
453.195 0.0321203
453.206 0.032143
453.217 0.0321657
453.227 0.0321883
453.238 0.0322111
453.248 0.0322337
453.258 0.0322564
453.27 0.0322789
453.28 0.0323017
453.29 0.0323244
453.302 0.0323471
453.313 0.0323698
453.323 0.0323924
453.333 0.0324147
453.344 0.0324377
453.36 0.0324603
453.369 0.0324831
453.375 0.0325056
453.384 0.0325283
453.397 0.0325511
453.408 0.0325737
453.422 0.0325966
453.426 0.0326191
453.439 0.0326419
453.451 0.0326644
453.461 0.0326871
453.473 0.0327097
453.484 0.0327326
453.489 0.0327552
453.503 0.0327778
453.513 0.0328005
453.524 0.0328231
453.534 0.0328458
453.544 0.0328687
453.556 0.0328911
453.567 0.0329139
453.576 0.0329366
453.589 0.0329594
453.598 0.0329818
453.606 0.0330043
453.618 0.0330275
453.63 0.0330499
453.64 0.0330725
453.648 0.0330952
453.662 0.0331179
453.672 0.0331405
453.683 0.0331632
453.698 0.033186
453.703 0.0332084
453.714 0.0332312
453.717 0.0332541
453.735 0.0332765
453.747 0.033299
453.757 0.0333218
453.756 0.0333442
453.778 0.0333672
453.789 0.0333898
453.79 0.0334126
453.81 0.0334352
453.82 0.0334579
453.831 0.0334805
453.843 0.0335033
453.852 0.0335259
453.863 0.0335485
453.876 0.0335712
453.876 0.033594
453.873 0.0336159
453.871 0.0336397
453.899 0.0336625
454.003 0.0336854
453.912 0.0337082
453.913 0.0337314
453.958 0.0337546
453.933 0.0337766
453.94 0.0337994
453.946 0.033822
453.954 0.033845
453.961 0.0338678
453.968 0.0338906
453.977 0.0339136
453.974 0.0339367
453.99 0.033959
453.996 0.0339818
454.005 0.0340047
454.011 0.0340274
454.002 0.0340517
454.023 0.0340731
454.032 0.0340959
454.025 0.034119
454.045 0.0341415
454.068 0.0341633
454.07 0.0341868
454.063 0.0342096
454.059 0.0342329
454.081 0.0342555
454.089 0.0342784
454.095 0.0343011
454.101 0.0343239
454.099 0.0343468
454.115 0.0343694
454.123 0.0343922
454.134 0.0344142
454.136 0.0344378
454.143 0.0344606
454.151 0.0344834
454.157 0.0345062
454.168 0.0345288
454.17 0.0345519
454.179 0.0345746
454.178 0.0345975
454.192 0.0346202
454.199 0.034643
454.201 0.034666
454.199 0.0346887
454.218 0.0347114
454.227 0.0347342
454.234 0.034757
454.241 0.0347796
454.24 0.0348024
454.24 0.0348261
454.262 0.0348482
454.269 0.034871
454.276 0.0348937
454.283 0.0349166
454.29 0.0349394
454.291 0.0349621
454.304 0.0349849
454.303 0.0350078
454.318 0.0350305
454.318 0.0350536
454.345 0.035078
454.339 0.0350989
454.346 0.0351217
454.353 0.0351445
454.36 0.0351673
454.362 0.0351901
454.346 0.0352134
454.381 0.0352357
454.388 0.0352585
454.391 0.0352812
454.389 0.0353043
454.391 0.0353273
454.416 0.0353497
454.423 0.0353725
454.43 0.0353953
454.437 0.0354181
454.444 0.0354408
454.451 0.0354636
454.458 0.0354866
454.465 0.0355092
454.474 0.0355325
454.476 0.0355548
454.486 0.0355777
454.492 0.0356005
454.492 0.0356235
454.501 0.0356464
454.502 0.0356691
454.518 0.0356921
454.499 0.0357151
454.518 0.0357378
454.524 0.0357608
454.526 0.0357837
454.526 0.0358065
454.531 0.0358298
454.529 0.0358526
454.533 0.0358754
454.541 0.0358985
454.547 0.0359213
454.556 0.0359445
454.556 0.0359675
454.555 0.0359901
454.57 0.0360128
454.565 0.0360362
454.566 0.0360589
454.569 0.0360818
454.572 0.0361048
454.573 0.0361278
454.574 0.0361508
454.577 0.0361737
454.588 0.0361966
454.59 0.0362198
454.6 0.0362427
454.601 0.0362656
454.6 0.0362883
454.604 0.0363113
454.606 0.0363341
454.61 0.0363571
454.613 0.03638
454.621 0.0364032
454.619 0.0364257
454.618 0.0364482
454.627 0.0364717
454.629 0.0364947
454.633 0.0365176
454.637 0.0365405
454.638 0.0365636
454.644 0.0365864
454.642 0.0366096
454.65 0.0366323
454.658 0.036655
454.657 0.0366782
454.656 0.0367012
454.664 0.036724
454.666 0.0367471
454.671 0.0367699
454.677 0.0367922
454.677 0.0368158
454.678 0.0368391
454.684 0.0368616
454.695 0.0368858
454.691 0.0369075
454.694 0.0369304
454.7 0.0369534
454.701 0.0369763
454.699 0.0369994
454.714 0.0370225
454.712 0.0370451
454.713 0.0370682
454.707 0.0370912
454.722 0.037114
454.724 0.0371376
454.726 0.0371598
454.732 0.037183
454.73 0.0372053
454.738 0.0372286
454.742 0.0372515
454.742 0.0372745
454.748 0.0372974
454.752 0.0373203
454.756 0.0373432
454.759 0.037366
454.762 0.0373891
454.766 0.037412
454.768 0.0374349
454.772 0.0374579
454.775 0.0374807
454.775 0.0375034
454.775 0.037526
454.771 0.0375484
454.775 0.0375714
454.776 0.037594
454.781 0.0376162
454.779 0.0376394
454.779 0.0376615
454.777 0.0376848
454.777 0.0377074
454.777 0.0377301
454.777 0.0377528
454.774 0.0377752
454.779 0.0377981
454.778 0.0378208
454.781 0.0378437
454.778 0.037866
454.785 0.037889
454.779 0.0379115
454.78 0.0379341
454.781 0.0379568
454.782 0.0379797
454.778 0.0380022
454.78 0.0380248
454.786 0.0380474
454.781 0.0380701
454.781 0.0380928
454.788 0.0381153
454.779 0.0381383
454.774 0.0381603
454.787 0.0381842
454.782 0.0382062
454.78 0.0382289
454.782 0.0382512
454.792 0.0382741
454.784 0.0382969
454.781 0.0383197
454.787 0.0383422
454.782 0.0383649
454.782 0.0383876
454.783 0.0384104
454.785 0.038433
454.785 0.0384556
454.785 0.0384784
454.786 0.0385009
454.785 0.0385236
454.779 0.0385461
454.786 0.0385689
454.787 0.0385916
454.787 0.0386142
454.787 0.038637
454.789 0.0386596
454.786 0.0386824
454.787 0.038705
454.787 0.0387277
454.787 0.0387501
454.787 0.038773
454.792 0.0387955
454.789 0.0388183
454.789 0.0388408
454.787 0.0388638
454.788 0.0388865
454.791 0.0389089
454.792 0.0389318
454.795 0.0389543
454.791 0.0389771
454.789 0.0389996
454.789 0.0390226
454.788 0.0390454
454.792 0.0390678
454.792 0.0390904
454.794 0.0391129
454.793 0.0391357
454.795 0.0391582
454.795 0.0391807
454.794 0.0392037
454.797 0.0392266
454.793 0.0392491
454.795 0.0392717
454.79 0.0392942
454.797 0.0393171
454.789 0.0393398
454.795 0.0393625
454.797 0.0393852
454.798 0.0394076
454.792 0.0394304
454.792 0.0394532
454.792 0.0394759
454.794 0.0394986
454.798 0.0395212
454.797 0.0395439
454.796 0.0395665
454.793 0.0395893
454.792 0.0396119
454.799 0.0396349
454.799 0.0396571
454.795 0.0396797
454.795 0.0397024
454.791 0.0397252
454.8 0.0397479
454.799 0.0397704
454.793 0.0397929
454.793 0.0398151
454.787 0.0398376
454.79 0.0398601
454.784 0.0398825
454.783 0.0399049
454.784 0.0399275
454.776 0.0399497
454.779 0.0399724
454.763 0.0399945
454.77 0.0400171
454.765 0.0400394
454.761 0.0400617
454.756 0.0400841
454.752 0.0401065
454.76 0.0401294
454.748 0.0401514
454.742 0.0401739
454.741 0.0401963
454.743 0.0402186
454.737 0.040241
454.733 0.0402634
454.739 0.0402856
454.729 0.0403083
454.724 0.0403306
454.723 0.040353
454.725 0.0403752
454.717 0.0403978
454.713 0.0404202
454.711 0.0404426
454.705 0.0404651
454.699 0.0404875
454.708 0.0405098
454.699 0.0405323
454.7 0.0405546
454.692 0.0405771
454.694 0.0405998
454.687 0.0406219
454.683 0.0406443
454.681 0.0406669
454.677 0.0406891
454.675 0.0407115
454.67 0.0407337
454.67 0.0407563
454.666 0.0407787
454.664 0.0408012
454.661 0.0408235
454.654 0.0408457
454.651 0.0408682
454.645 0.0408906
454.648 0.0409132
454.65 0.0409357
454.644 0.040958
454.641 0.0409804
454.637 0.0410027
454.631 0.0410253
454.63 0.0410476
454.626 0.0410699
454.632 0.0410921
454.622 0.0411148
454.619 0.0411372
454.611 0.0411596
454.616 0.041182
454.609 0.0412044
454.608 0.0412266
454.604 0.0412493
454.601 0.0412715
454.598 0.041294
454.595 0.0413164
454.591 0.041339
454.592 0.0413613
454.584 0.0413835
454.583 0.0414058
454.581 0.0414284
454.577 0.0414512
454.575 0.0414732
454.572 0.0414958
454.569 0.0415181
454.568 0.041541
454.563 0.0415629
454.56 0.0415853
454.557 0.041608
454.554 0.0416301
454.551 0.0416525
454.549 0.041675
454.544 0.0416972
454.553 0.0417199
454.545 0.0417423
454.534 0.0417647
454.535 0.0417874
454.53 0.0418093
454.527 0.0418318
454.526 0.0418544
454.522 0.0418765
454.519 0.0418989
454.514 0.0419214
454.509 0.0419438
454.5 0.0419658
454.505 0.0419886
454.502 0.042011
454.504 0.0420334
454.498 0.0420559
454.495 0.0420783
454.494 0.0421006
454.49 0.0421232
454.486 0.0421455
454.483 0.0421678
454.48 0.0421901
454.478 0.0422127
454.472 0.042235
454.469 0.0422575
454.472 0.0422802
454.465 0.0423023
454.463 0.0423247
454.46 0.0423471
454.457 0.0423695
454.455 0.042392
454.452 0.0424142
454.444 0.0424367
454.449 0.0424594
454.442 0.0424816
454.437 0.0425038
454.433 0.0425264
454.433 0.0425487
454.436 0.0425713
454.429 0.0425936
454.426 0.0426159
454.419 0.0426382
454.418 0.0426607
454.414 0.0426832
454.413 0.0427056
454.409 0.042728
454.407 0.0427504
454.404 0.0427728
454.404 0.0427951
454.399 0.0428176
454.4 0.04284
454.392 0.0428625
454.391 0.0428849
454.387 0.0429072
454.382 0.0429295
454.38 0.042952
454.379 0.0429748
454.374 0.0429968
454.371 0.0430192
454.367 0.0430415
454.367 0.043064
454.362 0.0430865
454.354 0.0431088
454.358 0.0431312
454.355 0.0431536
454.352 0.0431762
454.347 0.0431985
454.346 0.0432207
454.346 0.0432432
454.338 0.0432657
454.342 0.0432883
454.334 0.0433107
454.331 0.0433329
454.327 0.0433553
454.324 0.0433777
454.32 0.0434002
454.315 0.0434224
454.315 0.0434449
454.313 0.0434673
454.304 0.0434898
454.31 0.0435121
454.303 0.0435346
454.3 0.043557
454.297 0.0435794
454.295 0.0436018
454.293 0.0436241
454.282 0.0436467
454.285 0.043669
454.282 0.0436914
454.28 0.0437138
454.284 0.0437365
454.274 0.0437586
454.271 0.0437809
454.266 0.0438035
454.265 0.0438258
454.261 0.0438482
454.261 0.0438708
454.255 0.0438932
454.253 0.0439154
454.248 0.043938
454.247 0.0439602
454.244 0.0439827
454.245 0.044005
454.238 0.0440275
454.236 0.0440499
454.235 0.0440723
454.229 0.0440948
454.227 0.044117
454.221 0.0441396
454.218 0.0441617
454.218 0.0441843
454.216 0.0442068
454.212 0.0442291
454.209 0.0442515
454.207 0.0442741
454.203 0.0442963
454.2 0.0443188
454.199 0.0443413
454.195 0.0443635
454.193 0.0443859
454.188 0.0444084
454.186 0.0444308
454.182 0.0444533
454.179 0.0444756
454.175 0.0444979
454.172 0.0445202
454.17 0.0445428
454.164 0.044565
454.179 0.0445876
454.162 0.0446099
454.158 0.0446325
454.157 0.0446548
454.153 0.0446773
454.15 0.0446996
454.145 0.044722
454.144 0.0447444
454.141 0.0447669
454.139 0.0447893
454.137 0.0448128
454.131 0.0448341
454.129 0.0448565
454.126 0.044879
454.115 0.0449011
454.12 0.0449237
454.117 0.0449461
454.116 0.0449686
454.114 0.0449912
454.104 0.0450134
454.106 0.0450356
454.103 0.0450581
454.099 0.0450805
454.097 0.0451029
454.093 0.0451253
454.091 0.0451477
454.089 0.0451701
454.084 0.0451926
454.084 0.0452151
454.09 0.0452378
454.076 0.0452598
454.073 0.0452822
454.078 0.0453046
454.066 0.0453271
454.053 0.0453492
454.06 0.045372
454.054 0.0453942
454.057 0.0454166
454.051 0.0454391
454.048 0.0454614
454.046 0.0454838
454.044 0.0455062
454.039 0.0455286
454.037 0.0455509
454.036 0.0455734
454.032 0.0455959
454.031 0.0456181
454.026 0.0456407
454.016 0.0456632
453.941 0.0456841
454.017 0.0457079
454.014 0.0457303
454.014 0.0457559
454.008 0.0457751
454.004 0.0457974
454.003 0.0458199
454.008 0.0458421
453.996 0.0458647
453.992 0.0458873
453.99 0.0459095
453.987 0.045932
453.984 0.0459543
453.979 0.0459764
453.978 0.0459989
453.978 0.0460219
453.975 0.0460444
453.969 0.0460663
453.966 0.0460888
453.963 0.0461112
453.961 0.0461336
453.961 0.0461562
453.955 0.0461784
453.951 0.0462008
453.949 0.0462232
453.946 0.0462456
453.969 0.0462703
453.94 0.0462904
453.938 0.0463133
453.937 0.0463352
453.93 0.0463576
453.929 0.0463799
453.925 0.0464024
453.924 0.046425
453.92 0.0464474
453.916 0.0464697
453.914 0.0464921
453.91 0.0465145
453.921 0.0465373
453.905 0.0465593
453.904 0.0465816
453.899 0.0466041
453.895 0.0466257
453.893 0.0466489
453.89 0.0466713
453.889 0.0466936
453.883 0.0467161
453.884 0.0467389
453.877 0.0467608
453.88 0.0467832
453.872 0.0468058
453.869 0.0468281
453.864 0.0468504
453.866 0.046873
453.86 0.0468952
453.856 0.046918
453.857 0.0469401
453.85 0.0469627
453.849 0.046985
453.847 0.0470077
453.842 0.0470297
453.84 0.0470522
453.836 0.0470746
453.834 0.047097
453.825 0.0471191
453.828 0.0471418
453.824 0.0471642
453.823 0.0471871
453.819 0.047209
453.821 0.0472324
453.812 0.0472539
453.81 0.0472763
453.807 0.0472986
453.804 0.047321
453.802 0.0473435
453.798 0.0473659
453.795 0.0473883
453.791 0.0474108
453.787 0.047433
453.794 0.0474551
453.782 0.0474778
453.781 0.0475003
453.782 0.0475226
453.756 0.0475459
453.764 0.0475672
453.768 0.04759
453.777 0.0476124
453.766 0.0476351
453.75 0.0476586
453.75 0.0476794
453.754 0.047702
453.747 0.0477243
453.748 0.0477468
453.741 0.047769
453.742 0.0477913
453.743 0.047814
453.718 0.0478355
453.733 0.0478588
453.73 0.0478812
453.727 0.0479036
453.724 0.047926
453.721 0.0479484
453.719 0.0479708
453.715 0.0479932
453.723 0.0480158
453.711 0.0480379
453.707 0.0480604
453.703 0.0480829
453.701 0.0481052
453.698 0.0481276
453.695 0.04815
453.691 0.0481725
453.689 0.0481949
453.688 0.0482174
453.683 0.0482397
453.679 0.0482621
453.678 0.0482845
453.674 0.0483069
453.671 0.0483293
453.668 0.0483517
453.667 0.0483742
453.663 0.0483965
453.66 0.048419
453.656 0.0484413
453.656 0.0484637
453.648 0.0484862
453.648 0.0485085
453.645 0.0485309
453.64 0.0485534
453.635 0.048576
453.635 0.048598
453.633 0.0486206
453.63 0.048643
453.628 0.0486653
453.624 0.0486878
453.624 0.0487101
453.622 0.0487324
453.614 0.0487549
453.616 0.0487774
453.613 0.0487996
453.615 0.0488227
453.603 0.0488446
453.6 0.048867
453.597 0.0488894
453.595 0.0489118
453.596 0.0489337
453.567 0.0489549
453.58 0.0489794
453.581 0.0490027
453.577 0.049024
453.577 0.0490463
453.566 0.0490687
453.573 0.049091
453.568 0.0491135
453.568 0.0491362
453.562 0.0491583
453.559 0.0491807
453.555 0.049203
453.553 0.0492255
453.551 0.0492479
453.546 0.0492702
453.544 0.0492927
453.538 0.0493151
453.54 0.0493374
453.536 0.0493599
453.531 0.0493823
453.529 0.0494047
453.527 0.0494272
453.524 0.0494495
453.525 0.0494726
453.517 0.0494944
453.515 0.0495169
453.512 0.0495391
453.51 0.0495616
453.506 0.049584
453.5 0.0496064
453.5 0.0496286
453.495 0.0496513
453.492 0.0496742
453.484 0.0496964
453.479 0.049719
453.476 0.0497414
453.463 0.0497642
453.461 0.0497873
453.446 0.0498096
453.436 0.0498323
453.434 0.049855
453.423 0.049878
453.41 0.0499005
453.402 0.0499233
453.398 0.0499462
453.383 0.0499686
453.374 0.0499913
453.366 0.0500139
453.358 0.0500367
453.349 0.0500594
453.34 0.0500823
453.33 0.050105
453.321 0.0501276
453.31 0.0501502
453.303 0.050173
453.317 0.0501965
453.265 0.0502194
453.244 0.0502419
453.267 0.0502638
453.259 0.0502866
453.249 0.0503093
453.241 0.050332
453.232 0.0503548
453.225 0.0503774
453.212 0.0503999
453.204 0.0504227
453.189 0.0504451
453.19 0.0504682
453.18 0.0504911
453.168 0.0505137
453.16 0.0505364
453.152 0.0505591
453.143 0.0505818
453.133 0.0506045
453.125 0.0506273
453.114 0.0506502
453.101 0.050673
453.089 0.0506958
453.078 0.0507187
453.065 0.0507416
453.066 0.0507643
453.046 0.0507872
453.032 0.0508101
453.021 0.0508329
453.009 0.0508558
452.995 0.0508785
452.986 0.0509015
452.973 0.0509243
452.962 0.0509472
452.949 0.05097
452.939 0.0509929
452.929 0.0510157
452.917 0.0510386
452.907 0.0510615
452.893 0.0510843
452.88 0.051107
452.869 0.05113
452.858 0.0511528
452.847 0.0511756
452.834 0.0511985
452.819 0.0512215
452.809 0.0512442
452.8 0.0512671
452.787 0.0512899
452.779 0.051313
452.766 0.0513357
452.754 0.0513585
452.744 0.0513812
452.731 0.0514042
452.719 0.051427
452.707 0.0514499
452.694 0.0514727
452.702 0.0514959
452.669 0.0515182
452.67 0.0515413
452.649 0.0515641
452.638 0.051587
452.626 0.0516098
452.617 0.0516326
452.604 0.0516556
452.592 0.0516784
452.584 0.0517012
452.568 0.051724
452.556 0.0517469
452.546 0.0517698
452.533 0.0517926
452.522 0.0518154
452.51 0.0518383
452.498 0.0518612
452.486 0.0518841
452.47 0.0519071
452.455 0.05193
452.439 0.051953
452.423 0.051976
452.407 0.0519989
452.391 0.0520219
452.378 0.0520449
452.364 0.052068
452.346 0.052091
452.327 0.0521142
452.309 0.0521373
452.276 0.0521603
452.271 0.0521835
452.251 0.0522067
452.23 0.0522297
452.213 0.052253
452.186 0.0522758
452.174 0.0522992
452.156 0.0523223
452.132 0.0523454
452.119 0.0523685
452.096 0.0523918
452.081 0.0524149
452.064 0.052438
452.044 0.0524612
452.024 0.0524842
452.005 0.0525074
451.985 0.0525305
451.967 0.0525536
451.948 0.0525768
451.925 0.0526
451.901 0.0526233
451.88 0.0526466
451.857 0.0526699
451.834 0.0526931
451.813 0.0527164
451.79 0.0527396
451.77 0.052763
451.744 0.0527862
451.722 0.0528095
451.699 0.0528327
451.683 0.0528562
451.655 0.0528793
451.631 0.0529025
451.608 0.0529258
451.587 0.052949
451.563 0.0529723
451.544 0.0529957
451.519 0.053019
451.495 0.0530421
451.474 0.0530654
451.452 0.0530886
451.427 0.0531119
451.405 0.0531352
451.383 0.0531585
451.361 0.0531817
451.336 0.0532049
451.315 0.0532282
451.29 0.0532516
451.269 0.0532748
451.246 0.053298
451.223 0.0533213
451.201 0.0533446
451.18 0.0533679
451.156 0.0533911
451.132 0.0534144
451.112 0.0534376
451.089 0.053461
451.064 0.0534842
451.043 0.0535075
451.019 0.0535307
450.997 0.053554
450.977 0.0535772
450.953 0.0536006
450.931 0.0536238
450.908 0.0536471
450.885 0.0536704
450.864 0.0536936
450.84 0.0537169
450.817 0.0537402
450.795 0.0537634
450.772 0.0537867
450.75 0.05381
450.727 0.0538332
450.703 0.0538565
450.682 0.0538798
450.659 0.053903
450.639 0.0539264
450.614 0.0539496
450.593 0.0539728
450.569 0.0539961
450.546 0.0540194
450.524 0.0540427
450.501 0.0540659
450.479 0.0540892
450.456 0.0541124
450.433 0.0541357
450.409 0.0541589
450.388 0.0541822
450.365 0.0542055
450.342 0.0542288
450.321 0.0542521
450.298 0.0542753
450.275 0.0542986
450.252 0.0543219
450.23 0.0543451
450.207 0.0543684
450.184 0.0543916
450.162 0.0544149
450.139 0.0544382
450.118 0.0544615
450.094 0.0544848
450.076 0.0545081
450.05 0.0545313
450.026 0.0545544
450.006 0.0545778
449.982 0.054601
449.959 0.0546243
449.935 0.0546476
449.913 0.0546709
449.889 0.0546941
449.868 0.0547174
449.846 0.0547407
449.821 0.054764
449.8 0.0547872
449.778 0.0548105
449.753 0.0548337
449.732 0.054857
449.71 0.0548803
449.687 0.0549036
449.665 0.0549268
449.642 0.0549501
449.618 0.0549733
449.598 0.0549966
449.575 0.0550199
449.554 0.0550432
449.532 0.0550665
449.506 0.0550897
449.486 0.055113
449.461 0.0551362
449.438 0.0551595
449.416 0.0551828
449.393 0.055206
449.371 0.0552293
449.348 0.0552526
449.326 0.0552758
449.303 0.0552991
449.279 0.0553223
449.259 0.0553457
449.235 0.0553689
449.211 0.0553923
449.189 0.0554153
449.167 0.0554387
449.144 0.055462
449.122 0.0554852
449.099 0.0555085
449.078 0.0555318
449.054 0.055555
449.031 0.0555783
449.011 0.0556016
448.988 0.0556249
448.964 0.0556481
448.939 0.0556713
448.919 0.0556946
448.896 0.0557179
448.872 0.0557411
448.854 0.0557645
448.827 0.0557877
448.805 0.055811
448.783 0.0558342
448.76 0.0558575
448.737 0.0558808
448.715 0.055904
448.693 0.0559273
448.671 0.0559506
448.647 0.0559739
448.625 0.0559971
448.602 0.0560204
448.579 0.0560437
448.557 0.0560669
448.534 0.0560902
448.512 0.0561134
448.49 0.0561368
448.467 0.05616
448.444 0.0561833
448.422 0.0562066
448.399 0.0562298
448.376 0.056253
448.353 0.0562761
448.33 0.0562993
448.305 0.0563226
448.287 0.0563457
448.262 0.0563688
448.24 0.056392
448.216 0.0564151
448.192 0.0564383
448.169 0.0564615
448.147 0.0564846
448.124 0.0565077
448.102 0.0565309
448.08 0.0565541
448.056 0.0565772
448.033 0.0566004
448.011 0.0566236
447.989 0.0566467
447.965 0.0566699
447.941 0.056693
447.92 0.0567161
447.895 0.0567394
447.873 0.0567625
447.85 0.0567857
447.822 0.0568089
447.806 0.056832
447.781 0.0568551
447.764 0.0568784
447.74 0.0569014
447.713 0.0569247
447.693 0.0569477
447.668 0.056971
447.646 0.0569941
447.622 0.0570173
447.6 0.0570405
447.577 0.0570636
447.555 0.0570868
447.533 0.05711
447.509 0.0571331
447.485 0.0571563
447.463 0.0571794
447.439 0.0572026
447.417 0.0572258
447.394 0.0572488
447.371 0.0572721
447.35 0.0572953
447.326 0.0573184
447.302 0.0573416
447.282 0.0573646
447.256 0.0573879
447.234 0.0574111
447.214 0.0574345
447.188 0.0574573
447.163 0.0574804
447.142 0.0575037
447.119 0.0575268
447.097 0.05755
447.074 0.0575732
447.051 0.0575963
447.028 0.0576195
447.006 0.0576427
446.982 0.0576658
446.96 0.057689
446.937 0.0577121
446.914 0.0577354
446.89 0.0577584
446.871 0.0577816
446.846 0.0578048
446.823 0.0578279
446.8 0.0578511
446.774 0.0578742
446.755 0.0578974
446.74 0.0579206
446.706 0.0579437
446.686 0.0579669
446.663 0.0579901
446.64 0.0580132
446.617 0.0580364
446.594 0.0580595
446.569 0.0580827
446.549 0.0581059
446.526 0.0581291
446.502 0.0581521
446.481 0.0581754
446.457 0.0581985
446.436 0.0582217
446.411 0.0582448
446.389 0.058268
446.366 0.0582911
446.342 0.0583143
446.316 0.0583374
446.297 0.0583606
446.275 0.0583838
446.252 0.058407
446.229 0.0584301
446.206 0.0584533
446.183 0.0584764
446.16 0.0584997
446.143 0.058523
446.115 0.0585459
446.092 0.0585691
446.068 0.0585923
446.046 0.0586154
446.025 0.0586386
446.001 0.0586617
445.978 0.0586849
445.955 0.0587081
445.932 0.0587312
445.909 0.0587544
445.886 0.0587775
445.868 0.0588007
445.84 0.0588238
445.817 0.0588471
445.794 0.0588702
445.772 0.0588934
445.75 0.0589165
445.727 0.0589396
445.706 0.0589629
445.682 0.058986
445.658 0.0590091
445.636 0.0590323
445.612 0.0590555
445.589 0.0590786
445.568 0.0591018
445.543 0.059125
445.521 0.0591481
445.498 0.0591713
445.476 0.0591944
445.451 0.0592176
445.429 0.0592408
445.408 0.0592639
445.391 0.0592875
445.36 0.0593103
445.338 0.0593334
445.315 0.0593565
445.296 0.0593799
445.268 0.0594028
445.246 0.059426
445.224 0.0594492
445.201 0.0594724
445.178 0.0594955
445.157 0.0595188
445.132 0.0595419
445.108 0.0595649
445.087 0.0595882
445.064 0.0596113
445.041 0.0596345
445.02 0.0596574
444.992 0.0596802
444.966 0.0597031
444.941 0.0597259
444.915 0.0597488
444.891 0.0597716
444.866 0.0597945
444.841 0.0598173
444.817 0.0598402
444.789 0.059863
444.765 0.0598858
444.737 0.0599084
444.712 0.0599308
444.683 0.0599534
444.655 0.0599759
444.628 0.0599984
444.6 0.060021
444.573 0.0600436
444.546 0.0600661
444.517 0.0600885
444.491 0.0601112
444.471 0.0601339
444.437 0.0601562
444.41 0.0601788
444.382 0.0602013
444.354 0.0602239
444.327 0.0602464
444.298 0.0602688
444.271 0.0602915
444.245 0.060314
444.22 0.0603366
444.19 0.0603591
444.162 0.0603816
444.136 0.0604041
444.108 0.0604267
444.081 0.0604492
444.053 0.0604717
444.027 0.0604943
443.998 0.0605168
443.972 0.0605394
443.946 0.0605621
443.916 0.0605845
443.889 0.060607
443.861 0.0606295
443.834 0.0606521
443.806 0.0606746
443.78 0.0606972
443.75 0.0607196
443.725 0.0607422
443.698 0.0607647
443.67 0.0607871
443.642 0.0608095
443.614 0.060832
443.589 0.0608544
443.559 0.0608769
443.531 0.0608993
443.504 0.0609216
443.476 0.0609441
443.45 0.0609665
443.42 0.060989
443.392 0.0610113
443.361 0.0610335
443.339 0.0610562
443.308 0.0610787
443.281 0.061101
443.256 0.0611235
443.229 0.0611459
443.2 0.0611681
443.173 0.0611904
443.139 0.0612124
443.11 0.0612346
443.08 0.0612567
443.048 0.0612788
443.021 0.061301
443.001 0.0613233
442.961 0.0613452
442.931 0.0613673
442.901 0.0613895
442.87 0.0614117
442.843 0.0614339
442.812 0.0614559
442.783 0.0614781
442.752 0.0615002
442.713 0.0615221
442.693 0.0615445
442.664 0.0615666
442.633 0.0615887
442.603 0.0616108
442.574 0.061633
442.545 0.0616552
442.513 0.0616771
442.486 0.0616994
442.459 0.0617218
442.425 0.0617437
442.396 0.0617658
442.365 0.0617879
442.336 0.0618101
442.307 0.0618322
442.276 0.0618544
442.248 0.0618765
442.217 0.0618986
442.184 0.061921
442.157 0.0619429
442.128 0.0619651
442.098 0.0619871
442.066 0.0620092
442.039 0.0620314
442.008 0.0620536
441.979 0.0620757
441.948 0.0620978
441.918 0.0621198
441.884 0.0621416
441.852 0.0621635
441.818 0.0621854
441.785 0.0622072
441.752 0.062229
441.719 0.062251
441.686 0.0622728
441.655 0.0622947
441.62 0.0623166
441.587 0.0623384
441.548 0.0623601
441.52 0.0623817
441.479 0.0624033
441.443 0.0624249
441.406 0.0624465
441.381 0.0624681
441.334 0.0624897
441.298 0.0625113
441.26 0.0625329
441.225 0.0625546
441.188 0.0625761
441.152 0.0625977
441.116 0.0626193
441.08 0.0626411
441.043 0.0626626
441.007 0.0626842
440.972 0.0627058
440.934 0.0627274
440.897 0.062749
440.863 0.0627706
440.825 0.0627922
440.789 0.0628138
440.759 0.0628352
440.717 0.0628571
440.681 0.0628786
440.648 0.0629003
440.608 0.0629218
440.572 0.0629431
440.532 0.0629645
440.49 0.0629858
440.446 0.0630071
440.409 0.0630285
440.371 0.0630498
440.33 0.0630711
440.291 0.0630925
440.251 0.0631138
440.212 0.0631352
440.172 0.0631565
440.132 0.0631778
440.093 0.0631991
440.053 0.0632205
440.013 0.0632418
439.973 0.0632631
439.935 0.0632845
439.894 0.0633059
439.855 0.0633272
439.815 0.0633484
439.775 0.0633698
439.735 0.0633912
439.696 0.0634125
439.657 0.0634338
439.617 0.0634552
439.578 0.0634765
439.538 0.0634978
439.498 0.0635191
439.457 0.0635404
439.419 0.0635618
439.378 0.0635831
439.339 0.0636045
439.3 0.0636258
439.26 0.0636472
439.22 0.0636684
439.181 0.0636899
439.141 0.0637112
439.099 0.0637325
439.062 0.0637538
439.022 0.0637751
438.983 0.0637964
438.943 0.0638178
438.904 0.0638392
438.864 0.0638605
438.824 0.0638818
438.783 0.0639031
438.746 0.0639246
438.705 0.0639458
438.666 0.0639671
438.625 0.0639884
438.585 0.0640098
438.547 0.0640311
438.507 0.0640525
438.468 0.0640738
438.428 0.0640952
438.388 0.0641165
438.35 0.0641379
438.308 0.0641591
438.269 0.0641805
438.23 0.0642018
438.19 0.0642232
438.151 0.0642445
438.112 0.0642659
438.071 0.0642872
438.032 0.0643085
437.993 0.0643298
437.951 0.0643512
437.912 0.0643725
437.873 0.0643938
437.833 0.0644151
437.794 0.0644365
437.753 0.0644578
437.714 0.0644792
437.675 0.0645005
437.636 0.0645218
437.596 0.0645431
437.556 0.0645645
437.516 0.0645858
437.477 0.0646072
437.437 0.0646285
437.397 0.0646498
437.358 0.0646712
437.318 0.0646925
437.278 0.0647138
437.239 0.0647352
437.198 0.0647565
437.16 0.0647778
437.12 0.0647991
437.08 0.0648205
437.04 0.0648418
437.001 0.0648632
436.961 0.0648845
436.922 0.0649058
436.882 0.0649272
436.842 0.0649485
436.802 0.0649698
436.763 0.0649912
436.724 0.0650125
436.683 0.0650338
436.644 0.0650552
436.605 0.0650765
436.565 0.0650978
436.524 0.0651191
436.484 0.0651404
436.445 0.0651619
436.406 0.0651832
436.367 0.0652044
436.327 0.0652258
436.289 0.0652472
436.247 0.0652685
436.208 0.0652898
436.169 0.0653112
436.129 0.0653325
436.089 0.0653538
436.05 0.0653752
436.009 0.0653965
435.97 0.0654178
435.931 0.0654391
435.894 0.0654606
435.852 0.0654818
435.812 0.0655031
435.772 0.0655245
435.733 0.0655459
435.693 0.0655672
435.653 0.0655885
435.614 0.0656099
435.574 0.0656312
435.535 0.0656525
435.495 0.0656739
435.456 0.0656952
435.416 0.0657165
435.377 0.0657378
435.337 0.0657592
435.297 0.0657805
435.257 0.0658019
435.217 0.0658232
435.178 0.0658445
435.138 0.0658659
435.099 0.0658872
435.059 0.0659085
435.019 0.0659298
434.979 0.0659512
434.939 0.0659725
434.898 0.0659938
434.861 0.0660152
434.821 0.0660365
434.78 0.0660578
434.742 0.0660792
434.702 0.0661005
434.664 0.0661218
434.623 0.0661432
434.583 0.0661645
434.543 0.0661858
434.505 0.0662072
434.464 0.0662285
434.425 0.0662499
434.385 0.0662712
434.342 0.0662925
434.306 0.0663139
434.266 0.0663352
434.227 0.0663565
434.187 0.0663778
434.147 0.0663992
434.108 0.0664205
434.068 0.0664418
434.028 0.0664632
433.989 0.0664845
433.949 0.0665059
433.91 0.0665272
433.87 0.0665485
433.829 0.0665699
433.79 0.0665912
433.751 0.0666126
433.712 0.0666339
433.671 0.0666552
433.632 0.0666765
433.592 0.0666978
433.554 0.0667191
433.513 0.0667405
433.473 0.0667619
433.432 0.0667831
433.394 0.0668045
433.354 0.0668259
433.315 0.0668472
433.276 0.0668686
433.236 0.0668898
433.197 0.0669112
433.156 0.0669325
433.117 0.0669538
433.077 0.0669752
433.036 0.0669965
432.998 0.0670179
432.957 0.0670392
432.919 0.0670605
432.879 0.0670818
432.839 0.0671032
432.799 0.0671245
432.76 0.0671459
432.721 0.0671672
432.68 0.0671885
432.642 0.0672098
432.602 0.0672312
432.562 0.0672525
432.522 0.0672738
432.483 0.0672952
432.442 0.0673165
432.402 0.0673378
432.363 0.0673592
432.325 0.0673805
432.285 0.0674019
432.245 0.0674232
432.205 0.0674445
432.165 0.0674658
432.124 0.0674872
432.087 0.0675085
432.048 0.0675299
432.007 0.0675512
431.965 0.0675725
431.928 0.0675938
431.888 0.0676152
431.848 0.0676365
431.809 0.0676579
431.77 0.0676792
431.73 0.0677005
431.691 0.0677219
431.649 0.0677432
431.609 0.0677645
431.57 0.0677859
431.532 0.0678073
431.492 0.0678285
431.451 0.0678499
431.412 0.0678712
431.373 0.0678925
431.333 0.0679139
431.293 0.0679352
431.253 0.0679565
431.214 0.0679779
431.174 0.0679992
431.137 0.0680206
431.095 0.0680419
431.055 0.0680632
431.017 0.0680845
430.976 0.0681059
430.938 0.0681272
430.897 0.0681485
430.857 0.0681699
430.818 0.0681912
430.778 0.0682125
430.738 0.0682339
430.698 0.0682552
430.658 0.0682765
430.62 0.0682979
430.579 0.0683192
430.54 0.0683405
430.501 0.0683619
430.461 0.0683832
430.422 0.0684045
430.382 0.0684259
430.342 0.0684472
430.302 0.0684685
430.263 0.0684898
430.223 0.0685112
430.183 0.0685325
430.145 0.0685539
430.105 0.0685752
430.065 0.0685965
430.026 0.0686179
429.986 0.0686392
429.946 0.0686605
429.907 0.0686819
429.866 0.0687032
429.828 0.0687245
429.787 0.0687459
429.748 0.0687672
429.708 0.0687885
429.669 0.0688099
429.629 0.0688312
429.589 0.0688525
429.551 0.0688739
429.51 0.0688952
429.47 0.0689165
429.431 0.0689379
429.391 0.0689592
429.351 0.0689806
429.311 0.0690019
429.273 0.0690233
429.233 0.0690445
429.192 0.0690659
429.153 0.0690872
429.115 0.0691086
429.074 0.0691299
429.035 0.0691512
428.996 0.0691726
428.955 0.0691939
428.913 0.0692152
428.876 0.0692365
428.836 0.0692578
428.796 0.0692792
428.757 0.0693006
428.717 0.0693219
428.677 0.0693432
428.638 0.0693646
428.599 0.0693859
428.558 0.0694072
428.519 0.0694286
428.479 0.0694499
428.439 0.0694712
428.4 0.0694926
428.361 0.0695139
428.32 0.0695352
428.282 0.0695566
428.241 0.0695779
428.202 0.0695992
428.163 0.0696205
428.122 0.0696419
428.084 0.0696633
428.044 0.0696846
428.003 0.0697058
427.965 0.0697272
427.924 0.0697486
427.885 0.0697699
427.844 0.0697912
427.806 0.0698126
427.764 0.0698338
427.727 0.0698552
427.688 0.0698766
427.648 0.0698979
427.607 0.0699192
427.567 0.0699406
427.528 0.0699619
427.488 0.0699832
427.449 0.0700045
427.409 0.0700259
427.369 0.0700472
427.329 0.0700685
427.29 0.0700899
427.251 0.0701112
427.211 0.0701326
427.171 0.0701539
427.13 0.0701753
427.093 0.0701966
427.053 0.0702179
427.012 0.0702392
426.973 0.0702606
426.933 0.0702819
426.893 0.0703033
426.856 0.0703245
426.815 0.0703459
426.777 0.0703672
426.741 0.0703886
426.696 0.0704099
426.657 0.0704312
426.616 0.0704525
426.576 0.0704739
426.537 0.0704952
426.498 0.0705166
426.458 0.0705379
426.42 0.0705594
426.379 0.0705805
426.34 0.0706019
426.299 0.0706233
426.259 0.0706445
426.219 0.0706659
426.181 0.0706873
426.142 0.0707086
426.102 0.0707299
426.061 0.0707512
426.022 0.0707726
425.982 0.0707939
425.943 0.0708152
425.903 0.0708366
425.864 0.0708579
425.824 0.0708792
425.784 0.0709005
425.744 0.0709219
425.705 0.0709432
425.664 0.0709645
425.625 0.0709859
425.586 0.0710072
425.547 0.0710286
425.507 0.0710499
425.467 0.0710712
425.427 0.0710926
425.389 0.0711139
425.349 0.0711352
425.307 0.0711565
425.269 0.0711779
425.229 0.0711992
425.19 0.0712206
425.15 0.0712419
425.111 0.0712632
425.07 0.0712846
425.031 0.0713059
424.991 0.0713272
424.953 0.0713486
424.912 0.0713699
424.872 0.0713912
424.833 0.0714126
424.794 0.0714339
424.753 0.0714552
424.714 0.0714766
424.674 0.0714979
424.634 0.0715192
424.596 0.0715406
424.556 0.0715619
424.515 0.0715832
424.477 0.0716046
424.438 0.0716259
424.397 0.0716472
424.357 0.0716686
424.318 0.0716899
424.279 0.0717112
424.238 0.0717326
424.199 0.0717539
424.159 0.0717752
424.119 0.0717966
424.08 0.0718179
424.04 0.0718392
424.001 0.0718606
423.962 0.071882
423.922 0.0719032
423.883 0.0719246
423.843 0.0719459
423.804 0.0719672
423.76 0.0719885
423.723 0.0720098
423.685 0.0720313
423.645 0.0720526
423.605 0.0720739
423.565 0.0720952
423.525 0.0721166
423.486 0.0721379
423.446 0.0721592
423.405 0.0721806
423.368 0.0722019
423.327 0.0722233
423.287 0.0722446
423.248 0.0722659
423.208 0.0722873
423.169 0.0723086
423.129 0.07233
423.09 0.0723512
423.05 0.0723726
423.01 0.072394
422.972 0.0724153
422.928 0.0724366
422.892 0.0724579
422.852 0.0724793
422.814 0.0725006
422.774 0.0725219
422.734 0.0725432
422.694 0.0725646
422.653 0.0725859
422.614 0.0726072
422.573 0.0726286
422.534 0.0726499
422.492 0.0726712
422.455 0.0726926
422.414 0.0727139
422.376 0.0727353
422.336 0.0727566
422.297 0.0727779
422.257 0.0727993
422.218 0.0728206
422.178 0.072842
422.138 0.0728633
422.098 0.0728846
422.058 0.0729059
422.019 0.0729273
421.979 0.0729486
421.94 0.0729699
421.9 0.0729913
421.86 0.0730126
421.821 0.0730339
421.782 0.0730553
421.742 0.0730766
421.703 0.073098
421.663 0.0731193
421.622 0.0731406
421.584 0.0731619
421.543 0.0731832
421.504 0.0732046
421.464 0.0732259
421.425 0.0732473
421.384 0.0732686
421.346 0.07329
421.306 0.0733113
421.266 0.0733326
421.227 0.0733539
421.187 0.0733753
421.147 0.0733966
421.108 0.073418
421.067 0.0734392
421.029 0.0734606
420.989 0.073482
420.949 0.0735032
420.909 0.0735246
420.87 0.0735459
420.83 0.0735673
420.79 0.0735886
420.749 0.0736099
420.711 0.0736313
420.67 0.0736526
420.633 0.073674
420.592 0.0736952
420.552 0.0737166
420.513 0.0737379
420.473 0.0737592
420.434 0.0737806
420.393 0.0738019
420.354 0.0738233
420.317 0.0738446
420.275 0.0738659
420.237 0.0738874
420.196 0.0739086
420.157 0.0739299
420.117 0.0739513
420.077 0.0739726
420.037 0.073994
419.998 0.0740152
419.958 0.0740366
419.918 0.074058
419.878 0.0740791
419.839 0.0741006
419.8 0.0741219
419.76 0.0741433
419.72 0.0741646
419.68 0.074186
419.641 0.0742073
419.601 0.0742286
419.563 0.07425
419.523 0.0742713
419.482 0.0742926
419.443 0.0743139
419.403 0.0743353
419.363 0.0743566
419.323 0.0743779
419.284 0.0743993
419.244 0.0744206
419.205 0.074442
419.165 0.0744633
419.127 0.0744847
419.087 0.074506
419.046 0.0745272
419.008 0.0745486
418.967 0.0745699
418.928 0.0745914
418.888 0.0746126
418.848 0.0746339
418.808 0.0746553
418.769 0.0746766
418.729 0.074698
418.69 0.0747193
418.65 0.0747406
418.611 0.074762
418.571 0.0747833
418.531 0.0748046
418.492 0.074826
418.452 0.0748472
418.412 0.0748687
418.373 0.07489
418.334 0.0749113
418.294 0.0749327
418.254 0.074954
418.211 0.0749753
418.175 0.0749966
418.134 0.075018
418.095 0.0750393
418.055 0.0750607
418.016 0.075082
417.976 0.0751033
417.936 0.0751246
417.898 0.0751459
417.857 0.0751673
417.818 0.0751886
417.779 0.07521
417.739 0.0752313
417.7 0.0752527
417.66 0.075274
417.619 0.0752953
417.58 0.0753166
417.541 0.075338
417.501 0.0753593
417.463 0.0753807
417.421 0.075402
417.382 0.0754233
417.342 0.0754446
417.303 0.075466
417.262 0.0754873
417.224 0.0755086
417.183 0.07553
417.145 0.0755513
417.106 0.0755727
417.065 0.075594
417.025 0.0756153
416.986 0.0756366
416.946 0.075658
416.906 0.0756793
416.867 0.0757007
416.827 0.0757219
416.787 0.0757432
416.748 0.0757646
416.71 0.075786
416.669 0.0758073
416.629 0.0758287
416.589 0.07585
416.55 0.0758713
416.511 0.0758926
416.471 0.075914
416.431 0.0759353
416.392 0.0759567
416.351 0.075978
416.314 0.0759993
416.27 0.0760207
416.233 0.076042
416.193 0.0760633
416.153 0.0760846
416.113 0.076106
416.075 0.0761274
416.034 0.0761486
415.995 0.07617
415.955 0.0761913
415.915 0.0762127
415.875 0.076234
415.837 0.0762554
415.796 0.0762766
415.758 0.076298
415.718 0.0763193
415.677 0.0763407
415.639 0.076362
415.597 0.0763833
415.559 0.0764046
415.52 0.076426
415.48 0.0764473
415.438 0.0764687
415.4 0.0764899
415.361 0.0765112
415.321 0.0765326
415.281 0.076554
415.242 0.0765753
415.203 0.0765967
415.162 0.0766179
415.123 0.0766393
415.083 0.0766606
415.043 0.076682
415.004 0.0767033
414.964 0.0767246
414.924 0.076746
414.885 0.0767674
414.846 0.0767886
414.807 0.07681
414.765 0.0768313
414.726 0.0768526
414.686 0.076874
414.648 0.0768953
414.609 0.0769167
414.564 0.0769379
414.529 0.0769593
414.489 0.0769806
414.449 0.077002
414.409 0.0770233
414.37 0.0770447
414.33 0.077066
414.291 0.0770873
414.251 0.0771087
414.211 0.07713
414.17 0.0771513
414.132 0.0771726
414.092 0.077194
414.052 0.0772153
414.012 0.0772367
413.974 0.077258
413.934 0.0772794
413.899 0.0773008
413.854 0.0773219
413.815 0.0773434
413.776 0.0773647
413.736 0.077386
413.697 0.0774074
413.654 0.0774287
413.616 0.07745
413.579 0.0774714
413.538 0.0774927
413.496 0.0775139
413.459 0.0775353
413.419 0.0775567
413.381 0.077578
413.339 0.0775994
413.299 0.0776206
413.26 0.077642
413.221 0.0776634
413.181 0.0776847
413.145 0.0777061
413.102 0.0777274
413.062 0.0777487
413.023 0.07777
412.982 0.0777913
412.944 0.0778127
412.903 0.077834
412.863 0.0778553
412.824 0.0778767
412.782 0.077898
412.744 0.0779193
412.705 0.0779407
412.665 0.077962
412.626 0.0779833
412.587 0.0780047
412.543 0.0780259
412.507 0.0780474
412.467 0.0780687
412.427 0.07809
412.387 0.0781114
412.348 0.0781327
412.309 0.078154
412.267 0.0781753
412.229 0.0781967
412.188 0.078218
412.151 0.0782393
412.109 0.0782607
412.07 0.078282
412.031 0.0783033
411.99 0.0783247
411.952 0.078346
411.912 0.0783673
411.875 0.0783887
411.832 0.07841
411.793 0.0784314
411.754 0.0784527
411.715 0.078474
411.674 0.0784954
411.633 0.0785167
411.595 0.078538
411.556 0.0785594
411.515 0.0785806
411.484 0.078602
411.437 0.0786233
411.397 0.0786447
411.357 0.078666
411.321 0.0786874
411.278 0.0787087
411.239 0.07873
411.2 0.0787514
411.159 0.0787727
411.118 0.078794
411.08 0.0788153
411.041 0.0788367
411.001 0.078858
410.961 0.0788793
410.922 0.0789007
410.882 0.0789221
410.842 0.0789433
410.801 0.0789646
410.763 0.078986
410.722 0.0790073
410.684 0.0790287
410.643 0.07905
410.605 0.0790714
410.564 0.0790927
410.525 0.079114
410.484 0.0791354
410.446 0.0791567
410.406 0.079178
410.367 0.0791994
410.327 0.0792207
410.287 0.079242
410.248 0.0792634
410.207 0.0792847
410.169 0.0793061
410.129 0.0793274
410.089 0.0793487
410.049 0.07937
410.01 0.0793914
409.97 0.0794127
409.933 0.079434
409.891 0.0794554
409.852 0.0794767
409.812 0.079498
409.771 0.0795193
409.732 0.0795407
409.692 0.079562
409.654 0.0795834
409.614 0.0796047
409.575 0.079626
409.535 0.0796474
409.494 0.0796687
409.455 0.07969
409.415 0.0797113
409.376 0.0797328
409.336 0.079754
409.297 0.0797753
409.259 0.0797967
409.218 0.079818
409.18 0.0798394
409.138 0.0798607
409.098 0.079882
409.059 0.0799034
409.019 0.0799247
408.979 0.079946
408.94 0.0799673
408.901 0.0799887
408.86 0.08001
408.822 0.0800314
408.778 0.0800527
408.741 0.080074
408.702 0.0800953
408.66 0.0801167
408.623 0.0801381
408.583 0.0801593
408.544 0.0801807
408.503 0.080202
408.464 0.0802234
408.424 0.0802447
408.385 0.080266
408.344 0.0802873
408.305 0.0803087
408.267 0.08033
408.225 0.0803513
408.188 0.0803728
408.147 0.080394
408.109 0.0804154
408.068 0.0804367
408.028 0.080458
407.988 0.0804793
407.949 0.0805007
407.908 0.080522
407.87 0.0805434
407.83 0.0805647
407.789 0.080586
407.75 0.0806073
407.711 0.0806287
407.671 0.08065
407.631 0.0806714
407.592 0.0806927
407.553 0.0807141
407.513 0.0807354
407.474 0.0807567
407.434 0.080778
407.394 0.0807993
407.354 0.0808207
407.315 0.080842
407.276 0.0808634
407.235 0.0808847
407.196 0.080906
407.156 0.0809275
407.116 0.0809487
407.077 0.08097
407.038 0.0809914
406.997 0.0810126
406.958 0.081034
406.919 0.0810554
406.879 0.0810767
406.839 0.0810981
406.8 0.0811194
406.76 0.0811407
406.72 0.081162
406.681 0.0811834
406.641 0.0812047
406.601 0.081226
406.563 0.0812474
406.522 0.0812687
406.482 0.0812901
406.444 0.0813114
406.403 0.0813327
406.364 0.081354
406.324 0.0813754
406.283 0.0813967
406.245 0.0814181
406.205 0.0814394
406.165 0.0814607
406.125 0.081482
406.085 0.0815034
406.044 0.0815247
406.007 0.081546
405.967 0.0815674
405.928 0.0815887
405.888 0.08161
405.848 0.0816313
405.809 0.0816527
405.769 0.0816741
405.728 0.0816954
405.689 0.0817167
405.65 0.081738
405.609 0.0817593
405.57 0.0817807
405.531 0.0818021
405.494 0.0818234
405.451 0.0818447
405.412 0.081866
405.372 0.0818874
405.333 0.0819088
405.294 0.08193
405.254 0.0819515
405.216 0.0819727
405.174 0.0819941
405.135 0.0820154
405.095 0.0820367
405.056 0.082058
405.016 0.0820794
404.978 0.0821008
404.936 0.0821221
404.896 0.0821434
404.857 0.0821648
404.818 0.0821861
404.778 0.0822074
404.738 0.0822288
404.698 0.08225
404.659 0.0822714
404.619 0.0822927
404.58 0.082314
404.54 0.0823354
404.5 0.0823568
404.461 0.082378
404.421 0.0823994
404.381 0.0824208
404.341 0.0824421
404.302 0.0824634
404.263 0.0824847
404.224 0.0825061
404.184 0.0825274
404.144 0.0825487
404.104 0.0825701
404.065 0.0825914
404.026 0.0826127
403.985 0.082634
403.946 0.0826553
403.906 0.0826767
403.866 0.0826981
403.827 0.0827194
403.788 0.0827407
403.749 0.0827621
403.708 0.0827834
403.668 0.0828048
403.629 0.082826
403.589 0.0828474
403.55 0.0828688
403.51 0.08289
403.47 0.0829114
403.433 0.0829327
403.391 0.082954
403.351 0.0829754
403.311 0.0829967
403.272 0.0830181
403.233 0.0830394
403.192 0.0830607
403.153 0.0830821
403.114 0.0831034
403.074 0.0831247
403.034 0.083146
402.995 0.0831675
402.956 0.0831887
402.915 0.0832099
402.876 0.0832314
402.836 0.0832527
402.796 0.0832741
402.757 0.0832954
402.717 0.0833167
402.676 0.083338
402.636 0.0833594
402.601 0.0833808
402.559 0.0834021
402.52 0.0834234
402.48 0.0834447
402.44 0.0834662
402.4 0.0834874
402.36 0.0835087
402.32 0.0835301
402.281 0.0835514
402.244 0.0835727
402.201 0.0835942
402.162 0.0836154
402.124 0.0836368
402.084 0.083658
402.044 0.0836795
402.004 0.0837007
401.965 0.083722
401.925 0.0837434
401.886 0.0837648
401.844 0.0837861
401.805 0.0838073
401.767 0.0838287
401.726 0.08385
401.688 0.0838714
401.647 0.0838927
401.608 0.083914
401.568 0.0839354
401.528 0.0839567
401.488 0.0839781
401.449 0.0839994
401.41 0.0840207
401.369 0.0840421
401.33 0.0840635
401.291 0.0840847
401.251 0.0841061
401.212 0.0841274
401.171 0.0841487
401.13 0.0841701
401.092 0.0841914
401.053 0.0842128
401.012 0.0842341
400.974 0.0842555
400.935 0.0842767
400.894 0.0842981
400.855 0.0843194
400.815 0.0843408
400.775 0.0843621
400.735 0.0843834
400.695 0.0844047
400.656 0.0844261
400.615 0.0844474
400.58 0.0844688
400.537 0.0844901
400.498 0.0845114
400.458 0.0845327
400.418 0.0845541
400.38 0.0845754
400.339 0.0845968
400.298 0.0846181
400.259 0.0846394
400.218 0.0846608
400.18 0.084682
400.142 0.0847034
400.103 0.0847248
400.063 0.0847461
400.022 0.0847674
399.982 0.0847888
399.942 0.0848102
399.902 0.0848313
399.864 0.0848528
399.824 0.0848741
399.785 0.0848954
399.744 0.0849167
399.706 0.0849381
399.665 0.0849594
399.625 0.0849807
399.587 0.0850021
399.546 0.0850234
399.506 0.0850447
399.466 0.085066
399.426 0.0850874
399.388 0.0851087
399.348 0.0851301
399.309 0.0851513
399.268 0.0851727
399.229 0.0851941
399.19 0.0852154
399.151 0.0852367
399.11 0.085258
399.073 0.0852793
399.031 0.0853007
398.992 0.085322
398.952 0.0853433
398.913 0.0853647
398.872 0.085386
398.834 0.0854073
398.794 0.0854287
398.754 0.08545
398.715 0.0854714
398.675 0.0854927
398.635 0.085514
398.595 0.0855353
398.555 0.0855567
398.517 0.085578
398.476 0.0855993
398.437 0.0856207
398.397 0.085642
398.358 0.0856634
398.318 0.0856846
398.278 0.0857059
398.238 0.0857273
398.2 0.0857487
398.159 0.08577
398.12 0.0857913
398.08 0.0858126
398.041 0.085834
398.001 0.0858553
397.956 0.0858766
397.922 0.0858979
397.882 0.0859192
397.842 0.0859406
397.801 0.0859619
397.765 0.0859834
397.723 0.0860046
397.684 0.0860259
397.644 0.0860472
397.604 0.0860685
397.564 0.0860899
397.522 0.0861112
397.485 0.0861326
397.446 0.0861539
397.407 0.0861753
397.366 0.0861965
397.327 0.0862179
397.287 0.0862392
397.247 0.0862606
397.209 0.0862819
397.169 0.0863032
397.13 0.0863246
397.088 0.0863459
397.049 0.0863672
397.01 0.0863886
396.97 0.0864098
396.93 0.0864312
396.891 0.0864526
396.851 0.0864739
396.808 0.0864951
396.772 0.0865165
396.733 0.0865379
396.693 0.0865592
396.653 0.0865805
396.613 0.0866018
396.573 0.0866232
396.534 0.0866445
396.494 0.0866658
396.455 0.0866871
396.415 0.0867085
396.377 0.0867298
396.337 0.0867512
396.295 0.0867725
396.255 0.0867937
396.216 0.0868151
396.176 0.0868364
396.137 0.0868578
396.099 0.0868791
396.061 0.0869006
396.019 0.0869218
395.98 0.0869431
395.94 0.0869644
395.901 0.0869858
395.861 0.0870071
395.82 0.0870284
395.78 0.0870498
395.741 0.0870711
395.702 0.0870925
395.662 0.0871138
395.623 0.0871351
395.583 0.0871565
395.542 0.0871778
395.504 0.0871991
395.464 0.0872204
395.425 0.0872418
395.384 0.0872631
395.346 0.0872844
395.306 0.0873057
395.266 0.0873271
395.226 0.0873484
395.187 0.0873697
395.147 0.087391
395.108 0.0874124
395.068 0.0874337
395.027 0.0874551
394.988 0.0874764
394.948 0.0874978
394.909 0.087519
394.869 0.0875404
394.83 0.0875617
394.791 0.087583
394.75 0.0876043
394.712 0.0876257
394.67 0.087647
394.632 0.0876684
394.592 0.0876897
394.552 0.087711
394.513 0.0877323
394.474 0.0877537
394.436 0.0877751
394.393 0.0877964
394.355 0.0878177
394.313 0.087839
394.275 0.0878604
394.235 0.0878817
394.197 0.087903
394.157 0.0879243
394.117 0.0879457
394.075 0.087967
394.039 0.0879885
393.998 0.0880097
393.957 0.088031
393.92 0.0880522
393.879 0.0880736
393.838 0.088095
393.799 0.0881163
393.759 0.0881376
393.718 0.0881589
393.679 0.0881803
393.64 0.0882016
393.601 0.088223
393.562 0.0882443
393.522 0.0882656
393.483 0.088287
393.443 0.0883082
393.403 0.0883296
393.363 0.088351
393.323 0.0883723
393.284 0.0883936
393.244 0.088415
393.204 0.0884363
393.165 0.0884575
393.125 0.0884789
393.085 0.0885003
393.045 0.0885215
393.008 0.0885429
392.969 0.0885642
392.928 0.0885857
392.887 0.0886069
392.848 0.0886282
392.809 0.0886496
392.769 0.0886709
392.729 0.0886922
392.688 0.0887135
392.65 0.0887349
392.61 0.0887562
392.571 0.0887775
392.531 0.0887989
392.492 0.0888202
392.452 0.0888415
392.416 0.0888629
392.372 0.0888841
392.331 0.0889055
392.293 0.0889268
392.254 0.0889482
392.213 0.0889695
392.174 0.0889909
392.134 0.0890122
392.094 0.0890335
392.055 0.0890549
392.015 0.0890761
391.976 0.0890975
391.936 0.0891189
391.897 0.0891402
391.857 0.0891615
391.817 0.0891828
391.779 0.0892042
391.739 0.0892255
391.698 0.0892468
391.659 0.0892681
391.621 0.0892895
391.579 0.0893108
391.54 0.0893321
391.5 0.0893535
391.461 0.0893748
391.421 0.0893961
391.383 0.0894175
391.342 0.0894388
391.302 0.0894601
391.264 0.0894815
391.222 0.0895028
391.184 0.0895241
391.144 0.0895454
391.104 0.0895668
391.064 0.0895881
391.025 0.0896094
390.986 0.0896308
390.945 0.0896521
390.904 0.0896734
390.866 0.0896948
390.826 0.0897161
390.787 0.0897374
390.748 0.0897588
390.707 0.08978
390.668 0.0898014
390.628 0.0898227
390.589 0.0898441
390.55 0.0898654
390.509 0.0898867
390.471 0.0899082
390.431 0.0899294
390.39 0.0899507
390.35 0.089972
390.314 0.0899934
390.272 0.0900147
390.232 0.0900361
390.194 0.0900573
390.152 0.0900787
390.113 0.0901001
390.073 0.0901214
390.034 0.0901427
389.994 0.090164
389.953 0.0901852
389.913 0.0902066
389.875 0.090228
389.834 0.0902494
389.796 0.0902707
389.757 0.090292
389.718 0.0903133
389.677 0.0903347
389.639 0.090356
389.597 0.0903773
389.559 0.0903987
389.523 0.0904201
389.481 0.0904413
389.44 0.0904627
389.398 0.0904839
389.36 0.0905053
389.319 0.0905266
389.281 0.090548
389.241 0.0905693
389.201 0.0905906
389.162 0.090612
389.124 0.0906333
389.083 0.0906546
389.042 0.0906759
389.002 0.0906972
388.964 0.0907186
388.924 0.0907399
388.884 0.0907613
388.844 0.0907826
388.806 0.0908039
388.766 0.0908253
388.725 0.0908466
388.685 0.0908679
388.646 0.0908893
388.607 0.0909105
388.567 0.0909319
388.527 0.0909533
388.489 0.0909746
388.448 0.0909959
388.407 0.0910172
388.369 0.0910386
388.329 0.0910599
388.29 0.0910813
388.25 0.0911026
388.21 0.0911239
388.171 0.0911452
388.131 0.0911666
388.092 0.0911879
388.052 0.0912093
388.011 0.0912306
387.972 0.0912519
387.933 0.0912732
387.892 0.0912945
387.854 0.0913159
387.815 0.0913372
387.775 0.0913586
387.734 0.0913799
387.695 0.0914012
387.655 0.0914225
387.619 0.0914439
387.576 0.0914652
387.536 0.0914865
387.498 0.0915079
387.457 0.0915292
387.418 0.0915506
387.379 0.0915719
387.34 0.0915932
387.299 0.0916145
387.258 0.0916358
387.218 0.0916571
387.177 0.0916784
387.143 0.0916999
387.101 0.0917211
387.061 0.0917425
387.021 0.0917639
386.982 0.0917851
386.942 0.0918065
386.905 0.0918279
386.863 0.0918491
386.824 0.0918704
386.785 0.0918918
386.744 0.0919131
386.704 0.0919345
386.664 0.0919557
386.624 0.0919771
386.585 0.0919985
386.547 0.0920198
386.505 0.0920411
386.468 0.0920624
386.427 0.0920838
386.385 0.0921051
386.347 0.0921264
386.309 0.0921478
386.268 0.0921691
386.229 0.0921904
386.189 0.0922118
386.15 0.0922331
386.11 0.0922544
386.071 0.0922757
386.033 0.0922971
385.992 0.0923184
385.951 0.0923398
385.912 0.092361
385.872 0.0923824
385.831 0.0924038
385.793 0.0924251
385.753 0.0924465
385.71 0.0924676
385.674 0.0924891
385.635 0.0925104
385.597 0.0925318
385.556 0.0925531
385.515 0.0925743
385.476 0.0925957
385.437 0.092617
385.396 0.0926384
385.356 0.0926597
385.319 0.092681
385.277 0.0927024
385.238 0.0927237
385.198 0.092745
385.159 0.0927663
385.12 0.0927877
385.08 0.092809
385.039 0.0928303
384.999 0.0928517
384.962 0.092873
384.919 0.0928943
384.882 0.0929157
384.841 0.092937
384.802 0.0929583
384.762 0.0929796
384.723 0.093001
384.683 0.0930223
384.645 0.0930437
384.602 0.093065
384.565 0.0930863
384.525 0.0931076
384.486 0.0931289
384.446 0.0931503
384.406 0.0931717
384.365 0.0931929
384.326 0.0932143
384.288 0.0932356
384.247 0.093257
384.206 0.0932782
384.169 0.0932996
384.128 0.0933209
384.089 0.0933422
384.049 0.0933636
384.009 0.0933848
383.97 0.0934063
383.93 0.0934276
383.891 0.0934489
383.85 0.0934703
383.813 0.0934916
383.77 0.0935129
383.732 0.0935342
383.692 0.0935556
383.652 0.0935769
383.613 0.0935982
383.573 0.0936195
383.532 0.0936408
383.499 0.0936623
383.455 0.0936836
383.416 0.0937049
383.374 0.0937262
383.336 0.0937475
383.295 0.0937689
383.257 0.0937902
383.217 0.0938115
383.177 0.0938329
383.137 0.0938542
383.096 0.0938755
383.059 0.0938969
383.018 0.0939182
382.979 0.0939395
382.939 0.0939609
382.899 0.0939822
382.859 0.0940035
382.82 0.0940248
382.781 0.0940462
382.741 0.0940675
382.703 0.0940889
382.662 0.0941102
382.622 0.0941315
382.582 0.0941529
382.543 0.0941741
382.504 0.0941955
382.464 0.0942168
382.426 0.0942382
382.385 0.0942595
382.344 0.0942808
382.304 0.0943021
382.268 0.0943235
382.226 0.0943448
382.186 0.0943661
382.146 0.0943875
382.107 0.0944088
382.067 0.0944301
382.027 0.0944515
381.988 0.0944727
381.949 0.0944941
381.908 0.0945154
381.867 0.0945368
381.831 0.0945581
381.79 0.0945795
381.75 0.0946007
381.711 0.0946221
381.671 0.0946434
381.631 0.0946648
381.591 0.0946861
381.552 0.0947075
381.513 0.0947288
381.473 0.0947501
381.433 0.0947714
381.394 0.0947927
381.352 0.0948141
381.314 0.0948354
381.276 0.0948568
381.235 0.094878
381.195 0.0948994
381.156 0.0949208
381.116 0.0949421
381.076 0.0949634
381.036 0.0949847
380.995 0.095006
380.956 0.0950274
380.917 0.0950487
380.878 0.0950701
380.838 0.0950914
380.8 0.0951127
380.759 0.095134
380.719 0.0951554
380.679 0.0951767
380.641 0.095198
380.6 0.0952193
380.56 0.0952407
380.521 0.0952619
380.481 0.0952833
380.442 0.0953047
380.402 0.0953259
380.36 0.0953473
380.324 0.0953687
380.284 0.09539
380.243 0.0954113
380.204 0.0954326
380.165 0.095454
380.123 0.0954753
380.086 0.0954966
380.046 0.0955179
380.005 0.0955393
379.966 0.0955606
379.927 0.095582
379.887 0.0956033
379.849 0.0956246
379.809 0.0956459
379.768 0.0956673
379.728 0.0956886
379.689 0.09571
379.649 0.0957313
379.609 0.0957527
379.569 0.0957739
379.53 0.0957952
379.491 0.0958166
379.45 0.0958379
379.411 0.0958592
379.375 0.0958806
379.331 0.0959019
379.292 0.0959232
379.253 0.0959446
379.213 0.0959659
379.173 0.0959872
379.134 0.0960086
379.093 0.0960299
379.056 0.0960512
379.017 0.0960726
378.976 0.096094
378.935 0.0961152
378.899 0.0961366
378.856 0.096158
378.818 0.0961793
378.777 0.0962006
378.736 0.0962218
378.697 0.0962432
378.658 0.0962645
378.619 0.0962859
378.579 0.0963072
378.539 0.0963285
378.5 0.0963499
378.459 0.0963712
378.422 0.0963926
378.381 0.0964139
378.342 0.0964352
378.301 0.0964565
378.262 0.0964779
378.223 0.0964992
378.184 0.0965206
378.144 0.0965419
378.102 0.0965633
378.064 0.0965845
378.024 0.0966059
377.985 0.0966271
377.944 0.0966485
377.905 0.0966698
377.866 0.0966911
377.825 0.0967125
377.787 0.0967338
377.745 0.0967552
377.708 0.0967764
377.666 0.0967977
377.628 0.0968191
377.588 0.0968405
377.548 0.0968618
377.508 0.0968831
377.469 0.0969044
377.43 0.0969258
377.39 0.0969471
377.35 0.0969684
377.311 0.0969898
377.272 0.0970111
377.232 0.0970325
377.192 0.0970538
377.154 0.0970751
377.114 0.0970965
377.072 0.0971177
377.033 0.0971391
376.993 0.0971605
376.955 0.0971817
376.916 0.097203
376.876 0.0972244
376.835 0.0972457
376.796 0.0972671
376.757 0.0972884
376.718 0.0973097
376.677 0.0973311
376.637 0.0973524
376.598 0.0973738
376.558 0.0973951
376.519 0.0974163
376.479 0.0974378
376.44 0.0974591
376.4 0.0974804
376.359 0.0975017
376.32 0.097523
376.281 0.0975444
376.24 0.0975657
376.197 0.097587
376.162 0.0976083
376.12 0.0976297
376.082 0.0976511
376.042 0.0976724
376.003 0.0976938
375.964 0.097715
375.924 0.0977363
375.884 0.0977577
375.844 0.097779
375.805 0.0978004
375.765 0.0978217
375.721 0.097843
375.684 0.0978642
375.644 0.0978858
375.606 0.097907
375.568 0.0979284
375.527 0.0979497
375.487 0.097971
375.449 0.0979923
375.409 0.0980136
375.369 0.0980349
375.329 0.0980563
375.29 0.0980777
375.25 0.098099
375.21 0.0981203
375.17 0.0981416
375.13 0.0981629
375.09 0.0981843
375.051 0.0982056
375.011 0.098227
374.973 0.0982483
374.931 0.0982696
374.892 0.0982909
374.853 0.0983123
374.813 0.0983336
374.776 0.098355
374.734 0.0983763
374.694 0.0983976
374.655 0.0984189
374.617 0.0984402
374.576 0.0984616
374.538 0.098483
374.498 0.0985043
374.46 0.0985255
374.417 0.0985469
374.376 0.0985683
374.338 0.0985896
374.299 0.0986108
374.258 0.0986322
374.218 0.0986535
374.179 0.0986749
374.139 0.0986962
374.1 0.0987175
374.059 0.0987388
374.023 0.0987603
373.981 0.0987815
373.941 0.0988029
373.901 0.0988242
373.862 0.0988455
373.821 0.0988668
373.781 0.0988881
373.745 0.0989096
373.703 0.0989308
373.664 0.0989522
373.625 0.0989735
373.585 0.0989948
373.546 0.0990161
373.506 0.0990375
373.466 0.0990589
373.426 0.0990801
373.385 0.0991015
373.347 0.0991229
373.307 0.0991442
373.268 0.0991656
373.229 0.0991868
373.191 0.0992081
373.147 0.0992295
373.109 0.0992507
373.07 0.099272
373.031 0.0992935
