0.2 -1.88044e-11
0.4 -1.0583e-13
0.6 -1.05019e-13
0.8 -1.52669e-13
1 -1.27851e-13
0.76071 2.24496e-05
1.52169 4.49002e-05
2.28283 6.7351e-05
3.04348 8.98006e-05
3.80435 0.000112251
4.56529 0.000134701
5.32608 0.000157151
6.08699 0.000179601
6.84784 0.000202051
7.60872 0.000224501
8.36958 0.000246951
9.1305 0.000269402
9.89129 0.000291852
10.6522 0.000314302
11.413 0.000336752
12.1739 0.000359202
12.9348 0.000381652
13.6956 0.000404103
14.4566 0.000426553
15.2174 0.000449003
15.9782 0.000471452
16.7392 0.000493903
17.5 0.000516353
18.2609 0.000538804
19.0218 0.000561253
19.7826 0.000583704
20.5435 0.000606154
21.3044 0.000628604
22.0653 0.000651054
22.8262 0.000673504
23.587 0.000695954
24.3479 0.000718405
25.1089 0.000740855
25.8695 0.000763305
26.6305 0.000785755
27.3913 0.000808205
28.1523 0.000830655
28.9129 0.000853105
29.674 0.000875555
30.4348 0.000898006
31.1957 0.000920455
31.9566 0.000942906
32.7175 0.000965356
33.4783 0.000987806
34.2392 0.00101026
35 0.00103271
35.7609 0.00105516
36.5218 0.00107761
37.2827 0.00110006
38.0435 0.00112251
38.8044 0.00114496
39.5653 0.00116741
40.3262 0.00118986
41.087 0.00121231
41.8479 0.00123476
42.6089 0.00125721
43.3696 0.00127966
44.1306 0.00130211
44.8914 0.00132456
45.6523 0.00134701
46.4131 0.00136946
47.1741 0.00139191
47.935 0.00141436
48.6957 0.00143681
49.4566 0.00145926
50.2176 0.00148171
50.9784 0.00150416
51.7392 0.00152661
52.5 0.00154906
53.2614 0.00157151
54.0217 0.00159396
54.7827 0.00161641
55.5436 0.00163886
56.3045 0.00166131
57.0653 0.00168376
57.8262 0.00170621
58.5871 0.00172866
59.3478 0.00175111
60.1088 0.00177356
60.8697 0.00179601
61.6305 0.00181846
62.3914 0.00184091
63.1523 0.00186336
63.9132 0.00188581
64.674 0.00190826
65.4351 0.00193071
66.1958 0.00195316
66.9567 0.00197561
67.7175 0.00199806
68.4784 0.00202051
69.2393 0.00204296
70.0001 0.00206541
70.761 0.00208786
71.5219 0.00211031
72.2827 0.00213276
73.0436 0.00215521
73.8045 0.00217766
74.5654 0.00220011
75.3262 0.00222256
76.0871 0.00224501
76.848 0.00226746
77.6087 0.00228991
78.3697 0.00231236
79.1307 0.00233481
79.8914 0.00235726
80.6524 0.00237971
81.4133 0.00240217
82.1741 0.00242462
82.9349 0.00244707
83.6958 0.00246952
84.4567 0.00249197
85.2176 0.00251442
85.9785 0.00253687
86.7393 0.00255932
87.5002 0.00258177
88.261 0.00260422
89.0219 0.00262667
89.7828 0.00264912
90.5437 0.00267157
91.3045 0.00269402
92.0655 0.00271647
92.8263 0.00273892
93.5871 0.00276137
94.3481 0.00278382
95.1089 0.00280627
95.8697 0.00282872
96.6307 0.00285117
97.3916 0.00287362
98.1524 0.00289607
98.9133 0.00291852
99.674 0.00294097
100.435 0.00296342
101.196 0.00298587
101.957 0.00300832
102.718 0.00303077
103.478 0.00305322
104.239 0.00307567
105 0.00309812
105.761 0.00312057
106.522 0.00314302
107.283 0.00316547
108.044 0.00318792
108.805 0.00321037
109.565 0.00323282
110.326 0.00325527
111.087 0.00327772
111.848 0.00330017
112.609 0.00332262
113.37 0.00334507
114.131 0.00336752
114.892 0.00338997
115.652 0.00341242
116.413 0.00343487
117.174 0.00345732
117.935 0.00347977
118.696 0.00350222
119.457 0.00352467
120.218 0.00354712
120.978 0.00356957
121.739 0.00359202
122.5 0.00361447
123.261 0.00363692
124.022 0.00365937
124.783 0.00368182
125.544 0.00370427
126.305 0.00372672
127.065 0.00374917
127.826 0.00377162
128.587 0.00379407
129.348 0.00381652
130.109 0.00383897
130.87 0.00386142
131.631 0.00388387
132.392 0.00390632
133.153 0.00392877
133.913 0.00395122
134.674 0.00397367
135.435 0.00399613
136.196 0.00401857
136.957 0.00404103
137.718 0.00406348
138.479 0.00408593
139.239 0.00410838
140 0.00413083
140.761 0.00415328
141.522 0.00417573
142.283 0.00419818
143.044 0.00422063
143.805 0.00424308
144.566 0.00426553
145.326 0.00428798
146.087 0.00431043
146.848 0.00433288
147.609 0.00435533
148.37 0.00437778
149.131 0.00440023
149.892 0.00442268
150.652 0.00444513
151.413 0.00446758
152.174 0.00449003
152.935 0.00451248
153.696 0.00453493
154.457 0.00455738
155.218 0.00457983
155.978 0.00460228
156.739 0.00462473
157.5 0.00464718
158.261 0.00466963
159.022 0.00469208
159.783 0.00471453
160.544 0.00473698
161.305 0.00475943
162.066 0.00478188
162.826 0.00480433
163.587 0.00482678
164.348 0.00484923
165.109 0.00487168
165.87 0.00489413
166.631 0.00491658
167.392 0.00493903
168.152 0.00496148
168.913 0.00498393
169.674 0.00500638
170.435 0.00502883
171.196 0.00505128
171.957 0.00507373
172.718 0.00509618
173.479 0.00511863
174.239 0.00514108
175 0.00516353
175.761 0.00518598
176.522 0.00520843
177.283 0.00523088
178.044 0.00525333
178.805 0.00527578
179.565 0.00529823
180.326 0.00532068
181.087 0.00534313
181.848 0.00536558
182.609 0.00538803
183.37 0.00541048
184.131 0.00543293
184.892 0.00545538
185.653 0.00547783
186.413 0.00550028
187.174 0.00552273
187.935 0.00554518
188.696 0.00556763
189.457 0.00559008
190.218 0.00561253
190.979 0.00563498
191.74 0.00565744
192.5 0.00567989
193.261 0.00570234
194.022 0.00572479
194.783 0.00574724
195.544 0.00576969
196.305 0.00579214
197.066 0.00581459
197.826 0.00583704
198.587 0.00585949
199.348 0.00588194
200.109 0.00590439
200.87 0.00592684
201.631 0.00594929
202.392 0.00597174
203.153 0.00599419
203.913 0.00601664
204.674 0.00603909
205.435 0.00606154
206.196 0.00608399
206.957 0.00610644
207.718 0.00612889
208.479 0.00615134
209.24 0.00617379
210 0.00619624
210.761 0.00621869
211.522 0.00624114
212.283 0.00626359
213.044 0.00628604
213.805 0.00630849
214.566 0.00633094
215.327 0.00635339
216.087 0.00637584
216.848 0.00639829
217.609 0.00642074
218.37 0.00644319
219.131 0.00646564
219.892 0.00648809
220.653 0.00651054
221.413 0.00653299
222.174 0.00655544
222.935 0.00657789
223.696 0.00660034
224.457 0.00662279
225.218 0.00664524
225.979 0.00666769
226.739 0.00669014
227.5 0.00671259
228.261 0.00673504
229.022 0.00675749
229.783 0.00677994
230.544 0.00680239
231.305 0.00682484
232.066 0.00684729
232.826 0.00686974
233.587 0.00689219
234.348 0.00691464
235.109 0.00693709
235.87 0.00695954
236.631 0.00698199
237.392 0.00700444
238.153 0.00702689
238.913 0.00704934
239.674 0.00707179
240.435 0.00709424
241.196 0.00711669
241.957 0.00713914
242.718 0.00716159
243.479 0.00718404
244.24 0.00720649
245 0.00722894
245.761 0.00725139
246.522 0.00727385
247.283 0.00729629
248.044 0.00731875
248.805 0.0073412
249.566 0.00736365
250.327 0.0073861
251.087 0.00740855
251.848 0.007431
252.609 0.00745345
253.37 0.0074759
254.131 0.00749835
254.892 0.0075208
255.653 0.00754325
256.414 0.0075657
257.174 0.00758815
257.935 0.0076106
258.696 0.00763305
259.457 0.0076555
260.218 0.00767795
260.979 0.0077004
261.74 0.00772285
262.501 0.0077453
263.261 0.00776775
264.022 0.0077902
264.783 0.00781265
265.544 0.0078351
266.305 0.00785755
267.066 0.00788
267.827 0.00790245
268.588 0.0079249
269.348 0.00794735
270.109 0.0079698
270.87 0.00799225
271.631 0.0080147
272.392 0.00803715
273.153 0.0080596
273.914 0.00808205
274.674 0.0081045
275.435 0.00812695
276.196 0.0081494
276.957 0.00817185
277.718 0.0081943
278.479 0.00821675
279.24 0.0082392
280.001 0.00826165
280.762 0.0082841
281.522 0.00830655
282.283 0.008329
283.044 0.00835145
283.805 0.0083739
284.566 0.00839635
285.327 0.0084188
286.056 0.00844157
286.783 0.00846435
287.468 0.00848752
288.119 0.008511
288.751 0.00853464
289.36 0.00855848
289.968 0.00858233
290.577 0.00860617
291.185 0.00863002
291.793 0.00865386
292.393 0.00867748
292.96 0.0087012
293.499 0.00872518
294.038 0.00874915
294.577 0.00877313
295.116 0.0087971
295.656 0.00882108
296.195 0.00884505
296.734 0.00886903
297.273 0.00889301
297.813 0.00891698
298.352 0.00894096
298.891 0.00896493
299.43 0.00898891
299.969 0.00901289
300.508 0.00903686
301.048 0.00906084
301.587 0.00908481
302.126 0.00910879
302.665 0.00913277
303.204 0.00915674
303.743 0.00918072
304.283 0.00920469
304.822 0.00922867
305.361 0.00925265
305.9 0.00927662
306.439 0.0093006
306.978 0.00932457
307.518 0.00934855
308.057 0.00937252
308.596 0.0093965
309.135 0.00942048
309.674 0.00944445
310.214 0.00946843
310.753 0.0094924
311.292 0.00951638
311.831 0.00954035
312.37 0.00956433
312.91 0.00958831
313.449 0.00961228
313.988 0.00963626
314.527 0.00966023
315.066 0.00968421
315.605 0.00970819
316.145 0.00973216
316.684 0.00975614
317.223 0.00978011
317.762 0.00980409
318.301 0.00982807
318.84 0.00985204
319.38 0.00987602
319.919 0.00989999
320.458 0.00992397
320.997 0.00994795
321.536 0.00997192
322.075 0.0099959
322.615 0.0100199
323.154 0.0100438
323.693 0.0100678
324.232 0.0100918
324.771 0.0101158
325.31 0.0101398
325.85 0.0101637
326.389 0.0101877
326.928 0.0102117
327.467 0.0102357
328.006 0.0102596
328.545 0.0102836
329.085 0.0103076
329.624 0.0103316
330.163 0.0103555
330.702 0.0103795
331.241 0.0104035
331.781 0.0104275
332.319 0.0104514
332.859 0.0104754
333.398 0.0104994
333.937 0.0105234
334.476 0.0105473
335.016 0.0105713
335.555 0.0105953
336.094 0.0106193
336.633 0.0106432
337.172 0.0106672
337.697 0.0106908
338.222 0.0107144
338.746 0.010738
339.271 0.0107615
339.795 0.0107851
340.32 0.0108087
340.845 0.0108323
341.369 0.0108558
341.894 0.0108794
342.418 0.010903
342.943 0.0109266
343.468 0.0109501
343.992 0.0109737
344.517 0.0109973
345.041 0.0110209
345.566 0.0110444
346.091 0.011068
346.615 0.0110916
347.14 0.0111152
347.664 0.0111387
348.189 0.0111623
348.714 0.0111859
349.238 0.0112095
349.763 0.011233
350.287 0.0112566
350.812 0.0112802
351.336 0.0113038
351.861 0.0113273
352.386 0.0113509
352.91 0.0113745
353.435 0.0113981
353.96 0.0114216
354.484 0.0114452
354.994 0.011469
355.484 0.0114929
355.975 0.0115169
356.466 0.0115409
356.955 0.0115648
357.446 0.0115888
357.936 0.0116128
358.426 0.0116367
358.917 0.0116607
359.407 0.0116847
359.897 0.0117086
360.387 0.0117326
360.878 0.0117566
361.368 0.0117805
361.859 0.0118045
362.349 0.0118285
362.839 0.0118524
363.329 0.0118764
363.82 0.0119004
364.297 0.0119244
364.772 0.0119485
365.247 0.0119726
365.722 0.0119967
366.197 0.0120208
366.672 0.012045
367.147 0.0120691
367.622 0.0120932
368.097 0.0121173
368.572 0.0121414
369.047 0.0121655
369.522 0.0121896
369.996 0.0122137
370.472 0.0122378
370.947 0.0122619
371.422 0.012286
371.896 0.0123101
372.371 0.0123342
372.847 0.0123583
373.321 0.0123824
373.796 0.0124065
374.271 0.0124306
374.746 0.0124547
375.221 0.0124788
375.696 0.0125029
376.165 0.0125271
376.603 0.0125516
377.03 0.0125763
377.448 0.0126011
377.867 0.0126258
378.286 0.0126506
378.705 0.0126754
379.124 0.0127002
379.542 0.012725
379.961 0.0127497
380.38 0.0127745
380.799 0.0127993
381.217 0.0128241
381.636 0.0128489
382.055 0.0128736
382.474 0.0128984
382.893 0.0129232
383.311 0.012948
383.73 0.0129728
384.145 0.0129976
384.548 0.0130225
384.951 0.0130474
385.354 0.0130723
385.757 0.0130973
386.16 0.0131222
386.563 0.0131471
386.965 0.013172
387.368 0.013197
387.771 0.0132219
388.174 0.0132468
388.577 0.0132717
388.98 0.0132966
389.383 0.0133216
389.786 0.0133465
390.189 0.0133714
390.592 0.0133963
390.994 0.0134213
391.398 0.0134462
391.8 0.0134711
392.203 0.013496
392.606 0.0135209
393.009 0.0135459
393.412 0.0135708
393.815 0.0135957
394.218 0.0136206
394.621 0.0136456
395.024 0.0136705
395.427 0.0136954
395.808 0.0137206
396.19 0.0137458
396.571 0.013771
396.952 0.0137962
397.334 0.0138214
397.715 0.0138466
398.096 0.0138718
398.478 0.013897
398.859 0.0139222
399.241 0.0139475
399.622 0.0139727
400.003 0.0139979
400.384 0.0140231
400.766 0.0140483
401.147 0.0140735
401.528 0.0140987
401.91 0.0141239
402.291 0.0141491
402.642 0.0141733
402.983 0.0141971
403.326 0.014221
403.668 0.0142449
403.986 0.014268
404.297 0.0142908
404.609 0.0143136
404.92 0.0143365
405.231 0.0143593
405.543 0.0143821
405.854 0.014405
406.166 0.0144278
406.477 0.0144506
406.789 0.0144735
407.1 0.0144963
407.411 0.0145191
407.723 0.0145419
408.034 0.0145648
408.346 0.0145876
408.657 0.0146104
408.968 0.0146333
409.28 0.0146561
409.591 0.0146789
409.86 0.0147004
410.132 0.0147218
410.402 0.0147432
410.671 0.0147646
410.941 0.014786
411.211 0.0148074
411.481 0.0148288
411.751 0.0148501
412.02 0.0148715
412.291 0.0148929
412.56 0.0149143
412.83 0.0149357
413.1 0.0149571
413.369 0.0149785
413.64 0.0149999
413.909 0.0150213
414.179 0.0150427
414.449 0.0150641
414.719 0.0150855
414.988 0.0151069
415.258 0.0151283
415.527 0.0151497
415.793 0.0151712
416.06 0.0151927
416.326 0.0152142
416.593 0.0152356
416.86 0.0152571
417.125 0.0152785
417.389 0.0152999
417.653 0.0153213
417.916 0.0153426
418.181 0.015364
418.445 0.0153854
418.708 0.0154068
418.972 0.0154281
419.236 0.0154495
419.499 0.0154709
419.764 0.0154922
420.027 0.0155136
420.291 0.015535
420.554 0.0155564
420.819 0.0155777
421.083 0.0155991
421.344 0.0156204
421.595 0.0156416
421.83 0.0156626
422.047 0.0156833
422.242 0.0157038
422.438 0.0157242
422.634 0.0157447
422.83 0.0157652
423.027 0.0157857
423.223 0.0158062
423.418 0.0158266
423.615 0.0158471
423.811 0.0158676
424.007 0.0158881
424.203 0.0159085
424.399 0.015929
424.594 0.0159495
424.791 0.01597
424.987 0.0159905
425.184 0.0160109
425.379 0.0160314
425.576 0.0160519
425.772 0.0160724
425.968 0.0160928
426.164 0.0161133
426.36 0.0161338
426.555 0.0161543
426.748 0.0161748
426.94 0.0161954
427.132 0.0162159
427.324 0.0162365
427.516 0.016257
427.708 0.0162776
427.9 0.0162981
428.093 0.0163187
428.285 0.0163392
428.477 0.0163598
428.669 0.0163803
428.861 0.0164009
429.054 0.0164214
429.246 0.016442
429.438 0.0164625
429.63 0.0164831
429.823 0.0165036
430.014 0.0165242
430.207 0.0165447
430.399 0.0165653
430.591 0.0165858
430.783 0.0166064
430.975 0.0166269
431.167 0.0166475
431.359 0.016668
431.552 0.0166886
431.744 0.0167091
431.936 0.0167297
432.128 0.0167502
432.32 0.0167708
432.513 0.0167913
432.701 0.016812
432.887 0.0168327
433.071 0.0168535
433.248 0.0168744
433.425 0.0168954
433.602 0.0169164
433.778 0.0169374
433.955 0.0169583
434.132 0.0169793
434.309 0.0170003
434.486 0.0170213
434.663 0.0170422
434.84 0.0170632
435.017 0.0170842
435.179 0.0171049
435.324 0.0171254
435.45 0.0171455
435.547 0.0171652
435.644 0.017185
435.742 0.0172047
435.839 0.0172244
435.937 0.0172441
436.033 0.0172637
436.13 0.0172834
436.226 0.017303
436.323 0.0173227
436.421 0.0173424
436.516 0.017362
436.613 0.0173817
436.709 0.0174013
436.805 0.017421
436.902 0.0174407
437 0.0174603
437.096 0.01748
437.192 0.0174996
437.288 0.0175193
437.378 0.0175391
437.462 0.0175592
437.545 0.0175792
437.629 0.0175993
437.709 0.0176193
437.78 0.0176396
437.838 0.01766
437.898 0.0176804
437.953 0.0177009
438.011 0.0177213
438.047 0.0177418
438.112 0.0177623
438.188 0.0177827
438.243 0.0178031
438.302 0.0178236
438.355 0.017844
438.413 0.0178645
438.47 0.0178849
438.528 0.0179054
438.585 0.0179258
438.642 0.0179462
438.699 0.0179667
438.758 0.0179871
438.816 0.0180076
438.873 0.018028
438.93 0.0180485
438.987 0.0180689
439.044 0.0180894
439.103 0.0181098
439.161 0.0181303
439.217 0.0181507
439.277 0.0181711
439.331 0.0181916
439.39 0.0182121
439.447 0.0182325
439.505 0.018253
439.559 0.0182734
439.619 0.0182938
439.676 0.0183143
439.735 0.0183347
439.794 0.0183552
439.85 0.0183756
439.906 0.0183961
439.964 0.0184165
440.023 0.018437
440.079 0.0184574
440.137 0.0184778
440.194 0.0184983
440.253 0.0185187
440.31 0.0185392
440.366 0.0185597
440.423 0.0185801
440.481 0.0186005
440.537 0.018621
440.596 0.0186414
440.652 0.0186619
440.71 0.0186823
440.77 0.0187028
440.825 0.0187232
440.885 0.0187437
440.94 0.0187641
440.998 0.0187846
441.054 0.018805
441.112 0.0188255
441.168 0.0188459
441.226 0.0188664
441.286 0.0188868
441.334 0.0189073
441.406 0.0189277
441.454 0.0189482
441.513 0.0189686
441.581 0.0189891
441.629 0.0190095
441.691 0.0190299
441.755 0.0190504
441.803 0.0190708
441.859 0.0190913
441.912 0.0191117
441.976 0.0191322
442.031 0.0191526
442.095 0.019173
442.147 0.0191935
442.203 0.019214
442.258 0.0192344
442.319 0.0192548
442.376 0.0192753
442.432 0.0192957
442.489 0.0193162
442.543 0.0193368
442.583 0.0193575
442.624 0.0193782
442.676 0.019399
442.724 0.0194197
442.753 0.019441
442.771 0.0194623
442.785 0.0194836
442.813 0.019505
442.85 0.0195264
442.854 0.0195477
442.876 0.0195691
442.895 0.0195904
442.907 0.0196118
442.937 0.0196331
442.952 0.0196545
442.978 0.0196758
443.025 0.0196972
443.017 0.0197185
443.017 0.0197399
443.072 0.0197613
443.077 0.0197827
443.102 0.019804
443.108 0.0198252
443.158 0.0198467
443.168 0.0198681
443.182 0.0198894
443.212 0.0199107
443.225 0.0199321
443.246 0.0199534
443.268 0.0199748
443.277 0.0199962
443.295 0.0200176
443.343 0.0200389
443.209 0.0200602
443.37 0.0200816
443.39 0.0201029
443.44 0.0201244
443.526 0.020146
443.551 0.0201674
443.474 0.0201883
443.471 0.0202097
443.506 0.0202311
443.514 0.0202525
443.48 0.0202741
443.576 0.0202951
443.597 0.0203164
443.648 0.0203378
443.633 0.0203592
443.662 0.0203805
443.68 0.0204019
443.693 0.0204232
443.73 0.0204446
443.742 0.0204659
443.762 0.0204873
443.735 0.0205089
443.802 0.02053
443.823 0.0205513
443.839 0.0205727
443.87 0.0205941
443.812 0.0206157
443.907 0.0206368
443.937 0.0206581
443.948 0.0206794
443.955 0.0207008
443.985 0.020722
444.004 0.0207432
444.023 0.0207645
444.042 0.0207858
444.061 0.0208071
444.08 0.0208284
444.099 0.0208496
444.118 0.0208709
444.133 0.0208922
444.151 0.0209136
444.134 0.020935
444.195 0.020956
444.207 0.0209774
444.233 0.0209986
444.253 0.0210199
444.269 0.0210412
444.29 0.0210624
444.302 0.0210838
444.313 0.021105
444.347 0.0211262
444.366 0.0211475
444.385 0.0211688
444.406 0.0211901
444.424 0.0212114
444.442 0.0212326
444.47 0.0212538
444.48 0.0212752
444.494 0.0212965
444.518 0.0213177
444.535 0.0213391
444.556 0.0213603
444.572 0.0213816
444.595 0.0214028
444.61 0.0214241
444.633 0.0214454
444.652 0.0214667
444.671 0.021488
444.69 0.0215092
444.709 0.0215305
444.73 0.0215518
444.747 0.0215731
444.766 0.0215944
444.785 0.0216156
444.806 0.0216369
444.823 0.0216582
444.841 0.0216795
444.845 0.0217008
444.88 0.021722
444.906 0.0217434
444.918 0.0217646
444.937 0.0217859
444.953 0.0218072
444.978 0.0218284
444.996 0.0218497
445.016 0.0218709
445.03 0.0218922
445.053 0.0219136
445.071 0.0219348
445.091 0.0219561
445.109 0.0219774
445.13 0.0219986
445.148 0.0220199
445.167 0.0220412
445.182 0.0220625
445.205 0.0220837
445.224 0.022105
445.243 0.0221263
445.262 0.0221476
445.28 0.0221689
445.297 0.0221901
445.324 0.0222114
445.338 0.0222327
445.356 0.022254
445.375 0.0222752
445.395 0.0222965
445.414 0.0223178
445.433 0.0223391
445.452 0.0223604
445.483 0.0223817
445.499 0.022403
445.51 0.0224242
445.529 0.0224455
445.547 0.0224668
445.565 0.022488
445.585 0.0225093
445.604 0.0225306
445.625 0.0225518
445.643 0.0225731
445.662 0.0225944
445.683 0.0226157
445.7 0.022637
445.719 0.0226583
445.738 0.0226795
445.757 0.0227008
445.781 0.0227221
445.792 0.0227434
445.813 0.0227646
445.831 0.0227859
445.852 0.0228072
445.871 0.0228285
445.89 0.0228497
445.908 0.022871
445.93 0.0228923
445.947 0.0229136
445.966 0.0229349
445.986 0.0229562
446.005 0.0229774
446.023 0.0229987
446.042 0.02302
446.056 0.0230413
446.08 0.0230625
446.101 0.0230838
446.118 0.0231051
446.135 0.0231264
446.15 0.0231476
446.174 0.0231689
446.196 0.0231902
446.214 0.0232115
446.233 0.0232328
446.251 0.023254
446.28 0.0232754
446.286 0.0232966
446.309 0.0233178
446.329 0.0233391
446.368 0.0233606
446.363 0.0233816
446.384 0.023403
446.399 0.0234242
446.424 0.0234455
446.443 0.0234668
446.461 0.0234881
446.48 0.0235094
446.498 0.0235307
446.516 0.0235519
446.539 0.0235732
446.55 0.0235944
446.576 0.0236157
446.595 0.023637
446.569 0.0236582
446.632 0.0236795
446.65 0.0237009
446.668 0.0237221
446.691 0.0237434
446.71 0.0237647
446.72 0.0237859
446.744 0.0238073
446.767 0.0238285
446.811 0.0238499
446.802 0.0238711
446.839 0.0238925
446.842 0.0239136
446.866 0.0239349
446.879 0.0239562
446.892 0.0239775
446.92 0.0239988
446.941 0.02402
446.957 0.0240413
446.974 0.0240626
446.988 0.0240838
447.015 0.0241051
447.034 0.0241264
447.05 0.0241478
447.075 0.0241691
447.085 0.0241902
447.109 0.0242116
447.132 0.0242328
447.146 0.024254
447.167 0.0242754
447.186 0.0242966
447.205 0.0243179
447.224 0.0243392
447.244 0.0243605
447.262 0.0243817
447.277 0.024403
447.301 0.0244243
447.322 0.0244456
447.338 0.0244669
447.358 0.0244881
447.374 0.0245094
447.4 0.0245307
447.401 0.0245519
447.434 0.0245733
447.444 0.0245944
447.421 0.0246155
447.491 0.0246371
447.512 0.0246584
447.529 0.0246796
447.552 0.0247009
447.567 0.0247222
447.587 0.0247435
447.586 0.0247647
447.624 0.024786
447.645 0.0248073
447.662 0.0248286
447.682 0.0248499
447.701 0.0248711
447.719 0.0248924
447.73 0.0249137
447.827 0.0249354
447.777 0.0249563
447.794 0.0249775
447.826 0.0249988
447.836 0.0250201
447.825 0.0250413
447.872 0.0250626
447.914 0.025084
447.905 0.0251052
447.927 0.0251265
447.949 0.0251478
447.961 0.0251691
447.837 0.0251901
448.005 0.0252116
448.013 0.0252327
448.043 0.0252541
448.064 0.0252754
448.082 0.0252967
448.099 0.0253181
448.115 0.0253395
448.129 0.0253609
448.148 0.0253823
448.162 0.0254036
448.181 0.0254251
448.197 0.0254465
448.21 0.0254681
448.217 0.0254897
448.222 0.0255113
448.238 0.025533
448.253 0.0255547
448.262 0.0255764
448.256 0.0255981
448.276 0.0256198
448.297 0.0256415
448.308 0.0256632
448.318 0.0256849
448.328 0.0257066
448.338 0.0257283
448.464 0.0257503
448.361 0.0257717
448.371 0.0257933
448.38 0.0258151
448.393 0.0258367
448.403 0.0258585
448.414 0.0258802
448.408 0.0259018
448.435 0.0259236
448.445 0.0259452
448.46 0.0259668
448.466 0.0259886
448.478 0.0260103
448.486 0.026032
448.498 0.0260537
448.509 0.0260754
448.528 0.0260971
448.53 0.0261188
448.543 0.0261405
448.575 0.0261623
448.572 0.0261839
448.572 0.0262057
448.583 0.0262273
448.542 0.0262487
448.612 0.0262708
448.619 0.0262923
448.625 0.026314
448.636 0.0263357
448.646 0.0263574
448.657 0.0263791
448.651 0.0264007
448.684 0.0264226
448.706 0.0264444
448.699 0.0264659
448.698 0.0264876
448.718 0.0265092
448.72 0.0265308
448.742 0.0265527
448.752 0.0265744
448.76 0.026596
448.773 0.0266178
448.769 0.0266394
448.795 0.0266612
448.788 0.0266828
448.816 0.0267045
448.826 0.0267262
448.828 0.0267479
448.876 0.02677
448.858 0.0267913
448.868 0.026813
448.881 0.0268348
448.89 0.0268564
448.903 0.0268781
448.902 0.0268997
448.913 0.0269214
448.932 0.0269432
448.943 0.0269649
448.942 0.0269865
448.964 0.0270083
448.974 0.0270299
448.974 0.0270517
448.996 0.0270733
449.004 0.027095
449.003 0.0271167
449.027 0.0271384
449.047 0.0271601
449.049 0.0271818
449.06 0.0272035
449.07 0.0272252
449.074 0.0272469
449.087 0.0272686
449.003 0.0272902
449.111 0.0273119
449.122 0.0273337
449.133 0.0273554
449.144 0.027377
449.154 0.0273987
449.165 0.0274204
449.21 0.0274421
449.183 0.0274638
449.187 0.0274856
449.207 0.0275072
449.218 0.0275289
449.228 0.0275506
449.239 0.0275723
449.249 0.027594
449.249 0.0276157
449.271 0.0276374
449.281 0.0276591
449.292 0.0276808
449.297 0.0277025
449.28 0.0277241
449.292 0.0277456
449.335 0.0277675
449.318 0.0277891
449.314 0.0278108
449.364 0.0278326
449.376 0.0278543
449.377 0.027876
449.398 0.0278977
449.408 0.0279194
449.419 0.0279411
449.43 0.0279628
449.437 0.0279845
449.45 0.0280062
449.461 0.0280279
449.472 0.0280496
449.473 0.0280713
449.468 0.0280931
449.509 0.0281146
449.515 0.0281364
449.523 0.0281581
449.531 0.0281797
449.523 0.0282014
449.556 0.0282231
449.565 0.0282448
449.577 0.0282665
449.588 0.0282882
449.598 0.0283099
449.608 0.0283316
449.621 0.0283533
449.63 0.028375
449.642 0.0283967
449.651 0.0284183
449.66 0.02844
449.67 0.0284617
449.682 0.0284834
449.694 0.0285051
449.687 0.0285269
449.69 0.0285487
449.726 0.0285702
449.736 0.0285919
449.747 0.0286136
449.757 0.0286353
449.777 0.028657
449.773 0.0286787
449.789 0.0287004
449.8 0.0287221
449.81 0.0287438
449.81 0.0287654
449.831 0.0287872
449.773 0.0288088
449.853 0.0288305
449.863 0.0288522
449.874 0.0288739
449.884 0.0288956
449.967 0.0289173
449.905 0.028939
449.903 0.0289607
449.927 0.0289824
449.937 0.0290041
449.948 0.0290258
449.958 0.0290475
449.968 0.0290692
449.97 0.0290909
449.987 0.0291125
450.001 0.0291343
450.014 0.0291558
450.022 0.0291776
450.032 0.0291993
450.043 0.029221
450.054 0.0292427
450.055 0.0292644
450.079 0.0292862
450.083 0.0293078
450.096 0.0293295
450.115 0.029351
450.116 0.0293729
450.117 0.0293946
450.138 0.0294163
450.149 0.029438
450.159 0.0294597
450.157 0.0294815
450.18 0.0295031
450.191 0.0295247
450.191 0.0295464
450.212 0.0295681
450.223 0.0295898
450.261 0.0296116
450.262 0.0296331
450.255 0.0296549
450.264 0.0296766
450.278 0.0296982
450.286 0.02972
450.322 0.0297416
450.307 0.0297634
450.307 0.0297851
450.329 0.0298068
450.329 0.0298285
450.34 0.0298502
450.36 0.0298718
450.361 0.0298936
450.381 0.0299152
450.392 0.0299369
450.403 0.0299586
450.413 0.0299803
450.423 0.030002
450.434 0.0300237
450.436 0.0300454
450.45 0.0300671
450.467 0.0300888
450.477 0.0301105
450.487 0.0301322
450.502 0.0301539
450.509 0.0301756
450.508 0.0301973
450.53 0.0302189
450.541 0.0302406
450.551 0.0302624
450.552 0.0302841
450.572 0.0303057
450.583 0.0303274
450.593 0.0303491
450.605 0.0303708
450.615 0.0303925
450.625 0.0304142
450.635 0.0304359
450.646 0.0304576
450.646 0.0304793
450.667 0.030501
450.678 0.0305227
450.688 0.0305444
450.699 0.0305661
450.7 0.0305878
450.72 0.0306094
450.731 0.0306311
450.741 0.0306528
450.753 0.0306745
450.763 0.0306961
450.773 0.0307179
450.783 0.0307396
450.794 0.0307613
450.805 0.030783
450.808 0.0308044
450.829 0.0308264
450.837 0.0308481
450.847 0.0308698
450.854 0.0308914
450.868 0.0309132
450.878 0.0309348
450.893 0.0309566
450.901 0.0309783
450.91 0.0309999
450.921 0.0310216
450.915 0.0310432
450.943 0.031065
450.953 0.0310867
450.963 0.0311084
450.974 0.0311301
450.984 0.0311518
450.998 0.0311735
451.003 0.0311952
451.016 0.0312169
451.025 0.0312386
451.038 0.0312603
451.048 0.031282
451.058 0.0313036
451.069 0.0313253
451.08 0.0313471
451.09 0.0313687
451.101 0.0313904
451.111 0.0314121
451.122 0.0314338
451.133 0.0314555
451.143 0.0314772
451.154 0.0314989
451.165 0.0315206
451.175 0.0315423
451.186 0.031564
451.196 0.0315857
451.211 0.0316074
451.219 0.031629
451.228 0.0316507
451.238 0.0316724
451.249 0.0316941
451.258 0.0317159
451.232 0.0317374
451.277 0.0317591
451.291 0.0317809
451.294 0.0318025
451.313 0.0318243
451.303 0.0318459
451.333 0.0318677
451.345 0.0318894
451.352 0.0319111
451.359 0.0319328
451.378 0.0319545
451.39 0.0319762
451.399 0.0319979
451.409 0.0320196
451.418 0.0320412
451.447 0.0320632
451.44 0.0320846
451.445 0.0321062
451.46 0.0321281
451.471 0.0321498
451.471 0.0321713
451.481 0.032193
451.502 0.0322148
451.517 0.0322366
451.524 0.0322582
451.541 0.0322799
451.545 0.0323016
451.557 0.0323233
451.566 0.032345
451.577 0.0323667
451.588 0.0323883
451.595 0.03241
451.597 0.0324316
451.631 0.0324535
451.631 0.032475
451.64 0.0324968
451.651 0.0325185
451.649 0.0325401
451.642 0.0325617
451.682 0.0325835
451.71 0.0326053
451.692 0.0326268
451.717 0.0326487
451.725 0.0326704
451.735 0.0326921
451.747 0.0327138
451.776 0.0327356
451.798 0.0327574
451.779 0.0327788
451.789 0.0328006
451.799 0.0328222
451.803 0.0328439
451.82 0.0328656
451.834 0.0328873
451.842 0.032909
451.852 0.0329307
451.863 0.0329524
451.875 0.0329742
451.884 0.0329958
451.895 0.0330175
451.904 0.0330391
451.921 0.0330609
451.925 0.0330826
451.931 0.0331042
451.947 0.0331259
451.958 0.0331476
451.97 0.0331693
451.978 0.033191
451.99 0.0332127
452 0.0332344
452.011 0.0332561
452.021 0.0332778
452.032 0.0332995
452.043 0.0333212
452.051 0.0333429
452.064 0.0333646
452.074 0.0333863
452.086 0.0334079
452.096 0.0334297
452.106 0.0334513
452.117 0.033473
452.128 0.0334947
452.138 0.0335164
452.148 0.0335381
452.156 0.0335598
452.172 0.0335815
452.178 0.0336033
452.192 0.0336249
452.199 0.0336466
452.216 0.0336682
452.223 0.03369
452.233 0.0337117
452.235 0.0337334
452.254 0.0337551
452.268 0.0337766
452.28 0.0337983
452.285 0.0338201
452.296 0.0338418
452.306 0.0338635
452.308 0.0338853
452.352 0.033907
452.361 0.0339286
452.349 0.0339503
452.357 0.033972
452.371 0.0339937
452.377 0.0340154
452.386 0.0340372
452.406 0.0340588
452.418 0.0340805
452.423 0.0341022
452.435 0.0341238
452.446 0.0341455
452.455 0.0341672
452.466 0.0341889
452.476 0.0342106
452.486 0.0342323
452.496 0.034254
452.511 0.0342757
452.519 0.0342974
452.529 0.0343191
452.533 0.0343408
452.551 0.0343625
452.551 0.0343842
452.571 0.0344059
452.572 0.0344276
452.594 0.0344493
452.607 0.034471
452.612 0.0344927
452.624 0.0345143
452.639 0.034536
452.646 0.0345577
452.651 0.0345794
452.667 0.0346011
452.678 0.0346228
452.692 0.0346445
452.699 0.0346662
452.709 0.0346879
452.72 0.0347096
452.732 0.0347313
452.738 0.034753
452.741 0.0347747
452.762 0.0347964
452.772 0.0348181
452.783 0.0348397
452.795 0.0348615
452.804 0.0348831
452.816 0.0349048
452.826 0.0349265
452.837 0.0349482
452.843 0.0349699
452.857 0.0349916
452.868 0.0350133
452.879 0.035035
452.888 0.0350567
452.9 0.0350784
452.91 0.0351001
452.934 0.0351218
452.934 0.0351434
452.944 0.0351652
452.953 0.0351869
452.963 0.0352086
452.981 0.0352303
452.984 0.0352519
452.997 0.0352738
453.005 0.0352954
453.016 0.035317
453.03 0.0353387
453.037 0.0353604
453.048 0.0353821
453.058 0.0354038
453.069 0.0354255
453.079 0.0354472
453.09 0.0354689
453.101 0.0354906
453.111 0.0355123
453.119 0.035534
453.133 0.0355557
453.143 0.0355773
453.155 0.035599
453.162 0.0356207
453.177 0.0356426
453.186 0.0356642
453.195 0.0356858
453.206 0.0357075
453.217 0.0357292
453.227 0.0357509
453.238 0.0357726
453.248 0.0357943
453.258 0.035816
453.27 0.0358377
453.28 0.0358594
453.29 0.0358811
453.302 0.0359028
453.313 0.0359245
453.323 0.0359461
453.333 0.0359678
453.344 0.0359895
453.36 0.0360112
453.369 0.0360329
453.375 0.0360546
453.384 0.0360763
453.397 0.036098
453.408 0.0361197
453.422 0.0361414
453.426 0.0361631
453.439 0.0361848
453.451 0.0362065
453.461 0.0362282
453.473 0.0362499
453.484 0.0362716
453.489 0.0362933
453.503 0.0363149
453.513 0.0363367
453.524 0.0363583
453.534 0.03638
453.544 0.0364018
453.556 0.0364234
453.567 0.0364452
453.576 0.0364668
453.589 0.0364885
453.598 0.0365102
453.606 0.0365319
453.618 0.0365536
453.63 0.0365753
453.64 0.036597
453.648 0.0366187
453.662 0.0366404
453.672 0.036662
453.683 0.0366837
453.698 0.0367055
453.703 0.0367271
453.714 0.0367488
453.717 0.0367706
453.735 0.0367922
453.747 0.0368139
453.757 0.0368356
453.756 0.0368572
453.778 0.036879
453.789 0.0369007
453.79 0.0369224
453.81 0.0369441
453.82 0.0369658
453.831 0.0369875
453.843 0.0370092
453.852 0.0370308
453.863 0.0370525
453.876 0.0370743
453.876 0.037096
453.873 0.0371176
453.871 0.0371396
453.899 0.0371613
454.003 0.0371831
453.912 0.0372049
453.913 0.0372267
453.958 0.0372485
453.933 0.0372702
453.94 0.037292
453.946 0.0373136
453.954 0.0373355
453.961 0.0373572
453.968 0.037379
453.977 0.0374008
453.974 0.0374227
453.99 0.0374443
453.996 0.0374661
454.005 0.0374878
454.011 0.0375096
454.002 0.0375317
454.023 0.0375531
454.032 0.0375749
454.025 0.0375968
454.045 0.0376184
454.068 0.0376399
454.07 0.0376619
454.063 0.0376836
454.059 0.0377055
454.081 0.0377272
454.089 0.037749
454.095 0.0377707
454.101 0.0377925
454.099 0.0378143
454.115 0.037836
454.123 0.0378578
454.134 0.0378793
454.136 0.0379013
454.143 0.0379231
454.151 0.0379448
454.157 0.0379666
454.168 0.0379883
454.17 0.0380101
454.179 0.0380318
454.178 0.0380536
454.192 0.0380754
454.199 0.0380971
454.201 0.0381189
454.199 0.0381406
454.218 0.0381624
454.227 0.0381841
454.234 0.0382059
454.241 0.0382276
454.24 0.0382495
454.24 0.0382713
454.262 0.0382929
454.269 0.0383147
454.276 0.0383364
454.283 0.0383582
454.29 0.03838
454.291 0.0384017
454.304 0.0384235
454.303 0.0384452
454.318 0.038467
454.318 0.0384888
454.345 0.0385114
454.339 0.0385323
454.346 0.038554
454.353 0.0385758
454.36 0.0385975
454.362 0.0386193
454.346 0.0386412
454.381 0.0386628
454.388 0.0386846
454.391 0.0387063
454.389 0.0387281
454.391 0.03875
454.416 0.0387716
454.423 0.0387934
454.43 0.0388151
454.437 0.0388369
454.444 0.0388586
454.451 0.0388804
454.458 0.0389022
454.465 0.0389239
454.474 0.0389458
454.476 0.0389674
454.486 0.0389892
454.492 0.039011
454.492 0.0390328
454.501 0.0390545
454.502 0.0390763
454.518 0.0390981
454.499 0.03912
454.518 0.0391418
454.524 0.0391637
454.526 0.0391855
454.526 0.0392073
454.531 0.0392292
454.529 0.0392509
454.533 0.0392729
454.541 0.0392947
454.547 0.0393164
454.556 0.0393383
454.556 0.0393602
454.555 0.039382
454.57 0.0394038
454.565 0.0394257
454.566 0.0394475
454.569 0.0394693
454.572 0.0394911
454.573 0.0395129
454.574 0.0395348
454.577 0.0395566
454.588 0.0395784
454.59 0.0396003
454.6 0.0396221
454.601 0.0396439
454.6 0.0396658
454.604 0.0396876
454.606 0.0397094
454.61 0.0397312
454.613 0.0397531
454.621 0.0397749
454.619 0.0397967
454.618 0.0398185
454.627 0.0398404
454.629 0.0398622
454.633 0.0398841
454.637 0.0399059
454.638 0.0399278
454.644 0.0399496
454.642 0.0399715
454.65 0.0399932
454.658 0.040015
454.657 0.0400369
454.656 0.0400587
454.664 0.0400805
454.666 0.0401024
454.671 0.0401242
454.677 0.040146
454.677 0.0401679
454.678 0.0401897
454.684 0.0402115
454.695 0.040234
454.691 0.0402552
454.694 0.040277
454.7 0.0402988
454.701 0.0403207
454.699 0.0403425
454.714 0.0403644
454.712 0.0403862
454.713 0.040408
454.707 0.0404298
454.722 0.0404516
454.724 0.0404728
454.726 0.0404952
454.732 0.0405172
454.73 0.040539
454.738 0.0405608
454.742 0.0405826
454.742 0.0406045
454.748 0.0406263
454.752 0.0406481
454.756 0.04067
454.759 0.0406918
454.762 0.0407136
454.766 0.0407355
454.768 0.0407573
454.772 0.0407791
454.775 0.040801
454.775 0.0408229
454.775 0.0408448
454.771 0.0408667
454.775 0.0408887
454.776 0.0409106
454.781 0.0409324
454.779 0.0409544
454.779 0.0409762
454.777 0.0409983
454.777 0.0410202
454.777 0.0410421
454.777 0.041064
454.774 0.0410859
454.779 0.0411078
454.778 0.0411298
454.781 0.0411517
454.778 0.0411736
454.785 0.0411955
454.779 0.0412174
454.78 0.0412393
454.781 0.0412613
454.782 0.0412832
454.778 0.0413051
454.78 0.041327
454.786 0.0413489
454.781 0.0413709
454.781 0.0413928
454.788 0.0414146
454.779 0.0414366
454.774 0.0414584
454.787 0.0414804
454.782 0.0415024
454.78 0.0415243
454.782 0.0415461
454.792 0.0415681
454.784 0.04159
454.781 0.041612
454.787 0.0416339
454.782 0.0416558
454.782 0.0416777
454.783 0.0416996
454.785 0.0417215
454.785 0.0417435
454.785 0.0417654
454.786 0.0417873
454.785 0.0418092
454.779 0.0418311
454.786 0.041853
454.787 0.041875
454.787 0.0418969
454.787 0.0419188
454.789 0.0419407
454.786 0.0419626
454.787 0.0419846
454.787 0.0420065
454.787 0.0420284
454.787 0.0420503
454.792 0.0420723
454.789 0.0420941
454.789 0.042116
454.787 0.042138
454.788 0.0421599
454.791 0.0421818
454.792 0.0422037
454.795 0.0422257
454.791 0.0422475
454.789 0.0422695
454.789 0.0422915
454.788 0.0423134
454.792 0.0423353
454.792 0.0423572
454.794 0.042379
454.793 0.042401
454.795 0.0424229
454.795 0.0424447
454.794 0.0424667
454.797 0.0424887
454.793 0.0425106
454.795 0.0425325
454.79 0.0425544
454.797 0.0425763
454.789 0.0425983
454.795 0.0426202
454.797 0.0426421
454.798 0.0426639
454.792 0.0426859
454.792 0.0427078
454.792 0.0427298
454.794 0.0427517
454.798 0.0427736
454.797 0.0427955
454.796 0.0428174
454.793 0.0428394
454.792 0.0428613
454.799 0.0428833
454.799 0.0429051
454.795 0.042927
454.795 0.0429489
454.791 0.0429709
454.8 0.0429928
454.799 0.0430147
454.793 0.0430367
454.793 0.0430587
454.787 0.0430807
454.79 0.0431027
454.784 0.0431247
454.783 0.0431467
454.784 0.0431688
454.776 0.0431908
454.779 0.0432128
454.763 0.0432347
454.77 0.0432568
454.765 0.0432788
454.761 0.0433008
454.756 0.0433228
454.752 0.0433448
454.76 0.0433669
454.748 0.0433888
454.742 0.0434109
454.741 0.0434329
454.743 0.0434548
454.737 0.0434769
454.733 0.0434989
454.739 0.0435207
454.729 0.0435429
454.724 0.0435649
454.723 0.0435869
454.725 0.0436088
454.717 0.0436309
454.713 0.0436529
454.711 0.0436749
454.705 0.0436969
454.699 0.0437189
454.708 0.0437409
454.699 0.0437629
454.7 0.0437849
454.692 0.0438069
454.694 0.043829
454.687 0.043851
454.683 0.043873
454.681 0.043895
454.677 0.043917
454.675 0.043939
454.67 0.0439609
454.67 0.043983
454.666 0.044005
454.664 0.044027
454.661 0.044049
454.654 0.044071
454.651 0.044093
454.645 0.044115
454.648 0.0441371
454.65 0.0441591
454.644 0.0441811
454.641 0.0442031
454.637 0.0442251
454.631 0.0442471
454.63 0.0442691
454.626 0.0442911
454.632 0.044313
454.622 0.0443351
454.619 0.0443571
454.611 0.0443792
454.616 0.0444011
454.609 0.0444231
454.608 0.0444451
454.604 0.0444672
454.601 0.0444891
454.598 0.0445112
454.595 0.0445332
454.591 0.0445552
454.592 0.0445772
454.584 0.0445993
454.583 0.0446211
454.581 0.0446432
454.577 0.0446653
454.575 0.0446872
454.572 0.0447092
454.569 0.0447312
454.568 0.0447533
454.563 0.0447753
454.56 0.0447973
454.557 0.0448194
454.554 0.0448413
454.551 0.0448633
454.549 0.0448853
454.544 0.0449073
454.553 0.0449293
454.545 0.0449514
454.534 0.0449733
454.535 0.0449955
454.53 0.0450173
454.527 0.0450393
454.526 0.0450614
454.522 0.0450833
454.519 0.0451053
454.514 0.0451274
454.509 0.0451494
454.5 0.0451713
454.505 0.0451934
454.502 0.0452154
454.504 0.0452374
454.498 0.0452594
454.495 0.0452814
454.494 0.0453034
454.49 0.0453254
454.486 0.0453474
454.483 0.0453694
454.48 0.0453914
454.478 0.0454135
454.472 0.0454355
454.469 0.0454575
454.472 0.0454795
454.465 0.0455015
454.463 0.0455235
454.46 0.0455455
454.457 0.0455675
454.455 0.0455895
454.452 0.0456115
454.444 0.0456335
454.449 0.0456555
454.442 0.0456776
454.437 0.0456996
454.433 0.0457215
454.433 0.0457436
454.436 0.0457656
454.429 0.0457876
454.426 0.0458096
454.419 0.0458315
454.418 0.0458536
454.414 0.0458756
454.413 0.0458976
454.409 0.0459196
454.407 0.0459416
454.404 0.0459637
454.404 0.0459856
454.399 0.0460076
454.4 0.0460296
454.392 0.0460517
454.391 0.0460737
454.387 0.0460957
454.382 0.0461176
454.38 0.0461397
454.379 0.0461618
454.374 0.0461837
454.371 0.0462057
454.367 0.0462277
454.367 0.0462497
454.362 0.0462717
454.354 0.0462937
454.358 0.0463157
454.355 0.0463377
454.352 0.0463598
454.347 0.0463818
454.346 0.0464037
454.346 0.0464258
454.338 0.0464478
454.342 0.0464697
454.334 0.0464918
454.331 0.0465138
454.327 0.0465358
454.324 0.0465578
454.32 0.0465798
454.315 0.0466018
454.315 0.0466239
454.313 0.0466458
454.304 0.0466678
454.31 0.0466899
454.303 0.0467118
454.3 0.0467339
454.297 0.0467559
454.295 0.0467779
454.293 0.0467999
454.282 0.0468219
454.285 0.0468439
454.282 0.0468659
454.28 0.0468879
454.284 0.04691
454.274 0.0469319
454.271 0.0469539
454.266 0.0469759
454.265 0.046998
454.261 0.04702
454.261 0.047042
454.255 0.047064
454.253 0.047086
454.248 0.047108
454.247 0.04713
454.244 0.047152
454.245 0.047174
454.238 0.047196
454.236 0.047218
454.235 0.04724
454.229 0.047262
454.227 0.047284
454.221 0.0473061
454.218 0.047328
454.218 0.0473501
454.216 0.0473721
454.212 0.0473941
454.209 0.0474161
454.207 0.0474381
454.203 0.0474601
454.2 0.0474821
454.199 0.0475042
454.195 0.0475261
454.193 0.0475481
454.188 0.0475701
454.186 0.0475922
454.182 0.0476142
454.179 0.0476361
454.175 0.0476581
454.172 0.0476801
454.17 0.0477022
454.164 0.0477241
454.179 0.0477462
454.162 0.0477682
454.158 0.0477902
454.157 0.0478122
454.153 0.0478342
454.15 0.0478562
454.145 0.0478782
454.144 0.0479002
454.141 0.0479223
454.139 0.0479442
454.137 0.0479661
454.131 0.0479883
454.129 0.0480103
454.126 0.0480323
454.115 0.0480541
454.12 0.0480763
454.117 0.0480983
454.116 0.0481203
454.114 0.0481423
454.104 0.0481643
454.106 0.0481863
454.103 0.0482083
454.099 0.0482303
454.097 0.0482523
454.093 0.0482744
454.091 0.0482964
454.089 0.0483184
454.084 0.0483404
454.084 0.0483624
454.09 0.0483843
454.076 0.0484064
454.073 0.0484284
454.078 0.0484504
454.066 0.0484724
454.053 0.0484944
454.06 0.0485165
454.054 0.0485384
454.057 0.0485604
454.051 0.0485825
454.048 0.0486045
454.046 0.0486265
454.044 0.0486485
454.039 0.0486706
454.037 0.0486925
454.036 0.0487145
454.032 0.0487365
454.031 0.0487585
454.026 0.0487805
454.016 0.0488025
453.941 0.0488244
454.017 0.0488465
454.014 0.0488685
454.014 0.0488906
454.008 0.0489126
454.004 0.0489345
454.003 0.0489566
454.008 0.0489784
453.996 0.0490006
453.992 0.0490226
453.99 0.0490446
453.987 0.0490666
453.984 0.0490886
453.979 0.0491105
453.978 0.0491326
453.978 0.0491547
453.975 0.0491768
453.969 0.0491986
453.966 0.0492206
453.963 0.0492427
453.961 0.0492647
453.961 0.0492867
453.955 0.0493087
453.951 0.0493307
453.949 0.0493527
453.946 0.0493747
453.969 0.0493972
453.94 0.0494187
453.938 0.0494408
453.937 0.0494627
453.93 0.0494847
453.929 0.0495067
453.925 0.0495287
453.924 0.0495508
453.92 0.0495728
453.916 0.0495948
453.914 0.0496168
453.91 0.0496388
453.921 0.0496609
453.905 0.0496828
453.904 0.0497048
453.899 0.0497268
453.895 0.0497485
453.893 0.0497708
453.89 0.0497928
453.889 0.0498148
453.883 0.0498368
453.884 0.0498589
453.877 0.0498808
453.88 0.0499028
453.872 0.0499249
453.869 0.0499469
453.864 0.0499688
453.866 0.0499909
453.86 0.0500129
453.856 0.0500349
453.857 0.0500569
453.85 0.0500789
453.849 0.0501009
453.847 0.050123
453.842 0.0501449
453.84 0.0501669
453.836 0.050189
453.834 0.050211
453.825 0.0502329
453.828 0.050255
453.824 0.050277
453.823 0.0502991
453.819 0.050321
453.821 0.0503434
453.812 0.050365
453.81 0.050387
453.807 0.050409
453.804 0.050431
453.802 0.050453
453.798 0.050475
453.795 0.050497
453.791 0.0505191
453.787 0.050541
453.794 0.0505628
453.782 0.050585
453.781 0.0506071
453.782 0.0506291
453.756 0.0506513
453.764 0.0506731
453.768 0.0506951
453.777 0.0507171
453.766 0.050739
453.75 0.0507614
453.75 0.0507831
453.754 0.0508051
453.747 0.0508271
453.748 0.0508492
453.741 0.0508712
453.742 0.0508933
453.743 0.0509152
453.718 0.050937
453.733 0.0509592
453.73 0.0509812
453.727 0.0510032
453.724 0.0510252
453.721 0.0510472
453.719 0.0510692
453.715 0.0510912
453.723 0.0511133
453.711 0.0511352
453.707 0.0511573
453.703 0.0511793
453.701 0.0512013
453.698 0.0512233
453.695 0.0512453
453.691 0.0512673
453.689 0.0512893
453.688 0.0513113
453.683 0.0513333
453.679 0.0513554
453.678 0.0513774
453.674 0.0513993
453.671 0.0514213
453.668 0.0514434
453.667 0.0514654
453.663 0.0514874
453.66 0.0515094
453.656 0.0515314
453.656 0.0515534
453.648 0.0515754
453.648 0.0515974
453.645 0.0516194
453.64 0.0516414
453.635 0.0516635
453.635 0.0516854
453.633 0.0517074
453.63 0.0517294
453.628 0.0517514
453.624 0.0517734
453.624 0.0517955
453.622 0.051818
453.614 0.0518395
453.616 0.0518615
453.613 0.0518834
453.615 0.0519055
453.603 0.0519275
453.6 0.0519495
453.597 0.0519715
453.595 0.0519935
453.596 0.0520154
453.567 0.0520374
453.58 0.0520595
453.581 0.0520816
453.577 0.0521035
453.577 0.0521256
453.566 0.0521475
453.573 0.0521696
453.568 0.0521916
453.568 0.0522136
453.562 0.0522356
453.559 0.0522576
453.555 0.0522796
453.553 0.0523016
453.551 0.0523236
453.546 0.0523456
453.544 0.0523676
453.538 0.0523896
453.54 0.0524116
453.536 0.0524336
453.531 0.0524557
453.529 0.0524777
453.527 0.0524997
453.524 0.0525217
453.525 0.0525437
453.517 0.0525657
453.515 0.0525877
453.512 0.0526097
453.51 0.0526317
453.506 0.0526537
453.5 0.0526757
453.5 0.0526977
453.495 0.0527198
453.492 0.052742
453.484 0.052764
453.479 0.0527861
453.476 0.0528083
453.463 0.0528305
453.461 0.0528527
453.446 0.0528749
453.436 0.0528971
453.434 0.0529193
453.423 0.0529416
453.41 0.0529637
453.402 0.052986
453.398 0.0530082
453.383 0.0530304
453.374 0.0530526
453.366 0.0530748
453.358 0.053097
453.349 0.0531193
453.34 0.0531415
453.33 0.0531637
453.321 0.0531859
453.31 0.0532081
453.303 0.0532303
453.317 0.0532527
453.265 0.0532747
453.244 0.0532969
453.267 0.0533192
453.259 0.0533414
453.249 0.0533636
453.241 0.0533858
453.232 0.0534081
453.225 0.0534303
453.212 0.0534525
453.204 0.0534747
453.189 0.0534969
453.19 0.0535191
453.18 0.0535413
453.168 0.0535635
453.16 0.0535858
453.152 0.053608
453.143 0.0536302
453.133 0.0536524
453.125 0.0536746
453.114 0.053697
453.101 0.0537193
453.089 0.0537416
453.078 0.0537639
453.065 0.0537862
453.066 0.0538085
453.046 0.0538308
453.032 0.0538532
453.021 0.0538755
453.009 0.0538978
452.995 0.0539201
452.986 0.0539424
452.973 0.0539647
452.962 0.053987
452.949 0.0540093
452.939 0.0540316
452.929 0.0540539
452.917 0.0540762
452.907 0.0540986
452.893 0.0541209
452.88 0.0541432
452.869 0.0541655
452.858 0.0541878
452.847 0.0542101
452.834 0.0542324
452.819 0.0542548
452.809 0.054277
452.8 0.0542994
452.787 0.0543216
452.779 0.054344
452.766 0.0543663
452.754 0.0543886
452.744 0.0544109
452.731 0.0544332
452.719 0.0544555
452.707 0.0544778
452.694 0.0545001
452.702 0.0545224
452.669 0.0545447
452.67 0.0545671
452.649 0.0545894
452.638 0.0546117
452.626 0.054634
452.617 0.0546563
452.604 0.0546787
452.592 0.0547009
452.584 0.0547232
452.568 0.0547455
452.556 0.0547679
452.546 0.0547902
452.533 0.0548125
452.522 0.0548348
452.51 0.0548571
452.498 0.0548794
452.486 0.0549018
452.47 0.0549241
452.455 0.0549465
452.439 0.0549689
452.423 0.0549913
452.407 0.0550137
452.391 0.055036
452.378 0.0550584
452.364 0.0550808
452.346 0.0551033
452.327 0.0551257
452.309 0.0551481
452.276 0.0551707
452.271 0.055193
452.251 0.0552155
452.23 0.0552379
452.213 0.0552604
452.186 0.0552828
452.174 0.0553053
452.156 0.0553278
452.132 0.0553502
452.119 0.0553727
452.096 0.0553952
452.081 0.0554176
452.064 0.05544
452.044 0.0554625
452.024 0.0554849
452.005 0.0555074
451.985 0.0555298
451.967 0.0555523
451.948 0.0555748
451.925 0.0555973
451.901 0.0556198
451.88 0.0556423
451.857 0.0556649
451.834 0.0556874
451.813 0.0557099
451.79 0.0557324
451.77 0.055755
451.744 0.0557775
451.722 0.0558
451.699 0.0558225
451.683 0.0558451
451.655 0.0558676
451.631 0.0558901
451.608 0.0559126
451.587 0.0559351
451.563 0.0559577
451.544 0.0559802
451.519 0.0560028
451.495 0.0560253
451.474 0.0560478
451.452 0.0560703
451.427 0.0560928
451.405 0.0561154
451.383 0.0561379
451.361 0.0561604
451.336 0.0561829
451.315 0.0562054
451.29 0.056228
451.269 0.0562505
451.246 0.056273
451.223 0.0562955
451.201 0.0563181
451.18 0.0563406
451.156 0.0563631
451.132 0.0563857
451.112 0.0564082
451.089 0.0564307
451.064 0.0564532
451.043 0.0564757
451.019 0.0564983
450.997 0.0565208
450.977 0.0565433
450.953 0.0565659
450.931 0.0565884
450.908 0.0566109
450.885 0.0566334
450.864 0.056656
450.84 0.0566785
450.817 0.056701
450.795 0.0567235
450.772 0.0567461
450.75 0.0567686
450.727 0.0567911
450.703 0.0568136
450.682 0.0568362
450.659 0.0568587
450.639 0.0568812
450.614 0.0569037
450.593 0.0569262
450.569 0.0569488
450.546 0.0569713
450.524 0.0569938
450.501 0.0570163
450.479 0.0570389
450.456 0.0570614
450.433 0.0570839
450.409 0.0571064
450.388 0.057129
450.365 0.0571515
450.342 0.057174
450.321 0.0571965
450.298 0.0572191
450.275 0.0572416
450.252 0.0572641
450.23 0.0572866
450.207 0.0573092
450.184 0.0573317
450.162 0.0573542
450.139 0.0573767
450.118 0.0573993
450.094 0.0574218
450.076 0.0574443
450.05 0.0574669
450.026 0.0574893
450.006 0.0575118
449.982 0.0575344
449.959 0.0575569
449.935 0.0575795
449.913 0.057602
449.889 0.0576245
449.868 0.057647
449.846 0.0576696
449.821 0.0576921
449.8 0.0577146
449.778 0.0577371
449.753 0.0577597
449.732 0.0577822
449.71 0.0578047
449.687 0.0578272
449.665 0.0578498
449.642 0.0578723
449.618 0.0578948
449.598 0.0579173
449.575 0.0579399
449.554 0.0579624
449.532 0.0579849
449.506 0.0580074
449.486 0.05803
449.461 0.0580525
449.438 0.058075
449.416 0.0580975
449.393 0.0581201
449.371 0.0581426
449.348 0.0581651
449.326 0.0581876
449.303 0.0582102
449.279 0.0582327
449.259 0.0582552
449.235 0.0582777
449.211 0.0583003
449.189 0.0583228
449.167 0.0583453
449.144 0.0583678
449.122 0.0583904
449.099 0.0584129
449.078 0.0584354
449.054 0.0584579
449.031 0.0584804
449.011 0.058503
448.988 0.0585255
448.964 0.058548
448.939 0.0585706
448.919 0.0585931
448.896 0.0586156
448.872 0.0586381
448.854 0.0586606
448.827 0.0586832
448.805 0.0587057
448.783 0.0587282
448.76 0.0587508
448.737 0.0587733
448.715 0.0587958
448.693 0.0588183
448.671 0.0588409
448.647 0.0588634
448.625 0.0588859
448.602 0.0589084
448.579 0.058931
448.557 0.0589535
448.534 0.058976
448.512 0.0589985
448.49 0.059021
448.467 0.0590436
448.444 0.0590661
448.422 0.0590886
448.399 0.0591112
448.376 0.0591336
448.353 0.0591561
448.33 0.0591785
448.305 0.059201
448.287 0.0592234
448.262 0.0592459
448.24 0.0592683
448.216 0.0592908
448.192 0.0593132
448.169 0.0593357
448.147 0.0593581
448.124 0.0593806
448.102 0.059403
448.08 0.0594255
448.056 0.0594479
448.033 0.0594704
448.011 0.0594928
447.989 0.0595153
447.965 0.0595377
447.941 0.0595602
447.92 0.0595826
447.895 0.0596051
447.873 0.0596276
447.85 0.05965
447.822 0.0596725
447.806 0.0596949
447.781 0.0597173
447.764 0.0597398
447.74 0.0597622
447.713 0.0597847
447.693 0.0598071
447.668 0.0598296
447.646 0.0598521
447.622 0.0598745
447.6 0.059897
447.577 0.0599194
447.555 0.0599419
447.533 0.0599643
447.509 0.0599868
447.485 0.0600092
447.463 0.0600317
447.439 0.0600541
447.417 0.0600766
447.394 0.060099
447.371 0.0601215
447.35 0.0601439
447.326 0.0601664
447.302 0.0601888
447.282 0.0602113
447.256 0.0602337
447.234 0.0602562
447.214 0.0602787
447.188 0.0603011
447.163 0.0603235
447.142 0.060346
447.119 0.0603684
447.097 0.0603909
447.074 0.0604133
447.051 0.0604358
447.028 0.0604583
447.006 0.0604807
446.982 0.0605032
446.96 0.0605256
446.937 0.0605481
446.914 0.0605705
446.89 0.060593
446.871 0.0606154
446.846 0.0606379
446.823 0.0606603
446.8 0.0606828
446.774 0.0607052
446.755 0.0607277
446.74 0.0607501
446.706 0.0607726
446.686 0.060795
446.663 0.0608175
446.64 0.0608399
446.617 0.0608624
446.594 0.0608848
446.569 0.0609073
446.549 0.0609298
446.526 0.0609522
446.502 0.0609746
446.481 0.0609971
446.457 0.0610195
446.436 0.061042
446.411 0.0610644
446.389 0.0610869
446.366 0.0611093
446.342 0.0611318
446.316 0.0611543
446.297 0.0611767
446.275 0.0611992
446.252 0.0612216
446.229 0.0612441
446.206 0.0612665
446.183 0.061289
446.16 0.0613114
446.143 0.0613339
446.115 0.0613563
446.092 0.0613788
446.068 0.0614012
446.046 0.0614237
446.025 0.0614461
446.001 0.0614686
445.978 0.061491
445.955 0.0615135
445.932 0.0615359
445.909 0.0615584
445.886 0.0615808
445.868 0.0616033
445.84 0.0616257
445.817 0.0616482
445.794 0.0616706
445.772 0.0616931
445.75 0.0617155
445.727 0.061738
445.706 0.0617605
445.682 0.0617829
445.658 0.0618053
445.636 0.0618278
445.612 0.0618503
445.589 0.0618727
445.568 0.0618951
445.543 0.0619176
445.521 0.06194
445.498 0.0619625
445.476 0.061985
445.451 0.0620074
445.429 0.0620299
445.408 0.0620523
445.391 0.0620748
445.36 0.0620972
445.338 0.0621197
445.315 0.0621421
445.296 0.0621646
445.268 0.062187
445.246 0.0622095
445.224 0.0622319
445.201 0.0622544
445.178 0.0622768
445.157 0.0622993
445.132 0.0623217
445.108 0.0623442
445.087 0.0623666
445.064 0.0623891
445.041 0.0624115
445.02 0.0624341
444.992 0.0624566
444.966 0.0624792
444.941 0.0625018
444.915 0.0625243
444.891 0.0625469
444.866 0.0625694
444.841 0.062592
444.817 0.0626146
444.789 0.0626371
444.765 0.0626597
444.737 0.0626824
444.712 0.062705
444.683 0.0627277
444.655 0.0627504
444.628 0.062773
444.6 0.0627957
444.573 0.0628184
444.546 0.062841
444.517 0.0628637
444.491 0.0628864
444.471 0.0629091
444.437 0.0629317
444.41 0.0629543
444.382 0.062977
444.354 0.0629997
444.327 0.0630223
444.298 0.063045
444.271 0.0630677
444.245 0.0630903
444.22 0.063113
444.19 0.0631357
444.162 0.0631583
444.136 0.063181
444.108 0.0632036
444.081 0.0632263
444.053 0.063249
444.027 0.0632717
443.998 0.0632943
443.972 0.063317
443.946 0.0633397
443.916 0.0633623
443.889 0.063385
443.861 0.0634076
443.834 0.0634303
443.806 0.063453
443.78 0.0634757
443.75 0.0634983
443.725 0.063521
443.698 0.0635436
443.67 0.0635662
443.642 0.0635888
443.614 0.0636114
443.589 0.0636339
443.559 0.0636566
443.531 0.0636791
443.504 0.0637017
443.476 0.0637243
443.45 0.0637469
443.42 0.0637695
443.392 0.0637921
443.361 0.0638146
443.339 0.0638372
443.308 0.0638598
443.281 0.0638824
443.256 0.063905
443.229 0.0639276
443.2 0.0639502
443.173 0.0639729
443.139 0.0639956
443.11 0.0640183
443.08 0.064041
443.048 0.0640636
443.021 0.0640863
443.001 0.064109
442.961 0.0641317
442.931 0.0641544
442.901 0.0641771
442.87 0.0641998
442.843 0.0642224
442.812 0.0642451
442.783 0.0642678
442.752 0.0642905
442.713 0.0643132
442.693 0.0643359
442.664 0.0643585
442.633 0.0643812
442.603 0.0644039
442.574 0.0644266
442.545 0.0644493
442.513 0.0644719
442.486 0.0644946
442.459 0.0645174
442.425 0.06454
442.396 0.0645627
442.365 0.0645854
442.336 0.0646081
442.307 0.0646308
442.276 0.0646535
442.248 0.0646761
442.217 0.0646988
442.184 0.0647215
442.157 0.0647442
442.128 0.0647669
442.098 0.0647896
442.066 0.0648122
442.039 0.0648349
442.008 0.0648576
441.979 0.0648803
441.948 0.064903
441.918 0.0649257
441.884 0.0649485
441.852 0.0649712
441.818 0.064994
441.785 0.0650168
441.752 0.0650395
441.719 0.0650623
441.686 0.0650851
441.655 0.0651078
441.62 0.0651306
441.587 0.0651534
441.548 0.0651762
441.52 0.065199
441.479 0.0652219
441.443 0.0652447
441.406 0.0652675
441.381 0.0652903
441.334 0.0653132
441.298 0.0653361
441.26 0.0653589
441.225 0.0653817
441.188 0.0654046
441.152 0.0654274
441.116 0.0654503
441.08 0.0654731
441.043 0.0654959
441.007 0.0655188
440.972 0.0655416
440.934 0.0655645
440.897 0.0655873
440.863 0.0656101
440.825 0.065633
440.789 0.0656558
440.759 0.0656786
440.717 0.0657015
440.681 0.0657243
440.648 0.0657472
440.608 0.06577
440.572 0.0657929
440.532 0.0658159
440.49 0.0658388
440.446 0.0658617
440.409 0.0658846
440.371 0.0659076
440.33 0.0659305
440.291 0.0659534
440.251 0.0659763
440.212 0.0659992
440.172 0.0660222
440.132 0.0660451
440.093 0.066068
440.053 0.0660909
440.013 0.0661138
439.973 0.0661367
439.935 0.0661597
439.894 0.0661826
439.855 0.0662055
439.815 0.0662284
439.775 0.0662514
439.735 0.0662743
439.696 0.0662972
439.657 0.0663201
439.617 0.066343
439.578 0.0663659
439.538 0.0663889
439.498 0.0664118
439.457 0.0664347
439.419 0.0664577
439.378 0.0664806
439.339 0.0665035
439.3 0.0665264
439.26 0.0665493
439.22 0.0665722
439.181 0.0665952
439.141 0.0666181
439.099 0.066641
439.062 0.0666639
439.022 0.0666868
438.983 0.0667098
438.943 0.0667327
438.904 0.0667556
438.864 0.0667785
438.824 0.0668014
438.783 0.0668244
438.746 0.0668473
438.705 0.0668702
438.666 0.0668931
438.625 0.0669161
438.585 0.066939
438.547 0.0669619
438.507 0.0669848
438.468 0.0670077
438.428 0.0670307
438.388 0.0670536
438.35 0.0670765
438.308 0.0670994
438.269 0.0671223
438.23 0.0671452
438.19 0.0671682
438.151 0.0671911
438.112 0.067214
438.071 0.0672369
438.032 0.0672599
437.993 0.0672827
437.951 0.0673057
437.912 0.0673286
437.873 0.0673515
437.833 0.0673744
437.794 0.0673974
437.753 0.0674203
437.714 0.0674432
437.675 0.0674661
437.636 0.067489
437.596 0.067512
437.556 0.0675349
437.516 0.0675578
437.477 0.0675807
437.437 0.0676037
437.397 0.0676266
437.358 0.0676495
437.318 0.0676724
437.278 0.0676953
437.239 0.0677183
437.198 0.0677412
437.16 0.0677641
437.12 0.067787
437.08 0.0678099
437.04 0.0678329
437.001 0.0678558
436.961 0.0678787
436.922 0.0679016
436.882 0.0679245
436.842 0.0679475
436.802 0.0679704
436.763 0.0679933
436.724 0.0680162
436.683 0.0680391
436.644 0.068062
436.605 0.068085
436.565 0.0681079
436.524 0.0681308
436.484 0.0681537
436.445 0.0681767
436.406 0.0681996
436.367 0.0682225
436.327 0.0682454
436.289 0.0682683
436.247 0.0682913
436.208 0.0683142
436.169 0.0683371
436.129 0.06836
436.089 0.0683829
436.05 0.0684059
436.009 0.0684288
435.97 0.0684517
435.931 0.0684746
435.894 0.0684976
435.852 0.0685204
435.812 0.0685434
435.772 0.0685663
435.733 0.0685892
435.693 0.0686121
435.653 0.0686351
435.614 0.068658
435.574 0.0686809
435.535 0.0687038
435.495 0.0687267
435.456 0.0687497
435.416 0.0687726
435.377 0.0687955
435.337 0.0688184
435.297 0.0688413
435.257 0.0688643
435.217 0.0688872
435.178 0.0689101
435.138 0.068933
435.099 0.0689559
435.059 0.0689789
435.019 0.0690018
434.979 0.0690247
434.939 0.0690476
434.898 0.0690705
434.861 0.0690935
434.821 0.0691164
434.78 0.0691393
434.742 0.0691622
434.702 0.0691851
434.664 0.0692081
434.623 0.069231
434.583 0.0692539
434.543 0.0692768
434.505 0.0692997
434.464 0.0693227
434.425 0.0693456
434.385 0.0693685
434.342 0.0693914
434.306 0.0694143
434.266 0.0694373
434.227 0.0694602
434.187 0.0694831
434.147 0.069506
434.108 0.0695289
434.068 0.0695519
434.028 0.0695748
433.989 0.0695977
433.949 0.0696206
433.91 0.0696435
433.87 0.0696665
433.829 0.0696894
433.79 0.0697123
433.751 0.0697352
433.712 0.0697581
433.671 0.0697811
433.632 0.069804
433.592 0.0698269
433.554 0.0698498
433.513 0.0698727
433.473 0.0698957
433.432 0.0699186
433.394 0.0699415
433.354 0.0699644
433.315 0.0699873
433.276 0.0700103
433.236 0.0700332
433.197 0.0700561
433.156 0.070079
433.117 0.070102
433.077 0.0701249
433.036 0.0701478
432.998 0.0701707
432.957 0.0701936
432.919 0.0702165
432.879 0.0702395
432.839 0.0702624
432.799 0.0702853
432.76 0.0703082
432.721 0.0703311
432.68 0.0703541
432.642 0.070377
432.602 0.0703999
432.562 0.0704228
432.522 0.0704458
432.483 0.0704687
432.442 0.0704916
432.402 0.0705145
432.363 0.0705374
432.325 0.0705603
432.285 0.0705833
432.245 0.0706062
432.205 0.0706291
432.165 0.070652
432.124 0.070675
432.087 0.0706979
432.048 0.0707208
432.007 0.0707437
431.965 0.0707666
431.928 0.0707895
431.888 0.0708125
431.848 0.0708354
431.809 0.0708583
431.77 0.0708812
431.73 0.0709042
431.691 0.0709271
431.649 0.07095
431.609 0.0709729
431.57 0.0709958
431.532 0.0710188
431.492 0.0710417
431.451 0.0710646
431.412 0.0710875
431.373 0.0711104
431.333 0.0711334
431.293 0.0711563
431.253 0.0711792
431.214 0.0712021
431.174 0.0712251
431.137 0.071248
431.095 0.0712709
431.055 0.0712938
431.017 0.0713167
430.976 0.0713396
430.938 0.0713625
430.897 0.0713855
430.857 0.0714084
430.818 0.0714313
430.778 0.0714542
430.738 0.0714772
430.698 0.0715001
430.658 0.071523
430.62 0.0715459
430.579 0.0715688
430.54 0.0715918
430.501 0.0716147
430.461 0.0716376
430.422 0.0716605
430.382 0.0716835
430.342 0.0717064
430.302 0.0717293
430.263 0.0717522
430.223 0.0717751
430.183 0.0717981
430.145 0.071821
430.105 0.0718439
430.065 0.0718668
430.026 0.0718897
429.986 0.0719127
429.946 0.0719356
429.907 0.0719585
429.866 0.0719814
429.828 0.0720043
429.787 0.0720272
429.748 0.0720502
429.708 0.0720731
429.669 0.072096
429.629 0.0721189
429.589 0.0721419
429.551 0.0721648
429.51 0.0721877
429.47 0.0722106
429.431 0.0722335
429.391 0.0722564
429.351 0.0722794
429.311 0.0723023
429.273 0.0723252
429.233 0.0723481
429.192 0.0723711
429.153 0.072394
429.115 0.0724169
429.074 0.0724398
429.035 0.0724627
428.996 0.0724856
428.955 0.0725086
428.913 0.0725315
428.876 0.0725544
428.836 0.0725773
428.796 0.0726003
428.757 0.0726232
428.717 0.0726461
428.677 0.072669
428.638 0.0726919
428.599 0.0727149
428.558 0.0727378
428.519 0.0727607
428.479 0.0727836
428.439 0.0728065
428.4 0.0728295
428.361 0.0728524
428.32 0.0728753
428.282 0.0728982
428.241 0.0729211
428.202 0.0729441
428.163 0.072967
428.122 0.0729899
428.084 0.0730128
428.044 0.0730357
428.003 0.0730587
427.965 0.0730816
427.924 0.0731045
427.885 0.0731274
427.844 0.0731503
427.806 0.0731732
427.764 0.0731962
427.727 0.0732191
427.688 0.073242
427.648 0.073265
427.607 0.0732879
427.567 0.0733108
427.528 0.0733337
427.488 0.0733566
427.449 0.0733795
427.409 0.0734025
427.369 0.0734254
427.329 0.0734483
427.29 0.0734712
427.251 0.0734941
427.211 0.0735171
427.171 0.07354
427.13 0.0735629
427.093 0.0735858
427.053 0.0736087
427.012 0.0736317
426.973 0.0736546
426.933 0.0736775
426.893 0.0737004
426.856 0.0737233
426.815 0.0737463
426.777 0.0737692
426.741 0.0737921
426.696 0.073815
426.657 0.0738379
426.616 0.0738609
426.576 0.0738838
426.537 0.0739067
426.498 0.0739296
426.458 0.0739525
426.42 0.0739755
426.379 0.0739984
426.34 0.0740213
426.299 0.0740442
426.259 0.0740671
426.219 0.0740901
426.181 0.074113
426.142 0.0741359
426.102 0.0741588
426.061 0.0741818
426.022 0.0742047
425.982 0.0742276
425.943 0.0742505
425.903 0.0742734
425.864 0.0742964
425.824 0.0743193
425.784 0.0743422
425.744 0.0743651
425.705 0.074388
425.664 0.0744109
425.625 0.0744339
425.586 0.0744568
425.547 0.0744797
425.507 0.0745026
425.467 0.0745255
425.427 0.0745485
425.389 0.0745714
425.349 0.0745943
425.307 0.0746172
425.269 0.0746401
425.229 0.0746631
425.19 0.074686
425.15 0.0747089
425.111 0.0747318
425.07 0.0747548
425.031 0.0747777
424.991 0.0748006
424.953 0.0748235
424.912 0.0748464
424.872 0.0748693
424.833 0.0748923
424.794 0.0749152
424.753 0.0749381
424.714 0.074961
424.674 0.074984
424.634 0.0750069
424.596 0.0750298
424.556 0.0750527
424.515 0.0750756
424.477 0.0750985
424.438 0.0751215
424.397 0.0751444
424.357 0.0751673
424.318 0.0751902
424.279 0.0752132
424.238 0.0752361
424.199 0.075259
424.159 0.0752819
424.119 0.0753048
424.08 0.0753278
424.04 0.0753507
424.001 0.0753736
423.962 0.0753965
423.922 0.0754194
423.883 0.0754424
423.843 0.0754653
423.804 0.0754882
423.76 0.0755111
423.723 0.075534
423.685 0.0755569
423.645 0.0755799
423.605 0.0756028
423.565 0.0756257
423.525 0.0756486
423.486 0.0756716
423.446 0.0756945
423.405 0.0757174
423.368 0.0757403
423.327 0.0757632
423.287 0.0757862
423.248 0.0758091
423.208 0.075832
423.169 0.0758549
423.129 0.0758778
423.09 0.0759008
423.05 0.0759237
423.01 0.0759466
422.972 0.0759695
422.928 0.0759925
422.892 0.0760154
422.852 0.0760383
422.814 0.0760612
422.774 0.0760841
422.734 0.076107
422.694 0.07613
422.653 0.0761529
422.614 0.0761758
422.573 0.0761987
422.534 0.0762216
422.492 0.0762446
422.455 0.0762675
422.414 0.0762904
422.376 0.0763133
422.336 0.0763362
422.297 0.0763592
422.257 0.0763821
422.218 0.076405
422.178 0.0764279
422.138 0.0764508
422.098 0.0764738
422.058 0.0764967
422.019 0.0765196
421.979 0.0765425
421.94 0.0765655
421.9 0.0765884
421.86 0.0766113
421.821 0.0766342
421.782 0.0766571
421.742 0.07668
421.703 0.076703
421.663 0.0767259
421.622 0.0767488
421.584 0.0767717
421.543 0.0767946
421.504 0.0768176
421.464 0.0768405
421.425 0.0768634
421.384 0.0768863
421.346 0.0769092
421.306 0.0769322
421.266 0.0769551
421.227 0.076978
421.187 0.0770009
421.147 0.0770239
421.108 0.0770467
421.067 0.0770697
421.029 0.0770926
420.989 0.0771155
420.949 0.0771385
420.909 0.0771614
420.87 0.0771843
420.83 0.0772072
420.79 0.0772301
420.749 0.0772531
420.711 0.077276
420.67 0.0772989
420.633 0.0773218
420.592 0.0773447
420.552 0.0773677
420.513 0.0773906
420.473 0.0774135
420.434 0.0774364
420.393 0.0774593
420.354 0.0774822
420.317 0.0775052
420.275 0.0775281
420.237 0.077551
420.196 0.0775739
420.157 0.0775968
420.117 0.0776198
420.077 0.0776427
420.037 0.0776656
419.998 0.0776885
419.958 0.0777115
419.918 0.0777344
419.878 0.0777573
419.839 0.0777802
419.8 0.0778031
419.76 0.0778261
419.72 0.077849
419.68 0.0778719
419.641 0.0778948
419.601 0.0779177
419.563 0.0779407
419.523 0.0779636
419.482 0.0779865
419.443 0.0780094
419.403 0.0780323
419.363 0.0780552
419.323 0.0780782
419.284 0.0781011
419.244 0.078124
419.205 0.0781469
419.165 0.0781698
419.127 0.0781928
419.087 0.0782157
419.046 0.0782386
419.008 0.0782616
418.967 0.0782845
418.928 0.0783074
418.888 0.0783303
418.848 0.0783532
418.808 0.0783762
418.769 0.0783991
418.729 0.078422
418.69 0.0784449
418.65 0.0784678
418.611 0.0784907
418.571 0.0785137
418.531 0.0785366
418.492 0.0785595
418.452 0.0785824
418.412 0.0786053
418.373 0.0786283
418.334 0.0786512
418.294 0.0786741
418.254 0.078697
418.211 0.07872
418.175 0.0787429
418.134 0.0787658
418.095 0.0787887
418.055 0.0788116
418.016 0.0788346
417.976 0.0788575
417.936 0.0788804
417.898 0.0789033
417.857 0.0789262
417.818 0.0789491
417.779 0.0789721
417.739 0.078995
417.7 0.0790179
417.66 0.0790408
417.619 0.0790637
417.58 0.0790867
417.541 0.0791096
417.501 0.0791325
417.463 0.0791554
417.421 0.0791783
417.382 0.0792013
417.342 0.0792242
417.303 0.0792471
417.262 0.07927
417.224 0.0792929
417.183 0.0793159
417.145 0.0793388
417.106 0.0793617
417.065 0.0793846
417.025 0.0794076
416.986 0.0794305
416.946 0.0794534
416.906 0.0794763
416.867 0.0794992
416.827 0.0795221
416.787 0.0795451
416.748 0.079568
416.71 0.0795909
416.669 0.0796138
416.629 0.0796368
416.589 0.0796597
416.55 0.0796826
416.511 0.0797055
416.471 0.0797284
416.431 0.0797513
416.392 0.0797743
416.351 0.0797972
416.314 0.0798201
416.27 0.079843
416.233 0.0798659
416.193 0.0798889
416.153 0.0799118
416.113 0.0799347
416.075 0.0799577
416.034 0.0799806
415.995 0.0800035
415.955 0.0800264
415.915 0.0800493
415.875 0.0800723
415.837 0.0800952
415.796 0.0801181
415.758 0.080141
415.718 0.0801639
415.677 0.0801869
415.639 0.0802097
415.597 0.0802327
415.559 0.0802556
415.52 0.0802785
415.48 0.0803014
415.438 0.0803244
415.4 0.0803473
415.361 0.0803702
415.321 0.0803931
415.281 0.080416
415.242 0.0804389
415.203 0.0804619
415.162 0.0804848
415.123 0.0805077
415.083 0.0805306
415.043 0.0805536
415.004 0.0805765
414.964 0.0805994
414.924 0.0806223
414.885 0.0806452
414.846 0.0806682
414.807 0.0806911
414.765 0.080714
414.726 0.0807369
414.686 0.0807598
414.648 0.0807828
414.609 0.0808057
414.564 0.0808286
414.529 0.0808515
414.489 0.0808744
414.449 0.0808974
414.409 0.0809203
414.37 0.0809432
414.33 0.0809661
414.291 0.080989
414.251 0.081012
414.211 0.0810349
414.17 0.0810578
414.132 0.0810807
414.092 0.0811036
414.052 0.0811266
414.012 0.0811495
413.974 0.0811724
413.934 0.0811953
413.899 0.0812183
413.854 0.0812412
413.815 0.0812641
413.776 0.081287
413.736 0.0813099
413.697 0.0813328
413.654 0.0813558
413.616 0.0813787
413.579 0.0814016
413.538 0.0814245
413.496 0.0814474
413.459 0.0814704
413.419 0.0814933
413.381 0.0815162
413.339 0.0815391
413.299 0.0815621
413.26 0.081585
413.221 0.0816079
413.181 0.0816308
413.145 0.0816537
413.102 0.0816767
413.062 0.0816996
413.023 0.0817225
412.982 0.0817454
412.944 0.0817683
412.903 0.0817913
412.863 0.0818142
412.824 0.0818371
412.782 0.08186
412.744 0.0818829
412.705 0.0819058
412.665 0.0819288
412.626 0.0819517
412.587 0.0819746
412.543 0.0819975
412.507 0.0820204
412.467 0.0820434
412.427 0.0820663
412.387 0.0820892
412.348 0.0821122
412.309 0.0821351
412.267 0.082158
412.229 0.0821809
412.188 0.0822038
412.151 0.0822267
412.109 0.0822497
412.07 0.0822726
412.031 0.0822955
411.99 0.0823184
411.952 0.0823413
411.912 0.0823643
411.875 0.0823872
411.832 0.0824101
411.793 0.082433
411.754 0.0824559
411.715 0.0824788
411.674 0.0825018
411.633 0.0825247
411.595 0.0825476
411.556 0.0825705
411.515 0.0825935
411.484 0.0826163
411.437 0.0826393
411.397 0.0826622
411.357 0.0826851
411.321 0.0827081
411.278 0.082731
411.239 0.0827539
411.2 0.0827768
411.159 0.0827998
411.118 0.0828227
411.08 0.0828456
411.041 0.0828685
411.001 0.0828914
410.961 0.0829143
410.922 0.0829372
410.882 0.0829602
410.842 0.0829831
410.801 0.083006
410.763 0.0830289
410.722 0.0830519
410.684 0.0830748
410.643 0.0830977
410.605 0.0831206
410.564 0.0831435
410.525 0.0831665
410.484 0.0831894
410.446 0.0832123
410.406 0.0832352
410.367 0.0832581
410.327 0.0832811
410.287 0.083304
410.248 0.0833269
410.207 0.0833498
410.169 0.0833727
410.129 0.0833957
410.089 0.0834186
410.049 0.0834415
410.01 0.0834644
409.97 0.0834874
409.933 0.0835103
409.891 0.0835332
409.852 0.0835561
409.812 0.083579
409.771 0.0836019
409.732 0.0836249
409.692 0.0836478
409.654 0.0836707
409.614 0.0836936
409.575 0.0837166
409.535 0.0837395
409.494 0.0837624
409.455 0.0837853
409.415 0.0838082
409.376 0.0838312
409.336 0.0838541
409.297 0.083877
409.259 0.0838999
409.218 0.0839228
409.18 0.0839457
409.138 0.0839687
409.098 0.0839916
409.059 0.0840145
409.019 0.0840374
408.979 0.0840603
408.94 0.0840833
408.901 0.0841062
408.86 0.0841291
408.822 0.084152
408.778 0.084175
408.741 0.0841979
408.702 0.0842208
408.66 0.0842437
408.623 0.0842666
408.583 0.0842896
408.544 0.0843125
408.503 0.0843354
408.464 0.0843583
408.424 0.0843812
408.385 0.0844042
408.344 0.0844271
408.305 0.08445
408.267 0.0844729
408.225 0.0844958
408.188 0.0845188
408.147 0.0845416
408.109 0.0845646
408.068 0.0845875
408.028 0.0846104
407.988 0.0846334
407.949 0.0846563
407.908 0.0846792
407.87 0.0847021
407.83 0.084725
407.789 0.084748
407.75 0.0847709
407.711 0.0847938
407.671 0.0848167
407.631 0.0848396
407.592 0.0848626
407.553 0.0848855
407.513 0.0849084
407.474 0.0849313
407.434 0.0849542
407.394 0.0849772
407.354 0.0850001
407.315 0.085023
407.276 0.0850459
407.235 0.0850689
407.196 0.0850917
407.156 0.0851147
407.116 0.0851376
407.077 0.0851605
407.038 0.0851834
406.997 0.0852064
406.958 0.0852293
406.919 0.0852522
406.879 0.0852751
406.839 0.085298
406.8 0.0853209
406.76 0.0853439
406.72 0.0853668
406.681 0.0853897
406.641 0.0854126
406.601 0.0854356
406.563 0.0854585
406.522 0.0854814
406.482 0.0855043
406.444 0.0855273
406.403 0.0855502
406.364 0.0855731
406.324 0.085596
406.283 0.0856189
406.245 0.0856418
406.205 0.0856648
406.165 0.0856877
406.125 0.0857106
406.085 0.0857335
406.044 0.0857564
406.007 0.0857794
405.967 0.0858023
405.928 0.0858252
405.888 0.0858481
405.848 0.0858711
405.809 0.085894
405.769 0.0859169
405.728 0.0859398
405.689 0.0859627
405.65 0.0859856
405.609 0.0860086
405.57 0.0860315
405.531 0.0860544
405.494 0.0860773
405.451 0.0861003
405.412 0.0861232
405.372 0.0861461
405.333 0.086169
405.294 0.0861919
405.254 0.0862148
405.216 0.0862377
405.174 0.0862607
405.135 0.0862836
405.095 0.0863065
405.056 0.0863295
405.016 0.0863524
404.978 0.0863753
404.936 0.0863982
404.896 0.0864211
404.857 0.0864441
404.818 0.086467
404.778 0.0864899
404.738 0.0865128
404.698 0.0865358
404.659 0.0865587
404.619 0.0865816
404.58 0.0866045
404.54 0.0866274
404.5 0.0866503
404.461 0.0866733
404.421 0.0866962
404.381 0.0867191
404.341 0.086742
404.302 0.0867649
404.263 0.0867879
404.224 0.0868108
404.184 0.0868337
404.144 0.0868566
404.104 0.0868795
404.065 0.0869025
404.026 0.0869254
403.985 0.0869483
403.946 0.0869712
403.906 0.0869941
403.866 0.0870171
403.827 0.08704
403.788 0.0870629
403.749 0.0870858
403.708 0.0871087
403.668 0.0871316
403.629 0.0871546
403.589 0.0871775
403.55 0.0872004
403.51 0.0872233
403.47 0.0872463
403.433 0.0872692
403.391 0.0872921
403.351 0.087315
403.311 0.087338
403.272 0.0873609
403.233 0.0873838
403.192 0.0874067
403.153 0.0874296
403.114 0.0874525
403.074 0.0874755
403.034 0.0874984
402.995 0.0875213
402.956 0.0875442
402.915 0.0875671
402.876 0.08759
402.836 0.087613
402.796 0.0876359
402.757 0.0876588
402.717 0.0876817
402.676 0.0877047
402.636 0.0877276
402.601 0.0877505
402.559 0.0877734
402.52 0.0877963
402.48 0.0878193
402.44 0.0878422
402.4 0.0878651
402.36 0.087888
402.32 0.087911
402.281 0.0879339
402.244 0.0879568
402.201 0.0879797
402.162 0.0880026
402.124 0.0880255
402.084 0.0880485
402.044 0.0880714
402.004 0.0880943
401.965 0.0881172
401.925 0.0881402
401.886 0.0881631
401.844 0.088186
401.805 0.0882089
401.767 0.0882318
401.726 0.0882547
401.688 0.0882777
401.647 0.0883006
401.608 0.0883235
401.568 0.0883464
401.528 0.0883694
401.488 0.0883923
401.449 0.0884152
401.41 0.0884381
401.369 0.0884611
401.33 0.088484
401.291 0.0885069
401.251 0.0885298
401.212 0.0885527
401.171 0.0885756
401.13 0.0885986
401.092 0.0886215
401.053 0.0886444
401.012 0.0886673
400.974 0.0886902
400.935 0.0887131
400.894 0.0887361
400.855 0.088759
400.815 0.0887819
400.775 0.0888048
400.735 0.0888277
400.695 0.0888507
400.656 0.0888736
400.615 0.0888965
400.58 0.0889195
400.537 0.0889424
400.498 0.0889653
400.458 0.0889882
400.418 0.0890111
400.38 0.089034
400.339 0.089057
400.298 0.0890799
400.259 0.0891028
400.218 0.0891257
400.18 0.0891486
400.142 0.0891715
400.103 0.0891945
400.063 0.0892174
400.022 0.0892403
399.982 0.0892632
399.942 0.0892862
399.902 0.089309
399.864 0.089332
399.824 0.0893549
399.785 0.0893778
399.744 0.0894007
399.706 0.0894237
399.665 0.0894466
399.625 0.0894695
399.587 0.0894924
399.546 0.0895153
399.506 0.0895382
399.466 0.0895611
399.426 0.0895841
399.388 0.089607
399.348 0.0896299
399.309 0.0896528
399.268 0.0896757
399.229 0.0896987
399.19 0.0897216
399.151 0.0897445
399.11 0.0897674
399.073 0.0897903
399.031 0.0898132
398.992 0.0898362
398.952 0.0898591
398.913 0.089882
398.872 0.0899049
398.834 0.0899278
398.794 0.0899507
398.754 0.0899737
398.715 0.0899966
398.675 0.0900195
398.635 0.0900424
398.595 0.0900653
398.555 0.0900883
398.517 0.0901112
398.476 0.0901341
398.437 0.090157
398.397 0.0901799
398.358 0.0902028
398.318 0.0902258
398.278 0.0902487
398.238 0.0902716
398.2 0.0902945
398.159 0.0903174
398.12 0.0903403
398.08 0.0903633
398.041 0.0903862
398.001 0.0904091
397.956 0.090432
397.922 0.0904549
397.882 0.0904779
397.842 0.0905008
397.801 0.0905237
397.765 0.0905466
397.723 0.0905695
397.684 0.0905924
397.644 0.0906154
397.604 0.0906383
397.564 0.0906612
397.522 0.0906841
397.485 0.090707
397.446 0.0907299
397.407 0.0907529
397.366 0.0907758
397.327 0.0907987
397.287 0.0908216
397.247 0.0908446
397.209 0.0908674
397.169 0.0908904
397.13 0.0909133
397.088 0.0909362
397.049 0.0909591
397.01 0.090982
396.97 0.0910049
396.93 0.0910279
396.891 0.0910508
396.851 0.0910737
396.808 0.0910966
396.772 0.0911195
396.733 0.0911425
396.693 0.0911654
396.653 0.0911883
396.613 0.0912112
396.573 0.0912341
396.534 0.0912571
396.494 0.09128
396.455 0.0913029
396.415 0.0913258
396.377 0.0913487
396.337 0.0913716
396.295 0.0913946
396.255 0.0914174
396.216 0.0914404
396.176 0.0914633
396.137 0.0914862
396.099 0.0915091
396.061 0.0915321
396.019 0.091555
395.98 0.0915779
395.94 0.0916008
395.901 0.0916237
395.861 0.0916466
395.82 0.0916696
395.78 0.0916925
395.741 0.0917154
395.702 0.0917383
395.662 0.0917612
395.623 0.0917841
395.583 0.0918071
395.542 0.09183
395.504 0.0918529
395.464 0.0918758
395.425 0.0918987
395.384 0.0919217
395.346 0.0919446
395.306 0.0919675
395.266 0.0919904
395.226 0.0920133
395.187 0.0920362
395.147 0.0920592
395.108 0.0920821
395.068 0.092105
395.027 0.0921279
394.988 0.0921508
394.948 0.0921738
394.909 0.0921967
394.869 0.0922196
394.83 0.0922425
394.791 0.0922654
394.75 0.0922883
394.712 0.0923112
394.67 0.0923342
394.632 0.0923571
394.592 0.09238
394.552 0.0924029
394.513 0.0924258
394.474 0.0924487
394.436 0.0924717
394.393 0.0924946
394.355 0.0925175
394.313 0.0925404
394.275 0.0925633
394.235 0.0925862
394.197 0.0926092
394.157 0.0926321
394.117 0.092655
394.075 0.0926779
394.039 0.0927009
393.998 0.0927238
393.957 0.0927467
393.92 0.0927696
393.879 0.0927925
393.838 0.0928154
393.799 0.0928383
393.759 0.0928613
393.718 0.0928842
393.679 0.0929071
393.64 0.09293
393.601 0.0929529
393.562 0.0929758
393.522 0.0929988
393.483 0.0930217
393.443 0.0930446
393.403 0.0930675
393.363 0.0930905
393.323 0.0931134
393.284 0.0931363
393.244 0.0931592
393.204 0.0931821
393.165 0.093205
393.125 0.093228
393.085 0.0932509
393.045 0.0932738
393.008 0.0932967
392.969 0.0933196
392.928 0.0933426
392.887 0.0933655
392.848 0.0933884
392.809 0.0934113
392.769 0.0934342
392.729 0.0934571
392.688 0.09348
392.65 0.093503
392.61 0.0935259
392.571 0.0935488
392.531 0.0935717
392.492 0.0935946
392.452 0.0936175
392.416 0.0936404
392.372 0.0936634
392.331 0.0936863
392.293 0.0937092
392.254 0.0937321
392.213 0.0937551
392.174 0.093778
392.134 0.0938009
392.094 0.0938238
392.055 0.0938467
392.015 0.0938697
391.976 0.0938926
391.936 0.0939155
391.897 0.0939384
391.857 0.0939613
391.817 0.0939842
391.779 0.0940071
391.739 0.0940301
391.698 0.094053
391.659 0.0940759
391.621 0.0940988
391.579 0.0941217
391.54 0.0941446
391.5 0.0941676
391.461 0.0941905
391.421 0.0942134
391.383 0.0942363
391.342 0.0942592
391.302 0.0942822
391.264 0.0943051
391.222 0.094328
391.184 0.0943509
391.144 0.0943738
391.104 0.0943967
391.064 0.0944197
391.025 0.0944426
390.986 0.0944655
390.945 0.0944884
390.904 0.0945113
390.866 0.0945342
390.826 0.0945572
390.787 0.0945801
390.748 0.094603
390.707 0.0946259
390.668 0.0946488
390.628 0.0946718
390.589 0.0946947
390.55 0.0947176
390.509 0.0947405
390.471 0.0947634
390.431 0.0947863
390.39 0.0948093
390.35 0.0948322
390.314 0.0948551
390.272 0.094878
390.232 0.0949009
390.194 0.0949238
390.152 0.0949467
390.113 0.0949697
390.073 0.0949926
390.034 0.0950155
389.994 0.0950385
389.953 0.0950613
389.913 0.0950843
389.875 0.0951072
389.834 0.0951301
389.796 0.095153
389.757 0.0951759
389.718 0.0951988
389.677 0.0952218
389.639 0.0952447
389.597 0.0952676
389.559 0.0952905
389.523 0.0953134
389.481 0.0953364
389.44 0.0953592
389.398 0.0953822
389.36 0.0954051
389.319 0.0954281
389.281 0.0954509
389.241 0.0954739
389.201 0.0954968
389.162 0.0955197
389.124 0.0955426
389.083 0.0955655
389.042 0.0955884
389.002 0.0956114
388.964 0.0956343
388.924 0.0956572
388.884 0.0956801
388.844 0.095703
388.806 0.0957259
388.766 0.0957489
388.725 0.0957718
388.685 0.0957947
388.646 0.0958176
388.607 0.0958405
388.567 0.0958635
388.527 0.0958864
388.489 0.0959093
388.448 0.0959322
388.407 0.0959551
388.369 0.095978
388.329 0.096001
388.29 0.0960239
388.25 0.0960468
388.21 0.0960697
388.171 0.0960926
388.131 0.0961155
388.092 0.0961385
388.052 0.0961614
388.011 0.0961843
387.972 0.0962072
387.933 0.0962301
387.892 0.096253
387.854 0.096276
387.815 0.0962989
387.775 0.0963218
387.734 0.0963447
387.695 0.0963676
387.655 0.0963906
387.619 0.0964135
387.576 0.0964364
387.536 0.0964593
387.498 0.0964822
387.457 0.0965052
387.418 0.0965281
387.379 0.096551
387.34 0.0965739
387.299 0.0965968
387.258 0.0966198
387.218 0.0966427
387.177 0.0966656
387.143 0.0966885
387.101 0.0967114
387.061 0.0967343
387.021 0.0967572
386.982 0.0967802
386.942 0.0968031
386.905 0.096826
386.863 0.0968489
386.824 0.0968718
386.785 0.0968948
386.744 0.0969176
386.704 0.0969406
386.664 0.0969635
386.624 0.0969864
386.585 0.0970093
386.547 0.0970322
386.505 0.0970552
386.468 0.0970781
386.427 0.097101
386.385 0.0971239
386.347 0.0971469
386.309 0.0971697
386.268 0.0971927
386.229 0.0972156
386.189 0.0972385
386.15 0.0972614
386.11 0.0972843
386.071 0.0973072
386.033 0.0973302
385.992 0.0973531
385.951 0.097376
385.912 0.0973989
385.872 0.0974218
385.831 0.0974448
385.793 0.0974677
385.753 0.0974906
385.71 0.0975135
385.674 0.0975364
385.635 0.0975593
385.597 0.0975823
385.556 0.0976052
385.515 0.0976281
385.476 0.097651
385.437 0.0976739
385.396 0.0976969
385.356 0.0977198
385.319 0.0977427
385.277 0.0977656
385.238 0.0977885
385.198 0.0978115
385.159 0.0978344
385.12 0.0978573
385.08 0.0978802
385.039 0.0979031
384.999 0.097926
384.962 0.0979489
384.919 0.0979719
384.882 0.0979948
384.841 0.0980177
384.802 0.0980406
384.762 0.0980635
384.723 0.0980865
384.683 0.0981094
384.645 0.0981323
384.602 0.0981552
384.565 0.0981781
384.525 0.098201
384.486 0.0982239
384.446 0.0982469
384.406 0.0982698
384.365 0.0982927
384.326 0.0983156
384.288 0.0983386
384.247 0.0983615
384.206 0.0983844
384.169 0.0984073
384.128 0.0984302
384.089 0.0984531
384.049 0.0984761
384.009 0.098499
383.97 0.0985219
383.93 0.0985448
383.891 0.0985677
383.85 0.0985907
383.813 0.0986136
383.77 0.0986365
383.732 0.0986594
383.692 0.0986823
383.652 0.0987052
383.613 0.0987281
383.573 0.0987511
383.532 0.098774
383.499 0.0987969
383.455 0.0988198
383.416 0.0988428
383.374 0.0988657
383.336 0.0988886
383.295 0.0989115
383.257 0.0989344
383.217 0.0989573
383.177 0.0989803
383.137 0.0990032
383.096 0.0990261
383.059 0.099049
383.018 0.0990719
382.979 0.0990948
382.939 0.0991177
382.899 0.0991407
382.859 0.0991636
382.82 0.0991865
382.781 0.0992094
382.741 0.0992323
382.703 0.0992553
382.662 0.0992782
382.622 0.0993011
382.582 0.099324
382.543 0.0993469
382.504 0.0993698
382.464 0.0993927
382.426 0.0994157
382.385 0.0994386
382.344 0.0994615
382.304 0.0994844
382.268 0.0995073
382.226 0.0995303
382.186 0.0995532
382.146 0.0995761
382.107 0.099599
382.067 0.0996219
382.027 0.0996449
381.988 0.0996678
381.949 0.0996907
381.908 0.0997136
381.867 0.0997365
381.831 0.0997594
381.79 0.0997824
381.75 0.0998053
381.711 0.0998282
381.671 0.0998511
381.631 0.099874
381.591 0.0998969
381.552 0.0999199
381.513 0.0999428
381.473 0.0999657
381.433 0.0999886
381.394 0.100012
381.352 0.100034
381.314 0.100057
381.276 0.10008
381.235 0.100103
381.195 0.100126
381.156 0.100149
381.116 0.100172
381.076 0.100195
381.036 0.100218
380.995 0.100241
380.956 0.100264
380.917 0.100287
380.878 0.100309
380.838 0.100332
380.8 0.100355
380.759 0.100378
380.719 0.100401
380.679 0.100424
380.641 0.100447
380.6 0.10047
380.56 0.100493
380.521 0.100516
380.481 0.100539
380.442 0.100562
380.402 0.100584
380.36 0.100607
380.324 0.10063
380.284 0.100653
380.243 0.100676
380.204 0.100699
380.165 0.100722
380.123 0.100745
380.086 0.100768
380.046 0.100791
380.005 0.100814
379.966 0.100837
379.927 0.100859
379.887 0.100882
379.849 0.100905
379.809 0.100928
379.768 0.100951
379.728 0.100974
379.689 0.100997
379.649 0.10102
379.609 0.101043
379.569 0.101066
379.53 0.101089
379.491 0.101112
379.45 0.101134
379.411 0.101157
379.375 0.10118
379.331 0.101203
379.292 0.101226
379.253 0.101249
379.213 0.101272
379.173 0.101295
379.134 0.101318
379.093 0.101341
379.056 0.101364
379.017 0.101387
378.976 0.101409
378.935 0.101432
378.899 0.101455
378.856 0.101478
378.818 0.101501
378.777 0.101524
378.736 0.101547
378.697 0.10157
378.658 0.101593
378.619 0.101616
378.579 0.101639
378.539 0.101662
378.5 0.101685
378.459 0.101707
378.422 0.10173
378.381 0.101753
378.342 0.101776
378.301 0.101799
378.262 0.101822
378.223 0.101845
378.184 0.101868
378.144 0.101891
378.102 0.101914
378.064 0.101937
378.024 0.10196
377.985 0.101982
377.944 0.102005
377.905 0.102028
377.866 0.102051
377.825 0.102074
377.787 0.102097
377.745 0.10212
377.708 0.102143
377.666 0.102166
377.628 0.102189
377.588 0.102212
377.548 0.102235
377.508 0.102257
377.469 0.10228
377.43 0.102303
377.39 0.102326
377.35 0.102349
377.311 0.102372
377.272 0.102395
377.232 0.102418
377.192 0.102441
377.154 0.102464
377.114 0.102487
377.072 0.10251
377.033 0.102532
376.993 0.102555
376.955 0.102578
376.916 0.102601
376.876 0.102624
376.835 0.102647
376.796 0.10267
376.757 0.102693
376.718 0.102716
376.677 0.102739
376.637 0.102762
376.598 0.102785
376.558 0.102807
376.519 0.10283
376.479 0.102853
376.44 0.102876
376.4 0.102899
376.359 0.102922
376.32 0.102945
376.281 0.102968
376.24 0.102991
376.197 0.103014
376.162 0.103037
376.12 0.10306
376.082 0.103082
376.042 0.103105
376.003 0.103128
375.964 0.103151
375.924 0.103174
375.884 0.103197
375.844 0.10322
375.805 0.103243
375.765 0.103266
375.721 0.103289
375.684 0.103312
375.644 0.103335
375.606 0.103358
375.568 0.10338
375.527 0.103403
375.487 0.103426
375.449 0.103449
375.409 0.103472
375.369 0.103495
375.329 0.103518
375.29 0.103541
375.25 0.103564
375.21 0.103587
375.17 0.10361
375.13 0.103632
375.09 0.103655
375.051 0.103678
375.011 0.103701
374.973 0.103724
374.931 0.103747
374.892 0.10377
374.853 0.103793
374.813 0.103816
374.776 0.103839
374.734 0.103862
374.694 0.103885
374.655 0.103908
374.617 0.10393
374.576 0.103953
374.538 0.103976
374.498 0.103999
374.46 0.104022
374.417 0.104045
374.376 0.104068
374.338 0.104091
374.299 0.104114
374.258 0.104137
374.218 0.10416
374.179 0.104183
374.139 0.104205
374.1 0.104228
374.059 0.104251
374.023 0.104274
373.981 0.104297
373.941 0.10432
373.901 0.104343
373.862 0.104366
373.821 0.104389
373.781 0.104412
373.745 0.104435
373.703 0.104458
373.664 0.10448
373.625 0.104503
373.585 0.104526
373.546 0.104549
373.506 0.104572
373.466 0.104595
373.426 0.104618
373.385 0.104641
373.347 0.104664
373.307 0.104687
373.268 0.10471
373.229 0.104733
373.191 0.104755
373.147 0.104778
373.109 0.104801
373.07 0.104824
373.031 0.104847
